---------------------------------------------------------------
[ 2018-04-17T07:59:38+08:00 ] ::1 ::1 GET /huaxian/public/index.php/admin/gov/file.html
[ info ] localhost/huaxian/public/index.php/admin/gov/file.html [运行时间：0.053708s][吞吐率：18.62req/s] [内存消耗：2,544.99kb] [文件加载：55]
[ info ] [ LANG ] E:\WWW\huaxian\thinkphp\lang\zh-cn.php
[ info ] [ ROUTE ] array (
  'type' => 'module',
  'module' => 
  array (
    0 => 'admin',
    1 => 'gov',
    2 => 'file',
  ),
)
[ info ] [ HEADER ] array (
  'host' => 'localhost',
  'connection' => 'keep-alive',
  'upgrade-insecure-requests' => '1',
  'user-agent' => 'Mozilla/5.0 (Windows NT 10.0; WOW64) AppleWebKit/537.36 (KHTML, like Gecko) Chrome/64.0.3282.119 Safari/537.36',
  'accept' => 'text/html,application/xhtml+xml,application/xml;q=0.9,image/webp,image/apng,*/*;q=0.8',
  'referer' => 'http://localhost/huaxian/public/index.php/admin/index/index.html',
  'accept-encoding' => 'gzip, deflate, br',
  'accept-language' => 'zh-CN,zh;q=0.9,en;q=0.8,fr-FR;q=0.7,fr;q=0.6,ko;q=0.5,ja;q=0.4,th;q=0.3,en-US;q=0.2,en-GB;q=0.1',
  'cookie' => 'pgv_pvi=8745608192; ECS[visit_times]=10; ext_type=1; PHPSESSID=vt6i1jsdjeckq158bsf1udf2u1; Hm_lvt_080836300300be57b7f34f4b3e97d911=1523412126; 526f___session=eyJ1aWQiOiIxIiwibGFzdHZpc2l0IjoiMTUyMjgwNDAzMCIsImxhc3RpcCI6Ijo6MSIsImhhc2giOiIzYTZjYmM0MDE2ZmFhYjk4YjEzM2MxYmY5NGMyZmFkZSJ9; 526f___uniacid=12; 526f___uid=1; Hm_lpvt_080836300300be57b7f34f4b3e97d911=1523696327',
)
[ info ] [ PARAM ] array (
)
[ info ] [ SESSION ] INIT array (
  'id' => '',
  'var_session_id' => '',
  'prefix' => 'think',
  'type' => '',
  'auto_start' => true,
)
[ info ] [ RUN ] app\admin\controller\Gov->file[ E:\WWW\huaxian\application\admin\controller\Gov.php ]
[ info ] [ DB ] INIT mysql
[ info ] [ VIEW ] E:\WWW\huaxian\public/../application/admin\view\gov\file.html [ array (
  0 => 'list',
) ]
[ info ] [ LOG ] INIT File
[ sql ] [ DB ] CONNECT:[ UseTime:0.001560s ] mysql:dbname=huaxian;host=127.0.0.1;charset=utf8
[ sql ] [ SQL ] SHOW COLUMNS FROM `tr_gov` [ RunTime:0.006308s ]
[ sql ] [ SQL ] SELECT * FROM `tr_gov` ORDER BY id desc [ RunTime:0.000564s ]
---------------------------------------------------------------
[ 2018-04-17T07:59:39+08:00 ] ::1 ::1 GET /huaxian/public/index.php/admin/gov/file.html
[ info ] localhost/huaxian/public/index.php/admin/gov/file.html [运行时间：0.062321s][吞吐率：16.05req/s] [内存消耗：2,545.00kb] [文件加载：55]
[ info ] [ LANG ] E:\WWW\huaxian\thinkphp\lang\zh-cn.php
[ info ] [ ROUTE ] array (
  'type' => 'module',
  'module' => 
  array (
    0 => 'admin',
    1 => 'gov',
    2 => 'file',
  ),
)
[ info ] [ HEADER ] array (
  'host' => 'localhost',
  'connection' => 'keep-alive',
  'upgrade-insecure-requests' => '1',
  'user-agent' => 'Mozilla/5.0 (Windows NT 10.0; WOW64) AppleWebKit/537.36 (KHTML, like Gecko) Chrome/64.0.3282.119 Safari/537.36',
  'accept' => 'text/html,application/xhtml+xml,application/xml;q=0.9,image/webp,image/apng,*/*;q=0.8',
  'referer' => 'http://localhost/huaxian/public/index.php/admin/index/index.html',
  'accept-encoding' => 'gzip, deflate, br',
  'accept-language' => 'zh-CN,zh;q=0.9,en;q=0.8,fr-FR;q=0.7,fr;q=0.6,ko;q=0.5,ja;q=0.4,th;q=0.3,en-US;q=0.2,en-GB;q=0.1',
  'cookie' => 'pgv_pvi=8745608192; ECS[visit_times]=10; ext_type=1; PHPSESSID=vt6i1jsdjeckq158bsf1udf2u1; Hm_lvt_080836300300be57b7f34f4b3e97d911=1523412126; 526f___session=eyJ1aWQiOiIxIiwibGFzdHZpc2l0IjoiMTUyMjgwNDAzMCIsImxhc3RpcCI6Ijo6MSIsImhhc2giOiIzYTZjYmM0MDE2ZmFhYjk4YjEzM2MxYmY5NGMyZmFkZSJ9; 526f___uniacid=12; 526f___uid=1; Hm_lpvt_080836300300be57b7f34f4b3e97d911=1523696327',
)
[ info ] [ PARAM ] array (
)
[ info ] [ SESSION ] INIT array (
  'id' => '',
  'var_session_id' => '',
  'prefix' => 'think',
  'type' => '',
  'auto_start' => true,
)
[ info ] [ RUN ] app\admin\controller\Gov->file[ E:\WWW\huaxian\application\admin\controller\Gov.php ]
[ info ] [ DB ] INIT mysql
[ info ] [ VIEW ] E:\WWW\huaxian\public/../application/admin\view\gov\file.html [ array (
  0 => 'list',
) ]
[ info ] [ LOG ] INIT File
[ sql ] [ DB ] CONNECT:[ UseTime:0.010799s ] mysql:dbname=huaxian;host=127.0.0.1;charset=utf8
[ sql ] [ SQL ] SHOW COLUMNS FROM `tr_gov` [ RunTime:0.006218s ]
[ sql ] [ SQL ] SELECT * FROM `tr_gov` ORDER BY id desc [ RunTime:0.000574s ]
---------------------------------------------------------------
[ 2018-04-17T07:59:39+08:00 ] ::1 ::1 GET /huaxian/public/index.php/admin/gov/lst.html
[ info ] localhost/huaxian/public/index.php/admin/gov/lst.html [运行时间：0.033999s][吞吐率：29.41req/s] [内存消耗：1,813.56kb] [文件加载：48]
[ info ] [ LANG ] E:\WWW\huaxian\thinkphp\lang\zh-cn.php
[ info ] [ ROUTE ] array (
  'type' => 'module',
  'module' => 
  array (
    0 => 'admin',
    1 => 'gov',
    2 => 'lst',
  ),
)
[ info ] [ HEADER ] array (
  'host' => 'localhost',
  'connection' => 'keep-alive',
  'upgrade-insecure-requests' => '1',
  'user-agent' => 'Mozilla/5.0 (Windows NT 10.0; WOW64) AppleWebKit/537.36 (KHTML, like Gecko) Chrome/64.0.3282.119 Safari/537.36',
  'accept' => 'text/html,application/xhtml+xml,application/xml;q=0.9,image/webp,image/apng,*/*;q=0.8',
  'referer' => 'http://localhost/huaxian/public/index.php/admin/index/index.html',
  'accept-encoding' => 'gzip, deflate, br',
  'accept-language' => 'zh-CN,zh;q=0.9,en;q=0.8,fr-FR;q=0.7,fr;q=0.6,ko;q=0.5,ja;q=0.4,th;q=0.3,en-US;q=0.2,en-GB;q=0.1',
  'cookie' => 'pgv_pvi=8745608192; ECS[visit_times]=10; ext_type=1; PHPSESSID=vt6i1jsdjeckq158bsf1udf2u1; Hm_lvt_080836300300be57b7f34f4b3e97d911=1523412126; 526f___session=eyJ1aWQiOiIxIiwibGFzdHZpc2l0IjoiMTUyMjgwNDAzMCIsImxhc3RpcCI6Ijo6MSIsImhhc2giOiIzYTZjYmM0MDE2ZmFhYjk4YjEzM2MxYmY5NGMyZmFkZSJ9; 526f___uniacid=12; 526f___uid=1; Hm_lpvt_080836300300be57b7f34f4b3e97d911=1523696327',
)
[ info ] [ PARAM ] array (
)
[ info ] [ SESSION ] INIT array (
  'id' => '',
  'var_session_id' => '',
  'prefix' => 'think',
  'type' => '',
  'auto_start' => true,
)
[ info ] [ RUN ] app\admin\controller\Gov->lst[ E:\WWW\huaxian\application\admin\controller\Gov.php ]
[ info ] [ VIEW ] E:\WWW\huaxian\public/../application/admin\view\gov\lst.html [ array (
) ]
[ info ] [ LOG ] INIT File
---------------------------------------------------------------
[ 2018-04-17T07:59:39+08:00 ] ::1 ::1 GET /huaxian/public/index.php/admin/gov/file.html
[ info ] localhost/huaxian/public/index.php/admin/gov/file.html [运行时间：0.052010s][吞吐率：19.23req/s] [内存消耗：2,545.00kb] [文件加载：55]
[ info ] [ LANG ] E:\WWW\huaxian\thinkphp\lang\zh-cn.php
[ info ] [ ROUTE ] array (
  'type' => 'module',
  'module' => 
  array (
    0 => 'admin',
    1 => 'gov',
    2 => 'file',
  ),
)
[ info ] [ HEADER ] array (
  'host' => 'localhost',
  'connection' => 'keep-alive',
  'upgrade-insecure-requests' => '1',
  'user-agent' => 'Mozilla/5.0 (Windows NT 10.0; WOW64) AppleWebKit/537.36 (KHTML, like Gecko) Chrome/64.0.3282.119 Safari/537.36',
  'accept' => 'text/html,application/xhtml+xml,application/xml;q=0.9,image/webp,image/apng,*/*;q=0.8',
  'referer' => 'http://localhost/huaxian/public/index.php/admin/index/index.html',
  'accept-encoding' => 'gzip, deflate, br',
  'accept-language' => 'zh-CN,zh;q=0.9,en;q=0.8,fr-FR;q=0.7,fr;q=0.6,ko;q=0.5,ja;q=0.4,th;q=0.3,en-US;q=0.2,en-GB;q=0.1',
  'cookie' => 'pgv_pvi=8745608192; ECS[visit_times]=10; ext_type=1; PHPSESSID=vt6i1jsdjeckq158bsf1udf2u1; Hm_lvt_080836300300be57b7f34f4b3e97d911=1523412126; 526f___session=eyJ1aWQiOiIxIiwibGFzdHZpc2l0IjoiMTUyMjgwNDAzMCIsImxhc3RpcCI6Ijo6MSIsImhhc2giOiIzYTZjYmM0MDE2ZmFhYjk4YjEzM2MxYmY5NGMyZmFkZSJ9; 526f___uniacid=12; 526f___uid=1; Hm_lpvt_080836300300be57b7f34f4b3e97d911=1523696327',
)
[ info ] [ PARAM ] array (
)
[ info ] [ SESSION ] INIT array (
  'id' => '',
  'var_session_id' => '',
  'prefix' => 'think',
  'type' => '',
  'auto_start' => true,
)
[ info ] [ RUN ] app\admin\controller\Gov->file[ E:\WWW\huaxian\application\admin\controller\Gov.php ]
[ info ] [ DB ] INIT mysql
[ info ] [ VIEW ] E:\WWW\huaxian\public/../application/admin\view\gov\file.html [ array (
  0 => 'list',
) ]
[ info ] [ LOG ] INIT File
[ sql ] [ DB ] CONNECT:[ UseTime:0.001607s ] mysql:dbname=huaxian;host=127.0.0.1;charset=utf8
[ sql ] [ SQL ] SHOW COLUMNS FROM `tr_gov` [ RunTime:0.006464s ]
[ sql ] [ SQL ] SELECT * FROM `tr_gov` ORDER BY id desc [ RunTime:0.000550s ]
---------------------------------------------------------------
[ 2018-04-17T07:59:41+08:00 ] ::1 ::1 GET /huaxian/public/index.php/admin/gov/download/id/16.html
[ info ] localhost/huaxian/public/index.php/admin/gov/download/id/16.html [运行时间：0.059826s][吞吐率：16.72req/s] [内存消耗：2,454.54kb] [文件加载：52]
[ info ] [ LANG ] E:\WWW\huaxian\thinkphp\lang\zh-cn.php
[ info ] [ ROUTE ] array (
  'type' => 'module',
  'module' => 
  array (
    0 => 'admin',
    1 => 'gov',
    2 => 'download',
  ),
)
[ info ] [ HEADER ] array (
  'host' => 'localhost',
  'connection' => 'keep-alive',
  'upgrade-insecure-requests' => '1',
  'user-agent' => 'Mozilla/5.0 (Windows NT 10.0; WOW64) AppleWebKit/537.36 (KHTML, like Gecko) Chrome/64.0.3282.119 Safari/537.36',
  'accept' => 'text/html,application/xhtml+xml,application/xml;q=0.9,image/webp,image/apng,*/*;q=0.8',
  'referer' => 'http://localhost/huaxian/public/index.php/admin/gov/file.html',
  'accept-encoding' => 'gzip, deflate, br',
  'accept-language' => 'zh-CN,zh;q=0.9,en;q=0.8,fr-FR;q=0.7,fr;q=0.6,ko;q=0.5,ja;q=0.4,th;q=0.3,en-US;q=0.2,en-GB;q=0.1',
  'cookie' => 'pgv_pvi=8745608192; ECS[visit_times]=10; ext_type=1; PHPSESSID=vt6i1jsdjeckq158bsf1udf2u1; Hm_lvt_080836300300be57b7f34f4b3e97d911=1523412126; 526f___session=eyJ1aWQiOiIxIiwibGFzdHZpc2l0IjoiMTUyMjgwNDAzMCIsImxhc3RpcCI6Ijo6MSIsImhhc2giOiIzYTZjYmM0MDE2ZmFhYjk4YjEzM2MxYmY5NGMyZmFkZSJ9; 526f___uniacid=12; 526f___uid=1; Hm_lpvt_080836300300be57b7f34f4b3e97d911=1523696327',
)
[ info ] [ PARAM ] array (
  'id' => '16',
)
[ info ] [ SESSION ] INIT array (
  'id' => '',
  'var_session_id' => '',
  'prefix' => 'think',
  'type' => '',
  'auto_start' => true,
)
[ info ] [ RUN ] app\admin\controller\Gov->download[ E:\WWW\huaxian\application\admin\controller\Gov.php ]
[ info ] [ DB ] INIT mysql
[ info ] [ LOG ] INIT File
[ sql ] [ DB ] CONNECT:[ UseTime:0.010429s ] mysql:dbname=huaxian;host=127.0.0.1;charset=utf8
[ sql ] [ SQL ] SHOW COLUMNS FROM `tr_gov` [ RunTime:0.006226s ]
[ sql ] [ SQL ] SELECT * FROM `tr_gov` WHERE  `id` = 16 LIMIT 1 [ RunTime:0.000716s ]
---------------------------------------------------------------
[ 2018-04-17T07:59:51+08:00 ] ::1 ::1 GET /huaxian/public/index.php/admin/gov/download/id/15.html
[ info ] localhost/huaxian/public/index.php/admin/gov/download/id/15.html [运行时间：0.051687s][吞吐率：19.35req/s] [内存消耗：2,470.59kb] [文件加载：52]
[ info ] [ LANG ] E:\WWW\huaxian\thinkphp\lang\zh-cn.php
[ info ] [ ROUTE ] array (
  'type' => 'module',
  'module' => 
  array (
    0 => 'admin',
    1 => 'gov',
    2 => 'download',
  ),
)
[ info ] [ HEADER ] array (
  'host' => 'localhost',
  'connection' => 'keep-alive',
  'upgrade-insecure-requests' => '1',
  'user-agent' => 'Mozilla/5.0 (Windows NT 10.0; WOW64) AppleWebKit/537.36 (KHTML, like Gecko) Chrome/64.0.3282.119 Safari/537.36',
  'accept' => 'text/html,application/xhtml+xml,application/xml;q=0.9,image/webp,image/apng,*/*;q=0.8',
  'referer' => 'http://localhost/huaxian/public/index.php/admin/gov/file.html',
  'accept-encoding' => 'gzip, deflate, br',
  'accept-language' => 'zh-CN,zh;q=0.9,en;q=0.8,fr-FR;q=0.7,fr;q=0.6,ko;q=0.5,ja;q=0.4,th;q=0.3,en-US;q=0.2,en-GB;q=0.1',
  'cookie' => 'pgv_pvi=8745608192; ECS[visit_times]=10; ext_type=1; PHPSESSID=vt6i1jsdjeckq158bsf1udf2u1; Hm_lvt_080836300300be57b7f34f4b3e97d911=1523412126; 526f___session=eyJ1aWQiOiIxIiwibGFzdHZpc2l0IjoiMTUyMjgwNDAzMCIsImxhc3RpcCI6Ijo6MSIsImhhc2giOiIzYTZjYmM0MDE2ZmFhYjk4YjEzM2MxYmY5NGMyZmFkZSJ9; 526f___uniacid=12; 526f___uid=1; Hm_lpvt_080836300300be57b7f34f4b3e97d911=1523696327',
)
[ info ] [ PARAM ] array (
  'id' => '15',
)
[ info ] [ SESSION ] INIT array (
  'id' => '',
  'var_session_id' => '',
  'prefix' => 'think',
  'type' => '',
  'auto_start' => true,
)
[ info ] [ RUN ] app\admin\controller\Gov->download[ E:\WWW\huaxian\application\admin\controller\Gov.php ]
[ info ] [ DB ] INIT mysql
[ info ] [ LOG ] INIT File
[ sql ] [ DB ] CONNECT:[ UseTime:0.001449s ] mysql:dbname=huaxian;host=127.0.0.1;charset=utf8
[ sql ] [ SQL ] SHOW COLUMNS FROM `tr_gov` [ RunTime:0.006599s ]
[ sql ] [ SQL ] SELECT * FROM `tr_gov` WHERE  `id` = 15 LIMIT 1 [ RunTime:0.000497s ]
---------------------------------------------------------------
[ 2018-04-17T08:00:00+08:00 ] ::1 ::1 GET /huaxian/public/index.php/admin/gov/download/id/14.html
[ info ] localhost/huaxian/public/index.php/admin/gov/download/id/14.html [运行时间：0.053750s][吞吐率：18.60req/s] [内存消耗：2,482.53kb] [文件加载：52]
[ info ] [ LANG ] E:\WWW\huaxian\thinkphp\lang\zh-cn.php
[ info ] [ ROUTE ] array (
  'type' => 'module',
  'module' => 
  array (
    0 => 'admin',
    1 => 'gov',
    2 => 'download',
  ),
)
[ info ] [ HEADER ] array (
  'host' => 'localhost',
  'connection' => 'keep-alive',
  'upgrade-insecure-requests' => '1',
  'user-agent' => 'Mozilla/5.0 (Windows NT 10.0; WOW64) AppleWebKit/537.36 (KHTML, like Gecko) Chrome/64.0.3282.119 Safari/537.36',
  'accept' => 'text/html,application/xhtml+xml,application/xml;q=0.9,image/webp,image/apng,*/*;q=0.8',
  'referer' => 'http://localhost/huaxian/public/index.php/admin/gov/file.html',
  'accept-encoding' => 'gzip, deflate, br',
  'accept-language' => 'zh-CN,zh;q=0.9,en;q=0.8,fr-FR;q=0.7,fr;q=0.6,ko;q=0.5,ja;q=0.4,th;q=0.3,en-US;q=0.2,en-GB;q=0.1',
  'cookie' => 'pgv_pvi=8745608192; ECS[visit_times]=10; ext_type=1; PHPSESSID=vt6i1jsdjeckq158bsf1udf2u1; Hm_lvt_080836300300be57b7f34f4b3e97d911=1523412126; 526f___session=eyJ1aWQiOiIxIiwibGFzdHZpc2l0IjoiMTUyMjgwNDAzMCIsImxhc3RpcCI6Ijo6MSIsImhhc2giOiIzYTZjYmM0MDE2ZmFhYjk4YjEzM2MxYmY5NGMyZmFkZSJ9; 526f___uniacid=12; 526f___uid=1; Hm_lpvt_080836300300be57b7f34f4b3e97d911=1523696327',
)
[ info ] [ PARAM ] array (
  'id' => '14',
)
[ info ] [ SESSION ] INIT array (
  'id' => '',
  'var_session_id' => '',
  'prefix' => 'think',
  'type' => '',
  'auto_start' => true,
)
[ info ] [ RUN ] app\admin\controller\Gov->download[ E:\WWW\huaxian\application\admin\controller\Gov.php ]
[ info ] [ DB ] INIT mysql
[ info ] [ LOG ] INIT File
[ sql ] [ DB ] CONNECT:[ UseTime:0.001314s ] mysql:dbname=huaxian;host=127.0.0.1;charset=utf8
[ sql ] [ SQL ] SHOW COLUMNS FROM `tr_gov` [ RunTime:0.008362s ]
[ sql ] [ SQL ] SELECT * FROM `tr_gov` WHERE  `id` = 14 LIMIT 1 [ RunTime:0.000578s ]
---------------------------------------------------------------
[ 2018-04-17T10:01:53+08:00 ] ::1 ::1 GET /huaxian/public/index.php/admin/gov/file.html
[ info ] localhost/huaxian/public/index.php/admin/gov/file.html [运行时间：0.059404s][吞吐率：16.83req/s] [内存消耗：2,545.00kb] [文件加载：55]
[ info ] [ LANG ] E:\WWW\huaxian\thinkphp\lang\zh-cn.php
[ info ] [ ROUTE ] array (
  'type' => 'module',
  'module' => 
  array (
    0 => 'admin',
    1 => 'gov',
    2 => 'file',
  ),
)
[ info ] [ HEADER ] array (
  'host' => 'localhost',
  'connection' => 'keep-alive',
  'upgrade-insecure-requests' => '1',
  'user-agent' => 'Mozilla/5.0 (Windows NT 10.0; WOW64) AppleWebKit/537.36 (KHTML, like Gecko) Chrome/64.0.3282.119 Safari/537.36',
  'accept' => 'text/html,application/xhtml+xml,application/xml;q=0.9,image/webp,image/apng,*/*;q=0.8',
  'referer' => 'http://localhost/huaxian/public/index.php/admin/index/index.html',
  'accept-encoding' => 'gzip, deflate, br',
  'accept-language' => 'zh-CN,zh;q=0.9,en;q=0.8,fr-FR;q=0.7,fr;q=0.6,ko;q=0.5,ja;q=0.4,th;q=0.3,en-US;q=0.2,en-GB;q=0.1',
  'cookie' => 'pgv_pvi=8745608192; ECS[visit_times]=10; ext_type=1; PHPSESSID=vt6i1jsdjeckq158bsf1udf2u1; Hm_lvt_080836300300be57b7f34f4b3e97d911=1523412126; 526f___session=eyJ1aWQiOiIxIiwibGFzdHZpc2l0IjoiMTUyMjgwNDAzMCIsImxhc3RpcCI6Ijo6MSIsImhhc2giOiIzYTZjYmM0MDE2ZmFhYjk4YjEzM2MxYmY5NGMyZmFkZSJ9; 526f___uniacid=12; 526f___uid=1; Hm_lpvt_080836300300be57b7f34f4b3e97d911=1523696327',
)
[ info ] [ PARAM ] array (
)
[ info ] [ SESSION ] INIT array (
  'id' => '',
  'var_session_id' => '',
  'prefix' => 'think',
  'type' => '',
  'auto_start' => true,
)
[ info ] [ RUN ] app\admin\controller\Gov->file[ E:\WWW\huaxian\application\admin\controller\Gov.php ]
[ info ] [ DB ] INIT mysql
[ info ] [ VIEW ] E:\WWW\huaxian\public/../application/admin\view\gov\file.html [ array (
  0 => 'list',
) ]
[ info ] [ LOG ] INIT File
[ sql ] [ DB ] CONNECT:[ UseTime:0.002795s ] mysql:dbname=huaxian;host=127.0.0.1;charset=utf8
[ sql ] [ SQL ] SHOW COLUMNS FROM `tr_gov` [ RunTime:0.007795s ]
[ sql ] [ SQL ] SELECT * FROM `tr_gov` ORDER BY id desc [ RunTime:0.001191s ]
---------------------------------------------------------------
[ 2018-04-17T10:02:59+08:00 ] ::1 ::1 GET /huaxian/public/index.php/admin/gov/file.html
[ info ] localhost/huaxian/public/index.php/admin/gov/file.html [运行时间：0.062247s][吞吐率：16.07req/s] [内存消耗：2,545.00kb] [文件加载：55]
[ info ] [ LANG ] E:\WWW\huaxian\thinkphp\lang\zh-cn.php
[ info ] [ ROUTE ] array (
  'type' => 'module',
  'module' => 
  array (
    0 => 'admin',
    1 => 'gov',
    2 => 'file',
  ),
)
[ info ] [ HEADER ] array (
  'host' => 'localhost',
  'connection' => 'keep-alive',
  'upgrade-insecure-requests' => '1',
  'user-agent' => 'Mozilla/5.0 (Windows NT 10.0; WOW64) AppleWebKit/537.36 (KHTML, like Gecko) Chrome/64.0.3282.119 Safari/537.36',
  'accept' => 'text/html,application/xhtml+xml,application/xml;q=0.9,image/webp,image/apng,*/*;q=0.8',
  'referer' => 'http://localhost/huaxian/public/index.php/admin/index/index.html',
  'accept-encoding' => 'gzip, deflate, br',
  'accept-language' => 'zh-CN,zh;q=0.9,en;q=0.8,fr-FR;q=0.7,fr;q=0.6,ko;q=0.5,ja;q=0.4,th;q=0.3,en-US;q=0.2,en-GB;q=0.1',
  'cookie' => 'pgv_pvi=8745608192; ECS[visit_times]=10; ext_type=1; PHPSESSID=vt6i1jsdjeckq158bsf1udf2u1; Hm_lvt_080836300300be57b7f34f4b3e97d911=1523412126; 526f___session=eyJ1aWQiOiIxIiwibGFzdHZpc2l0IjoiMTUyMjgwNDAzMCIsImxhc3RpcCI6Ijo6MSIsImhhc2giOiIzYTZjYmM0MDE2ZmFhYjk4YjEzM2MxYmY5NGMyZmFkZSJ9; 526f___uniacid=12; 526f___uid=1; Hm_lpvt_080836300300be57b7f34f4b3e97d911=1523696327',
)
[ info ] [ PARAM ] array (
)
[ info ] [ SESSION ] INIT array (
  'id' => '',
  'var_session_id' => '',
  'prefix' => 'think',
  'type' => '',
  'auto_start' => true,
)
[ info ] [ RUN ] app\admin\controller\Gov->file[ E:\WWW\huaxian\application\admin\controller\Gov.php ]
[ info ] [ DB ] INIT mysql
[ info ] [ VIEW ] E:\WWW\huaxian\public/../application/admin\view\gov\file.html [ array (
  0 => 'list',
) ]
[ info ] [ LOG ] INIT File
[ sql ] [ DB ] CONNECT:[ UseTime:0.009934s ] mysql:dbname=huaxian;host=127.0.0.1;charset=utf8
[ sql ] [ SQL ] SHOW COLUMNS FROM `tr_gov` [ RunTime:0.006482s ]
[ sql ] [ SQL ] SELECT * FROM `tr_gov` ORDER BY id desc [ RunTime:0.000783s ]
---------------------------------------------------------------
[ 2018-04-17T14:08:46+08:00 ] ::1 ::1 GET /huaxian/public/index.php/admin/gov/file.html
[ info ] localhost/huaxian/public/index.php/admin/gov/file.html [运行时间：0.059409s][吞吐率：16.83req/s] [内存消耗：2,545.00kb] [文件加载：55]
[ info ] [ LANG ] E:\WWW\huaxian\thinkphp\lang\zh-cn.php
[ info ] [ ROUTE ] array (
  'type' => 'module',
  'module' => 
  array (
    0 => 'admin',
    1 => 'gov',
    2 => 'file',
  ),
)
[ info ] [ HEADER ] array (
  'host' => 'localhost',
  'connection' => 'keep-alive',
  'upgrade-insecure-requests' => '1',
  'user-agent' => 'Mozilla/5.0 (Windows NT 10.0; WOW64) AppleWebKit/537.36 (KHTML, like Gecko) Chrome/64.0.3282.119 Safari/537.36',
  'accept' => 'text/html,application/xhtml+xml,application/xml;q=0.9,image/webp,image/apng,*/*;q=0.8',
  'referer' => 'http://localhost/huaxian/public/index.php/admin/index/index.html',
  'accept-encoding' => 'gzip, deflate, br',
  'accept-language' => 'zh-CN,zh;q=0.9,en;q=0.8,fr-FR;q=0.7,fr;q=0.6,ko;q=0.5,ja;q=0.4,th;q=0.3,en-US;q=0.2,en-GB;q=0.1',
  'cookie' => 'pgv_pvi=8745608192; ECS[visit_times]=10; ext_type=1; PHPSESSID=vt6i1jsdjeckq158bsf1udf2u1; Hm_lvt_080836300300be57b7f34f4b3e97d911=1523412126; 526f___session=eyJ1aWQiOiIxIiwibGFzdHZpc2l0IjoiMTUyMjgwNDAzMCIsImxhc3RpcCI6Ijo6MSIsImhhc2giOiIzYTZjYmM0MDE2ZmFhYjk4YjEzM2MxYmY5NGMyZmFkZSJ9; 526f___uniacid=12; 526f___uid=1; Hm_lpvt_080836300300be57b7f34f4b3e97d911=1523696327',
)
[ info ] [ PARAM ] array (
)
[ info ] [ SESSION ] INIT array (
  'id' => '',
  'var_session_id' => '',
  'prefix' => 'think',
  'type' => '',
  'auto_start' => true,
)
[ info ] [ RUN ] app\admin\controller\Gov->file[ E:\WWW\huaxian\application\admin\controller\Gov.php ]
[ info ] [ DB ] INIT mysql
[ info ] [ VIEW ] E:\WWW\huaxian\public/../application/admin\view\gov\file.html [ array (
  0 => 'list',
) ]
[ info ] [ LOG ] INIT File
[ sql ] [ DB ] CONNECT:[ UseTime:0.002658s ] mysql:dbname=huaxian;host=127.0.0.1;charset=utf8
[ sql ] [ SQL ] SHOW COLUMNS FROM `tr_gov` [ RunTime:0.007867s ]
[ sql ] [ SQL ] SELECT * FROM `tr_gov` ORDER BY id desc [ RunTime:0.001380s ]
---------------------------------------------------------------
[ 2018-04-17T14:32:23+08:00 ] ::1 ::1 GET /huaxian/public/index.php/admin/gov/file.html
[ info ] localhost/huaxian/public/index.php/admin/gov/file.html [运行时间：0.063995s][吞吐率：15.63req/s] [内存消耗：2,545.00kb] [文件加载：55]
[ info ] [ LANG ] E:\WWW\huaxian\thinkphp\lang\zh-cn.php
[ info ] [ ROUTE ] array (
  'type' => 'module',
  'module' => 
  array (
    0 => 'admin',
    1 => 'gov',
    2 => 'file',
  ),
)
[ info ] [ HEADER ] array (
  'host' => 'localhost',
  'connection' => 'keep-alive',
  'upgrade-insecure-requests' => '1',
  'user-agent' => 'Mozilla/5.0 (Windows NT 10.0; WOW64) AppleWebKit/537.36 (KHTML, like Gecko) Chrome/64.0.3282.119 Safari/537.36',
  'accept' => 'text/html,application/xhtml+xml,application/xml;q=0.9,image/webp,image/apng,*/*;q=0.8',
  'referer' => 'http://localhost/huaxian/public/index.php/admin/index/index.html',
  'accept-encoding' => 'gzip, deflate, br',
  'accept-language' => 'zh-CN,zh;q=0.9,en;q=0.8,fr-FR;q=0.7,fr;q=0.6,ko;q=0.5,ja;q=0.4,th;q=0.3,en-US;q=0.2,en-GB;q=0.1',
  'cookie' => 'pgv_pvi=8745608192; ECS[visit_times]=10; ext_type=1; PHPSESSID=vt6i1jsdjeckq158bsf1udf2u1; Hm_lvt_080836300300be57b7f34f4b3e97d911=1523412126; 526f___session=eyJ1aWQiOiIxIiwibGFzdHZpc2l0IjoiMTUyMjgwNDAzMCIsImxhc3RpcCI6Ijo6MSIsImhhc2giOiIzYTZjYmM0MDE2ZmFhYjk4YjEzM2MxYmY5NGMyZmFkZSJ9; 526f___uniacid=12; 526f___uid=1; Hm_lpvt_080836300300be57b7f34f4b3e97d911=1523696327',
)
[ info ] [ PARAM ] array (
)
[ info ] [ SESSION ] INIT array (
  'id' => '',
  'var_session_id' => '',
  'prefix' => 'think',
  'type' => '',
  'auto_start' => true,
)
[ info ] [ RUN ] app\admin\controller\Gov->file[ E:\WWW\huaxian\application\admin\controller\Gov.php ]
[ info ] [ DB ] INIT mysql
[ info ] [ VIEW ] E:\WWW\huaxian\public/../application/admin\view\gov\file.html [ array (
  0 => 'list',
) ]
[ info ] [ LOG ] INIT File
[ sql ] [ DB ] CONNECT:[ UseTime:0.010920s ] mysql:dbname=huaxian;host=127.0.0.1;charset=utf8
[ sql ] [ SQL ] SHOW COLUMNS FROM `tr_gov` [ RunTime:0.006637s ]
[ sql ] [ SQL ] SELECT * FROM `tr_gov` ORDER BY id desc [ RunTime:0.000543s ]
---------------------------------------------------------------
[ 2018-04-17T16:32:10+08:00 ] ::1 ::1 GET /huaxian/public/index.php/admin/index/index.html
[ info ] localhost/huaxian/public/index.php/admin/index/index.html [运行时间：0.047716s][吞吐率：20.96req/s] [内存消耗：1,733.68kb] [文件加载：49]
[ info ] [ LANG ] E:\WWW\huaxian\thinkphp\lang\zh-cn.php
[ info ] [ ROUTE ] array (
  'type' => 'module',
  'module' => 
  array (
    0 => 'admin',
    1 => 'index',
    2 => 'index',
  ),
)
[ info ] [ HEADER ] array (
  'host' => 'localhost',
  'connection' => 'keep-alive',
  'upgrade-insecure-requests' => '1',
  'user-agent' => 'Mozilla/5.0 (Windows NT 10.0; WOW64) AppleWebKit/537.36 (KHTML, like Gecko) Chrome/64.0.3282.119 Safari/537.36',
  'accept' => 'text/html,application/xhtml+xml,application/xml;q=0.9,image/webp,image/apng,*/*;q=0.8',
  'accept-encoding' => 'gzip, deflate, br',
  'accept-language' => 'zh-CN,zh;q=0.9,en;q=0.8,fr-FR;q=0.7,fr;q=0.6,ko;q=0.5,ja;q=0.4,th;q=0.3,en-US;q=0.2,en-GB;q=0.1',
  'cookie' => 'pgv_pvi=8745608192; ECS[visit_times]=10; ext_type=1; Hm_lvt_080836300300be57b7f34f4b3e97d911=1523412126; 526f___uniacid=12; 526f___uid=1',
)
[ info ] [ PARAM ] array (
)
[ info ] [ SESSION ] INIT array (
  'id' => '',
  'var_session_id' => '',
  'prefix' => 'think',
  'type' => '',
  'auto_start' => true,
)
[ info ] [ VIEW ] E:\WWW\huaxian\thinkphp\tpl\dispatch_jump1.tpl [ array (
  0 => 'code',
  1 => 'msg',
  2 => 'data',
  3 => 'url',
  4 => 'wait',
) ]
[ info ] [ LOG ] INIT File
---------------------------------------------------------------
[ 2018-04-17T16:32:10+08:00 ] 192.168.18.228 192.168.18.228 GET /huaxian/public/static/admin/css/bootstrap.min.css
[ info ] 192.168.18.228/huaxian/public/static/admin/css/bootstrap.min.css [运行时间：0.032008s][吞吐率：31.24req/s] [内存消耗：1,410.27kb] [文件加载：40]
[ info ] [ LANG ] E:\WWW\huaxian\thinkphp\lang\zh-cn.php
[ info ] [ ROUTE ] array (
  'type' => 'module',
  'module' => 
  array (
    0 => 'static',
    1 => 'admin',
    2 => 'css',
  ),
)
[ info ] [ HEADER ] array (
  'host' => '192.168.18.228',
  'connection' => 'keep-alive',
  'user-agent' => 'Mozilla/5.0 (Windows NT 10.0; WOW64) AppleWebKit/537.36 (KHTML, like Gecko) Chrome/64.0.3282.119 Safari/537.36',
  'accept' => 'text/css,*/*;q=0.1',
  'referer' => 'http://localhost/huaxian/public/index.php/admin/index/index.html',
  'accept-encoding' => 'gzip, deflate',
  'accept-language' => 'zh-CN,zh;q=0.9,en;q=0.8,fr-FR;q=0.7,fr;q=0.6,ko;q=0.5,ja;q=0.4,th;q=0.3,en-US;q=0.2,en-GB;q=0.1',
)
[ info ] [ PARAM ] array (
)
[ info ] [ LOG ] INIT File
---------------------------------------------------------------
[ 2018-04-17T16:32:12+08:00 ] ::1 ::1 GET /huaxian/public/index.php/admin/login/login.html
[ info ] localhost/huaxian/public/index.php/admin/login/login.html [运行时间：0.033431s][吞吐率：29.91req/s] [内存消耗：1,732.65kb] [文件加载：47]
[ info ] [ LANG ] E:\WWW\huaxian\thinkphp\lang\zh-cn.php
[ info ] [ ROUTE ] array (
  'type' => 'module',
  'module' => 
  array (
    0 => 'admin',
    1 => 'login',
    2 => 'login',
  ),
)
[ info ] [ HEADER ] array (
  'host' => 'localhost',
  'connection' => 'keep-alive',
  'upgrade-insecure-requests' => '1',
  'user-agent' => 'Mozilla/5.0 (Windows NT 10.0; WOW64) AppleWebKit/537.36 (KHTML, like Gecko) Chrome/64.0.3282.119 Safari/537.36',
  'accept' => 'text/html,application/xhtml+xml,application/xml;q=0.9,image/webp,image/apng,*/*;q=0.8',
  'referer' => 'http://localhost/huaxian/public/index.php/admin/index/index.html',
  'accept-encoding' => 'gzip, deflate, br',
  'accept-language' => 'zh-CN,zh;q=0.9,en;q=0.8,fr-FR;q=0.7,fr;q=0.6,ko;q=0.5,ja;q=0.4,th;q=0.3,en-US;q=0.2,en-GB;q=0.1',
  'cookie' => 'pgv_pvi=8745608192; ECS[visit_times]=10; ext_type=1; Hm_lvt_080836300300be57b7f34f4b3e97d911=1523412126; 526f___uniacid=12; 526f___uid=1; PHPSESSID=vfpt19rk5mhof4tvie9dtsuav2',
)
[ info ] [ PARAM ] array (
)
[ info ] [ RUN ] app\Admin\controller\Login->login[ E:\WWW\huaxian\application\admin\controller\Login.php ]
[ info ] [ VIEW ] E:\WWW\huaxian\public/../application/admin\view\login\login.html [ array (
) ]
[ info ] [ LOG ] INIT File
---------------------------------------------------------------
[ 2018-04-17T16:32:12+08:00 ] 192.168.18.228 192.168.18.228 GET /huaxian/public/static/admin/images/logopng
[ info ] 192.168.18.228/huaxian/public/static/admin/images/logopng [运行时间：0.029840s][吞吐率：33.51req/s] [内存消耗：1,410.38kb] [文件加载：40]
[ info ] [ LANG ] E:\WWW\huaxian\thinkphp\lang\zh-cn.php
[ info ] [ ROUTE ] array (
  'type' => 'module',
  'module' => 
  array (
    0 => 'static',
    1 => 'admin',
    2 => 'images',
  ),
)
[ info ] [ HEADER ] array (
  'host' => '192.168.18.228',
  'connection' => 'keep-alive',
  'user-agent' => 'Mozilla/5.0 (Windows NT 10.0; WOW64) AppleWebKit/537.36 (KHTML, like Gecko) Chrome/64.0.3282.119 Safari/537.36',
  'accept' => 'image/webp,image/apng,image/*,*/*;q=0.8',
  'referer' => 'http://192.168.18.228/huaxian/public/static/admin/css/H-ui.login.css',
  'accept-encoding' => 'gzip, deflate',
  'accept-language' => 'zh-CN,zh;q=0.9,en;q=0.8,fr-FR;q=0.7,fr;q=0.6,ko;q=0.5,ja;q=0.4,th;q=0.3,en-US;q=0.2,en-GB;q=0.1',
)
[ info ] [ PARAM ] array (
)
[ info ] [ LOG ] INIT File
---------------------------------------------------------------
[ 2018-04-17T16:32:12+08:00 ] ::1 ::1 GET /huaxian/public/index.php/captcha.html
[ info ] localhost/huaxian/public/index.php/captcha.html [运行时间：0.036803s][吞吐率：27.17req/s] [内存消耗：1,437.35kb] [文件加载：39]
[ info ] [ LANG ] E:\WWW\huaxian\thinkphp\lang\zh-cn.php
[ info ] [ ROUTE ] array (
  'type' => 'method',
  'method' => 
  array (
    0 => '\\think\\captcha\\CaptchaController',
    1 => 'index',
  ),
  'var' => 
  array (
  ),
)
[ info ] [ HEADER ] array (
  'host' => 'localhost',
  'connection' => 'keep-alive',
  'user-agent' => 'Mozilla/5.0 (Windows NT 10.0; WOW64) AppleWebKit/537.36 (KHTML, like Gecko) Chrome/64.0.3282.119 Safari/537.36',
  'accept' => 'image/webp,image/apng,image/*,*/*;q=0.8',
  'referer' => 'http://localhost/huaxian/public/index.php/admin/login/login.html',
  'accept-encoding' => 'gzip, deflate, br',
  'accept-language' => 'zh-CN,zh;q=0.9,en;q=0.8,fr-FR;q=0.7,fr;q=0.6,ko;q=0.5,ja;q=0.4,th;q=0.3,en-US;q=0.2,en-GB;q=0.1',
  'cookie' => 'pgv_pvi=8745608192; ECS[visit_times]=10; ext_type=1; Hm_lvt_080836300300be57b7f34f4b3e97d911=1523412126; 526f___uniacid=12; 526f___uid=1; PHPSESSID=vfpt19rk5mhof4tvie9dtsuav2',
)
[ info ] [ PARAM ] array (
  'id' => NULL,
)
[ info ] [ RUN ] think\captcha\CaptchaController->index[ E:\WWW\huaxian\vendor\topthink\think-captcha\src\CaptchaController.php ]
[ info ] [ SESSION ] INIT array (
  'id' => '',
  'var_session_id' => '',
  'prefix' => 'think',
  'type' => '',
  'auto_start' => true,
)
[ info ] [ LOG ] INIT File
---------------------------------------------------------------
[ 2018-04-17T16:32:21+08:00 ] ::1 ::1 POST /huaxian/public/index.php/admin/login/login.html
[ info ] localhost/huaxian/public/index.php/admin/login/login.html [运行时间：0.120532s][吞吐率：8.30req/s] [内存消耗：3,021.37kb] [文件加载：59]
[ info ] [ LANG ] E:\WWW\huaxian\thinkphp\lang\zh-cn.php
[ info ] [ ROUTE ] array (
  'type' => 'module',
  'module' => 
  array (
    0 => 'admin',
    1 => 'login',
    2 => 'login',
  ),
)
[ info ] [ HEADER ] array (
  'host' => 'localhost',
  'connection' => 'keep-alive',
  'content-length' => '43',
  'cache-control' => 'max-age=0',
  'origin' => 'http://localhost',
  'upgrade-insecure-requests' => '1',
  'content-type' => 'application/x-www-form-urlencoded',
  'user-agent' => 'Mozilla/5.0 (Windows NT 10.0; WOW64) AppleWebKit/537.36 (KHTML, like Gecko) Chrome/64.0.3282.119 Safari/537.36',
  'accept' => 'text/html,application/xhtml+xml,application/xml;q=0.9,image/webp,image/apng,*/*;q=0.8',
  'referer' => 'http://localhost/huaxian/public/index.php/admin/login/login.html',
  'accept-encoding' => 'gzip, deflate, br',
  'accept-language' => 'zh-CN,zh;q=0.9,en;q=0.8,fr-FR;q=0.7,fr;q=0.6,ko;q=0.5,ja;q=0.4,th;q=0.3,en-US;q=0.2,en-GB;q=0.1',
  'cookie' => 'pgv_pvi=8745608192; ECS[visit_times]=10; ext_type=1; Hm_lvt_080836300300be57b7f34f4b3e97d911=1523412126; 526f___uniacid=12; 526f___uid=1; PHPSESSID=vfpt19rk5mhof4tvie9dtsuav2',
)
[ info ] [ PARAM ] array (
  'adminid' => 'admin',
  'adminpassword' => 'admin',
  'code' => 'empy',
)
[ info ] [ RUN ] app\Admin\controller\Login->login[ E:\WWW\huaxian\application\admin\controller\Login.php ]
[ info ] [ SESSION ] INIT array (
  'id' => '',
  'var_session_id' => '',
  'prefix' => 'think',
  'type' => '',
  'auto_start' => true,
)
[ info ] [ DB ] INIT mysql
[ info ] [ LOG ] INIT File
[ sql ] [ DB ] CONNECT:[ UseTime:0.010907s ] mysql:dbname=huaxian;host=127.0.0.1;charset=utf8
[ sql ] [ SQL ] SHOW COLUMNS FROM `tr_admin` [ RunTime:0.039314s ]
[ sql ] [ SQL ] SELECT * FROM `tr_admin` WHERE  `adminid` = 'admin' LIMIT 1 [ RunTime:0.000756s ]
[ sql ] [ SQL ] SHOW COLUMNS FROM `tr_role` [ RunTime:0.006501s ]
[ sql ] [ SQL ] SELECT `rolename`,`pri_id` FROM `tr_role` WHERE  `id` = 1 LIMIT 1 [ RunTime:0.000647s ]
[ sql ] [ SQL ] SHOW COLUMNS FROM `tr_privilege` [ RunTime:0.006904s ]
[ sql ] [ SQL ] SELECT `id`,`pri_name`,`module_name`,`controller_name`,`action_name`,`parent_id`,CONCAT(module_name,"/",action_name) url FROM `tr_privilege` WHERE  (  id IN(38,39,40,41,42,43,44,45,46,47,48,49,56,57,58,59,60,61,62,63,64,65,66,67,68,116,69,70,71,72,73,74,75,76,77,78,79,80,81,82,83,84,85,86,115,88,90,91,93,94,95,96,97,99,120,123,100,103,104,105,106,121,124,107,110,111,112,113,122,125,126,127,128,129,130,132,137,138,139,140,141,142,143,144,156,157,158,159,160,145,151,152,153,154,155,146,147,148,149,150,161,162,163,164,166,167,168,169,170,171,172,173,174,181,183,184,185,175,176,177,178,179,180,186,187,188,189,190,191,192,193,194,196,198,199,202,200,201,203,204,205,206,207,208,209,210,211) ) ORDER BY id asc [ RunTime:0.001707s ]
---------------------------------------------------------------
[ 2018-04-17T16:32:21+08:00 ] ::1 ::1 GET /huaxian/public/index.php/admin/index/index.html
[ info ] localhost/huaxian/public/index.php/admin/index/index.html [运行时间：0.064473s][吞吐率：15.51req/s] [内存消耗：2,552.44kb] [文件加载：55]
[ info ] [ LANG ] E:\WWW\huaxian\thinkphp\lang\zh-cn.php
[ info ] [ ROUTE ] array (
  'type' => 'module',
  'module' => 
  array (
    0 => 'admin',
    1 => 'index',
    2 => 'index',
  ),
)
[ info ] [ HEADER ] array (
  'host' => 'localhost',
  'connection' => 'keep-alive',
  'cache-control' => 'max-age=0',
  'upgrade-insecure-requests' => '1',
  'user-agent' => 'Mozilla/5.0 (Windows NT 10.0; WOW64) AppleWebKit/537.36 (KHTML, like Gecko) Chrome/64.0.3282.119 Safari/537.36',
  'accept' => 'text/html,application/xhtml+xml,application/xml;q=0.9,image/webp,image/apng,*/*;q=0.8',
  'referer' => 'http://localhost/huaxian/public/index.php/admin/login/login.html',
  'accept-encoding' => 'gzip, deflate, br',
  'accept-language' => 'zh-CN,zh;q=0.9,en;q=0.8,fr-FR;q=0.7,fr;q=0.6,ko;q=0.5,ja;q=0.4,th;q=0.3,en-US;q=0.2,en-GB;q=0.1',
  'cookie' => 'pgv_pvi=8745608192; ECS[visit_times]=10; ext_type=1; Hm_lvt_080836300300be57b7f34f4b3e97d911=1523412126; 526f___uniacid=12; 526f___uid=1; PHPSESSID=vfpt19rk5mhof4tvie9dtsuav2',
)
[ info ] [ PARAM ] array (
)
[ info ] [ SESSION ] INIT array (
  'id' => '',
  'var_session_id' => '',
  'prefix' => 'think',
  'type' => '',
  'auto_start' => true,
)
[ info ] [ RUN ] app\admin\controller\Index->index[ E:\WWW\huaxian\application\admin\controller\Index.php ]
[ info ] [ DB ] INIT mysql
[ info ] [ VIEW ] E:\WWW\huaxian\public/../application/admin\view\index\index.html [ array (
  0 => 'adminname',
) ]
[ info ] [ LOG ] INIT File
[ sql ] [ DB ] CONNECT:[ UseTime:0.010530s ] mysql:dbname=huaxian;host=127.0.0.1;charset=utf8
[ sql ] [ SQL ] SHOW COLUMNS FROM `tr_role` [ RunTime:0.006796s ]
[ sql ] [ SQL ] SELECT * FROM `tr_role` WHERE  `id` = 1 LIMIT 1 [ RunTime:0.000451s ]
---------------------------------------------------------------
[ 2018-04-17T16:32:21+08:00 ] ::1 ::1 GET /huaxian/public/index.php/admin/index/welcome.html
[ info ] localhost/huaxian/public/index.php/admin/index/welcome.html [运行时间：0.035909s][吞吐率：27.85req/s] [内存消耗：1,743.45kb] [文件加载：47]
[ info ] [ LANG ] E:\WWW\huaxian\thinkphp\lang\zh-cn.php
[ info ] [ ROUTE ] array (
  'type' => 'module',
  'module' => 
  array (
    0 => 'admin',
    1 => 'index',
    2 => 'welcome',
  ),
)
[ info ] [ HEADER ] array (
  'host' => 'localhost',
  'connection' => 'keep-alive',
  'upgrade-insecure-requests' => '1',
  'user-agent' => 'Mozilla/5.0 (Windows NT 10.0; WOW64) AppleWebKit/537.36 (KHTML, like Gecko) Chrome/64.0.3282.119 Safari/537.36',
  'accept' => 'text/html,application/xhtml+xml,application/xml;q=0.9,image/webp,image/apng,*/*;q=0.8',
  'referer' => 'http://localhost/huaxian/public/index.php/admin/index/index.html',
  'accept-encoding' => 'gzip, deflate, br',
  'accept-language' => 'zh-CN,zh;q=0.9,en;q=0.8,fr-FR;q=0.7,fr;q=0.6,ko;q=0.5,ja;q=0.4,th;q=0.3,en-US;q=0.2,en-GB;q=0.1',
  'cookie' => 'pgv_pvi=8745608192; ECS[visit_times]=10; ext_type=1; Hm_lvt_080836300300be57b7f34f4b3e97d911=1523412126; 526f___uniacid=12; 526f___uid=1; PHPSESSID=vfpt19rk5mhof4tvie9dtsuav2',
)
[ info ] [ PARAM ] array (
)
[ info ] [ SESSION ] INIT array (
  'id' => '',
  'var_session_id' => '',
  'prefix' => 'think',
  'type' => '',
  'auto_start' => true,
)
[ info ] [ RUN ] app\admin\controller\Index->welcome[ E:\WWW\huaxian\application\admin\controller\Index.php ]
[ info ] [ VIEW ] E:\WWW\huaxian\public/../application/admin\view\index\welcome.html [ array (
) ]
[ info ] [ LOG ] INIT File
---------------------------------------------------------------
[ 2018-04-17T16:32:21+08:00 ] ::1 ::1 GET /huaxian/public/index.php/admin/index/__PUBIC__/css/H-ui.min.css
[ info ] localhost/huaxian/public/index.php/admin/index/__PUBIC__/css/H-ui.min.css [运行时间：0.036109s][吞吐率：27.69req/s] [内存消耗：1,777.22kb] [文件加载：49]
[ info ] [ LANG ] E:\WWW\huaxian\thinkphp\lang\zh-cn.php
[ info ] [ ROUTE ] array (
  'type' => 'module',
  'module' => 
  array (
    0 => 'admin',
    1 => 'index',
    2 => '__PUBIC__',
  ),
)
[ info ] [ HEADER ] array (
  'host' => 'localhost',
  'connection' => 'keep-alive',
  'user-agent' => 'Mozilla/5.0 (Windows NT 10.0; WOW64) AppleWebKit/537.36 (KHTML, like Gecko) Chrome/64.0.3282.119 Safari/537.36',
  'accept' => 'text/css,*/*;q=0.1',
  'referer' => 'http://localhost/huaxian/public/index.php/admin/index/welcome.html',
  'accept-encoding' => 'gzip, deflate, br',
  'accept-language' => 'zh-CN,zh;q=0.9,en;q=0.8,fr-FR;q=0.7,fr;q=0.6,ko;q=0.5,ja;q=0.4,th;q=0.3,en-US;q=0.2,en-GB;q=0.1',
  'cookie' => 'pgv_pvi=8745608192; ECS[visit_times]=10; ext_type=1; Hm_lvt_080836300300be57b7f34f4b3e97d911=1523412126; 526f___uniacid=12; 526f___uid=1; PHPSESSID=vfpt19rk5mhof4tvie9dtsuav2',
)
[ info ] [ PARAM ] array (
  'css' => 'H-ui.min.css',
)
[ info ] [ SESSION ] INIT array (
  'id' => '',
  'var_session_id' => '',
  'prefix' => 'think',
  'type' => '',
  'auto_start' => true,
)
[ info ] [ LOG ] INIT File
---------------------------------------------------------------
[ 2018-04-17T16:32:21+08:00 ] ::1 ::1 GET /huaxian/public/index.php/admin/index/lib/jquery/1.9.1/jquery.min.js
[ info ] localhost/huaxian/public/index.php/admin/index/lib/jquery/1.9.1/jquery.min.js [运行时间：0.040279s][吞吐率：24.83req/s] [内存消耗：1,777.09kb] [文件加载：49]
[ info ] [ LANG ] E:\WWW\huaxian\thinkphp\lang\zh-cn.php
[ info ] [ ROUTE ] array (
  'type' => 'module',
  'module' => 
  array (
    0 => 'admin',
    1 => 'index',
    2 => 'lib',
  ),
)
[ info ] [ HEADER ] array (
  'host' => 'localhost',
  'connection' => 'keep-alive',
  'user-agent' => 'Mozilla/5.0 (Windows NT 10.0; WOW64) AppleWebKit/537.36 (KHTML, like Gecko) Chrome/64.0.3282.119 Safari/537.36',
  'accept' => '*/*',
  'referer' => 'http://localhost/huaxian/public/index.php/admin/index/welcome.html',
  'accept-encoding' => 'gzip, deflate, br',
  'accept-language' => 'zh-CN,zh;q=0.9,en;q=0.8,fr-FR;q=0.7,fr;q=0.6,ko;q=0.5,ja;q=0.4,th;q=0.3,en-US;q=0.2,en-GB;q=0.1',
  'cookie' => 'pgv_pvi=8745608192; ECS[visit_times]=10; ext_type=1; Hm_lvt_080836300300be57b7f34f4b3e97d911=1523412126; 526f___uniacid=12; 526f___uid=1; PHPSESSID=vfpt19rk5mhof4tvie9dtsuav2',
)
[ info ] [ PARAM ] array (
  'jquery' => '1.9.1',
)
[ info ] [ SESSION ] INIT array (
  'id' => '',
  'var_session_id' => '',
  'prefix' => 'think',
  'type' => '',
  'auto_start' => true,
)
[ info ] [ LOG ] INIT File
---------------------------------------------------------------
[ 2018-04-17T16:32:21+08:00 ] ::1 ::1 GET /huaxian/public/index.php/admin/index/js/H-ui.js
[ info ] localhost/huaxian/public/index.php/admin/index/js/H-ui.js [运行时间：0.044122s][吞吐率：22.66req/s] [内存消耗：1,776.73kb] [文件加载：49]
[ info ] [ LANG ] E:\WWW\huaxian\thinkphp\lang\zh-cn.php
[ info ] [ ROUTE ] array (
  'type' => 'module',
  'module' => 
  array (
    0 => 'admin',
    1 => 'index',
    2 => 'js',
  ),
)
[ info ] [ HEADER ] array (
  'host' => 'localhost',
  'connection' => 'keep-alive',
  'user-agent' => 'Mozilla/5.0 (Windows NT 10.0; WOW64) AppleWebKit/537.36 (KHTML, like Gecko) Chrome/64.0.3282.119 Safari/537.36',
  'accept' => '*/*',
  'referer' => 'http://localhost/huaxian/public/index.php/admin/index/welcome.html',
  'accept-encoding' => 'gzip, deflate, br',
  'accept-language' => 'zh-CN,zh;q=0.9,en;q=0.8,fr-FR;q=0.7,fr;q=0.6,ko;q=0.5,ja;q=0.4,th;q=0.3,en-US;q=0.2,en-GB;q=0.1',
  'cookie' => 'pgv_pvi=8745608192; ECS[visit_times]=10; ext_type=1; Hm_lvt_080836300300be57b7f34f4b3e97d911=1523412126; 526f___uniacid=12; 526f___uid=1; PHPSESSID=vfpt19rk5mhof4tvie9dtsuav2',
)
[ info ] [ PARAM ] array (
)
[ info ] [ SESSION ] INIT array (
  'id' => '',
  'var_session_id' => '',
  'prefix' => 'think',
  'type' => '',
  'auto_start' => true,
)
[ info ] [ LOG ] INIT File
---------------------------------------------------------------
[ 2018-04-17T16:32:23+08:00 ] ::1 ::1 GET /huaxian/public/index.php/admin/help/lst.html
[ info ] localhost/huaxian/public/index.php/admin/help/lst.html [运行时间：0.028443s][吞吐率：35.16req/s] [内存消耗：1,413.00kb] [文件加载：41]
[ info ] [ LANG ] E:\WWW\huaxian\thinkphp\lang\zh-cn.php
[ info ] [ ROUTE ] array (
  'type' => 'module',
  'module' => 
  array (
    0 => 'admin',
    1 => 'help',
    2 => 'lst',
  ),
)
[ info ] [ HEADER ] array (
  'host' => 'localhost',
  'connection' => 'keep-alive',
  'upgrade-insecure-requests' => '1',
  'user-agent' => 'Mozilla/5.0 (Windows NT 10.0; WOW64) AppleWebKit/537.36 (KHTML, like Gecko) Chrome/64.0.3282.119 Safari/537.36',
  'accept' => 'text/html,application/xhtml+xml,application/xml;q=0.9,image/webp,image/apng,*/*;q=0.8',
  'referer' => 'http://localhost/huaxian/public/index.php/admin/index/index.html',
  'accept-encoding' => 'gzip, deflate, br',
  'accept-language' => 'zh-CN,zh;q=0.9,en;q=0.8,fr-FR;q=0.7,fr;q=0.6,ko;q=0.5,ja;q=0.4,th;q=0.3,en-US;q=0.2,en-GB;q=0.1',
  'cookie' => 'pgv_pvi=8745608192; ECS[visit_times]=10; ext_type=1; 526f___uniacid=12; 526f___uid=1; PHPSESSID=vfpt19rk5mhof4tvie9dtsuav2; Hm_lvt_080836300300be57b7f34f4b3e97d911=1523412126,1523953942; Hm_lpvt_080836300300be57b7f34f4b3e97d911=1523953942',
)
[ info ] [ PARAM ] array (
)
[ info ] [ LOG ] INIT File
---------------------------------------------------------------
[ 2018-04-17T16:32:24+08:00 ] ::1 ::1 GET /huaxian/public/index.php/admin/message/lst.html
[ info ] localhost/huaxian/public/index.php/admin/message/lst.html [运行时间：0.026861s][吞吐率：37.23req/s] [内存消耗：1,412.94kb] [文件加载：41]
[ info ] [ LANG ] E:\WWW\huaxian\thinkphp\lang\zh-cn.php
[ info ] [ ROUTE ] array (
  'type' => 'module',
  'module' => 
  array (
    0 => 'admin',
    1 => 'message',
    2 => 'lst',
  ),
)
[ info ] [ HEADER ] array (
  'host' => 'localhost',
  'connection' => 'keep-alive',
  'upgrade-insecure-requests' => '1',
  'user-agent' => 'Mozilla/5.0 (Windows NT 10.0; WOW64) AppleWebKit/537.36 (KHTML, like Gecko) Chrome/64.0.3282.119 Safari/537.36',
  'accept' => 'text/html,application/xhtml+xml,application/xml;q=0.9,image/webp,image/apng,*/*;q=0.8',
  'referer' => 'http://localhost/huaxian/public/index.php/admin/index/index.html',
  'accept-encoding' => 'gzip, deflate, br',
  'accept-language' => 'zh-CN,zh;q=0.9,en;q=0.8,fr-FR;q=0.7,fr;q=0.6,ko;q=0.5,ja;q=0.4,th;q=0.3,en-US;q=0.2,en-GB;q=0.1',
  'cookie' => 'pgv_pvi=8745608192; ECS[visit_times]=10; ext_type=1; 526f___uniacid=12; 526f___uid=1; PHPSESSID=vfpt19rk5mhof4tvie9dtsuav2; Hm_lvt_080836300300be57b7f34f4b3e97d911=1523412126,1523953942; Hm_lpvt_080836300300be57b7f34f4b3e97d911=1523953942',
)
[ info ] [ PARAM ] array (
)
[ info ] [ LOG ] INIT File
---------------------------------------------------------------
[ 2018-04-17T16:32:25+08:00 ] ::1 ::1 GET /huaxian/public/index.php/admin/city/lst.html
[ info ] localhost/huaxian/public/index.php/admin/city/lst.html [运行时间：0.026969s][吞吐率：37.08req/s] [内存消耗：1,413.00kb] [文件加载：41]
[ info ] [ LANG ] E:\WWW\huaxian\thinkphp\lang\zh-cn.php
[ info ] [ ROUTE ] array (
  'type' => 'module',
  'module' => 
  array (
    0 => 'admin',
    1 => 'city',
    2 => 'lst',
  ),
)
[ info ] [ HEADER ] array (
  'host' => 'localhost',
  'connection' => 'keep-alive',
  'upgrade-insecure-requests' => '1',
  'user-agent' => 'Mozilla/5.0 (Windows NT 10.0; WOW64) AppleWebKit/537.36 (KHTML, like Gecko) Chrome/64.0.3282.119 Safari/537.36',
  'accept' => 'text/html,application/xhtml+xml,application/xml;q=0.9,image/webp,image/apng,*/*;q=0.8',
  'referer' => 'http://localhost/huaxian/public/index.php/admin/index/index.html',
  'accept-encoding' => 'gzip, deflate, br',
  'accept-language' => 'zh-CN,zh;q=0.9,en;q=0.8,fr-FR;q=0.7,fr;q=0.6,ko;q=0.5,ja;q=0.4,th;q=0.3,en-US;q=0.2,en-GB;q=0.1',
  'cookie' => 'pgv_pvi=8745608192; ECS[visit_times]=10; ext_type=1; 526f___uniacid=12; 526f___uid=1; PHPSESSID=vfpt19rk5mhof4tvie9dtsuav2; Hm_lvt_080836300300be57b7f34f4b3e97d911=1523412126,1523953942; Hm_lpvt_080836300300be57b7f34f4b3e97d911=1523953942',
)
[ info ] [ PARAM ] array (
)
[ info ] [ LOG ] INIT File
---------------------------------------------------------------
[ 2018-04-17T16:32:26+08:00 ] ::1 ::1 GET /huaxian/public/index.php/admin/gov/lst.html
[ info ] localhost/huaxian/public/index.php/admin/gov/lst.html [运行时间：0.033489s][吞吐率：29.86req/s] [内存消耗：1,813.10kb] [文件加载：48]
[ info ] [ LANG ] E:\WWW\huaxian\thinkphp\lang\zh-cn.php
[ info ] [ ROUTE ] array (
  'type' => 'module',
  'module' => 
  array (
    0 => 'admin',
    1 => 'gov',
    2 => 'lst',
  ),
)
[ info ] [ HEADER ] array (
  'host' => 'localhost',
  'connection' => 'keep-alive',
  'upgrade-insecure-requests' => '1',
  'user-agent' => 'Mozilla/5.0 (Windows NT 10.0; WOW64) AppleWebKit/537.36 (KHTML, like Gecko) Chrome/64.0.3282.119 Safari/537.36',
  'accept' => 'text/html,application/xhtml+xml,application/xml;q=0.9,image/webp,image/apng,*/*;q=0.8',
  'referer' => 'http://localhost/huaxian/public/index.php/admin/index/index.html',
  'accept-encoding' => 'gzip, deflate, br',
  'accept-language' => 'zh-CN,zh;q=0.9,en;q=0.8,fr-FR;q=0.7,fr;q=0.6,ko;q=0.5,ja;q=0.4,th;q=0.3,en-US;q=0.2,en-GB;q=0.1',
  'cookie' => 'pgv_pvi=8745608192; ECS[visit_times]=10; ext_type=1; 526f___uniacid=12; 526f___uid=1; PHPSESSID=vfpt19rk5mhof4tvie9dtsuav2; Hm_lvt_080836300300be57b7f34f4b3e97d911=1523412126,1523953942; Hm_lpvt_080836300300be57b7f34f4b3e97d911=1523953942',
)
[ info ] [ PARAM ] array (
)
[ info ] [ SESSION ] INIT array (
  'id' => '',
  'var_session_id' => '',
  'prefix' => 'think',
  'type' => '',
  'auto_start' => true,
)
[ info ] [ RUN ] app\admin\controller\Gov->lst[ E:\WWW\huaxian\application\admin\controller\Gov.php ]
[ info ] [ VIEW ] E:\WWW\huaxian\public/../application/admin\view\gov\lst.html [ array (
) ]
[ info ] [ LOG ] INIT File
---------------------------------------------------------------
[ 2018-04-17T16:32:26+08:00 ] ::1 ::1 GET /huaxian/public/index.php/admin/gov/file.html
[ info ] localhost/huaxian/public/index.php/admin/gov/file.html [运行时间：0.062233s][吞吐率：16.07req/s] [内存消耗：2,544.73kb] [文件加载：55]
[ info ] [ LANG ] E:\WWW\huaxian\thinkphp\lang\zh-cn.php
[ info ] [ ROUTE ] array (
  'type' => 'module',
  'module' => 
  array (
    0 => 'admin',
    1 => 'gov',
    2 => 'file',
  ),
)
[ info ] [ HEADER ] array (
  'host' => 'localhost',
  'connection' => 'keep-alive',
  'upgrade-insecure-requests' => '1',
  'user-agent' => 'Mozilla/5.0 (Windows NT 10.0; WOW64) AppleWebKit/537.36 (KHTML, like Gecko) Chrome/64.0.3282.119 Safari/537.36',
  'accept' => 'text/html,application/xhtml+xml,application/xml;q=0.9,image/webp,image/apng,*/*;q=0.8',
  'referer' => 'http://localhost/huaxian/public/index.php/admin/index/index.html',
  'accept-encoding' => 'gzip, deflate, br',
  'accept-language' => 'zh-CN,zh;q=0.9,en;q=0.8,fr-FR;q=0.7,fr;q=0.6,ko;q=0.5,ja;q=0.4,th;q=0.3,en-US;q=0.2,en-GB;q=0.1',
  'cookie' => 'pgv_pvi=8745608192; ECS[visit_times]=10; ext_type=1; 526f___uniacid=12; 526f___uid=1; PHPSESSID=vfpt19rk5mhof4tvie9dtsuav2; Hm_lvt_080836300300be57b7f34f4b3e97d911=1523412126,1523953942; Hm_lpvt_080836300300be57b7f34f4b3e97d911=1523953942',
)
[ info ] [ PARAM ] array (
)
[ info ] [ SESSION ] INIT array (
  'id' => '',
  'var_session_id' => '',
  'prefix' => 'think',
  'type' => '',
  'auto_start' => true,
)
[ info ] [ RUN ] app\admin\controller\Gov->file[ E:\WWW\huaxian\application\admin\controller\Gov.php ]
[ info ] [ DB ] INIT mysql
[ info ] [ VIEW ] E:\WWW\huaxian\public/../application/admin\view\gov\file.html [ array (
  0 => 'list',
) ]
[ info ] [ LOG ] INIT File
[ sql ] [ DB ] CONNECT:[ UseTime:0.010053s ] mysql:dbname=huaxian;host=127.0.0.1;charset=utf8
[ sql ] [ SQL ] SHOW COLUMNS FROM `tr_gov` [ RunTime:0.007677s ]
[ sql ] [ SQL ] SELECT * FROM `tr_gov` ORDER BY id desc [ RunTime:0.000628s ]
