---------------------------------------------------------------
[ 2018-04-20T08:24:16+08:00 ] 192.168.18.228 192.168.16.195 GET /huaxian/public/index.php/admin/index/index.html
[ info ] 192.168.18.228/huaxian/public/index.php/admin/index/index.html [运行时间：0.216254s][吞吐率：4.62req/s] [内存消耗：1,732.96kb] [文件加载：49]
[ info ] [ LANG ] E:\WWW\huaxian\thinkphp\lang\zh-cn.php
[ info ] [ ROUTE ] array (
  'type' => 'module',
  'module' => 
  array (
    0 => 'admin',
    1 => 'index',
    2 => 'index',
  ),
)
[ info ] [ HEADER ] array (
  'host' => '192.168.18.228',
  'user-agent' => 'Mozilla/5.0 (Windows NT 10.0; WOW64; rv:59.0) Gecko/20100101 Firefox/59.0',
  'accept' => 'text/html,application/xhtml+xml,application/xml;q=0.9,*/*;q=0.8',
  'accept-language' => 'zh-CN,zh;q=0.8,zh-TW;q=0.7,zh-HK;q=0.5,en-US;q=0.3,en;q=0.2',
  'accept-encoding' => 'gzip, deflate',
  'connection' => 'keep-alive',
  'upgrade-insecure-requests' => '1',
  'pragma' => 'no-cache',
  'cache-control' => 'no-cache',
)
[ info ] [ PARAM ] array (
)
[ info ] [ SESSION ] INIT array (
  'id' => '',
  'var_session_id' => '',
  'prefix' => 'think',
  'type' => '',
  'auto_start' => true,
)
[ info ] [ VIEW ] E:\WWW\huaxian\thinkphp\tpl\dispatch_jump1.tpl [ array (
  0 => 'code',
  1 => 'msg',
  2 => 'data',
  3 => 'url',
  4 => 'wait',
) ]
[ info ] [ LOG ] INIT File
---------------------------------------------------------------
[ 2018-04-20T08:24:16+08:00 ] 192.168.18.228 192.168.16.195 GET /huaxian/public/static/admin/css/bootstrap.min.css
[ info ] 192.168.18.228/huaxian/public/static/admin/css/bootstrap.min.css [运行时间：0.027184s][吞吐率：36.79req/s] [内存消耗：1,410.51kb] [文件加载：40]
[ info ] [ LANG ] E:\WWW\huaxian\thinkphp\lang\zh-cn.php
[ info ] [ ROUTE ] array (
  'type' => 'module',
  'module' => 
  array (
    0 => 'static',
    1 => 'admin',
    2 => 'css',
  ),
)
[ info ] [ HEADER ] array (
  'host' => '192.168.18.228',
  'user-agent' => 'Mozilla/5.0 (Windows NT 10.0; WOW64; rv:59.0) Gecko/20100101 Firefox/59.0',
  'accept' => 'text/css,*/*;q=0.1',
  'accept-language' => 'zh-CN,zh;q=0.8,zh-TW;q=0.7,zh-HK;q=0.5,en-US;q=0.3,en;q=0.2',
  'accept-encoding' => 'gzip, deflate',
  'referer' => 'http://192.168.18.228/huaxian/public/index.php/admin/index/index.html',
  'connection' => 'keep-alive',
  'pragma' => 'no-cache',
  'cache-control' => 'no-cache',
)
[ info ] [ PARAM ] array (
)
[ info ] [ LOG ] INIT File
---------------------------------------------------------------
[ 2018-04-20T11:18:53+08:00 ] ::1 ::1 GET /huaxian/public/index.php/admin/gov/lst.html
[ info ] localhost/huaxian/public/index.php/admin/gov/lst.html [运行时间：0.065003s][吞吐率：15.38req/s] [内存消耗：1,813.10kb] [文件加载：48]
[ info ] [ LANG ] E:\WWW\huaxian\thinkphp\lang\zh-cn.php
[ info ] [ ROUTE ] array (
  'type' => 'module',
  'module' => 
  array (
    0 => 'admin',
    1 => 'gov',
    2 => 'lst',
  ),
)
[ info ] [ HEADER ] array (
  'host' => 'localhost',
  'connection' => 'keep-alive',
  'upgrade-insecure-requests' => '1',
  'user-agent' => 'Mozilla/5.0 (Windows NT 10.0; WOW64) AppleWebKit/537.36 (KHTML, like Gecko) Chrome/64.0.3282.119 Safari/537.36',
  'accept' => 'text/html,application/xhtml+xml,application/xml;q=0.9,image/webp,image/apng,*/*;q=0.8',
  'referer' => 'http://localhost/huaxian/public/index.php/admin/index/index.html',
  'accept-encoding' => 'gzip, deflate, br',
  'accept-language' => 'zh-CN,zh;q=0.9,en;q=0.8,fr-FR;q=0.7,fr;q=0.6,ko;q=0.5,ja;q=0.4,th;q=0.3,en-US;q=0.2,en-GB;q=0.1',
  'cookie' => 'pgv_pvi=8745608192; ECS[visit_times]=10; ext_type=1; 526f___uniacid=12; 526f___uid=1; PHPSESSID=vfpt19rk5mhof4tvie9dtsuav2; Hm_lvt_080836300300be57b7f34f4b3e97d911=1523412126,1523953942; Hm_lpvt_080836300300be57b7f34f4b3e97d911=1524122912',
)
[ info ] [ PARAM ] array (
)
[ info ] [ SESSION ] INIT array (
  'id' => '',
  'var_session_id' => '',
  'prefix' => 'think',
  'type' => '',
  'auto_start' => true,
)
[ info ] [ RUN ] app\admin\controller\Gov->lst[ E:\WWW\huaxian\application\admin\controller\Gov.php ]
[ info ] [ VIEW ] E:\WWW\huaxian\public/../application/admin\view\gov\lst.html [ array (
) ]
[ info ] [ LOG ] INIT File
---------------------------------------------------------------
[ 2018-04-20T11:18:54+08:00 ] ::1 ::1 GET /huaxian/public/index.php/admin/gov/file.html
[ info ] localhost/huaxian/public/index.php/admin/gov/file.html [运行时间：0.174903s][吞吐率：5.72req/s] [内存消耗：2,546.55kb] [文件加载：55]
[ info ] [ LANG ] E:\WWW\huaxian\thinkphp\lang\zh-cn.php
[ info ] [ ROUTE ] array (
  'type' => 'module',
  'module' => 
  array (
    0 => 'admin',
    1 => 'gov',
    2 => 'file',
  ),
)
[ info ] [ HEADER ] array (
  'host' => 'localhost',
  'connection' => 'keep-alive',
  'upgrade-insecure-requests' => '1',
  'user-agent' => 'Mozilla/5.0 (Windows NT 10.0; WOW64) AppleWebKit/537.36 (KHTML, like Gecko) Chrome/64.0.3282.119 Safari/537.36',
  'accept' => 'text/html,application/xhtml+xml,application/xml;q=0.9,image/webp,image/apng,*/*;q=0.8',
  'referer' => 'http://localhost/huaxian/public/index.php/admin/index/index.html',
  'accept-encoding' => 'gzip, deflate, br',
  'accept-language' => 'zh-CN,zh;q=0.9,en;q=0.8,fr-FR;q=0.7,fr;q=0.6,ko;q=0.5,ja;q=0.4,th;q=0.3,en-US;q=0.2,en-GB;q=0.1',
  'cookie' => 'pgv_pvi=8745608192; ECS[visit_times]=10; ext_type=1; 526f___uniacid=12; 526f___uid=1; PHPSESSID=vfpt19rk5mhof4tvie9dtsuav2; Hm_lvt_080836300300be57b7f34f4b3e97d911=1523412126,1523953942; Hm_lpvt_080836300300be57b7f34f4b3e97d911=1524122912',
)
[ info ] [ PARAM ] array (
)
[ info ] [ SESSION ] INIT array (
  'id' => '',
  'var_session_id' => '',
  'prefix' => 'think',
  'type' => '',
  'auto_start' => true,
)
[ info ] [ RUN ] app\admin\controller\Gov->file[ E:\WWW\huaxian\application\admin\controller\Gov.php ]
[ info ] [ DB ] INIT mysql
[ info ] [ VIEW ] E:\WWW\huaxian\public/../application/admin\view\gov\file.html [ array (
  0 => 'list',
) ]
[ info ] [ LOG ] INIT File
[ sql ] [ DB ] CONNECT:[ UseTime:0.002509s ] mysql:dbname=huaxian;host=127.0.0.1;charset=utf8
[ sql ] [ SQL ] SHOW COLUMNS FROM `tr_gov` [ RunTime:0.036079s ]
[ sql ] [ SQL ] SELECT * FROM `tr_gov` ORDER BY id desc [ RunTime:0.010446s ]
---------------------------------------------------------------
[ 2018-04-20T11:18:55+08:00 ] ::1 ::1 GET /huaxian/public/index.php/admin/gov/lst.html
[ info ] localhost/huaxian/public/index.php/admin/gov/lst.html [运行时间：0.033567s][吞吐率：29.79req/s] [内存消耗：1,813.10kb] [文件加载：48]
[ info ] [ LANG ] E:\WWW\huaxian\thinkphp\lang\zh-cn.php
[ info ] [ ROUTE ] array (
  'type' => 'module',
  'module' => 
  array (
    0 => 'admin',
    1 => 'gov',
    2 => 'lst',
  ),
)
[ info ] [ HEADER ] array (
  'host' => 'localhost',
  'connection' => 'keep-alive',
  'upgrade-insecure-requests' => '1',
  'user-agent' => 'Mozilla/5.0 (Windows NT 10.0; WOW64) AppleWebKit/537.36 (KHTML, like Gecko) Chrome/64.0.3282.119 Safari/537.36',
  'accept' => 'text/html,application/xhtml+xml,application/xml;q=0.9,image/webp,image/apng,*/*;q=0.8',
  'referer' => 'http://localhost/huaxian/public/index.php/admin/index/index.html',
  'accept-encoding' => 'gzip, deflate, br',
  'accept-language' => 'zh-CN,zh;q=0.9,en;q=0.8,fr-FR;q=0.7,fr;q=0.6,ko;q=0.5,ja;q=0.4,th;q=0.3,en-US;q=0.2,en-GB;q=0.1',
  'cookie' => 'pgv_pvi=8745608192; ECS[visit_times]=10; ext_type=1; 526f___uniacid=12; 526f___uid=1; PHPSESSID=vfpt19rk5mhof4tvie9dtsuav2; Hm_lvt_080836300300be57b7f34f4b3e97d911=1523412126,1523953942; Hm_lpvt_080836300300be57b7f34f4b3e97d911=1524122912',
)
[ info ] [ PARAM ] array (
)
[ info ] [ SESSION ] INIT array (
  'id' => '',
  'var_session_id' => '',
  'prefix' => 'think',
  'type' => '',
  'auto_start' => true,
)
[ info ] [ RUN ] app\admin\controller\Gov->lst[ E:\WWW\huaxian\application\admin\controller\Gov.php ]
[ info ] [ VIEW ] E:\WWW\huaxian\public/../application/admin\view\gov\lst.html [ array (
) ]
[ info ] [ LOG ] INIT File
---------------------------------------------------------------
[ 2018-04-20T11:18:55+08:00 ] ::1 ::1 POST /huaxian/public/index.php/admin/gov/lst.html
[ info ] localhost/huaxian/public/index.php/admin/gov/lst.html [运行时间：0.037116s][吞吐率：26.94req/s] [内存消耗：1,802.90kb] [文件加载：50]
[ info ] [ LANG ] E:\WWW\huaxian\thinkphp\lang\zh-cn.php
[ info ] [ ROUTE ] array (
  'type' => 'module',
  'module' => 
  array (
    0 => 'admin',
    1 => 'gov',
    2 => 'lst',
  ),
)
[ info ] [ HEADER ] array (
  'host' => 'localhost',
  'connection' => 'keep-alive',
  'content-length' => '188',
  'cache-control' => 'max-age=0',
  'origin' => 'http://localhost',
  'upgrade-insecure-requests' => '1',
  'content-type' => 'multipart/form-data; boundary=----WebKitFormBoundarymYWvlA3KVhbq3oNw',
  'user-agent' => 'Mozilla/5.0 (Windows NT 10.0; WOW64) AppleWebKit/537.36 (KHTML, like Gecko) Chrome/64.0.3282.119 Safari/537.36',
  'accept' => 'text/html,application/xhtml+xml,application/xml;q=0.9,image/webp,image/apng,*/*;q=0.8',
  'referer' => 'http://localhost/huaxian/public/index.php/admin/gov/lst.html',
  'accept-encoding' => 'gzip, deflate, br',
  'accept-language' => 'zh-CN,zh;q=0.9,en;q=0.8,fr-FR;q=0.7,fr;q=0.6,ko;q=0.5,ja;q=0.4,th;q=0.3,en-US;q=0.2,en-GB;q=0.1',
  'cookie' => 'pgv_pvi=8745608192; ECS[visit_times]=10; ext_type=1; 526f___uniacid=12; 526f___uid=1; PHPSESSID=vfpt19rk5mhof4tvie9dtsuav2; Hm_lvt_080836300300be57b7f34f4b3e97d911=1523412126,1523953942; Hm_lpvt_080836300300be57b7f34f4b3e97d911=1524122912',
)
[ info ] [ PARAM ] array (
)
[ info ] [ SESSION ] INIT array (
  'id' => '',
  'var_session_id' => '',
  'prefix' => 'think',
  'type' => '',
  'auto_start' => true,
)
[ info ] [ RUN ] app\admin\controller\Gov->lst[ E:\WWW\huaxian\application\admin\controller\Gov.php ]
[ info ] [ LOG ] INIT File
[ error ] [1]Call to a member function move() on a non-object[E:\WWW\huaxian\application\admin\controller\Gov.php:18]
---------------------------------------------------------------
[ 2018-04-20T11:18:57+08:00 ] ::1 ::1 GET /huaxian/public/index.php/admin/gov/file.html
[ info ] localhost/huaxian/public/index.php/admin/gov/file.html [运行时间：0.061272s][吞吐率：16.32req/s] [内存消耗：2,546.55kb] [文件加载：55]
[ info ] [ LANG ] E:\WWW\huaxian\thinkphp\lang\zh-cn.php
[ info ] [ ROUTE ] array (
  'type' => 'module',
  'module' => 
  array (
    0 => 'admin',
    1 => 'gov',
    2 => 'file',
  ),
)
[ info ] [ HEADER ] array (
  'host' => 'localhost',
  'connection' => 'keep-alive',
  'upgrade-insecure-requests' => '1',
  'user-agent' => 'Mozilla/5.0 (Windows NT 10.0; WOW64) AppleWebKit/537.36 (KHTML, like Gecko) Chrome/64.0.3282.119 Safari/537.36',
  'accept' => 'text/html,application/xhtml+xml,application/xml;q=0.9,image/webp,image/apng,*/*;q=0.8',
  'referer' => 'http://localhost/huaxian/public/index.php/admin/index/index.html',
  'accept-encoding' => 'gzip, deflate, br',
  'accept-language' => 'zh-CN,zh;q=0.9,en;q=0.8,fr-FR;q=0.7,fr;q=0.6,ko;q=0.5,ja;q=0.4,th;q=0.3,en-US;q=0.2,en-GB;q=0.1',
  'cookie' => 'pgv_pvi=8745608192; ECS[visit_times]=10; ext_type=1; 526f___uniacid=12; 526f___uid=1; PHPSESSID=vfpt19rk5mhof4tvie9dtsuav2; Hm_lvt_080836300300be57b7f34f4b3e97d911=1523412126,1523953942; Hm_lpvt_080836300300be57b7f34f4b3e97d911=1524122912',
)
[ info ] [ PARAM ] array (
)
[ info ] [ SESSION ] INIT array (
  'id' => '',
  'var_session_id' => '',
  'prefix' => 'think',
  'type' => '',
  'auto_start' => true,
)
[ info ] [ RUN ] app\admin\controller\Gov->file[ E:\WWW\huaxian\application\admin\controller\Gov.php ]
[ info ] [ DB ] INIT mysql
[ info ] [ VIEW ] E:\WWW\huaxian\public/../application/admin\view\gov\file.html [ array (
  0 => 'list',
) ]
[ info ] [ LOG ] INIT File
[ sql ] [ DB ] CONNECT:[ UseTime:0.009858s ] mysql:dbname=huaxian;host=127.0.0.1;charset=utf8
[ sql ] [ SQL ] SHOW COLUMNS FROM `tr_gov` [ RunTime:0.007285s ]
[ sql ] [ SQL ] SELECT * FROM `tr_gov` ORDER BY id desc [ RunTime:0.000628s ]
---------------------------------------------------------------
[ 2018-04-20T11:18:58+08:00 ] ::1 ::1 GET /huaxian/public/index.php/admin/gov/lst.html
[ info ] localhost/huaxian/public/index.php/admin/gov/lst.html [运行时间：0.033642s][吞吐率：29.72req/s] [内存消耗：1,813.10kb] [文件加载：48]
[ info ] [ LANG ] E:\WWW\huaxian\thinkphp\lang\zh-cn.php
[ info ] [ ROUTE ] array (
  'type' => 'module',
  'module' => 
  array (
    0 => 'admin',
    1 => 'gov',
    2 => 'lst',
  ),
)
[ info ] [ HEADER ] array (
  'host' => 'localhost',
  'connection' => 'keep-alive',
  'upgrade-insecure-requests' => '1',
  'user-agent' => 'Mozilla/5.0 (Windows NT 10.0; WOW64) AppleWebKit/537.36 (KHTML, like Gecko) Chrome/64.0.3282.119 Safari/537.36',
  'accept' => 'text/html,application/xhtml+xml,application/xml;q=0.9,image/webp,image/apng,*/*;q=0.8',
  'referer' => 'http://localhost/huaxian/public/index.php/admin/index/index.html',
  'accept-encoding' => 'gzip, deflate, br',
  'accept-language' => 'zh-CN,zh;q=0.9,en;q=0.8,fr-FR;q=0.7,fr;q=0.6,ko;q=0.5,ja;q=0.4,th;q=0.3,en-US;q=0.2,en-GB;q=0.1',
  'cookie' => 'pgv_pvi=8745608192; ECS[visit_times]=10; ext_type=1; 526f___uniacid=12; 526f___uid=1; PHPSESSID=vfpt19rk5mhof4tvie9dtsuav2; Hm_lvt_080836300300be57b7f34f4b3e97d911=1523412126,1523953942; Hm_lpvt_080836300300be57b7f34f4b3e97d911=1524122912',
)
[ info ] [ PARAM ] array (
)
[ info ] [ SESSION ] INIT array (
  'id' => '',
  'var_session_id' => '',
  'prefix' => 'think',
  'type' => '',
  'auto_start' => true,
)
[ info ] [ RUN ] app\admin\controller\Gov->lst[ E:\WWW\huaxian\application\admin\controller\Gov.php ]
[ info ] [ VIEW ] E:\WWW\huaxian\public/../application/admin\view\gov\lst.html [ array (
) ]
[ info ] [ LOG ] INIT File
---------------------------------------------------------------
[ 2018-04-20T11:18:59+08:00 ] ::1 ::1 GET /huaxian/public/index.php/admin/gov/lst.html
[ info ] localhost/huaxian/public/index.php/admin/gov/lst.html [运行时间：0.032809s][吞吐率：30.48req/s] [内存消耗：1,813.10kb] [文件加载：48]
[ info ] [ LANG ] E:\WWW\huaxian\thinkphp\lang\zh-cn.php
[ info ] [ ROUTE ] array (
  'type' => 'module',
  'module' => 
  array (
    0 => 'admin',
    1 => 'gov',
    2 => 'lst',
  ),
)
[ info ] [ HEADER ] array (
  'host' => 'localhost',
  'connection' => 'keep-alive',
  'upgrade-insecure-requests' => '1',
  'user-agent' => 'Mozilla/5.0 (Windows NT 10.0; WOW64) AppleWebKit/537.36 (KHTML, like Gecko) Chrome/64.0.3282.119 Safari/537.36',
  'accept' => 'text/html,application/xhtml+xml,application/xml;q=0.9,image/webp,image/apng,*/*;q=0.8',
  'referer' => 'http://localhost/huaxian/public/index.php/admin/index/index.html',
  'accept-encoding' => 'gzip, deflate, br',
  'accept-language' => 'zh-CN,zh;q=0.9,en;q=0.8,fr-FR;q=0.7,fr;q=0.6,ko;q=0.5,ja;q=0.4,th;q=0.3,en-US;q=0.2,en-GB;q=0.1',
  'cookie' => 'pgv_pvi=8745608192; ECS[visit_times]=10; ext_type=1; 526f___uniacid=12; 526f___uid=1; PHPSESSID=vfpt19rk5mhof4tvie9dtsuav2; Hm_lvt_080836300300be57b7f34f4b3e97d911=1523412126,1523953942; Hm_lpvt_080836300300be57b7f34f4b3e97d911=1524122912',
)
[ info ] [ PARAM ] array (
)
[ info ] [ SESSION ] INIT array (
  'id' => '',
  'var_session_id' => '',
  'prefix' => 'think',
  'type' => '',
  'auto_start' => true,
)
[ info ] [ RUN ] app\admin\controller\Gov->lst[ E:\WWW\huaxian\application\admin\controller\Gov.php ]
[ info ] [ VIEW ] E:\WWW\huaxian\public/../application/admin\view\gov\lst.html [ array (
) ]
[ info ] [ LOG ] INIT File
---------------------------------------------------------------
[ 2018-04-20T11:18:59+08:00 ] ::1 ::1 GET /huaxian/public/index.php/admin/gov/file.html
[ info ] localhost/huaxian/public/index.php/admin/gov/file.html [运行时间：0.058670s][吞吐率：17.04req/s] [内存消耗：2,546.55kb] [文件加载：55]
[ info ] [ LANG ] E:\WWW\huaxian\thinkphp\lang\zh-cn.php
[ info ] [ ROUTE ] array (
  'type' => 'module',
  'module' => 
  array (
    0 => 'admin',
    1 => 'gov',
    2 => 'file',
  ),
)
[ info ] [ HEADER ] array (
  'host' => 'localhost',
  'connection' => 'keep-alive',
  'upgrade-insecure-requests' => '1',
  'user-agent' => 'Mozilla/5.0 (Windows NT 10.0; WOW64) AppleWebKit/537.36 (KHTML, like Gecko) Chrome/64.0.3282.119 Safari/537.36',
  'accept' => 'text/html,application/xhtml+xml,application/xml;q=0.9,image/webp,image/apng,*/*;q=0.8',
  'referer' => 'http://localhost/huaxian/public/index.php/admin/index/index.html',
  'accept-encoding' => 'gzip, deflate, br',
  'accept-language' => 'zh-CN,zh;q=0.9,en;q=0.8,fr-FR;q=0.7,fr;q=0.6,ko;q=0.5,ja;q=0.4,th;q=0.3,en-US;q=0.2,en-GB;q=0.1',
  'cookie' => 'pgv_pvi=8745608192; ECS[visit_times]=10; ext_type=1; 526f___uniacid=12; 526f___uid=1; PHPSESSID=vfpt19rk5mhof4tvie9dtsuav2; Hm_lvt_080836300300be57b7f34f4b3e97d911=1523412126,1523953942; Hm_lpvt_080836300300be57b7f34f4b3e97d911=1524122912',
)
[ info ] [ PARAM ] array (
)
[ info ] [ SESSION ] INIT array (
  'id' => '',
  'var_session_id' => '',
  'prefix' => 'think',
  'type' => '',
  'auto_start' => true,
)
[ info ] [ RUN ] app\admin\controller\Gov->file[ E:\WWW\huaxian\application\admin\controller\Gov.php ]
[ info ] [ DB ] INIT mysql
[ info ] [ VIEW ] E:\WWW\huaxian\public/../application/admin\view\gov\file.html [ array (
  0 => 'list',
) ]
[ info ] [ LOG ] INIT File
[ sql ] [ DB ] CONNECT:[ UseTime:0.001247s ] mysql:dbname=huaxian;host=127.0.0.1;charset=utf8
[ sql ] [ SQL ] SHOW COLUMNS FROM `tr_gov` [ RunTime:0.011713s ]
[ sql ] [ SQL ] SELECT * FROM `tr_gov` ORDER BY id desc [ RunTime:0.000566s ]
---------------------------------------------------------------
[ 2018-04-20T11:19:00+08:00 ] ::1 ::1 GET /huaxian/public/index.php/admin/gov/lst.html
[ info ] localhost/huaxian/public/index.php/admin/gov/lst.html [运行时间：0.032627s][吞吐率：30.65req/s] [内存消耗：1,813.10kb] [文件加载：48]
[ info ] [ LANG ] E:\WWW\huaxian\thinkphp\lang\zh-cn.php
[ info ] [ ROUTE ] array (
  'type' => 'module',
  'module' => 
  array (
    0 => 'admin',
    1 => 'gov',
    2 => 'lst',
  ),
)
[ info ] [ HEADER ] array (
  'host' => 'localhost',
  'connection' => 'keep-alive',
  'upgrade-insecure-requests' => '1',
  'user-agent' => 'Mozilla/5.0 (Windows NT 10.0; WOW64) AppleWebKit/537.36 (KHTML, like Gecko) Chrome/64.0.3282.119 Safari/537.36',
  'accept' => 'text/html,application/xhtml+xml,application/xml;q=0.9,image/webp,image/apng,*/*;q=0.8',
  'referer' => 'http://localhost/huaxian/public/index.php/admin/index/index.html',
  'accept-encoding' => 'gzip, deflate, br',
  'accept-language' => 'zh-CN,zh;q=0.9,en;q=0.8,fr-FR;q=0.7,fr;q=0.6,ko;q=0.5,ja;q=0.4,th;q=0.3,en-US;q=0.2,en-GB;q=0.1',
  'cookie' => 'pgv_pvi=8745608192; ECS[visit_times]=10; ext_type=1; 526f___uniacid=12; 526f___uid=1; PHPSESSID=vfpt19rk5mhof4tvie9dtsuav2; Hm_lvt_080836300300be57b7f34f4b3e97d911=1523412126,1523953942; Hm_lpvt_080836300300be57b7f34f4b3e97d911=1524122912',
)
[ info ] [ PARAM ] array (
)
[ info ] [ SESSION ] INIT array (
  'id' => '',
  'var_session_id' => '',
  'prefix' => 'think',
  'type' => '',
  'auto_start' => true,
)
[ info ] [ RUN ] app\admin\controller\Gov->lst[ E:\WWW\huaxian\application\admin\controller\Gov.php ]
[ info ] [ VIEW ] E:\WWW\huaxian\public/../application/admin\view\gov\lst.html [ array (
) ]
[ info ] [ LOG ] INIT File
---------------------------------------------------------------
[ 2018-04-20T15:00:50+08:00 ] ::1 ::1 GET /huaxian/public/index.php/admin/index/index.html
[ info ] localhost/huaxian/public/index.php/admin/index/index.html [运行时间：0.124474s][吞吐率：8.03req/s] [内存消耗：2,552.58kb] [文件加载：55]
[ info ] [ LANG ] E:\WWW\huaxian\thinkphp\lang\zh-cn.php
[ info ] [ ROUTE ] array (
  'type' => 'module',
  'module' => 
  array (
    0 => 'admin',
    1 => 'index',
    2 => 'index',
  ),
)
[ info ] [ HEADER ] array (
  'host' => 'localhost',
  'connection' => 'keep-alive',
  'cache-control' => 'max-age=0',
  'upgrade-insecure-requests' => '1',
  'user-agent' => 'Mozilla/5.0 (Windows NT 10.0; WOW64) AppleWebKit/537.36 (KHTML, like Gecko) Chrome/64.0.3282.119 Safari/537.36',
  'accept' => 'text/html,application/xhtml+xml,application/xml;q=0.9,image/webp,image/apng,*/*;q=0.8',
  'referer' => 'http://localhost/huaxian/public/index.php/admin/login/login.html',
  'accept-encoding' => 'gzip, deflate, br',
  'accept-language' => 'zh-CN,zh;q=0.9,en;q=0.8,fr-FR;q=0.7,fr;q=0.6,ko;q=0.5,ja;q=0.4,th;q=0.3,en-US;q=0.2,en-GB;q=0.1',
  'cookie' => 'pgv_pvi=8745608192; ECS[visit_times]=10; ext_type=1; 526f___uniacid=12; 526f___uid=1; PHPSESSID=vfpt19rk5mhof4tvie9dtsuav2; Hm_lvt_080836300300be57b7f34f4b3e97d911=1523412126,1523953942; Hm_lpvt_080836300300be57b7f34f4b3e97d911=1524122912',
)
[ info ] [ PARAM ] array (
)
[ info ] [ SESSION ] INIT array (
  'id' => '',
  'var_session_id' => '',
  'prefix' => 'think',
  'type' => '',
  'auto_start' => true,
)
[ info ] [ RUN ] app\admin\controller\Index->index[ E:\WWW\huaxian\application\admin\controller\Index.php ]
[ info ] [ DB ] INIT mysql
[ info ] [ VIEW ] E:\WWW\huaxian\public/../application/admin\view\index\index.html [ array (
  0 => 'adminname',
) ]
[ info ] [ LOG ] INIT File
[ sql ] [ DB ] CONNECT:[ UseTime:0.011177s ] mysql:dbname=huaxian;host=127.0.0.1;charset=utf8
[ sql ] [ SQL ] SHOW COLUMNS FROM `tr_role` [ RunTime:0.041831s ]
[ sql ] [ SQL ] SELECT * FROM `tr_role` WHERE  `id` = 1 LIMIT 1 [ RunTime:0.001459s ]
---------------------------------------------------------------
[ 2018-04-20T15:00:50+08:00 ] ::1 ::1 GET /huaxian/public/index.php/admin/index/welcome.html
[ info ] localhost/huaxian/public/index.php/admin/index/welcome.html [运行时间：0.098795s][吞吐率：10.12req/s] [内存消耗：1,743.72kb] [文件加载：47]
[ info ] [ LANG ] E:\WWW\huaxian\thinkphp\lang\zh-cn.php
[ info ] [ ROUTE ] array (
  'type' => 'module',
  'module' => 
  array (
    0 => 'admin',
    1 => 'index',
    2 => 'welcome',
  ),
)
[ info ] [ HEADER ] array (
  'host' => 'localhost',
  'connection' => 'keep-alive',
  'upgrade-insecure-requests' => '1',
  'user-agent' => 'Mozilla/5.0 (Windows NT 10.0; WOW64) AppleWebKit/537.36 (KHTML, like Gecko) Chrome/64.0.3282.119 Safari/537.36',
  'accept' => 'text/html,application/xhtml+xml,application/xml;q=0.9,image/webp,image/apng,*/*;q=0.8',
  'referer' => 'http://localhost/huaxian/public/index.php/admin/index/index.html',
  'accept-encoding' => 'gzip, deflate, br',
  'accept-language' => 'zh-CN,zh;q=0.9,en;q=0.8,fr-FR;q=0.7,fr;q=0.6,ko;q=0.5,ja;q=0.4,th;q=0.3,en-US;q=0.2,en-GB;q=0.1',
  'cookie' => 'pgv_pvi=8745608192; ECS[visit_times]=10; ext_type=1; 526f___uniacid=12; 526f___uid=1; PHPSESSID=vfpt19rk5mhof4tvie9dtsuav2; Hm_lvt_080836300300be57b7f34f4b3e97d911=1523412126,1523953942; Hm_lpvt_080836300300be57b7f34f4b3e97d911=1524122912',
)
[ info ] [ PARAM ] array (
)
[ info ] [ SESSION ] INIT array (
  'id' => '',
  'var_session_id' => '',
  'prefix' => 'think',
  'type' => '',
  'auto_start' => true,
)
[ info ] [ RUN ] app\admin\controller\Index->welcome[ E:\WWW\huaxian\application\admin\controller\Index.php ]
[ info ] [ VIEW ] E:\WWW\huaxian\public/../application/admin\view\index\welcome.html [ array (
) ]
[ info ] [ LOG ] INIT File
---------------------------------------------------------------
[ 2018-04-20T15:00:51+08:00 ] ::1 ::1 GET /huaxian/public/index.php/admin/index/lib/jquery/1.9.1/jquery.min.js
[ info ] localhost/huaxian/public/index.php/admin/index/lib/jquery/1.9.1/jquery.min.js [运行时间：0.038465s][吞吐率：26.00req/s] [内存消耗：1,777.35kb] [文件加载：49]
[ info ] [ LANG ] E:\WWW\huaxian\thinkphp\lang\zh-cn.php
[ info ] [ ROUTE ] array (
  'type' => 'module',
  'module' => 
  array (
    0 => 'admin',
    1 => 'index',
    2 => 'lib',
  ),
)
[ info ] [ HEADER ] array (
  'host' => 'localhost',
  'connection' => 'keep-alive',
  'user-agent' => 'Mozilla/5.0 (Windows NT 10.0; WOW64) AppleWebKit/537.36 (KHTML, like Gecko) Chrome/64.0.3282.119 Safari/537.36',
  'accept' => '*/*',
  'referer' => 'http://localhost/huaxian/public/index.php/admin/index/welcome.html',
  'accept-encoding' => 'gzip, deflate, br',
  'accept-language' => 'zh-CN,zh;q=0.9,en;q=0.8,fr-FR;q=0.7,fr;q=0.6,ko;q=0.5,ja;q=0.4,th;q=0.3,en-US;q=0.2,en-GB;q=0.1',
  'cookie' => 'pgv_pvi=8745608192; ECS[visit_times]=10; ext_type=1; 526f___uniacid=12; 526f___uid=1; PHPSESSID=vfpt19rk5mhof4tvie9dtsuav2; Hm_lvt_080836300300be57b7f34f4b3e97d911=1523412126,1523953942; Hm_lpvt_080836300300be57b7f34f4b3e97d911=1524122912',
)
[ info ] [ PARAM ] array (
  'jquery' => '1.9.1',
)
[ info ] [ SESSION ] INIT array (
  'id' => '',
  'var_session_id' => '',
  'prefix' => 'think',
  'type' => '',
  'auto_start' => true,
)
[ info ] [ LOG ] INIT File
---------------------------------------------------------------
[ 2018-04-20T15:00:51+08:00 ] ::1 ::1 GET /huaxian/public/index.php/admin/index/js/H-ui.js
[ info ] localhost/huaxian/public/index.php/admin/index/js/H-ui.js [运行时间：0.047068s][吞吐率：21.25req/s] [内存消耗：1,777.02kb] [文件加载：49]
[ info ] [ LANG ] E:\WWW\huaxian\thinkphp\lang\zh-cn.php
[ info ] [ ROUTE ] array (
  'type' => 'module',
  'module' => 
  array (
    0 => 'admin',
    1 => 'index',
    2 => 'js',
  ),
)
[ info ] [ HEADER ] array (
  'host' => 'localhost',
  'connection' => 'keep-alive',
  'user-agent' => 'Mozilla/5.0 (Windows NT 10.0; WOW64) AppleWebKit/537.36 (KHTML, like Gecko) Chrome/64.0.3282.119 Safari/537.36',
  'accept' => '*/*',
  'referer' => 'http://localhost/huaxian/public/index.php/admin/index/welcome.html',
  'accept-encoding' => 'gzip, deflate, br',
  'accept-language' => 'zh-CN,zh;q=0.9,en;q=0.8,fr-FR;q=0.7,fr;q=0.6,ko;q=0.5,ja;q=0.4,th;q=0.3,en-US;q=0.2,en-GB;q=0.1',
  'cookie' => 'pgv_pvi=8745608192; ECS[visit_times]=10; ext_type=1; 526f___uniacid=12; 526f___uid=1; PHPSESSID=vfpt19rk5mhof4tvie9dtsuav2; Hm_lvt_080836300300be57b7f34f4b3e97d911=1523412126,1523953942; Hm_lpvt_080836300300be57b7f34f4b3e97d911=1524122912',
)
[ info ] [ PARAM ] array (
)
[ info ] [ SESSION ] INIT array (
  'id' => '',
  'var_session_id' => '',
  'prefix' => 'think',
  'type' => '',
  'auto_start' => true,
)
[ info ] [ LOG ] INIT File
---------------------------------------------------------------
[ 2018-04-20T15:00:51+08:00 ] ::1 ::1 GET /huaxian/public/index.php/admin/index/__PUBIC__/css/H-ui.min.css
[ info ] localhost/huaxian/public/index.php/admin/index/__PUBIC__/css/H-ui.min.css [运行时间：0.057200s][吞吐率：17.48req/s] [内存消耗：1,777.41kb] [文件加载：49]
[ info ] [ LANG ] E:\WWW\huaxian\thinkphp\lang\zh-cn.php
[ info ] [ ROUTE ] array (
  'type' => 'module',
  'module' => 
  array (
    0 => 'admin',
    1 => 'index',
    2 => '__PUBIC__',
  ),
)
[ info ] [ HEADER ] array (
  'host' => 'localhost',
  'connection' => 'keep-alive',
  'user-agent' => 'Mozilla/5.0 (Windows NT 10.0; WOW64) AppleWebKit/537.36 (KHTML, like Gecko) Chrome/64.0.3282.119 Safari/537.36',
  'accept' => 'text/css,*/*;q=0.1',
  'referer' => 'http://localhost/huaxian/public/index.php/admin/index/welcome.html',
  'accept-encoding' => 'gzip, deflate, br',
  'accept-language' => 'zh-CN,zh;q=0.9,en;q=0.8,fr-FR;q=0.7,fr;q=0.6,ko;q=0.5,ja;q=0.4,th;q=0.3,en-US;q=0.2,en-GB;q=0.1',
  'cookie' => 'pgv_pvi=8745608192; ECS[visit_times]=10; ext_type=1; 526f___uniacid=12; 526f___uid=1; PHPSESSID=vfpt19rk5mhof4tvie9dtsuav2; Hm_lvt_080836300300be57b7f34f4b3e97d911=1523412126,1523953942; Hm_lpvt_080836300300be57b7f34f4b3e97d911=1524122912',
)
[ info ] [ PARAM ] array (
  'css' => 'H-ui.min.css',
)
[ info ] [ SESSION ] INIT array (
  'id' => '',
  'var_session_id' => '',
  'prefix' => 'think',
  'type' => '',
  'auto_start' => true,
)
[ info ] [ LOG ] INIT File
---------------------------------------------------------------
[ 2018-04-20T15:00:51+08:00 ] ::1 ::1 GET /huaxian/public/index.php/admin/index/js/H-ui.js
[ info ] localhost/huaxian/public/index.php/admin/index/js/H-ui.js [运行时间：0.039983s][吞吐率：25.01req/s] [内存消耗：1,777.02kb] [文件加载：49]
[ info ] [ LANG ] E:\WWW\huaxian\thinkphp\lang\zh-cn.php
[ info ] [ ROUTE ] array (
  'type' => 'module',
  'module' => 
  array (
    0 => 'admin',
    1 => 'index',
    2 => 'js',
  ),
)
[ info ] [ HEADER ] array (
  'host' => 'localhost',
  'connection' => 'keep-alive',
  'user-agent' => 'Mozilla/5.0 (Windows NT 10.0; WOW64) AppleWebKit/537.36 (KHTML, like Gecko) Chrome/64.0.3282.119 Safari/537.36',
  'accept' => '*/*',
  'referer' => 'http://localhost/huaxian/public/index.php/admin/index/welcome.html',
  'accept-encoding' => 'gzip, deflate, br',
  'accept-language' => 'zh-CN,zh;q=0.9,en;q=0.8,fr-FR;q=0.7,fr;q=0.6,ko;q=0.5,ja;q=0.4,th;q=0.3,en-US;q=0.2,en-GB;q=0.1',
  'cookie' => 'pgv_pvi=8745608192; ECS[visit_times]=10; ext_type=1; 526f___uniacid=12; 526f___uid=1; PHPSESSID=vfpt19rk5mhof4tvie9dtsuav2; Hm_lvt_080836300300be57b7f34f4b3e97d911=1523412126,1523953942; Hm_lpvt_080836300300be57b7f34f4b3e97d911=1524122912',
)
[ info ] [ PARAM ] array (
)
[ info ] [ SESSION ] INIT array (
  'id' => '',
  'var_session_id' => '',
  'prefix' => 'think',
  'type' => '',
  'auto_start' => true,
)
[ info ] [ LOG ] INIT File
---------------------------------------------------------------
[ 2018-04-20T15:00:53+08:00 ] ::1 ::1 GET /huaxian/public/index.php/admin/gov/lst.html
[ info ] localhost/huaxian/public/index.php/admin/gov/lst.html [运行时间：0.071997s][吞吐率：13.89req/s] [内存消耗：1,953.62kb] [文件加载：50]
[ info ] [ LANG ] E:\WWW\huaxian\thinkphp\lang\zh-cn.php
[ info ] [ ROUTE ] array (
  'type' => 'module',
  'module' => 
  array (
    0 => 'admin',
    1 => 'gov',
    2 => 'lst',
  ),
)
[ info ] [ HEADER ] array (
  'host' => 'localhost',
  'connection' => 'keep-alive',
  'upgrade-insecure-requests' => '1',
  'user-agent' => 'Mozilla/5.0 (Windows NT 10.0; WOW64) AppleWebKit/537.36 (KHTML, like Gecko) Chrome/64.0.3282.119 Safari/537.36',
  'accept' => 'text/html,application/xhtml+xml,application/xml;q=0.9,image/webp,image/apng,*/*;q=0.8',
  'referer' => 'http://localhost/huaxian/public/index.php/admin/index/index.html',
  'accept-encoding' => 'gzip, deflate, br',
  'accept-language' => 'zh-CN,zh;q=0.9,en;q=0.8,fr-FR;q=0.7,fr;q=0.6,ko;q=0.5,ja;q=0.4,th;q=0.3,en-US;q=0.2,en-GB;q=0.1',
  'cookie' => 'pgv_pvi=8745608192; ECS[visit_times]=10; ext_type=1; 526f___uniacid=12; 526f___uid=1; PHPSESSID=vfpt19rk5mhof4tvie9dtsuav2; Hm_lvt_080836300300be57b7f34f4b3e97d911=1523412126,1523953942; Hm_lpvt_080836300300be57b7f34f4b3e97d911=1524207651',
)
[ info ] [ PARAM ] array (
)
[ info ] [ SESSION ] INIT array (
  'id' => '',
  'var_session_id' => '',
  'prefix' => 'think',
  'type' => '',
  'auto_start' => true,
)
[ info ] [ RUN ] app\admin\controller\Gov->lst[ E:\WWW\huaxian\application\admin\controller\Gov.php ]
[ info ] [ VIEW ] E:\WWW\huaxian\public/../application/admin\view\gov\lst.html [ array (
) ]
[ info ] [ LOG ] INIT File
---------------------------------------------------------------
[ 2018-04-20T15:07:30+08:00 ] ::1 ::1 GET /huaxian/public/index.php/admin/gov/lst.html
[ info ] localhost/huaxian/public/index.php/admin/gov/lst.html [运行时间：0.039482s][吞吐率：25.33req/s] [内存消耗：1,958.80kb] [文件加载：50]
[ info ] [ LANG ] E:\WWW\huaxian\thinkphp\lang\zh-cn.php
[ info ] [ ROUTE ] array (
  'type' => 'module',
  'module' => 
  array (
    0 => 'admin',
    1 => 'gov',
    2 => 'lst',
  ),
)
[ info ] [ HEADER ] array (
  'host' => 'localhost',
  'connection' => 'keep-alive',
  'upgrade-insecure-requests' => '1',
  'user-agent' => 'Mozilla/5.0 (Windows NT 10.0; WOW64) AppleWebKit/537.36 (KHTML, like Gecko) Chrome/64.0.3282.119 Safari/537.36',
  'accept' => 'text/html,application/xhtml+xml,application/xml;q=0.9,image/webp,image/apng,*/*;q=0.8',
  'referer' => 'http://localhost/huaxian/public/index.php/admin/index/index.html',
  'accept-encoding' => 'gzip, deflate, br',
  'accept-language' => 'zh-CN,zh;q=0.9,en;q=0.8,fr-FR;q=0.7,fr;q=0.6,ko;q=0.5,ja;q=0.4,th;q=0.3,en-US;q=0.2,en-GB;q=0.1',
  'cookie' => 'pgv_pvi=8745608192; ECS[visit_times]=10; ext_type=1; 526f___uniacid=12; 526f___uid=1; PHPSESSID=vfpt19rk5mhof4tvie9dtsuav2; Hm_lvt_080836300300be57b7f34f4b3e97d911=1523412126,1523953942; Hm_lpvt_080836300300be57b7f34f4b3e97d911=1524207651',
)
[ info ] [ PARAM ] array (
)
[ info ] [ SESSION ] INIT array (
  'id' => '',
  'var_session_id' => '',
  'prefix' => 'think',
  'type' => '',
  'auto_start' => true,
)
[ info ] [ RUN ] app\admin\controller\Gov->lst[ E:\WWW\huaxian\application\admin\controller\Gov.php ]
[ info ] [ VIEW ] E:\WWW\huaxian\public/../application/admin\view\gov\lst.html [ array (
) ]
[ info ] [ LOG ] INIT File
---------------------------------------------------------------
[ 2018-04-20T18:31:10+08:00 ] 192.168.18.228 192.168.16.195 GET /huaxian/public/index.php/admin/index/index.html
[ info ] 192.168.18.228/huaxian/public/index.php/admin/index/index.html [运行时间：0.037647s][吞吐率：26.56req/s] [内存消耗：1,732.97kb] [文件加载：49]
[ info ] [ LANG ] E:\WWW\huaxian\thinkphp\lang\zh-cn.php
[ info ] [ ROUTE ] array (
  'type' => 'module',
  'module' => 
  array (
    0 => 'admin',
    1 => 'index',
    2 => 'index',
  ),
)
[ info ] [ HEADER ] array (
  'host' => '192.168.18.228',
  'user-agent' => 'Mozilla/5.0 (Windows NT 10.0; WOW64; rv:59.0) Gecko/20100101 Firefox/59.0',
  'accept' => 'text/html,application/xhtml+xml,application/xml;q=0.9,*/*;q=0.8',
  'accept-language' => 'zh-CN,zh;q=0.8,zh-TW;q=0.7,zh-HK;q=0.5,en-US;q=0.3,en;q=0.2',
  'accept-encoding' => 'gzip, deflate',
  'connection' => 'keep-alive',
  'upgrade-insecure-requests' => '1',
  'pragma' => 'no-cache',
  'cache-control' => 'no-cache',
)
[ info ] [ PARAM ] array (
)
[ info ] [ SESSION ] INIT array (
  'id' => '',
  'var_session_id' => '',
  'prefix' => 'think',
  'type' => '',
  'auto_start' => true,
)
[ info ] [ VIEW ] E:\WWW\huaxian\thinkphp\tpl\dispatch_jump1.tpl [ array (
  0 => 'code',
  1 => 'msg',
  2 => 'data',
  3 => 'url',
  4 => 'wait',
) ]
[ info ] [ LOG ] INIT File
---------------------------------------------------------------
[ 2018-04-20T18:31:10+08:00 ] 192.168.18.228 192.168.16.195 GET /huaxian/public/static/admin/css/bootstrap.min.css
[ info ] 192.168.18.228/huaxian/public/static/admin/css/bootstrap.min.css [运行时间：0.027606s][吞吐率：36.22req/s] [内存消耗：1,410.51kb] [文件加载：40]
[ info ] [ LANG ] E:\WWW\huaxian\thinkphp\lang\zh-cn.php
[ info ] [ ROUTE ] array (
  'type' => 'module',
  'module' => 
  array (
    0 => 'static',
    1 => 'admin',
    2 => 'css',
  ),
)
[ info ] [ HEADER ] array (
  'host' => '192.168.18.228',
  'user-agent' => 'Mozilla/5.0 (Windows NT 10.0; WOW64; rv:59.0) Gecko/20100101 Firefox/59.0',
  'accept' => 'text/css,*/*;q=0.1',
  'accept-language' => 'zh-CN,zh;q=0.8,zh-TW;q=0.7,zh-HK;q=0.5,en-US;q=0.3,en;q=0.2',
  'accept-encoding' => 'gzip, deflate',
  'referer' => 'http://192.168.18.228/huaxian/public/index.php/admin/index/index.html',
  'connection' => 'keep-alive',
  'pragma' => 'no-cache',
  'cache-control' => 'no-cache',
)
[ info ] [ PARAM ] array (
)
[ info ] [ LOG ] INIT File
---------------------------------------------------------------
[ 2018-04-20T18:31:14+08:00 ] 192.168.18.228 192.168.16.195 GET /huaxian/public/index.php/admin/login/login.html
[ info ] 192.168.18.228/huaxian/public/index.php/admin/login/login.html [运行时间：0.064567s][吞吐率：15.49req/s] [内存消耗：1,731.82kb] [文件加载：47]
[ info ] [ LANG ] E:\WWW\huaxian\thinkphp\lang\zh-cn.php
[ info ] [ ROUTE ] array (
  'type' => 'module',
  'module' => 
  array (
    0 => 'admin',
    1 => 'login',
    2 => 'login',
  ),
)
[ info ] [ HEADER ] array (
  'host' => '192.168.18.228',
  'user-agent' => 'Mozilla/5.0 (Windows NT 10.0; WOW64; rv:59.0) Gecko/20100101 Firefox/59.0',
  'accept' => 'text/html,application/xhtml+xml,application/xml;q=0.9,*/*;q=0.8',
  'accept-language' => 'zh-CN,zh;q=0.8,zh-TW;q=0.7,zh-HK;q=0.5,en-US;q=0.3,en;q=0.2',
  'accept-encoding' => 'gzip, deflate',
  'referer' => 'http://192.168.18.228/huaxian/public/index.php/admin/index/index.html',
  'connection' => 'keep-alive',
  'upgrade-insecure-requests' => '1',
  'pragma' => 'no-cache',
  'cache-control' => 'no-cache',
)
[ info ] [ PARAM ] array (
)
[ info ] [ RUN ] app\Admin\controller\Login->login[ E:\WWW\huaxian\application\admin\controller\Login.php ]
[ info ] [ VIEW ] E:\WWW\huaxian\public/../application/admin\view\login\login.html [ array (
) ]
[ info ] [ LOG ] INIT File
