---------------------------------------------------------------
[ 2017-11-13T08:21:55+08:00 ] 192.168.18.228 192.168.17.102 GET /transport/public/index/index/index.html
[ info ] 192.168.18.228/transport/public/index/index/index.html [运行时间：0.252567s][吞吐率：3.96req/s] [内存消耗：3,506.93kb] [文件加载：61]
[ info ] [ LANG ] E:\WWW\transport\thinkphp\lang\zh-cn.php
[ info ] [ ROUTE ] array (
  'type' => 'module',
  'module' => 
  array (
    0 => 'index',
    1 => 'index',
    2 => 'index',
  ),
)
[ info ] [ HEADER ] array (
  'host' => '192.168.18.228',
  'connection' => 'keep-alive',
  'accept' => 'text/html,application/xhtml+xml,application/xml;q=0.9,image/webp,*/*;q=0.8',
  'upgrade-insecure-requests' => '1',
  'user-agent' => 'Mozilla/5.0 (Windows NT 10.0; WOW64) AppleWebKit/537.36 (KHTML, like Gecko) Chrome/49.0.2623.221 Safari/537.36 SE 2.X MetaSr 1.0',
  'accept-encoding' => 'gzip, deflate, sdch',
  'accept-language' => 'zh-CN,zh;q=0.8',
)
[ info ] [ PARAM ] array (
)
[ info ] [ DB ] INIT mysql
[ info ] [ SESSION ] INIT array (
  'id' => '',
  'var_session_id' => '',
  'prefix' => 'think',
  'type' => '',
  'auto_start' => true,
)
[ info ] [ RUN ] app\index\controller\Index->index[ E:\WWW\transport\application\index\controller\Index.php ]
[ info ] [ VIEW ] E:\WWW\transport\public/../application/index\view\index\index.html [ array (
  0 => 'banner',
  1 => 'username',
  2 => 'user_u',
  3 => 'goodsres',
  4 => 'goods_sort',
  5 => 'news',
  6 => 'customerres',
  7 => 'image',
  8 => 'pathres',
  9 => 'goodsres1',
) ]
[ info ] [ LOG ] INIT File
[ sql ] [ DB ] CONNECT:[ UseTime:0.001514s ] mysql:dbname=transport;host=127.0.0.1;charset=utf8
[ sql ] [ SQL ] SHOW COLUMNS FROM `tr_banner` [ RunTime:0.017103s ]
[ sql ] [ SQL ] SELECT * FROM `tr_banner` LIMIT 1 [ RunTime:0.000485s ]
[ sql ] [ SQL ] SHOW COLUMNS FROM `tr_user` [ RunTime:0.012260s ]
[ sql ] [ SQL ] SELECT * FROM `tr_user` WHERE  `id` = 0 LIMIT 1 [ RunTime:0.000454s ]
[ sql ] [ SQL ] SHOW COLUMNS FROM `tr_goods` [ RunTime:0.021137s ]
[ sql ] [ SQL ] SELECT COUNT(*) AS tp_count FROM `tr_goods` WHERE  `uptype` = '0' LIMIT 1 [ RunTime:0.000425s ]
[ sql ] [ SQL ] SELECT * FROM `tr_goods` WHERE  `uptype` = '0' ORDER BY id desc LIMIT 0,1 [ RunTime:0.000507s ]
[ sql ] [ SQL ] SHOW COLUMNS FROM `tr_goodskindtype` [ RunTime:0.017342s ]
[ sql ] [ SQL ] SELECT * FROM `tr_goodskindtype` [ RunTime:0.000312s ]
[ sql ] [ SQL ] SHOW COLUMNS FROM `tr_article` [ RunTime:0.013893s ]
[ sql ] [ SQL ] SELECT COUNT(*) AS tp_count FROM `tr_article` WHERE  `statue` = '是' LIMIT 1 [ RunTime:0.000743s ]
[ sql ] [ SQL ] SELECT * FROM `tr_article` WHERE  `statue` = '是' ORDER BY articletime desc LIMIT 0,7 [ RunTime:0.000533s ]
[ sql ] [ SQL ] SHOW COLUMNS FROM `tr_customer` [ RunTime:0.027511s ]
[ sql ] [ SQL ] SELECT * FROM `tr_customer` ORDER BY id desc [ RunTime:0.008058s ]
[ sql ] [ SQL ] SELECT * FROM `tr_banner` LIMIT 1 [ RunTime:0.000469s ]
[ sql ] [ SQL ] SHOW COLUMNS FROM `tr_image` [ RunTime:0.009296s ]
[ sql ] [ SQL ] SELECT * FROM `tr_image` ORDER BY id desc [ RunTime:0.000396s ]
[ sql ] [ SQL ] SHOW COLUMNS FROM `tr_path` [ RunTime:0.020998s ]
[ sql ] [ SQL ] SELECT * FROM `tr_path` WHERE  `check_state` = 2  AND `is_recycle` = 0  AND `is_company` = 1 ORDER BY id desc [ RunTime:0.000464s ]
[ sql ] [ SQL ] SELECT * FROM `tr_goods` WHERE  `check_state` = 2  AND `is_recycle` = 0  AND `uptype` = '0'  AND `add_goods` = 0 ORDER BY is_company desc,id desc [ RunTime:0.000787s ]
---------------------------------------------------------------
[ 2017-11-13T08:21:59+08:00 ] 192.168.18.228 192.168.17.102 GET /transport/public/static/index/images/icon_4.jpg
[ info ] 192.168.18.228/transport/public/static/index/images/icon_4.jpg [运行时间：0.025236s][吞吐率：39.63req/s] [内存消耗：1,409.49kb] [文件加载：40]
[ info ] [ LANG ] E:\WWW\transport\thinkphp\lang\zh-cn.php
[ info ] [ ROUTE ] array (
  'type' => 'module',
  'module' => 
  array (
    0 => 'static',
    1 => 'index',
    2 => 'images',
  ),
)
[ info ] [ HEADER ] array (
  'host' => '192.168.18.228',
  'connection' => 'keep-alive',
  'accept' => 'image/webp,image/*,*/*;q=0.8',
  'user-agent' => 'Mozilla/5.0 (Windows NT 10.0; WOW64) AppleWebKit/537.36 (KHTML, like Gecko) Chrome/49.0.2623.221 Safari/537.36 SE 2.X MetaSr 1.0',
  'referer' => 'http://192.168.18.228/transport/public/static/index/css/style.css',
  'accept-encoding' => 'gzip, deflate, sdch',
  'accept-language' => 'zh-CN,zh;q=0.8',
  'cookie' => 'PHPSESSID=c8g6jrvoaromoa49r03pn42d00',
)
[ info ] [ PARAM ] array (
)
[ info ] [ LOG ] INIT File
---------------------------------------------------------------
[ 2017-11-13T08:21:59+08:00 ] 192.168.18.228 192.168.17.102 GET /transport/public/static/index/images/icon_2.jpg
[ info ] 192.168.18.228/transport/public/static/index/images/icon_2.jpg [运行时间：0.026782s][吞吐率：37.34req/s] [内存消耗：1,409.22kb] [文件加载：40]
[ info ] [ LANG ] E:\WWW\transport\thinkphp\lang\zh-cn.php
[ info ] [ ROUTE ] array (
  'type' => 'module',
  'module' => 
  array (
    0 => 'static',
    1 => 'index',
    2 => 'images',
  ),
)
[ info ] [ HEADER ] array (
  'host' => '192.168.18.228',
  'connection' => 'keep-alive',
  'accept' => 'image/webp,image/*,*/*;q=0.8',
  'user-agent' => 'Mozilla/5.0 (Windows NT 10.0; WOW64) AppleWebKit/537.36 (KHTML, like Gecko) Chrome/49.0.2623.221 Safari/537.36 SE 2.X MetaSr 1.0',
  'referer' => 'http://192.168.18.228/transport/public/static/index/css/style.css',
  'accept-encoding' => 'gzip, deflate, sdch',
  'accept-language' => 'zh-CN,zh;q=0.8',
  'cookie' => 'PHPSESSID=c8g6jrvoaromoa49r03pn42d00',
)
[ info ] [ PARAM ] array (
)
[ info ] [ LOG ] INIT File
---------------------------------------------------------------
[ 2017-11-13T08:21:59+08:00 ] 192.168.18.228 192.168.17.102 GET /transport/public/static/index/images/icon_5.jpg
[ info ] 192.168.18.228/transport/public/static/index/images/icon_5.jpg [运行时间：0.026106s][吞吐率：38.31req/s] [内存消耗：1,409.49kb] [文件加载：40]
[ info ] [ LANG ] E:\WWW\transport\thinkphp\lang\zh-cn.php
[ info ] [ ROUTE ] array (
  'type' => 'module',
  'module' => 
  array (
    0 => 'static',
    1 => 'index',
    2 => 'images',
  ),
)
[ info ] [ HEADER ] array (
  'host' => '192.168.18.228',
  'connection' => 'keep-alive',
  'accept' => 'image/webp,image/*,*/*;q=0.8',
  'user-agent' => 'Mozilla/5.0 (Windows NT 10.0; WOW64) AppleWebKit/537.36 (KHTML, like Gecko) Chrome/49.0.2623.221 Safari/537.36 SE 2.X MetaSr 1.0',
  'referer' => 'http://192.168.18.228/transport/public/static/index/css/style.css',
  'accept-encoding' => 'gzip, deflate, sdch',
  'accept-language' => 'zh-CN,zh;q=0.8',
  'cookie' => 'PHPSESSID=c8g6jrvoaromoa49r03pn42d00',
)
[ info ] [ PARAM ] array (
)
[ info ] [ LOG ] INIT File
---------------------------------------------------------------
[ 2017-11-13T08:21:59+08:00 ] 192.168.18.228 192.168.17.102 GET /transport/public/static/index/images/icon_3.jpg
[ info ] 192.168.18.228/transport/public/static/index/images/icon_3.jpg [运行时间：0.029783s][吞吐率：33.58req/s] [内存消耗：1,409.49kb] [文件加载：40]
[ info ] [ LANG ] E:\WWW\transport\thinkphp\lang\zh-cn.php
[ info ] [ ROUTE ] array (
  'type' => 'module',
  'module' => 
  array (
    0 => 'static',
    1 => 'index',
    2 => 'images',
  ),
)
[ info ] [ HEADER ] array (
  'host' => '192.168.18.228',
  'connection' => 'keep-alive',
  'accept' => 'image/webp,image/*,*/*;q=0.8',
  'user-agent' => 'Mozilla/5.0 (Windows NT 10.0; WOW64) AppleWebKit/537.36 (KHTML, like Gecko) Chrome/49.0.2623.221 Safari/537.36 SE 2.X MetaSr 1.0',
  'referer' => 'http://192.168.18.228/transport/public/static/index/css/style.css',
  'accept-encoding' => 'gzip, deflate, sdch',
  'accept-language' => 'zh-CN,zh;q=0.8',
  'cookie' => 'PHPSESSID=c8g6jrvoaromoa49r03pn42d00',
)
[ info ] [ PARAM ] array (
)
[ info ] [ LOG ] INIT File
---------------------------------------------------------------
[ 2017-11-13T08:21:59+08:00 ] 192.168.18.228 192.168.17.102 GET /transport/public/static/index/fonts/glyphicons-halflings-regular.woff2
[ info ] 192.168.18.228/transport/public/static/index/fonts/glyphicons-halflings-regular.woff2 [运行时间：0.021963s][吞吐率：45.53req/s] [内存消耗：1,409.56kb] [文件加载：40]
[ info ] [ LANG ] E:\WWW\transport\thinkphp\lang\zh-cn.php
[ info ] [ ROUTE ] array (
  'type' => 'module',
  'module' => 
  array (
    0 => 'static',
    1 => 'index',
    2 => 'fonts',
  ),
)
[ info ] [ HEADER ] array (
  'host' => '192.168.18.228',
  'connection' => 'keep-alive',
  'user-agent' => 'Mozilla/5.0 (Windows NT 10.0; WOW64) AppleWebKit/537.36 (KHTML, like Gecko) Chrome/49.0.2623.221 Safari/537.36 SE 2.X MetaSr 1.0',
  'origin' => 'http://192.168.18.228',
  'accept' => '*/*',
  'referer' => 'http://192.168.18.228/transport/public/static/index/css/bootstrap.min.css',
  'accept-encoding' => 'gzip, deflate, sdch',
  'accept-language' => 'zh-CN,zh;q=0.8',
  'cookie' => 'PHPSESSID=c8g6jrvoaromoa49r03pn42d00',
)
[ info ] [ PARAM ] array (
)
[ info ] [ LOG ] INIT File
---------------------------------------------------------------
[ 2017-11-13T08:21:59+08:00 ] 192.168.18.228 192.168.17.102 GET /transport/public/static/index/images/loading.gif
[ info ] 192.168.18.228/transport/public/static/index/images/loading.gif [运行时间：0.022909s][吞吐率：43.65req/s] [内存消耗：1,409.48kb] [文件加载：40]
[ info ] [ LANG ] E:\WWW\transport\thinkphp\lang\zh-cn.php
[ info ] [ ROUTE ] array (
  'type' => 'module',
  'module' => 
  array (
    0 => 'static',
    1 => 'index',
    2 => 'images',
  ),
)
[ info ] [ HEADER ] array (
  'host' => '192.168.18.228',
  'connection' => 'keep-alive',
  'accept' => 'image/webp,image/*,*/*;q=0.8',
  'user-agent' => 'Mozilla/5.0 (Windows NT 10.0; WOW64) AppleWebKit/537.36 (KHTML, like Gecko) Chrome/49.0.2623.221 Safari/537.36 SE 2.X MetaSr 1.0',
  'referer' => 'http://192.168.18.228/transport/public/static/index/css/higo.css',
  'accept-encoding' => 'gzip, deflate, sdch',
  'accept-language' => 'zh-CN,zh;q=0.8',
  'cookie' => 'PHPSESSID=c8g6jrvoaromoa49r03pn42d00',
)
[ info ] [ PARAM ] array (
)
[ info ] [ LOG ] INIT File
---------------------------------------------------------------
[ 2017-11-13T08:22:01+08:00 ] 192.168.18.228 192.168.18.228 GET /transport/public/index.php
[ info ] 192.168.18.228/transport/public/index.php [运行时间：0.162550s][吞吐率：6.15req/s] [内存消耗：3,506.20kb] [文件加载：61]
[ info ] [ LANG ] E:\WWW\transport\thinkphp\lang\zh-cn.php
[ info ] [ ROUTE ] array (
  'type' => 'module',
  'module' => 
  array (
    0 => '',
    1 => NULL,
    2 => NULL,
  ),
)
[ info ] [ HEADER ] array (
  'host' => '192.168.18.228',
  'accept-encoding' => 'compress,gzip',
  'connection' => 'Close',
)
[ info ] [ PARAM ] array (
)
[ info ] [ DB ] INIT mysql
[ info ] [ SESSION ] INIT array (
  'id' => '',
  'var_session_id' => '',
  'prefix' => 'think',
  'type' => '',
  'auto_start' => true,
)
[ info ] [ RUN ] app\index\controller\Index->index[ E:\WWW\transport\application\index\controller\Index.php ]
[ info ] [ VIEW ] E:\WWW\transport\public/../application/index\view\index\index.html [ array (
  0 => 'banner',
  1 => 'username',
  2 => 'user_u',
  3 => 'goodsres',
  4 => 'goods_sort',
  5 => 'news',
  6 => 'customerres',
  7 => 'image',
  8 => 'pathres',
  9 => 'goodsres1',
) ]
[ info ] [ LOG ] INIT File
[ sql ] [ DB ] CONNECT:[ UseTime:0.001010s ] mysql:dbname=transport;host=127.0.0.1;charset=utf8
[ sql ] [ SQL ] SHOW COLUMNS FROM `tr_banner` [ RunTime:0.006166s ]
[ sql ] [ SQL ] SELECT * FROM `tr_banner` LIMIT 1 [ RunTime:0.000497s ]
[ sql ] [ SQL ] SHOW COLUMNS FROM `tr_user` [ RunTime:0.008142s ]
[ sql ] [ SQL ] SELECT * FROM `tr_user` WHERE  `id` = 0 LIMIT 1 [ RunTime:0.000255s ]
[ sql ] [ SQL ] SHOW COLUMNS FROM `tr_goods` [ RunTime:0.007117s ]
[ sql ] [ SQL ] SELECT COUNT(*) AS tp_count FROM `tr_goods` WHERE  `uptype` = '0' LIMIT 1 [ RunTime:0.000352s ]
[ sql ] [ SQL ] SELECT * FROM `tr_goods` WHERE  `uptype` = '0' ORDER BY id desc LIMIT 0,1 [ RunTime:0.000415s ]
[ sql ] [ SQL ] SHOW COLUMNS FROM `tr_goodskindtype` [ RunTime:0.007241s ]
[ sql ] [ SQL ] SELECT * FROM `tr_goodskindtype` [ RunTime:0.000340s ]
[ sql ] [ SQL ] SHOW COLUMNS FROM `tr_article` [ RunTime:0.006800s ]
[ sql ] [ SQL ] SELECT COUNT(*) AS tp_count FROM `tr_article` WHERE  `statue` = '是' LIMIT 1 [ RunTime:0.000235s ]
[ sql ] [ SQL ] SELECT * FROM `tr_article` WHERE  `statue` = '是' ORDER BY articletime desc LIMIT 0,7 [ RunTime:0.000567s ]
[ sql ] [ SQL ] SHOW COLUMNS FROM `tr_customer` [ RunTime:0.007432s ]
[ sql ] [ SQL ] SELECT * FROM `tr_customer` ORDER BY id desc [ RunTime:0.000336s ]
[ sql ] [ SQL ] SELECT * FROM `tr_banner` LIMIT 1 [ RunTime:0.000342s ]
[ sql ] [ SQL ] SHOW COLUMNS FROM `tr_image` [ RunTime:0.006304s ]
[ sql ] [ SQL ] SELECT * FROM `tr_image` ORDER BY id desc [ RunTime:0.000179s ]
[ sql ] [ SQL ] SHOW COLUMNS FROM `tr_path` [ RunTime:0.007534s ]
[ sql ] [ SQL ] SELECT * FROM `tr_path` WHERE  `check_state` = 2  AND `is_recycle` = 0  AND `is_company` = 1 ORDER BY id desc [ RunTime:0.000445s ]
[ sql ] [ SQL ] SELECT * FROM `tr_goods` WHERE  `check_state` = 2  AND `is_recycle` = 0  AND `uptype` = '0'  AND `add_goods` = 0 ORDER BY is_company desc,id desc [ RunTime:0.000661s ]
---------------------------------------------------------------
[ 2017-11-13T08:22:01+08:00 ] 192.168.18.228 192.168.18.228 GET /transport/public/index.php
[ info ] 192.168.18.228/transport/public/index.php [运行时间：0.166565s][吞吐率：6.00req/s] [内存消耗：3,506.20kb] [文件加载：61]
[ info ] [ LANG ] E:\WWW\transport\thinkphp\lang\zh-cn.php
[ info ] [ ROUTE ] array (
  'type' => 'module',
  'module' => 
  array (
    0 => '',
    1 => NULL,
    2 => NULL,
  ),
)
[ info ] [ HEADER ] array (
  'host' => '192.168.18.228',
  'accept-encoding' => 'compress,gzip',
  'connection' => 'Close',
)
[ info ] [ PARAM ] array (
)
[ info ] [ DB ] INIT mysql
[ info ] [ SESSION ] INIT array (
  'id' => '',
  'var_session_id' => '',
  'prefix' => 'think',
  'type' => '',
  'auto_start' => true,
)
[ info ] [ RUN ] app\index\controller\Index->index[ E:\WWW\transport\application\index\controller\Index.php ]
[ info ] [ VIEW ] E:\WWW\transport\public/../application/index\view\index\index.html [ array (
  0 => 'banner',
  1 => 'username',
  2 => 'user_u',
  3 => 'goodsres',
  4 => 'goods_sort',
  5 => 'news',
  6 => 'customerres',
  7 => 'image',
  8 => 'pathres',
  9 => 'goodsres1',
) ]
[ info ] [ LOG ] INIT File
[ sql ] [ DB ] CONNECT:[ UseTime:0.000792s ] mysql:dbname=transport;host=127.0.0.1;charset=utf8
[ sql ] [ SQL ] SHOW COLUMNS FROM `tr_banner` [ RunTime:0.008997s ]
[ sql ] [ SQL ] SELECT * FROM `tr_banner` LIMIT 1 [ RunTime:0.000305s ]
[ sql ] [ SQL ] SHOW COLUMNS FROM `tr_user` [ RunTime:0.006058s ]
[ sql ] [ SQL ] SELECT * FROM `tr_user` WHERE  `id` = 0 LIMIT 1 [ RunTime:0.000421s ]
[ sql ] [ SQL ] SHOW COLUMNS FROM `tr_goods` [ RunTime:0.009788s ]
[ sql ] [ SQL ] SELECT COUNT(*) AS tp_count FROM `tr_goods` WHERE  `uptype` = '0' LIMIT 1 [ RunTime:0.000340s ]
[ sql ] [ SQL ] SELECT * FROM `tr_goods` WHERE  `uptype` = '0' ORDER BY id desc LIMIT 0,1 [ RunTime:0.000384s ]
[ sql ] [ SQL ] SHOW COLUMNS FROM `tr_goodskindtype` [ RunTime:0.007099s ]
[ sql ] [ SQL ] SELECT * FROM `tr_goodskindtype` [ RunTime:0.000254s ]
[ sql ] [ SQL ] SHOW COLUMNS FROM `tr_article` [ RunTime:0.008980s ]
[ sql ] [ SQL ] SELECT COUNT(*) AS tp_count FROM `tr_article` WHERE  `statue` = '是' LIMIT 1 [ RunTime:0.000277s ]
[ sql ] [ SQL ] SELECT * FROM `tr_article` WHERE  `statue` = '是' ORDER BY articletime desc LIMIT 0,7 [ RunTime:0.000505s ]
[ sql ] [ SQL ] SHOW COLUMNS FROM `tr_customer` [ RunTime:0.006927s ]
[ sql ] [ SQL ] SELECT * FROM `tr_customer` ORDER BY id desc [ RunTime:0.000266s ]
[ sql ] [ SQL ] SELECT * FROM `tr_banner` LIMIT 1 [ RunTime:0.000240s ]
[ sql ] [ SQL ] SHOW COLUMNS FROM `tr_image` [ RunTime:0.005371s ]
[ sql ] [ SQL ] SELECT * FROM `tr_image` ORDER BY id desc [ RunTime:0.000225s ]
[ sql ] [ SQL ] SHOW COLUMNS FROM `tr_path` [ RunTime:0.005376s ]
[ sql ] [ SQL ] SELECT * FROM `tr_path` WHERE  `check_state` = 2  AND `is_recycle` = 0  AND `is_company` = 1 ORDER BY id desc [ RunTime:0.000384s ]
[ sql ] [ SQL ] SELECT * FROM `tr_goods` WHERE  `check_state` = 2  AND `is_recycle` = 0  AND `uptype` = '0'  AND `add_goods` = 0 ORDER BY is_company desc,id desc [ RunTime:0.000597s ]
