---------------------------------------------------------------
[ 2017-11-15T10:49:27+08:00 ] 192.168.18.228 192.168.17.102 GET /transport/public/index/index/index.html
[ info ] 192.168.18.228/transport/public/index/index/index.html [运行时间：0.396897s][吞吐率：2.52req/s] [内存消耗：3,506.93kb] [文件加载：61]
[ info ] [ LANG ] E:\WWW\transport\thinkphp\lang\zh-cn.php
[ info ] [ ROUTE ] array (
  'type' => 'module',
  'module' => 
  array (
    0 => 'index',
    1 => 'index',
    2 => 'index',
  ),
)
[ info ] [ HEADER ] array (
  'host' => '192.168.18.228',
  'connection' => 'keep-alive',
  'accept' => 'text/html,application/xhtml+xml,application/xml;q=0.9,image/webp,*/*;q=0.8',
  'upgrade-insecure-requests' => '1',
  'user-agent' => 'Mozilla/5.0 (Windows NT 10.0; WOW64) AppleWebKit/537.36 (KHTML, like Gecko) Chrome/49.0.2623.221 Safari/537.36 SE 2.X MetaSr 1.0',
  'accept-encoding' => 'gzip, deflate, sdch',
  'accept-language' => 'zh-CN,zh;q=0.8',
)
[ info ] [ PARAM ] array (
)
[ info ] [ DB ] INIT mysql
[ info ] [ SESSION ] INIT array (
  'id' => '',
  'var_session_id' => '',
  'prefix' => 'think',
  'type' => '',
  'auto_start' => true,
)
[ info ] [ RUN ] app\index\controller\Index->index[ E:\WWW\transport\application\index\controller\Index.php ]
[ info ] [ VIEW ] E:\WWW\transport\public/../application/index\view\index\index.html [ array (
  0 => 'banner',
  1 => 'username',
  2 => 'user_u',
  3 => 'goodsres',
  4 => 'goods_sort',
  5 => 'news',
  6 => 'customerres',
  7 => 'image',
  8 => 'pathres',
  9 => 'goodsres1',
) ]
[ info ] [ LOG ] INIT File
[ sql ] [ DB ] CONNECT:[ UseTime:0.001595s ] mysql:dbname=transport;host=127.0.0.1;charset=utf8
[ sql ] [ SQL ] SHOW COLUMNS FROM `tr_banner` [ RunTime:0.020360s ]
[ sql ] [ SQL ] SELECT * FROM `tr_banner` LIMIT 1 [ RunTime:0.000734s ]
[ sql ] [ SQL ] SHOW COLUMNS FROM `tr_user` [ RunTime:0.023732s ]
[ sql ] [ SQL ] SELECT * FROM `tr_user` WHERE  `id` = 0 LIMIT 1 [ RunTime:0.000441s ]
[ sql ] [ SQL ] SHOW COLUMNS FROM `tr_goods` [ RunTime:0.015344s ]
[ sql ] [ SQL ] SELECT COUNT(*) AS tp_count FROM `tr_goods` WHERE  `uptype` = '0' LIMIT 1 [ RunTime:0.000610s ]
[ sql ] [ SQL ] SELECT * FROM `tr_goods` WHERE  `uptype` = '0' ORDER BY id desc LIMIT 0,1 [ RunTime:0.000431s ]
[ sql ] [ SQL ] SHOW COLUMNS FROM `tr_goodskindtype` [ RunTime:0.016527s ]
[ sql ] [ SQL ] SELECT * FROM `tr_goodskindtype` [ RunTime:0.000290s ]
[ sql ] [ SQL ] SHOW COLUMNS FROM `tr_article` [ RunTime:0.022727s ]
[ sql ] [ SQL ] SELECT COUNT(*) AS tp_count FROM `tr_article` WHERE  `statue` = '是' LIMIT 1 [ RunTime:0.000800s ]
[ sql ] [ SQL ] SELECT * FROM `tr_article` WHERE  `statue` = '是' ORDER BY articletime desc LIMIT 0,7 [ RunTime:0.000678s ]
[ sql ] [ SQL ] SHOW COLUMNS FROM `tr_customer` [ RunTime:0.026900s ]
[ sql ] [ SQL ] SELECT * FROM `tr_customer` ORDER BY id desc [ RunTime:0.007560s ]
[ sql ] [ SQL ] SELECT * FROM `tr_banner` LIMIT 1 [ RunTime:0.000332s ]
[ sql ] [ SQL ] SHOW COLUMNS FROM `tr_image` [ RunTime:0.009120s ]
[ sql ] [ SQL ] SELECT * FROM `tr_image` ORDER BY id desc [ RunTime:0.000356s ]
[ sql ] [ SQL ] SHOW COLUMNS FROM `tr_path` [ RunTime:0.017388s ]
[ sql ] [ SQL ] SELECT * FROM `tr_path` WHERE  `check_state` = 2  AND `is_recycle` = 0  AND `is_company` = 1 ORDER BY id desc [ RunTime:0.000667s ]
[ sql ] [ SQL ] SELECT * FROM `tr_goods` WHERE  `check_state` = 2  AND `is_recycle` = 0  AND `uptype` = '0'  AND `add_goods` = 0 ORDER BY is_company desc,id desc [ RunTime:0.001030s ]
---------------------------------------------------------------
[ 2017-11-15T10:49:30+08:00 ] 192.168.18.228 192.168.17.102 GET /transport/public/static/index/images/icon_3.jpg
[ info ] 192.168.18.228/transport/public/static/index/images/icon_3.jpg [运行时间：0.035746s][吞吐率：27.98req/s] [内存消耗：1,409.48kb] [文件加载：40]
[ info ] [ LANG ] E:\WWW\transport\thinkphp\lang\zh-cn.php
[ info ] [ ROUTE ] array (
  'type' => 'module',
  'module' => 
  array (
    0 => 'static',
    1 => 'index',
    2 => 'images',
  ),
)
[ info ] [ HEADER ] array (
  'host' => '192.168.18.228',
  'connection' => 'keep-alive',
  'accept' => 'image/webp,image/*,*/*;q=0.8',
  'user-agent' => 'Mozilla/5.0 (Windows NT 10.0; WOW64) AppleWebKit/537.36 (KHTML, like Gecko) Chrome/49.0.2623.221 Safari/537.36 SE 2.X MetaSr 1.0',
  'referer' => 'http://192.168.18.228/transport/public/static/index/css/style.css',
  'accept-encoding' => 'gzip, deflate, sdch',
  'accept-language' => 'zh-CN,zh;q=0.8',
  'cookie' => 'PHPSESSID=hcp127fl1p818r00v368llh2r3',
)
[ info ] [ PARAM ] array (
)
[ info ] [ LOG ] INIT File
---------------------------------------------------------------
[ 2017-11-15T10:49:30+08:00 ] 192.168.18.228 192.168.17.102 GET /transport/public/static/index/images/icon_2.jpg
[ info ] 192.168.18.228/transport/public/static/index/images/icon_2.jpg [运行时间：0.036313s][吞吐率：27.54req/s] [内存消耗：1,409.49kb] [文件加载：40]
[ info ] [ LANG ] E:\WWW\transport\thinkphp\lang\zh-cn.php
[ info ] [ ROUTE ] array (
  'type' => 'module',
  'module' => 
  array (
    0 => 'static',
    1 => 'index',
    2 => 'images',
  ),
)
[ info ] [ HEADER ] array (
  'host' => '192.168.18.228',
  'connection' => 'keep-alive',
  'accept' => 'image/webp,image/*,*/*;q=0.8',
  'user-agent' => 'Mozilla/5.0 (Windows NT 10.0; WOW64) AppleWebKit/537.36 (KHTML, like Gecko) Chrome/49.0.2623.221 Safari/537.36 SE 2.X MetaSr 1.0',
  'referer' => 'http://192.168.18.228/transport/public/static/index/css/style.css',
  'accept-encoding' => 'gzip, deflate, sdch',
  'accept-language' => 'zh-CN,zh;q=0.8',
  'cookie' => 'PHPSESSID=hcp127fl1p818r00v368llh2r3',
)
[ info ] [ PARAM ] array (
)
[ info ] [ LOG ] INIT File
---------------------------------------------------------------
[ 2017-11-15T10:49:30+08:00 ] 192.168.18.228 192.168.17.102 GET /transport/public/static/index/fonts/glyphicons-halflings-regular.woff2
[ info ] 192.168.18.228/transport/public/static/index/fonts/glyphicons-halflings-regular.woff2 [运行时间：0.044267s][吞吐率：22.59req/s] [内存消耗：1,409.79kb] [文件加载：40]
[ info ] [ LANG ] E:\WWW\transport\thinkphp\lang\zh-cn.php
[ info ] [ ROUTE ] array (
  'type' => 'module',
  'module' => 
  array (
    0 => 'static',
    1 => 'index',
    2 => 'fonts',
  ),
)
[ info ] [ HEADER ] array (
  'host' => '192.168.18.228',
  'connection' => 'keep-alive',
  'user-agent' => 'Mozilla/5.0 (Windows NT 10.0; WOW64) AppleWebKit/537.36 (KHTML, like Gecko) Chrome/49.0.2623.221 Safari/537.36 SE 2.X MetaSr 1.0',
  'origin' => 'http://192.168.18.228',
  'accept' => '*/*',
  'referer' => 'http://192.168.18.228/transport/public/static/index/css/bootstrap.min.css',
  'accept-encoding' => 'gzip, deflate, sdch',
  'accept-language' => 'zh-CN,zh;q=0.8',
  'cookie' => 'PHPSESSID=hcp127fl1p818r00v368llh2r3',
)
[ info ] [ PARAM ] array (
)
[ info ] [ LOG ] INIT File
---------------------------------------------------------------
[ 2017-11-15T10:49:30+08:00 ] 192.168.18.228 192.168.17.102 GET /transport/public/static/index/images/icon_4.jpg
[ info ] 192.168.18.228/transport/public/static/index/images/icon_4.jpg [运行时间：0.039697s][吞吐率：25.19req/s] [内存消耗：1,409.49kb] [文件加载：40]
[ info ] [ LANG ] E:\WWW\transport\thinkphp\lang\zh-cn.php
[ info ] [ ROUTE ] array (
  'type' => 'module',
  'module' => 
  array (
    0 => 'static',
    1 => 'index',
    2 => 'images',
  ),
)
[ info ] [ HEADER ] array (
  'host' => '192.168.18.228',
  'connection' => 'keep-alive',
  'accept' => 'image/webp,image/*,*/*;q=0.8',
  'user-agent' => 'Mozilla/5.0 (Windows NT 10.0; WOW64) AppleWebKit/537.36 (KHTML, like Gecko) Chrome/49.0.2623.221 Safari/537.36 SE 2.X MetaSr 1.0',
  'referer' => 'http://192.168.18.228/transport/public/static/index/css/style.css',
  'accept-encoding' => 'gzip, deflate, sdch',
  'accept-language' => 'zh-CN,zh;q=0.8',
  'cookie' => 'PHPSESSID=hcp127fl1p818r00v368llh2r3',
)
[ info ] [ PARAM ] array (
)
[ info ] [ LOG ] INIT File
---------------------------------------------------------------
[ 2017-11-15T10:49:30+08:00 ] 192.168.18.228 192.168.17.102 GET /transport/public/static/index/images/loading.gif
[ info ] 192.168.18.228/transport/public/static/index/images/loading.gif [运行时间：0.024696s][吞吐率：40.49req/s] [内存消耗：1,409.52kb] [文件加载：40]
[ info ] [ LANG ] E:\WWW\transport\thinkphp\lang\zh-cn.php
[ info ] [ ROUTE ] array (
  'type' => 'module',
  'module' => 
  array (
    0 => 'static',
    1 => 'index',
    2 => 'images',
  ),
)
[ info ] [ HEADER ] array (
  'host' => '192.168.18.228',
  'connection' => 'keep-alive',
  'accept' => 'image/webp,image/*,*/*;q=0.8',
  'user-agent' => 'Mozilla/5.0 (Windows NT 10.0; WOW64) AppleWebKit/537.36 (KHTML, like Gecko) Chrome/49.0.2623.221 Safari/537.36 SE 2.X MetaSr 1.0',
  'referer' => 'http://192.168.18.228/transport/public/static/index/css/higo.css',
  'accept-encoding' => 'gzip, deflate, sdch',
  'accept-language' => 'zh-CN,zh;q=0.8',
  'cookie' => 'PHPSESSID=hcp127fl1p818r00v368llh2r3',
)
[ info ] [ PARAM ] array (
)
[ info ] [ LOG ] INIT File
---------------------------------------------------------------
[ 2017-11-15T10:49:30+08:00 ] 192.168.18.228 192.168.17.102 GET /transport/public/static/index/images/icon_5.jpg
[ info ] 192.168.18.228/transport/public/static/index/images/icon_5.jpg [运行时间：0.026564s][吞吐率：37.64req/s] [内存消耗：1,409.49kb] [文件加载：40]
[ info ] [ LANG ] E:\WWW\transport\thinkphp\lang\zh-cn.php
[ info ] [ ROUTE ] array (
  'type' => 'module',
  'module' => 
  array (
    0 => 'static',
    1 => 'index',
    2 => 'images',
  ),
)
[ info ] [ HEADER ] array (
  'host' => '192.168.18.228',
  'connection' => 'keep-alive',
  'accept' => 'image/webp,image/*,*/*;q=0.8',
  'user-agent' => 'Mozilla/5.0 (Windows NT 10.0; WOW64) AppleWebKit/537.36 (KHTML, like Gecko) Chrome/49.0.2623.221 Safari/537.36 SE 2.X MetaSr 1.0',
  'referer' => 'http://192.168.18.228/transport/public/static/index/css/style.css',
  'accept-encoding' => 'gzip, deflate, sdch',
  'accept-language' => 'zh-CN,zh;q=0.8',
  'cookie' => 'PHPSESSID=hcp127fl1p818r00v368llh2r3',
)
[ info ] [ PARAM ] array (
)
[ info ] [ LOG ] INIT File
