---------------------------------------------------------------
[ 2017-11-23T08:55:56+08:00 ] 192.168.18.228 192.168.18.228 GET /transport/public/index/internation/internationmoney.html
[ info ] 192.168.18.228/transport/public/index/internation/internationmoney.html [运行时间：0.100847s][吞吐率：9.92req/s] [内存消耗：2,501.66kb] [文件加载：55]
[ info ] [ LANG ] E:\WWW\transport\thinkphp\lang\zh-cn.php
[ info ] [ ROUTE ] array (
  'type' => 'module',
  'module' => 
  array (
    0 => 'index',
    1 => 'internation',
    2 => 'internationmoney',
  ),
)
[ info ] [ HEADER ] array (
  'host' => '192.168.18.228',
  'connection' => 'keep-alive',
  'user-agent' => 'Mozilla/5.0 (Windows NT 10.0; WOW64) AppleWebKit/537.36 (KHTML, like Gecko) Chrome/61.0.3163.100 Safari/537.36',
  'upgrade-insecure-requests' => '1',
  'accept' => 'text/html,application/xhtml+xml,application/xml;q=0.9,image/webp,image/apng,*/*;q=0.8',
  'accept-encoding' => 'gzip, deflate',
  'accept-language' => 'zh-CN,zh;q=0.8',
  'cookie' => 'Hm_lvt_080836300300be57b7f34f4b3e97d911=1509582894,1509669647,1510047604,1510123521',
)
[ info ] [ PARAM ] array (
)
[ info ] [ DB ] INIT mysql
[ info ] [ SESSION ] INIT array (
  'id' => '',
  'var_session_id' => '',
  'prefix' => 'think',
  'type' => '',
  'auto_start' => true,
)
[ info ] [ RUN ] app\index\controller\Internation->internationmoney[ E:\WWW\transport\application\index\controller\Internation.php ]
[ info ] [ VIEW ] E:\WWW\transport\public/../application/index\view\internation\internationmoney.html [ array (
  0 => 'banner',
  1 => 'username',
  2 => 'user_u',
) ]
[ info ] [ LOG ] INIT File
[ sql ] [ DB ] CONNECT:[ UseTime:0.002739s ] mysql:dbname=transport;host=127.0.0.1;charset=utf8
[ sql ] [ SQL ] SHOW COLUMNS FROM `tr_banner` [ RunTime:0.035240s ]
[ sql ] [ SQL ] SELECT * FROM `tr_banner` LIMIT 1 [ RunTime:0.000617s ]
[ sql ] [ SQL ] SHOW COLUMNS FROM `tr_user` [ RunTime:0.016494s ]
[ sql ] [ SQL ] SELECT * FROM `tr_user` WHERE  `id` = 0 LIMIT 1 [ RunTime:0.000565s ]
---------------------------------------------------------------
[ 2017-11-23T08:55:56+08:00 ] 192.168.18.228 192.168.18.228 GET /transport/public/static/index/js/city-picker.data.js
[ info ] 192.168.18.228/transport/public/static/index/js/city-picker.data.js [运行时间：0.051871s][吞吐率：19.28req/s] [内存消耗：1,409.38kb] [文件加载：40]
[ info ] [ LANG ] E:\WWW\transport\thinkphp\lang\zh-cn.php
[ info ] [ ROUTE ] array (
  'type' => 'module',
  'module' => 
  array (
    0 => 'static',
    1 => 'index',
    2 => 'js',
  ),
)
[ info ] [ HEADER ] array (
  'host' => '192.168.18.228',
  'connection' => 'keep-alive',
  'user-agent' => 'Mozilla/5.0 (Windows NT 10.0; WOW64) AppleWebKit/537.36 (KHTML, like Gecko) Chrome/61.0.3163.100 Safari/537.36',
  'accept' => '*/*',
  'referer' => 'http://192.168.18.228/transport/public/index/internation/internationmoney.html',
  'accept-encoding' => 'gzip, deflate',
  'accept-language' => 'zh-CN,zh;q=0.8',
  'cookie' => 'Hm_lvt_080836300300be57b7f34f4b3e97d911=1509582894,1509669647,1510047604,1510123521; PHPSESSID=2nr6prpd1mohu75roaei6fh4s6',
)
[ info ] [ PARAM ] array (
)
[ info ] [ LOG ] INIT File
---------------------------------------------------------------
[ 2017-11-23T08:55:56+08:00 ] 192.168.18.228 192.168.18.228 GET /transport/public/static/index/js/city-picker.js
[ info ] 192.168.18.228/transport/public/static/index/js/city-picker.js [运行时间：0.023452s][吞吐率：42.64req/s] [内存消耗：1,409.56kb] [文件加载：40]
[ info ] [ LANG ] E:\WWW\transport\thinkphp\lang\zh-cn.php
[ info ] [ ROUTE ] array (
  'type' => 'module',
  'module' => 
  array (
    0 => 'static',
    1 => 'index',
    2 => 'js',
  ),
)
[ info ] [ HEADER ] array (
  'host' => '192.168.18.228',
  'connection' => 'keep-alive',
  'user-agent' => 'Mozilla/5.0 (Windows NT 10.0; WOW64) AppleWebKit/537.36 (KHTML, like Gecko) Chrome/61.0.3163.100 Safari/537.36',
  'accept' => '*/*',
  'referer' => 'http://192.168.18.228/transport/public/index/internation/internationmoney.html',
  'accept-encoding' => 'gzip, deflate',
  'accept-language' => 'zh-CN,zh;q=0.8',
  'cookie' => 'Hm_lvt_080836300300be57b7f34f4b3e97d911=1509582894,1509669647,1510047604,1510123521; PHPSESSID=2nr6prpd1mohu75roaei6fh4s6',
)
[ info ] [ PARAM ] array (
)
[ info ] [ LOG ] INIT File
---------------------------------------------------------------
[ 2017-11-23T08:55:56+08:00 ] 192.168.18.228 192.168.18.228 GET /transport/public/static/index/fonts/glyphicons-halflings-regular.woff2
[ info ] 192.168.18.228/transport/public/static/index/fonts/glyphicons-halflings-regular.woff2 [运行时间：0.042078s][吞吐率：23.77req/s] [内存消耗：1,409.93kb] [文件加载：40]
[ info ] [ LANG ] E:\WWW\transport\thinkphp\lang\zh-cn.php
[ info ] [ ROUTE ] array (
  'type' => 'module',
  'module' => 
  array (
    0 => 'static',
    1 => 'index',
    2 => 'fonts',
  ),
)
[ info ] [ HEADER ] array (
  'host' => '192.168.18.228',
  'connection' => 'keep-alive',
  'origin' => 'http://192.168.18.228',
  'user-agent' => 'Mozilla/5.0 (Windows NT 10.0; WOW64) AppleWebKit/537.36 (KHTML, like Gecko) Chrome/61.0.3163.100 Safari/537.36',
  'accept' => '*/*',
  'referer' => 'http://192.168.18.228/transport/public/static/index/css/bootstrap.min.css',
  'accept-encoding' => 'gzip, deflate',
  'accept-language' => 'zh-CN,zh;q=0.8',
  'cookie' => 'Hm_lvt_080836300300be57b7f34f4b3e97d911=1509582894,1509669647,1510047604,1510123521; PHPSESSID=2nr6prpd1mohu75roaei6fh4s6',
)
[ info ] [ PARAM ] array (
)
[ info ] [ LOG ] INIT File
---------------------------------------------------------------
[ 2017-11-23T08:55:56+08:00 ] 192.168.18.228 192.168.18.228 GET /transport/public/index/internation/js/bootstrap.min.js
[ info ] 192.168.18.228/transport/public/index/internation/js/bootstrap.min.js [运行时间：0.090323s][吞吐率：11.07req/s] [内存消耗：2,457.20kb] [文件加载：56]
[ info ] [ LANG ] E:\WWW\transport\thinkphp\lang\zh-cn.php
[ info ] [ ROUTE ] array (
  'type' => 'module',
  'module' => 
  array (
    0 => 'index',
    1 => 'internation',
    2 => 'js',
  ),
)
[ info ] [ HEADER ] array (
  'host' => '192.168.18.228',
  'connection' => 'keep-alive',
  'user-agent' => 'Mozilla/5.0 (Windows NT 10.0; WOW64) AppleWebKit/537.36 (KHTML, like Gecko) Chrome/61.0.3163.100 Safari/537.36',
  'accept' => '*/*',
  'referer' => 'http://192.168.18.228/transport/public/index/internation/internationmoney.html',
  'accept-encoding' => 'gzip, deflate',
  'accept-language' => 'zh-CN,zh;q=0.8',
  'cookie' => 'Hm_lvt_080836300300be57b7f34f4b3e97d911=1509582894,1509669647,1510047604,1510123521; PHPSESSID=2nr6prpd1mohu75roaei6fh4s6',
)
[ info ] [ PARAM ] array (
)
[ info ] [ DB ] INIT mysql
[ info ] [ SESSION ] INIT array (
  'id' => '',
  'var_session_id' => '',
  'prefix' => 'think',
  'type' => '',
  'auto_start' => true,
)
[ info ] [ LOG ] INIT File
[ sql ] [ DB ] CONNECT:[ UseTime:0.002255s ] mysql:dbname=transport;host=127.0.0.1;charset=utf8
[ sql ] [ SQL ] SHOW COLUMNS FROM `tr_banner` [ RunTime:0.024998s ]
[ sql ] [ SQL ] SELECT * FROM `tr_banner` LIMIT 1 [ RunTime:0.000454s ]
[ sql ] [ SQL ] SHOW COLUMNS FROM `tr_user` [ RunTime:0.023727s ]
[ sql ] [ SQL ] SELECT * FROM `tr_user` WHERE  `id` = 0 LIMIT 1 [ RunTime:0.000664s ]
---------------------------------------------------------------
[ 2017-11-23T08:55:56+08:00 ] 192.168.18.228 192.168.18.228 GET /transport/public/index/internation/js/jssor.slider.mini.js
[ info ] 192.168.18.228/transport/public/index/internation/js/jssor.slider.mini.js [运行时间：0.105703s][吞吐率：9.46req/s] [内存消耗：2,457.29kb] [文件加载：56]
[ info ] [ LANG ] E:\WWW\transport\thinkphp\lang\zh-cn.php
[ info ] [ ROUTE ] array (
  'type' => 'module',
  'module' => 
  array (
    0 => 'index',
    1 => 'internation',
    2 => 'js',
  ),
)
[ info ] [ HEADER ] array (
  'host' => '192.168.18.228',
  'connection' => 'keep-alive',
  'user-agent' => 'Mozilla/5.0 (Windows NT 10.0; WOW64) AppleWebKit/537.36 (KHTML, like Gecko) Chrome/61.0.3163.100 Safari/537.36',
  'accept' => '*/*',
  'referer' => 'http://192.168.18.228/transport/public/index/internation/internationmoney.html',
  'accept-encoding' => 'gzip, deflate',
  'accept-language' => 'zh-CN,zh;q=0.8',
  'cookie' => 'Hm_lvt_080836300300be57b7f34f4b3e97d911=1509582894,1509669647,1510047604,1510123521; PHPSESSID=2nr6prpd1mohu75roaei6fh4s6',
)
[ info ] [ PARAM ] array (
)
[ info ] [ DB ] INIT mysql
[ info ] [ SESSION ] INIT array (
  'id' => '',
  'var_session_id' => '',
  'prefix' => 'think',
  'type' => '',
  'auto_start' => true,
)
[ info ] [ LOG ] INIT File
[ sql ] [ DB ] CONNECT:[ UseTime:0.018861s ] mysql:dbname=transport;host=127.0.0.1;charset=utf8
[ sql ] [ SQL ] SHOW COLUMNS FROM `tr_banner` [ RunTime:0.011556s ]
[ sql ] [ SQL ] SELECT * FROM `tr_banner` LIMIT 1 [ RunTime:0.000412s ]
[ sql ] [ SQL ] SHOW COLUMNS FROM `tr_user` [ RunTime:0.009727s ]
[ sql ] [ SQL ] SELECT * FROM `tr_user` WHERE  `id` = 0 LIMIT 1 [ RunTime:0.000508s ]
---------------------------------------------------------------
[ 2017-11-23T08:55:56+08:00 ] 192.168.18.228 192.168.18.228 GET /transport/public/static/index/images/zy1_05.png
[ info ] 192.168.18.228/transport/public/static/index/images/zy1_05.png [运行时间：0.023393s][吞吐率：42.75req/s] [内存消耗：1,409.74kb] [文件加载：40]
[ info ] [ LANG ] E:\WWW\transport\thinkphp\lang\zh-cn.php
[ info ] [ ROUTE ] array (
  'type' => 'module',
  'module' => 
  array (
    0 => 'static',
    1 => 'index',
    2 => 'images',
  ),
)
[ info ] [ HEADER ] array (
  'host' => '192.168.18.228',
  'connection' => 'keep-alive',
  'user-agent' => 'Mozilla/5.0 (Windows NT 10.0; WOW64) AppleWebKit/537.36 (KHTML, like Gecko) Chrome/61.0.3163.100 Safari/537.36',
  'accept' => 'image/webp,image/apng,image/*,*/*;q=0.8',
  'referer' => 'http://192.168.18.228/transport/public/static/index/css/zym.css',
  'accept-encoding' => 'gzip, deflate',
  'accept-language' => 'zh-CN,zh;q=0.8',
  'cookie' => 'Hm_lvt_080836300300be57b7f34f4b3e97d911=1509582894,1509669647,1510047604,1510123521; PHPSESSID=2nr6prpd1mohu75roaei6fh4s6',
)
[ info ] [ PARAM ] array (
)
[ info ] [ LOG ] INIT File
---------------------------------------------------------------
[ 2017-11-23T08:55:56+08:00 ] 192.168.18.228 192.168.18.228 GET /transport/public/static/index/js/city-picker.data.js
[ info ] 192.168.18.228/transport/public/static/index/js/city-picker.data.js [运行时间：0.023705s][吞吐率：42.19req/s] [内存消耗：1,409.64kb] [文件加载：40]
[ info ] [ LANG ] E:\WWW\transport\thinkphp\lang\zh-cn.php
[ info ] [ ROUTE ] array (
  'type' => 'module',
  'module' => 
  array (
    0 => 'static',
    1 => 'index',
    2 => 'js',
  ),
)
[ info ] [ HEADER ] array (
  'host' => '192.168.18.228',
  'connection' => 'keep-alive',
  'user-agent' => 'Mozilla/5.0 (Windows NT 10.0; WOW64) AppleWebKit/537.36 (KHTML, like Gecko) Chrome/61.0.3163.100 Safari/537.36',
  'accept' => '*/*',
  'referer' => 'http://192.168.18.228/transport/public/index/internation/internationmoney.html',
  'accept-encoding' => 'gzip, deflate',
  'accept-language' => 'zh-CN,zh;q=0.8',
  'cookie' => 'Hm_lvt_080836300300be57b7f34f4b3e97d911=1509582894,1509669647,1510047604,1510123521; PHPSESSID=2nr6prpd1mohu75roaei6fh4s6',
)
[ info ] [ PARAM ] array (
)
[ info ] [ LOG ] INIT File
---------------------------------------------------------------
[ 2017-11-23T08:55:56+08:00 ] 192.168.18.228 192.168.18.228 GET /transport/public/static/index/js/city-picker.js
[ info ] 192.168.18.228/transport/public/static/index/js/city-picker.js [运行时间：0.025754s][吞吐率：38.83req/s] [内存消耗：1,409.61kb] [文件加载：40]
[ info ] [ LANG ] E:\WWW\transport\thinkphp\lang\zh-cn.php
[ info ] [ ROUTE ] array (
  'type' => 'module',
  'module' => 
  array (
    0 => 'static',
    1 => 'index',
    2 => 'js',
  ),
)
[ info ] [ HEADER ] array (
  'host' => '192.168.18.228',
  'connection' => 'keep-alive',
  'user-agent' => 'Mozilla/5.0 (Windows NT 10.0; WOW64) AppleWebKit/537.36 (KHTML, like Gecko) Chrome/61.0.3163.100 Safari/537.36',
  'accept' => '*/*',
  'referer' => 'http://192.168.18.228/transport/public/index/internation/internationmoney.html',
  'accept-encoding' => 'gzip, deflate',
  'accept-language' => 'zh-CN,zh;q=0.8',
  'cookie' => 'Hm_lvt_080836300300be57b7f34f4b3e97d911=1509582894,1509669647,1510047604,1510123521; PHPSESSID=2nr6prpd1mohu75roaei6fh4s6',
)
[ info ] [ PARAM ] array (
)
[ info ] [ LOG ] INIT File
---------------------------------------------------------------
[ 2017-11-23T08:55:57+08:00 ] 192.168.18.228 192.168.18.228 GET /transport/public/index.php
[ info ] 192.168.18.228/transport/public/index.php [运行时间：0.668122s][吞吐率：1.50req/s] [内存消耗：3,486.39kb] [文件加载：61]
[ info ] [ LANG ] E:\WWW\transport\thinkphp\lang\zh-cn.php
[ info ] [ ROUTE ] array (
  'type' => 'module',
  'module' => 
  array (
    0 => '',
    1 => NULL,
    2 => NULL,
  ),
)
[ info ] [ HEADER ] array (
  'host' => '192.168.18.228',
  'accept-encoding' => 'compress,gzip',
  'connection' => 'Close',
)
[ info ] [ PARAM ] array (
)
[ info ] [ DB ] INIT mysql
[ info ] [ SESSION ] INIT array (
  'id' => '',
  'var_session_id' => '',
  'prefix' => 'think',
  'type' => '',
  'auto_start' => true,
)
[ info ] [ RUN ] app\index\controller\Index->index[ E:\WWW\transport\application\index\controller\Index.php ]
[ info ] [ VIEW ] E:\WWW\transport\public/../application/index\view\index\index.html [ array (
  0 => 'banner',
  1 => 'username',
  2 => 'user_u',
  3 => 'goods_sort',
  4 => 'news',
  5 => 'customerres',
  6 => 'image',
  7 => 'pathres',
  8 => 'goodsres1',
) ]
[ info ] [ LOG ] INIT File
[ sql ] [ DB ] CONNECT:[ UseTime:0.002829s ] mysql:dbname=transport;host=127.0.0.1;charset=utf8
[ sql ] [ SQL ] SHOW COLUMNS FROM `tr_banner` [ RunTime:0.007278s ]
[ sql ] [ SQL ] SELECT * FROM `tr_banner` LIMIT 1 [ RunTime:0.000722s ]
[ sql ] [ SQL ] SHOW COLUMNS FROM `tr_user` [ RunTime:0.010568s ]
[ sql ] [ SQL ] SELECT * FROM `tr_user` WHERE  `id` = 0 LIMIT 1 [ RunTime:0.000438s ]
[ sql ] [ SQL ] SHOW COLUMNS FROM `tr_goodskindtype` [ RunTime:0.055936s ]
[ sql ] [ SQL ] SELECT * FROM `tr_goodskindtype` [ RunTime:0.001542s ]
[ sql ] [ SQL ] SHOW COLUMNS FROM `tr_article` [ RunTime:0.066537s ]
[ sql ] [ SQL ] SELECT COUNT(*) AS tp_count FROM `tr_article` WHERE  `statue` = '是' LIMIT 1 [ RunTime:0.001043s ]
[ sql ] [ SQL ] SELECT * FROM `tr_article` WHERE  `statue` = '是' ORDER BY articletime desc LIMIT 0,7 [ RunTime:0.004728s ]
[ sql ] [ SQL ] SHOW COLUMNS FROM `tr_customer` [ RunTime:0.259155s ]
[ sql ] [ SQL ] SELECT * FROM `tr_customer` ORDER BY id desc [ RunTime:0.007411s ]
[ sql ] [ SQL ] SELECT * FROM `tr_banner` LIMIT 1 [ RunTime:0.000621s ]
[ sql ] [ SQL ] SHOW COLUMNS FROM `tr_image` [ RunTime:0.017267s ]
[ sql ] [ SQL ] SELECT * FROM `tr_image` ORDER BY id desc [ RunTime:0.000478s ]
[ sql ] [ SQL ] SHOW COLUMNS FROM `tr_path` [ RunTime:0.025039s ]
[ sql ] [ SQL ] SELECT * FROM `tr_path` WHERE  `check_state` = 2  AND `is_recycle` = 0  AND `is_company` = 1 ORDER BY id desc [ RunTime:0.000947s ]
[ sql ] [ SQL ] SHOW COLUMNS FROM `tr_goods` [ RunTime:0.012425s ]
[ sql ] [ SQL ] SELECT * FROM `tr_goods` WHERE  `check_state` = 2  AND `is_recycle` = 0  AND `uptype` = '0'  AND `add_goods` = 0 ORDER BY is_company desc,id desc [ RunTime:0.001235s ]
---------------------------------------------------------------
[ 2017-11-23T08:55:57+08:00 ] 192.168.18.228 192.168.18.228 GET /transport/public/index.php
[ info ] 192.168.18.228/transport/public/index.php [运行时间：0.658490s][吞吐率：1.52req/s] [内存消耗：3,486.39kb] [文件加载：61]
[ info ] [ LANG ] E:\WWW\transport\thinkphp\lang\zh-cn.php
[ info ] [ ROUTE ] array (
  'type' => 'module',
  'module' => 
  array (
    0 => '',
    1 => NULL,
    2 => NULL,
  ),
)
[ info ] [ HEADER ] array (
  'host' => '192.168.18.228',
  'accept-encoding' => 'compress,gzip',
  'connection' => 'Close',
)
[ info ] [ PARAM ] array (
)
[ info ] [ DB ] INIT mysql
[ info ] [ SESSION ] INIT array (
  'id' => '',
  'var_session_id' => '',
  'prefix' => 'think',
  'type' => '',
  'auto_start' => true,
)
[ info ] [ RUN ] app\index\controller\Index->index[ E:\WWW\transport\application\index\controller\Index.php ]
[ info ] [ VIEW ] E:\WWW\transport\public/../application/index\view\index\index.html [ array (
  0 => 'banner',
  1 => 'username',
  2 => 'user_u',
  3 => 'goods_sort',
  4 => 'news',
  5 => 'customerres',
  6 => 'image',
  7 => 'pathres',
  8 => 'goodsres1',
) ]
[ info ] [ LOG ] INIT File
[ sql ] [ DB ] CONNECT:[ UseTime:0.011722s ] mysql:dbname=transport;host=127.0.0.1;charset=utf8
[ sql ] [ SQL ] SHOW COLUMNS FROM `tr_banner` [ RunTime:0.011553s ]
[ sql ] [ SQL ] SELECT * FROM `tr_banner` LIMIT 1 [ RunTime:0.000437s ]
[ sql ] [ SQL ] SHOW COLUMNS FROM `tr_user` [ RunTime:0.008446s ]
[ sql ] [ SQL ] SELECT * FROM `tr_user` WHERE  `id` = 0 LIMIT 1 [ RunTime:0.000374s ]
[ sql ] [ SQL ] SHOW COLUMNS FROM `tr_goodskindtype` [ RunTime:0.059920s ]
[ sql ] [ SQL ] SELECT * FROM `tr_goodskindtype` [ RunTime:0.001333s ]
[ sql ] [ SQL ] SHOW COLUMNS FROM `tr_article` [ RunTime:0.065981s ]
[ sql ] [ SQL ] SELECT COUNT(*) AS tp_count FROM `tr_article` WHERE  `statue` = '是' LIMIT 1 [ RunTime:0.001507s ]
[ sql ] [ SQL ] SELECT * FROM `tr_article` WHERE  `statue` = '是' ORDER BY articletime desc LIMIT 0,7 [ RunTime:0.003792s ]
[ sql ] [ SQL ] SHOW COLUMNS FROM `tr_customer` [ RunTime:0.259164s ]
[ sql ] [ SQL ] SELECT * FROM `tr_customer` ORDER BY id desc [ RunTime:0.007871s ]
[ sql ] [ SQL ] SELECT * FROM `tr_banner` LIMIT 1 [ RunTime:0.000430s ]
[ sql ] [ SQL ] SHOW COLUMNS FROM `tr_image` [ RunTime:0.017347s ]
[ sql ] [ SQL ] SELECT * FROM `tr_image` ORDER BY id desc [ RunTime:0.000591s ]
[ sql ] [ SQL ] SHOW COLUMNS FROM `tr_path` [ RunTime:0.025108s ]
[ sql ] [ SQL ] SELECT * FROM `tr_path` WHERE  `check_state` = 2  AND `is_recycle` = 0  AND `is_company` = 1 ORDER BY id desc [ RunTime:0.000874s ]
[ sql ] [ SQL ] SHOW COLUMNS FROM `tr_goods` [ RunTime:0.012688s ]
[ sql ] [ SQL ] SELECT * FROM `tr_goods` WHERE  `check_state` = 2  AND `is_recycle` = 0  AND `uptype` = '0'  AND `add_goods` = 0 ORDER BY is_company desc,id desc [ RunTime:0.001141s ]
---------------------------------------------------------------
[ 2017-11-23T08:55:57+08:00 ] 192.168.18.228 192.168.18.228 GET /transport/public/index.php
[ info ] 192.168.18.228/transport/public/index.php [运行时间：0.679666s][吞吐率：1.47req/s] [内存消耗：3,486.39kb] [文件加载：61]
[ info ] [ LANG ] E:\WWW\transport\thinkphp\lang\zh-cn.php
[ info ] [ ROUTE ] array (
  'type' => 'module',
  'module' => 
  array (
    0 => '',
    1 => NULL,
    2 => NULL,
  ),
)
[ info ] [ HEADER ] array (
  'host' => '192.168.18.228',
  'accept-encoding' => 'compress,gzip',
  'connection' => 'Close',
)
[ info ] [ PARAM ] array (
)
[ info ] [ DB ] INIT mysql
[ info ] [ SESSION ] INIT array (
  'id' => '',
  'var_session_id' => '',
  'prefix' => 'think',
  'type' => '',
  'auto_start' => true,
)
[ info ] [ RUN ] app\index\controller\Index->index[ E:\WWW\transport\application\index\controller\Index.php ]
[ info ] [ VIEW ] E:\WWW\transport\public/../application/index\view\index\index.html [ array (
  0 => 'banner',
  1 => 'username',
  2 => 'user_u',
  3 => 'goods_sort',
  4 => 'news',
  5 => 'customerres',
  6 => 'image',
  7 => 'pathres',
  8 => 'goodsres1',
) ]
[ info ] [ LOG ] INIT File
[ sql ] [ DB ] CONNECT:[ UseTime:0.011436s ] mysql:dbname=transport;host=127.0.0.1;charset=utf8
[ sql ] [ SQL ] SHOW COLUMNS FROM `tr_banner` [ RunTime:0.010966s ]
[ sql ] [ SQL ] SELECT * FROM `tr_banner` LIMIT 1 [ RunTime:0.000665s ]
[ sql ] [ SQL ] SHOW COLUMNS FROM `tr_user` [ RunTime:0.008197s ]
[ sql ] [ SQL ] SELECT * FROM `tr_user` WHERE  `id` = 0 LIMIT 1 [ RunTime:0.000559s ]
[ sql ] [ SQL ] SHOW COLUMNS FROM `tr_goodskindtype` [ RunTime:0.058842s ]
[ sql ] [ SQL ] SELECT * FROM `tr_goodskindtype` [ RunTime:0.001414s ]
[ sql ] [ SQL ] SHOW COLUMNS FROM `tr_article` [ RunTime:0.064627s ]
[ sql ] [ SQL ] SELECT COUNT(*) AS tp_count FROM `tr_article` WHERE  `statue` = '是' LIMIT 1 [ RunTime:0.001115s ]
[ sql ] [ SQL ] SELECT * FROM `tr_article` WHERE  `statue` = '是' ORDER BY articletime desc LIMIT 0,7 [ RunTime:0.004843s ]
[ sql ] [ SQL ] SHOW COLUMNS FROM `tr_customer` [ RunTime:0.258772s ]
[ sql ] [ SQL ] SELECT * FROM `tr_customer` ORDER BY id desc [ RunTime:0.007328s ]
[ sql ] [ SQL ] SELECT * FROM `tr_banner` LIMIT 1 [ RunTime:0.000673s ]
[ sql ] [ SQL ] SHOW COLUMNS FROM `tr_image` [ RunTime:0.016995s ]
[ sql ] [ SQL ] SELECT * FROM `tr_image` ORDER BY id desc [ RunTime:0.000563s ]
[ sql ] [ SQL ] SHOW COLUMNS FROM `tr_path` [ RunTime:0.024952s ]
[ sql ] [ SQL ] SELECT * FROM `tr_path` WHERE  `check_state` = 2  AND `is_recycle` = 0  AND `is_company` = 1 ORDER BY id desc [ RunTime:0.001012s ]
[ sql ] [ SQL ] SHOW COLUMNS FROM `tr_goods` [ RunTime:0.012539s ]
[ sql ] [ SQL ] SELECT * FROM `tr_goods` WHERE  `check_state` = 2  AND `is_recycle` = 0  AND `uptype` = '0'  AND `add_goods` = 0 ORDER BY is_company desc,id desc [ RunTime:0.001039s ]
---------------------------------------------------------------
[ 2017-11-23T08:55:57+08:00 ] 192.168.18.228 192.168.18.228 GET /transport/public/index/path/path.html
[ info ] 192.168.18.228/transport/public/index/path/path.html [运行时间：0.126207s][吞吐率：7.92req/s] [内存消耗：3,165.59kb] [文件加载：62]
[ info ] [ LANG ] E:\WWW\transport\thinkphp\lang\zh-cn.php
[ info ] [ ROUTE ] array (
  'type' => 'module',
  'module' => 
  array (
    0 => 'index',
    1 => 'path',
    2 => 'path',
  ),
)
[ info ] [ HEADER ] array (
  'host' => '192.168.18.228',
  'connection' => 'keep-alive',
  'upgrade-insecure-requests' => '1',
  'user-agent' => 'Mozilla/5.0 (Windows NT 10.0; WOW64) AppleWebKit/537.36 (KHTML, like Gecko) Chrome/61.0.3163.100 Safari/537.36',
  'accept' => 'text/html,application/xhtml+xml,application/xml;q=0.9,image/webp,image/apng,*/*;q=0.8',
  'referer' => 'http://192.168.18.228/transport/public/index/internation/internationmoney.html',
  'accept-encoding' => 'gzip, deflate',
  'accept-language' => 'zh-CN,zh;q=0.8',
  'cookie' => 'Hm_lvt_080836300300be57b7f34f4b3e97d911=1509582894,1509669647,1510047604,1510123521; PHPSESSID=2nr6prpd1mohu75roaei6fh4s6',
)
[ info ] [ PARAM ] array (
)
[ info ] [ DB ] INIT mysql
[ info ] [ SESSION ] INIT array (
  'id' => '',
  'var_session_id' => '',
  'prefix' => 'think',
  'type' => '',
  'auto_start' => true,
)
[ info ] [ RUN ] app\index\controller\Path->path[ E:\WWW\transport\application\index\controller\Path.php ]
[ info ] [ VIEW ] E:\WWW\transport\public/../application/index\view\path\path.html [ array (
  0 => 'banner',
  1 => 'username',
  2 => 'user_u',
  3 => 'startsite',
  4 => 'endsite',
  5 => 'time',
  6 => 'is_company',
  7 => 'pathres',
  8 => 'current_page',
  9 => 'total_meg',
  10 => 'totalpage',
  11 => 'user',
  12 => 'goodsres',
) ]
[ info ] [ LOG ] INIT File
[ sql ] [ DB ] CONNECT:[ UseTime:0.001875s ] mysql:dbname=transport;host=127.0.0.1;charset=utf8
[ sql ] [ SQL ] SHOW COLUMNS FROM `tr_banner` [ RunTime:0.005904s ]
[ sql ] [ SQL ] SELECT * FROM `tr_banner` LIMIT 1 [ RunTime:0.000635s ]
[ sql ] [ SQL ] SHOW COLUMNS FROM `tr_user` [ RunTime:0.006459s ]
[ sql ] [ SQL ] SELECT * FROM `tr_user` WHERE  `id` = 0 LIMIT 1 [ RunTime:0.000800s ]
[ sql ] [ SQL ] SHOW COLUMNS FROM `tr_path` [ RunTime:0.005564s ]
[ sql ] [ SQL ] SELECT COUNT(*) AS tp_count FROM `tr_path` WHERE  `is_recycle` = 0  AND `check_state` = 2 LIMIT 1 [ RunTime:0.000549s ]
[ sql ] [ SQL ] SELECT * FROM `tr_path` WHERE  `is_recycle` = 0  AND `check_state` = 2 ORDER BY is_company desc,id desc LIMIT 0,10 [ RunTime:0.000733s ]
[ sql ] [ SQL ] SELECT * FROM `tr_user` WHERE  `id` = 0 [ RunTime:0.001260s ]
[ sql ] [ SQL ] SHOW COLUMNS FROM `tr_goods` [ RunTime:0.005908s ]
[ sql ] [ SQL ] SELECT COUNT(*) AS tp_count FROM `tr_goods` WHERE  `uid` = '='  AND `uptype` = '0'  AND `is_recycle` = 0 LIMIT 1 [ RunTime:0.000501s ]
[ sql ] [ SQL ] SELECT * FROM `tr_goods` WHERE  `uid` = '='  AND `uptype` = '0'  AND `is_recycle` = 0 ORDER BY id desc LIMIT 0,2 [ RunTime:0.000742s ]
---------------------------------------------------------------
[ 2017-11-23T08:55:58+08:00 ] 192.168.18.228 192.168.18.228 GET /transport/public/static/index/fonts/glyphicons-halflings-regular.woff2
[ info ] 192.168.18.228/transport/public/static/index/fonts/glyphicons-halflings-regular.woff2 [运行时间：0.020910s][吞吐率：47.82req/s] [内存消耗：1,409.99kb] [文件加载：40]
[ info ] [ LANG ] E:\WWW\transport\thinkphp\lang\zh-cn.php
[ info ] [ ROUTE ] array (
  'type' => 'module',
  'module' => 
  array (
    0 => 'static',
    1 => 'index',
    2 => 'fonts',
  ),
)
[ info ] [ HEADER ] array (
  'host' => '192.168.18.228',
  'connection' => 'keep-alive',
  'origin' => 'http://192.168.18.228',
  'user-agent' => 'Mozilla/5.0 (Windows NT 10.0; WOW64) AppleWebKit/537.36 (KHTML, like Gecko) Chrome/61.0.3163.100 Safari/537.36',
  'accept' => '*/*',
  'referer' => 'http://192.168.18.228/transport/public/static/index/css/bootstrap.min.css',
  'accept-encoding' => 'gzip, deflate',
  'accept-language' => 'zh-CN,zh;q=0.8',
  'cookie' => 'Hm_lvt_080836300300be57b7f34f4b3e97d911=1509582894,1509669647,1510047604,1510123521; PHPSESSID=2nr6prpd1mohu75roaei6fh4s6',
)
[ info ] [ PARAM ] array (
)
[ info ] [ LOG ] INIT File
---------------------------------------------------------------
[ 2017-11-23T08:56:01+08:00 ] 192.168.18.228 192.168.18.228 GET /transport/public/index/path/path.html?startsite=&endsite=&is_company=%E4%B8%8D%E9%99%90&time=&page=2
[ info ] 192.168.18.228/transport/public/index/path/path.html?startsite=&endsite=&is_company=%E4%B8%8D%E9%99%90&time=&page=2 [运行时间：0.077638s][吞吐率：12.88req/s] [内存消耗：3,166.94kb] [文件加载：62]
[ info ] [ LANG ] E:\WWW\transport\thinkphp\lang\zh-cn.php
[ info ] [ ROUTE ] array (
  'type' => 'module',
  'module' => 
  array (
    0 => 'index',
    1 => 'path',
    2 => 'path',
  ),
)
[ info ] [ HEADER ] array (
  'host' => '192.168.18.228',
  'connection' => 'keep-alive',
  'upgrade-insecure-requests' => '1',
  'user-agent' => 'Mozilla/5.0 (Windows NT 10.0; WOW64) AppleWebKit/537.36 (KHTML, like Gecko) Chrome/61.0.3163.100 Safari/537.36',
  'accept' => 'text/html,application/xhtml+xml,application/xml;q=0.9,image/webp,image/apng,*/*;q=0.8',
  'referer' => 'http://192.168.18.228/transport/public/index/path/path.html',
  'accept-encoding' => 'gzip, deflate',
  'accept-language' => 'zh-CN,zh;q=0.8',
  'cookie' => 'Hm_lvt_080836300300be57b7f34f4b3e97d911=1509582894,1509669647,1510047604,1510123521; PHPSESSID=2nr6prpd1mohu75roaei6fh4s6',
)
[ info ] [ PARAM ] array (
  'startsite' => '',
  'endsite' => '',
  'is_company' => '不限',
  'time' => '',
  'page' => '2',
)
[ info ] [ DB ] INIT mysql
[ info ] [ SESSION ] INIT array (
  'id' => '',
  'var_session_id' => '',
  'prefix' => 'think',
  'type' => '',
  'auto_start' => true,
)
[ info ] [ RUN ] app\index\controller\Path->path[ E:\WWW\transport\application\index\controller\Path.php ]
[ info ] [ VIEW ] E:\WWW\transport\public/../application/index\view\path\path.html [ array (
  0 => 'banner',
  1 => 'username',
  2 => 'user_u',
  3 => 'startsite',
  4 => 'endsite',
  5 => 'time',
  6 => 'is_company',
  7 => 'pathres',
  8 => 'current_page',
  9 => 'total_meg',
  10 => 'totalpage',
  11 => 'user',
  12 => 'goodsres',
) ]
[ info ] [ LOG ] INIT File
[ sql ] [ DB ] CONNECT:[ UseTime:0.001682s ] mysql:dbname=transport;host=127.0.0.1;charset=utf8
[ sql ] [ SQL ] SHOW COLUMNS FROM `tr_banner` [ RunTime:0.006395s ]
[ sql ] [ SQL ] SELECT * FROM `tr_banner` LIMIT 1 [ RunTime:0.000637s ]
[ sql ] [ SQL ] SHOW COLUMNS FROM `tr_user` [ RunTime:0.005795s ]
[ sql ] [ SQL ] SELECT * FROM `tr_user` WHERE  `id` = 0 LIMIT 1 [ RunTime:0.000517s ]
[ sql ] [ SQL ] SHOW COLUMNS FROM `tr_path` [ RunTime:0.005967s ]
[ sql ] [ SQL ] SELECT COUNT(*) AS tp_count FROM `tr_path` WHERE  `is_recycle` = 0  AND `check_state` = 2 LIMIT 1 [ RunTime:0.000591s ]
[ sql ] [ SQL ] SELECT * FROM `tr_path` WHERE  `is_recycle` = 0  AND `check_state` = 2 ORDER BY is_company desc,id desc LIMIT 10,10 [ RunTime:0.000597s ]
[ sql ] [ SQL ] SELECT * FROM `tr_user` WHERE  `id` = 0 [ RunTime:0.000505s ]
[ sql ] [ SQL ] SHOW COLUMNS FROM `tr_goods` [ RunTime:0.006160s ]
[ sql ] [ SQL ] SELECT COUNT(*) AS tp_count FROM `tr_goods` WHERE  `uid` = '='  AND `uptype` = '0'  AND `is_recycle` = 0 LIMIT 1 [ RunTime:0.000527s ]
[ sql ] [ SQL ] SELECT * FROM `tr_goods` WHERE  `uid` = '='  AND `uptype` = '0'  AND `is_recycle` = 0 ORDER BY id desc LIMIT 2,2 [ RunTime:0.000812s ]
---------------------------------------------------------------
[ 2017-11-23T08:56:01+08:00 ] 192.168.18.228 192.168.18.228 GET /transport/public/static/index/fonts/glyphicons-halflings-regular.woff2
[ info ] 192.168.18.228/transport/public/static/index/fonts/glyphicons-halflings-regular.woff2 [运行时间：0.023773s][吞吐率：42.06req/s] [内存消耗：1,409.99kb] [文件加载：40]
[ info ] [ LANG ] E:\WWW\transport\thinkphp\lang\zh-cn.php
[ info ] [ ROUTE ] array (
  'type' => 'module',
  'module' => 
  array (
    0 => 'static',
    1 => 'index',
    2 => 'fonts',
  ),
)
[ info ] [ HEADER ] array (
  'host' => '192.168.18.228',
  'connection' => 'keep-alive',
  'origin' => 'http://192.168.18.228',
  'user-agent' => 'Mozilla/5.0 (Windows NT 10.0; WOW64) AppleWebKit/537.36 (KHTML, like Gecko) Chrome/61.0.3163.100 Safari/537.36',
  'accept' => '*/*',
  'referer' => 'http://192.168.18.228/transport/public/static/index/css/bootstrap.min.css',
  'accept-encoding' => 'gzip, deflate',
  'accept-language' => 'zh-CN,zh;q=0.8',
  'cookie' => 'Hm_lvt_080836300300be57b7f34f4b3e97d911=1509582894,1509669647,1510047604,1510123521; PHPSESSID=2nr6prpd1mohu75roaei6fh4s6',
)
[ info ] [ PARAM ] array (
)
[ info ] [ LOG ] INIT File
---------------------------------------------------------------
[ 2017-11-23T08:56:05+08:00 ] 192.168.18.228 192.168.18.228 GET /transport/public/index/path/path.html?startsite=&endsite=&is_company=%E4%B8%8D%E9%99%90&time=&page=1
[ info ] 192.168.18.228/transport/public/index/path/path.html?startsite=&endsite=&is_company=%E4%B8%8D%E9%99%90&time=&page=1 [运行时间：0.085367s][吞吐率：11.71req/s] [内存消耗：3,167.02kb] [文件加载：62]
[ info ] [ LANG ] E:\WWW\transport\thinkphp\lang\zh-cn.php
[ info ] [ ROUTE ] array (
  'type' => 'module',
  'module' => 
  array (
    0 => 'index',
    1 => 'path',
    2 => 'path',
  ),
)
[ info ] [ HEADER ] array (
  'host' => '192.168.18.228',
  'connection' => 'keep-alive',
  'upgrade-insecure-requests' => '1',
  'user-agent' => 'Mozilla/5.0 (Windows NT 10.0; WOW64) AppleWebKit/537.36 (KHTML, like Gecko) Chrome/61.0.3163.100 Safari/537.36',
  'accept' => 'text/html,application/xhtml+xml,application/xml;q=0.9,image/webp,image/apng,*/*;q=0.8',
  'referer' => 'http://192.168.18.228/transport/public/index/path/path.html?startsite=&endsite=&is_company=%E4%B8%8D%E9%99%90&time=&page=2',
  'accept-encoding' => 'gzip, deflate',
  'accept-language' => 'zh-CN,zh;q=0.8',
  'cookie' => 'Hm_lvt_080836300300be57b7f34f4b3e97d911=1509582894,1509669647,1510047604,1510123521; PHPSESSID=2nr6prpd1mohu75roaei6fh4s6',
)
[ info ] [ PARAM ] array (
  'startsite' => '',
  'endsite' => '',
  'is_company' => '不限',
  'time' => '',
  'page' => '1',
)
[ info ] [ DB ] INIT mysql
[ info ] [ SESSION ] INIT array (
  'id' => '',
  'var_session_id' => '',
  'prefix' => 'think',
  'type' => '',
  'auto_start' => true,
)
[ info ] [ RUN ] app\index\controller\Path->path[ E:\WWW\transport\application\index\controller\Path.php ]
[ info ] [ VIEW ] E:\WWW\transport\public/../application/index\view\path\path.html [ array (
  0 => 'banner',
  1 => 'username',
  2 => 'user_u',
  3 => 'startsite',
  4 => 'endsite',
  5 => 'time',
  6 => 'is_company',
  7 => 'pathres',
  8 => 'current_page',
  9 => 'total_meg',
  10 => 'totalpage',
  11 => 'user',
  12 => 'goodsres',
) ]
[ info ] [ LOG ] INIT File
[ sql ] [ DB ] CONNECT:[ UseTime:0.011507s ] mysql:dbname=transport;host=127.0.0.1;charset=utf8
[ sql ] [ SQL ] SHOW COLUMNS FROM `tr_banner` [ RunTime:0.006070s ]
[ sql ] [ SQL ] SELECT * FROM `tr_banner` LIMIT 1 [ RunTime:0.000602s ]
[ sql ] [ SQL ] SHOW COLUMNS FROM `tr_user` [ RunTime:0.004948s ]
[ sql ] [ SQL ] SELECT * FROM `tr_user` WHERE  `id` = 0 LIMIT 1 [ RunTime:0.000526s ]
[ sql ] [ SQL ] SHOW COLUMNS FROM `tr_path` [ RunTime:0.006020s ]
[ sql ] [ SQL ] SELECT COUNT(*) AS tp_count FROM `tr_path` WHERE  `is_recycle` = 0  AND `check_state` = 2 LIMIT 1 [ RunTime:0.000433s ]
[ sql ] [ SQL ] SELECT * FROM `tr_path` WHERE  `is_recycle` = 0  AND `check_state` = 2 ORDER BY is_company desc,id desc LIMIT 0,10 [ RunTime:0.000468s ]
[ sql ] [ SQL ] SELECT * FROM `tr_user` WHERE  `id` = 0 [ RunTime:0.000515s ]
[ sql ] [ SQL ] SHOW COLUMNS FROM `tr_goods` [ RunTime:0.005596s ]
[ sql ] [ SQL ] SELECT COUNT(*) AS tp_count FROM `tr_goods` WHERE  `uid` = '='  AND `uptype` = '0'  AND `is_recycle` = 0 LIMIT 1 [ RunTime:0.000556s ]
[ sql ] [ SQL ] SELECT * FROM `tr_goods` WHERE  `uid` = '='  AND `uptype` = '0'  AND `is_recycle` = 0 ORDER BY id desc LIMIT 0,2 [ RunTime:0.000912s ]
---------------------------------------------------------------
[ 2017-11-23T08:56:05+08:00 ] 192.168.18.228 192.168.18.228 GET /transport/public/static/index/fonts/glyphicons-halflings-regular.woff2
[ info ] 192.168.18.228/transport/public/static/index/fonts/glyphicons-halflings-regular.woff2 [运行时间：0.024155s][吞吐率：41.40req/s] [内存消耗：1,409.99kb] [文件加载：40]
[ info ] [ LANG ] E:\WWW\transport\thinkphp\lang\zh-cn.php
[ info ] [ ROUTE ] array (
  'type' => 'module',
  'module' => 
  array (
    0 => 'static',
    1 => 'index',
    2 => 'fonts',
  ),
)
[ info ] [ HEADER ] array (
  'host' => '192.168.18.228',
  'connection' => 'keep-alive',
  'origin' => 'http://192.168.18.228',
  'user-agent' => 'Mozilla/5.0 (Windows NT 10.0; WOW64) AppleWebKit/537.36 (KHTML, like Gecko) Chrome/61.0.3163.100 Safari/537.36',
  'accept' => '*/*',
  'referer' => 'http://192.168.18.228/transport/public/static/index/css/bootstrap.min.css',
  'accept-encoding' => 'gzip, deflate',
  'accept-language' => 'zh-CN,zh;q=0.8',
  'cookie' => 'Hm_lvt_080836300300be57b7f34f4b3e97d911=1509582894,1509669647,1510047604,1510123521; PHPSESSID=2nr6prpd1mohu75roaei6fh4s6',
)
[ info ] [ PARAM ] array (
)
[ info ] [ LOG ] INIT File
---------------------------------------------------------------
[ 2017-11-23T08:57:14+08:00 ] 192.168.18.228 192.168.18.228 GET /transport/public/index/login/login.html
[ info ] 192.168.18.228/transport/public/index/login/login.html [运行时间：0.112459s][吞吐率：8.89req/s] [内存消耗：2,577.82kb] [文件加载：55]
[ info ] [ LANG ] E:\WWW\transport\thinkphp\lang\zh-cn.php
[ info ] [ ROUTE ] array (
  'type' => 'module',
  'module' => 
  array (
    0 => 'index',
    1 => 'login',
    2 => 'login',
  ),
)
[ info ] [ HEADER ] array (
  'host' => '192.168.18.228',
  'connection' => 'keep-alive',
  'upgrade-insecure-requests' => '1',
  'user-agent' => 'Mozilla/5.0 (Windows NT 10.0; WOW64) AppleWebKit/537.36 (KHTML, like Gecko) Chrome/61.0.3163.100 Safari/537.36',
  'accept' => 'text/html,application/xhtml+xml,application/xml;q=0.9,image/webp,image/apng,*/*;q=0.8',
  'referer' => 'http://192.168.18.228/transport/public/index/path/path.html?startsite=&endsite=&is_company=%E4%B8%8D%E9%99%90&time=&page=1',
  'accept-encoding' => 'gzip, deflate',
  'accept-language' => 'zh-CN,zh;q=0.8',
  'cookie' => 'Hm_lvt_080836300300be57b7f34f4b3e97d911=1509582894,1509669647,1510047604,1510123521; PHPSESSID=2nr6prpd1mohu75roaei6fh4s6',
)
[ info ] [ PARAM ] array (
)
[ info ] [ DB ] INIT mysql
[ info ] [ SESSION ] INIT array (
  'id' => '',
  'var_session_id' => '',
  'prefix' => 'think',
  'type' => '',
  'auto_start' => true,
)
[ info ] [ RUN ] app\index\controller\Login->login[ E:\WWW\transport\application\index\controller\Login.php ]
[ info ] [ VIEW ] E:\WWW\transport\public/../application/index\view\login\login.html [ array (
  0 => 'banner',
  1 => 'username',
  2 => 'user_u',
) ]
[ info ] [ LOG ] INIT File
[ sql ] [ DB ] CONNECT:[ UseTime:0.001952s ] mysql:dbname=transport;host=127.0.0.1;charset=utf8
[ sql ] [ SQL ] SHOW COLUMNS FROM `tr_banner` [ RunTime:0.005467s ]
[ sql ] [ SQL ] SELECT * FROM `tr_banner` LIMIT 1 [ RunTime:0.000546s ]
[ sql ] [ SQL ] SHOW COLUMNS FROM `tr_user` [ RunTime:0.004903s ]
[ sql ] [ SQL ] SELECT * FROM `tr_user` WHERE  `id` = 0 LIMIT 1 [ RunTime:0.000542s ]
---------------------------------------------------------------
[ 2017-11-23T08:57:14+08:00 ] 192.168.18.228 192.168.18.228 GET /transport/public/static/index/fonts/glyphicons-halflings-regular.woff2
[ info ] 192.168.18.228/transport/public/static/index/fonts/glyphicons-halflings-regular.woff2 [运行时间：0.032816s][吞吐率：30.47req/s] [内存消耗：1,409.99kb] [文件加载：40]
[ info ] [ LANG ] E:\WWW\transport\thinkphp\lang\zh-cn.php
[ info ] [ ROUTE ] array (
  'type' => 'module',
  'module' => 
  array (
    0 => 'static',
    1 => 'index',
    2 => 'fonts',
  ),
)
[ info ] [ HEADER ] array (
  'host' => '192.168.18.228',
  'connection' => 'keep-alive',
  'origin' => 'http://192.168.18.228',
  'user-agent' => 'Mozilla/5.0 (Windows NT 10.0; WOW64) AppleWebKit/537.36 (KHTML, like Gecko) Chrome/61.0.3163.100 Safari/537.36',
  'accept' => '*/*',
  'referer' => 'http://192.168.18.228/transport/public/static/index/css/bootstrap.min.css',
  'accept-encoding' => 'gzip, deflate',
  'accept-language' => 'zh-CN,zh;q=0.8',
  'cookie' => 'Hm_lvt_080836300300be57b7f34f4b3e97d911=1509582894,1509669647,1510047604,1510123521; PHPSESSID=2nr6prpd1mohu75roaei6fh4s6',
)
[ info ] [ PARAM ] array (
)
[ info ] [ LOG ] INIT File
---------------------------------------------------------------
[ 2017-11-23T08:57:15+08:00 ] 192.168.18.228 192.168.18.228 GET /transport/public/captcha.html
[ info ] 192.168.18.228/transport/public/captcha.html [运行时间：0.146386s][吞吐率：6.83req/s] [内存消耗：1,435.88kb] [文件加载：39]
[ info ] [ LANG ] E:\WWW\transport\thinkphp\lang\zh-cn.php
[ info ] [ ROUTE ] array (
  'type' => 'method',
  'method' => 
  array (
    0 => '\\think\\captcha\\CaptchaController',
    1 => 'index',
  ),
  'var' => 
  array (
  ),
)
[ info ] [ HEADER ] array (
  'host' => '192.168.18.228',
  'connection' => 'keep-alive',
  'user-agent' => 'Mozilla/5.0 (Windows NT 10.0; WOW64) AppleWebKit/537.36 (KHTML, like Gecko) Chrome/61.0.3163.100 Safari/537.36',
  'accept' => 'image/webp,image/apng,image/*,*/*;q=0.8',
  'referer' => 'http://192.168.18.228/transport/public/index/login/login.html',
  'accept-encoding' => 'gzip, deflate',
  'accept-language' => 'zh-CN,zh;q=0.8',
  'cookie' => 'Hm_lvt_080836300300be57b7f34f4b3e97d911=1509582894,1509669647,1510047604,1510123521; PHPSESSID=2nr6prpd1mohu75roaei6fh4s6',
)
[ info ] [ PARAM ] array (
  'id' => NULL,
)
[ info ] [ RUN ] think\captcha\CaptchaController->index[ E:\WWW\transport\vendor\topthink\think-captcha\src\CaptchaController.php ]
[ info ] [ SESSION ] INIT array (
  'id' => '',
  'var_session_id' => '',
  'prefix' => 'think',
  'type' => '',
  'auto_start' => true,
)
[ info ] [ LOG ] INIT File
---------------------------------------------------------------
[ 2017-11-23T08:57:25+08:00 ] 192.168.18.228 192.168.18.228 GET /transport/public/index/Login/checklogincode?logincode=tlpm
[ info ] 192.168.18.228/transport/public/index/Login/checklogincode?logincode=tlpm [运行时间：0.097264s][吞吐率：10.28req/s] [内存消耗：2,549.86kb] [文件加载：56]
[ info ] [ LANG ] E:\WWW\transport\thinkphp\lang\zh-cn.php
[ info ] [ ROUTE ] array (
  'type' => 'module',
  'module' => 
  array (
    0 => 'index',
    1 => 'Login',
    2 => 'checklogincode',
  ),
)
[ info ] [ HEADER ] array (
  'host' => '192.168.18.228',
  'connection' => 'keep-alive',
  'user-agent' => 'Mozilla/5.0 (Windows NT 10.0; WOW64) AppleWebKit/537.36 (KHTML, like Gecko) Chrome/61.0.3163.100 Safari/537.36',
  'accept' => '*/*',
  'referer' => 'http://192.168.18.228/transport/public/index/login/login.html',
  'accept-encoding' => 'gzip, deflate',
  'accept-language' => 'zh-CN,zh;q=0.8',
  'cookie' => 'Hm_lvt_080836300300be57b7f34f4b3e97d911=1509582894,1509669647,1510047604,1510123521; PHPSESSID=2nr6prpd1mohu75roaei6fh4s6',
)
[ info ] [ PARAM ] array (
  'logincode' => 'tlpm',
)
[ info ] [ DB ] INIT mysql
[ info ] [ SESSION ] INIT array (
  'id' => '',
  'var_session_id' => '',
  'prefix' => 'think',
  'type' => '',
  'auto_start' => true,
)
[ info ] [ LOG ] INIT File
[ sql ] [ DB ] CONNECT:[ UseTime:0.001848s ] mysql:dbname=transport;host=127.0.0.1;charset=utf8
[ sql ] [ SQL ] SHOW COLUMNS FROM `tr_banner` [ RunTime:0.048919s ]
[ sql ] [ SQL ] SELECT * FROM `tr_banner` LIMIT 1 [ RunTime:0.000501s ]
[ sql ] [ SQL ] SHOW COLUMNS FROM `tr_user` [ RunTime:0.004999s ]
[ sql ] [ SQL ] SELECT * FROM `tr_user` WHERE  `id` = 0 LIMIT 1 [ RunTime:0.000505s ]
---------------------------------------------------------------
[ 2017-11-23T08:57:25+08:00 ] 192.168.18.228 192.168.18.228 POST /transport/public/index/login/login.html
[ info ] 192.168.18.228/transport/public/index/login/login.html [运行时间：0.153894s][吞吐率：6.50req/s] [内存消耗：3,073.98kb] [文件加载：63]
[ info ] [ LANG ] E:\WWW\transport\thinkphp\lang\zh-cn.php
[ info ] [ ROUTE ] array (
  'type' => 'module',
  'module' => 
  array (
    0 => 'index',
    1 => 'login',
    2 => 'login',
  ),
)
[ info ] [ HEADER ] array (
  'host' => '192.168.18.228',
  'connection' => 'keep-alive',
  'content-length' => '47',
  'cache-control' => 'max-age=0',
  'origin' => 'http://192.168.18.228',
  'upgrade-insecure-requests' => '1',
  'content-type' => 'application/x-www-form-urlencoded',
  'user-agent' => 'Mozilla/5.0 (Windows NT 10.0; WOW64) AppleWebKit/537.36 (KHTML, like Gecko) Chrome/61.0.3163.100 Safari/537.36',
  'accept' => 'text/html,application/xhtml+xml,application/xml;q=0.9,image/webp,image/apng,*/*;q=0.8',
  'referer' => 'http://192.168.18.228/transport/public/index/login/login.html',
  'accept-encoding' => 'gzip, deflate',
  'accept-language' => 'zh-CN,zh;q=0.8',
  'cookie' => 'Hm_lvt_080836300300be57b7f34f4b3e97d911=1509582894,1509669647,1510047604,1510123521; PHPSESSID=2nr6prpd1mohu75roaei6fh4s6',
)
[ info ] [ PARAM ] array (
  'username' => '13403991030',
  'password' => 'zxy1218',
  'code' => 'tlpm',
)
[ info ] [ DB ] INIT mysql
[ info ] [ SESSION ] INIT array (
  'id' => '',
  'var_session_id' => '',
  'prefix' => 'think',
  'type' => '',
  'auto_start' => true,
)
[ info ] [ RUN ] app\index\controller\Login->login[ E:\WWW\transport\application\index\controller\Login.php ]
[ info ] [ CACHE ] INIT File
[ info ] [ LOG ] INIT File
[ sql ] [ DB ] CONNECT:[ UseTime:0.010761s ] mysql:dbname=transport;host=127.0.0.1;charset=utf8
[ sql ] [ SQL ] SHOW COLUMNS FROM `tr_banner` [ RunTime:0.035394s ]
[ sql ] [ SQL ] SELECT * FROM `tr_banner` LIMIT 1 [ RunTime:0.000550s ]
[ sql ] [ SQL ] SHOW COLUMNS FROM `tr_user` [ RunTime:0.005160s ]
[ sql ] [ SQL ] SELECT * FROM `tr_user` WHERE  `id` = 0 LIMIT 1 [ RunTime:0.000560s ]
[ sql ] [ SQL ] SELECT * FROM `tr_user` WHERE  `username` = '13403991030'  AND `is_recycle` = 0 LIMIT 1 [ RunTime:0.000622s ]
[ sql ] [ SQL ] SELECT * FROM `tr_user` WHERE  `username` = '13403991030'  AND `is_recycle` = 0 LIMIT 1 [ RunTime:0.000577s ]
[ sql ] [ SQL ] UPDATE `tr_user`  SET `login_time`='2017-11-23 08:57:25'  WHERE  `id` = 3 [ RunTime:0.000667s ]
---------------------------------------------------------------
[ 2017-11-23T08:57:25+08:00 ] 192.168.18.228 192.168.18.228 GET /transport/public/index/index/index.html
[ info ] 192.168.18.228/transport/public/index/index/index.html [运行时间：0.114509s][吞吐率：8.73req/s] [内存消耗：3,492.54kb] [文件加载：61]
[ info ] [ LANG ] E:\WWW\transport\thinkphp\lang\zh-cn.php
[ info ] [ ROUTE ] array (
  'type' => 'module',
  'module' => 
  array (
    0 => 'index',
    1 => 'index',
    2 => 'index',
  ),
)
[ info ] [ HEADER ] array (
  'host' => '192.168.18.228',
  'connection' => 'keep-alive',
  'cache-control' => 'max-age=0',
  'upgrade-insecure-requests' => '1',
  'user-agent' => 'Mozilla/5.0 (Windows NT 10.0; WOW64) AppleWebKit/537.36 (KHTML, like Gecko) Chrome/61.0.3163.100 Safari/537.36',
  'accept' => 'text/html,application/xhtml+xml,application/xml;q=0.9,image/webp,image/apng,*/*;q=0.8',
  'referer' => 'http://192.168.18.228/transport/public/index/login/login.html',
  'accept-encoding' => 'gzip, deflate',
  'accept-language' => 'zh-CN,zh;q=0.8',
  'cookie' => 'Hm_lvt_080836300300be57b7f34f4b3e97d911=1509582894,1509669647,1510047604,1510123521; PHPSESSID=2nr6prpd1mohu75roaei6fh4s6',
)
[ info ] [ PARAM ] array (
)
[ info ] [ DB ] INIT mysql
[ info ] [ SESSION ] INIT array (
  'id' => '',
  'var_session_id' => '',
  'prefix' => 'think',
  'type' => '',
  'auto_start' => true,
)
[ info ] [ RUN ] app\index\controller\Index->index[ E:\WWW\transport\application\index\controller\Index.php ]
[ info ] [ VIEW ] E:\WWW\transport\public/../application/index\view\index\index.html [ array (
  0 => 'banner',
  1 => 'username',
  2 => 'user_u',
  3 => 'goods_sort',
  4 => 'news',
  5 => 'customerres',
  6 => 'image',
  7 => 'pathres',
  8 => 'goodsres1',
) ]
[ info ] [ LOG ] INIT File
[ sql ] [ DB ] CONNECT:[ UseTime:0.012529s ] mysql:dbname=transport;host=127.0.0.1;charset=utf8
[ sql ] [ SQL ] SHOW COLUMNS FROM `tr_banner` [ RunTime:0.005597s ]
[ sql ] [ SQL ] SELECT * FROM `tr_banner` LIMIT 1 [ RunTime:0.000485s ]
[ sql ] [ SQL ] SHOW COLUMNS FROM `tr_user` [ RunTime:0.006100s ]
[ sql ] [ SQL ] SELECT * FROM `tr_user` WHERE  `id` = 3 LIMIT 1 [ RunTime:0.000505s ]
[ sql ] [ SQL ] SHOW COLUMNS FROM `tr_goodskindtype` [ RunTime:0.004855s ]
[ sql ] [ SQL ] SELECT * FROM `tr_goodskindtype` [ RunTime:0.000466s ]
[ sql ] [ SQL ] SHOW COLUMNS FROM `tr_article` [ RunTime:0.005419s ]
[ sql ] [ SQL ] SELECT COUNT(*) AS tp_count FROM `tr_article` WHERE  `statue` = '是' LIMIT 1 [ RunTime:0.000504s ]
[ sql ] [ SQL ] SELECT * FROM `tr_article` WHERE  `statue` = '是' ORDER BY articletime desc LIMIT 0,7 [ RunTime:0.001030s ]
[ sql ] [ SQL ] SHOW COLUMNS FROM `tr_customer` [ RunTime:0.004935s ]
[ sql ] [ SQL ] SELECT * FROM `tr_customer` ORDER BY id desc [ RunTime:0.000449s ]
[ sql ] [ SQL ] SELECT * FROM `tr_banner` LIMIT 1 [ RunTime:0.000471s ]
[ sql ] [ SQL ] SHOW COLUMNS FROM `tr_image` [ RunTime:0.004613s ]
[ sql ] [ SQL ] SELECT * FROM `tr_image` ORDER BY id desc [ RunTime:0.000446s ]
[ sql ] [ SQL ] SHOW COLUMNS FROM `tr_path` [ RunTime:0.005304s ]
[ sql ] [ SQL ] SELECT * FROM `tr_path` WHERE  `check_state` = 2  AND `is_recycle` = 0  AND `is_company` = 1 ORDER BY id desc [ RunTime:0.000598s ]
[ sql ] [ SQL ] SHOW COLUMNS FROM `tr_goods` [ RunTime:0.005602s ]
[ sql ] [ SQL ] SELECT * FROM `tr_goods` WHERE  `check_state` = 2  AND `is_recycle` = 0  AND `uptype` = '0'  AND `add_goods` = 0 ORDER BY is_company desc,id desc [ RunTime:0.001362s ]
---------------------------------------------------------------
[ 2017-11-23T08:57:25+08:00 ] 192.168.18.228 192.168.18.228 GET /transport/public/static/index/fonts/glyphicons-halflings-regular.woff2
[ info ] 192.168.18.228/transport/public/static/index/fonts/glyphicons-halflings-regular.woff2 [运行时间：0.024891s][吞吐率：40.17req/s] [内存消耗：1,409.99kb] [文件加载：40]
[ info ] [ LANG ] E:\WWW\transport\thinkphp\lang\zh-cn.php
[ info ] [ ROUTE ] array (
  'type' => 'module',
  'module' => 
  array (
    0 => 'static',
    1 => 'index',
    2 => 'fonts',
  ),
)
[ info ] [ HEADER ] array (
  'host' => '192.168.18.228',
  'connection' => 'keep-alive',
  'origin' => 'http://192.168.18.228',
  'user-agent' => 'Mozilla/5.0 (Windows NT 10.0; WOW64) AppleWebKit/537.36 (KHTML, like Gecko) Chrome/61.0.3163.100 Safari/537.36',
  'accept' => '*/*',
  'referer' => 'http://192.168.18.228/transport/public/static/index/css/bootstrap.min.css',
  'accept-encoding' => 'gzip, deflate',
  'accept-language' => 'zh-CN,zh;q=0.8',
  'cookie' => 'Hm_lvt_080836300300be57b7f34f4b3e97d911=1509582894,1509669647,1510047604,1510123521; PHPSESSID=2nr6prpd1mohu75roaei6fh4s6',
)
[ info ] [ PARAM ] array (
)
[ info ] [ LOG ] INIT File
---------------------------------------------------------------
[ 2017-11-23T08:57:26+08:00 ] 192.168.18.228 192.168.18.228 GET /transport/public/static/index/images/icon_4.jpg
[ info ] 192.168.18.228/transport/public/static/index/images/icon_4.jpg [运行时间：0.021497s][吞吐率：46.52req/s] [内存消耗：1,409.74kb] [文件加载：40]
[ info ] [ LANG ] E:\WWW\transport\thinkphp\lang\zh-cn.php
[ info ] [ ROUTE ] array (
  'type' => 'module',
  'module' => 
  array (
    0 => 'static',
    1 => 'index',
    2 => 'images',
  ),
)
[ info ] [ HEADER ] array (
  'host' => '192.168.18.228',
  'connection' => 'keep-alive',
  'user-agent' => 'Mozilla/5.0 (Windows NT 10.0; WOW64) AppleWebKit/537.36 (KHTML, like Gecko) Chrome/61.0.3163.100 Safari/537.36',
  'accept' => 'image/webp,image/apng,image/*,*/*;q=0.8',
  'referer' => 'http://192.168.18.228/transport/public/static/index/css/style.css',
  'accept-encoding' => 'gzip, deflate',
  'accept-language' => 'zh-CN,zh;q=0.8',
  'cookie' => 'Hm_lvt_080836300300be57b7f34f4b3e97d911=1509582894,1509669647,1510047604,1510123521; PHPSESSID=2nr6prpd1mohu75roaei6fh4s6',
)
[ info ] [ PARAM ] array (
)
[ info ] [ LOG ] INIT File
---------------------------------------------------------------
[ 2017-11-23T08:57:26+08:00 ] 192.168.18.228 192.168.18.228 GET /transport/public/static/index/images/icon_2.jpg
[ info ] 192.168.18.228/transport/public/static/index/images/icon_2.jpg [运行时间：0.023678s][吞吐率：42.23req/s] [内存消耗：1,409.74kb] [文件加载：40]
[ info ] [ LANG ] E:\WWW\transport\thinkphp\lang\zh-cn.php
[ info ] [ ROUTE ] array (
  'type' => 'module',
  'module' => 
  array (
    0 => 'static',
    1 => 'index',
    2 => 'images',
  ),
)
[ info ] [ HEADER ] array (
  'host' => '192.168.18.228',
  'connection' => 'keep-alive',
  'user-agent' => 'Mozilla/5.0 (Windows NT 10.0; WOW64) AppleWebKit/537.36 (KHTML, like Gecko) Chrome/61.0.3163.100 Safari/537.36',
  'accept' => 'image/webp,image/apng,image/*,*/*;q=0.8',
  'referer' => 'http://192.168.18.228/transport/public/static/index/css/style.css',
  'accept-encoding' => 'gzip, deflate',
  'accept-language' => 'zh-CN,zh;q=0.8',
  'cookie' => 'Hm_lvt_080836300300be57b7f34f4b3e97d911=1509582894,1509669647,1510047604,1510123521; PHPSESSID=2nr6prpd1mohu75roaei6fh4s6',
)
[ info ] [ PARAM ] array (
)
[ info ] [ LOG ] INIT File
---------------------------------------------------------------
[ 2017-11-23T08:57:26+08:00 ] 192.168.18.228 192.168.18.228 GET /transport/public/static/index/images/icon_3.jpg
[ info ] 192.168.18.228/transport/public/static/index/images/icon_3.jpg [运行时间：0.035029s][吞吐率：28.55req/s] [内存消耗：1,409.75kb] [文件加载：40]
[ info ] [ LANG ] E:\WWW\transport\thinkphp\lang\zh-cn.php
[ info ] [ ROUTE ] array (
  'type' => 'module',
  'module' => 
  array (
    0 => 'static',
    1 => 'index',
    2 => 'images',
  ),
)
[ info ] [ HEADER ] array (
  'host' => '192.168.18.228',
  'connection' => 'keep-alive',
  'user-agent' => 'Mozilla/5.0 (Windows NT 10.0; WOW64) AppleWebKit/537.36 (KHTML, like Gecko) Chrome/61.0.3163.100 Safari/537.36',
  'accept' => 'image/webp,image/apng,image/*,*/*;q=0.8',
  'referer' => 'http://192.168.18.228/transport/public/static/index/css/style.css',
  'accept-encoding' => 'gzip, deflate',
  'accept-language' => 'zh-CN,zh;q=0.8',
  'cookie' => 'Hm_lvt_080836300300be57b7f34f4b3e97d911=1509582894,1509669647,1510047604,1510123521; PHPSESSID=2nr6prpd1mohu75roaei6fh4s6',
)
[ info ] [ PARAM ] array (
)
[ info ] [ LOG ] INIT File
---------------------------------------------------------------
[ 2017-11-23T08:57:26+08:00 ] 192.168.18.228 192.168.18.228 GET /transport/public/static/index/images/icon_5.jpg
[ info ] 192.168.18.228/transport/public/static/index/images/icon_5.jpg [运行时间：0.023633s][吞吐率：42.31req/s] [内存消耗：1,409.74kb] [文件加载：40]
[ info ] [ LANG ] E:\WWW\transport\thinkphp\lang\zh-cn.php
[ info ] [ ROUTE ] array (
  'type' => 'module',
  'module' => 
  array (
    0 => 'static',
    1 => 'index',
    2 => 'images',
  ),
)
[ info ] [ HEADER ] array (
  'host' => '192.168.18.228',
  'connection' => 'keep-alive',
  'user-agent' => 'Mozilla/5.0 (Windows NT 10.0; WOW64) AppleWebKit/537.36 (KHTML, like Gecko) Chrome/61.0.3163.100 Safari/537.36',
  'accept' => 'image/webp,image/apng,image/*,*/*;q=0.8',
  'referer' => 'http://192.168.18.228/transport/public/static/index/css/style.css',
  'accept-encoding' => 'gzip, deflate',
  'accept-language' => 'zh-CN,zh;q=0.8',
  'cookie' => 'Hm_lvt_080836300300be57b7f34f4b3e97d911=1509582894,1509669647,1510047604,1510123521; PHPSESSID=2nr6prpd1mohu75roaei6fh4s6',
)
[ info ] [ PARAM ] array (
)
[ info ] [ LOG ] INIT File
---------------------------------------------------------------
[ 2017-11-23T08:57:26+08:00 ] 192.168.18.228 192.168.18.228 GET /transport/public/static/index/images/loading.gif
[ info ] 192.168.18.228/transport/public/static/index/images/loading.gif [运行时间：0.023573s][吞吐率：42.42req/s] [内存消耗：1,409.69kb] [文件加载：40]
[ info ] [ LANG ] E:\WWW\transport\thinkphp\lang\zh-cn.php
[ info ] [ ROUTE ] array (
  'type' => 'module',
  'module' => 
  array (
    0 => 'static',
    1 => 'index',
    2 => 'images',
  ),
)
[ info ] [ HEADER ] array (
  'host' => '192.168.18.228',
  'connection' => 'keep-alive',
  'user-agent' => 'Mozilla/5.0 (Windows NT 10.0; WOW64) AppleWebKit/537.36 (KHTML, like Gecko) Chrome/61.0.3163.100 Safari/537.36',
  'accept' => 'image/webp,image/apng,image/*,*/*;q=0.8',
  'referer' => 'http://192.168.18.228/transport/public/static/index/css/higo.css',
  'accept-encoding' => 'gzip, deflate',
  'accept-language' => 'zh-CN,zh;q=0.8',
  'cookie' => 'Hm_lvt_080836300300be57b7f34f4b3e97d911=1509582894,1509669647,1510047604,1510123521; PHPSESSID=2nr6prpd1mohu75roaei6fh4s6',
)
[ info ] [ PARAM ] array (
)
[ info ] [ LOG ] INIT File
---------------------------------------------------------------
[ 2017-11-23T08:57:28+08:00 ] 192.168.18.228 192.168.18.228 GET /transport/public/index/personalcenter/personalcenter_index.html
[ info ] 192.168.18.228/transport/public/index/personalcenter/personalcenter_index.html [运行时间：0.126287s][吞吐率：7.92req/s] [内存消耗：2,724.58kb] [文件加载：55]
[ info ] [ LANG ] E:\WWW\transport\thinkphp\lang\zh-cn.php
[ info ] [ ROUTE ] array (
  'type' => 'module',
  'module' => 
  array (
    0 => 'index',
    1 => 'personalcenter',
    2 => 'personalcenter_index',
  ),
)
[ info ] [ HEADER ] array (
  'host' => '192.168.18.228',
  'connection' => 'keep-alive',
  'upgrade-insecure-requests' => '1',
  'user-agent' => 'Mozilla/5.0 (Windows NT 10.0; WOW64) AppleWebKit/537.36 (KHTML, like Gecko) Chrome/61.0.3163.100 Safari/537.36',
  'accept' => 'text/html,application/xhtml+xml,application/xml;q=0.9,image/webp,image/apng,*/*;q=0.8',
  'referer' => 'http://192.168.18.228/transport/public/index/index/index.html',
  'accept-encoding' => 'gzip, deflate',
  'accept-language' => 'zh-CN,zh;q=0.8',
  'cookie' => 'Hm_lvt_080836300300be57b7f34f4b3e97d911=1509582894,1509669647,1510047604,1510123521; PHPSESSID=2nr6prpd1mohu75roaei6fh4s6',
)
[ info ] [ PARAM ] array (
)
[ info ] [ DB ] INIT mysql
[ info ] [ SESSION ] INIT array (
  'id' => '',
  'var_session_id' => '',
  'prefix' => 'think',
  'type' => '',
  'auto_start' => true,
)
[ info ] [ RUN ] app\index\controller\Personalcenter->personalcenter_index[ E:\WWW\transport\application\index\controller\Personalcenter.php ]
[ info ] [ VIEW ] E:\WWW\transport\public/../application/index\view\personalcenter\personalcenter_index.html [ array (
  0 => 'banner',
  1 => 'username',
  2 => 'user_u',
  3 => 'userres',
) ]
[ info ] [ LOG ] INIT File
[ sql ] [ DB ] CONNECT:[ UseTime:0.010774s ] mysql:dbname=transport;host=127.0.0.1;charset=utf8
[ sql ] [ SQL ] SHOW COLUMNS FROM `tr_banner` [ RunTime:0.005429s ]
[ sql ] [ SQL ] SELECT * FROM `tr_banner` LIMIT 1 [ RunTime:0.000669s ]
[ sql ] [ SQL ] SHOW COLUMNS FROM `tr_user` [ RunTime:0.005840s ]
[ sql ] [ SQL ] SELECT * FROM `tr_user` WHERE  `id` = 3 LIMIT 1 [ RunTime:0.000452s ]
[ sql ] [ SQL ] SELECT * FROM `tr_user` WHERE  `id` = 3  AND `is_recycle` = 0 LIMIT 1 [ RunTime:0.000485s ]
---------------------------------------------------------------
[ 2017-11-23T08:57:28+08:00 ] 192.168.18.228 192.168.18.228 GET /transport/public/static/index/fonts/glyphicons-halflings-regular.woff2
[ info ] 192.168.18.228/transport/public/static/index/fonts/glyphicons-halflings-regular.woff2 [运行时间：0.025109s][吞吐率：39.83req/s] [内存消耗：1,409.99kb] [文件加载：40]
[ info ] [ LANG ] E:\WWW\transport\thinkphp\lang\zh-cn.php
[ info ] [ ROUTE ] array (
  'type' => 'module',
  'module' => 
  array (
    0 => 'static',
    1 => 'index',
    2 => 'fonts',
  ),
)
[ info ] [ HEADER ] array (
  'host' => '192.168.18.228',
  'connection' => 'keep-alive',
  'origin' => 'http://192.168.18.228',
  'user-agent' => 'Mozilla/5.0 (Windows NT 10.0; WOW64) AppleWebKit/537.36 (KHTML, like Gecko) Chrome/61.0.3163.100 Safari/537.36',
  'accept' => '*/*',
  'referer' => 'http://192.168.18.228/transport/public/static/index/css/bootstrap.min.css',
  'accept-encoding' => 'gzip, deflate',
  'accept-language' => 'zh-CN,zh;q=0.8',
  'cookie' => 'Hm_lvt_080836300300be57b7f34f4b3e97d911=1509582894,1509669647,1510047604,1510123521; PHPSESSID=2nr6prpd1mohu75roaei6fh4s6',
)
[ info ] [ PARAM ] array (
)
[ info ] [ LOG ] INIT File
---------------------------------------------------------------
[ 2017-11-23T08:57:31+08:00 ] 192.168.18.228 192.168.18.228 GET /transport/public/index/personalcenter/warehouselist.html
[ info ] 192.168.18.228/transport/public/index/personalcenter/warehouselist.html [运行时间：0.141250s][吞吐率：7.08req/s] [内存消耗：3,220.80kb] [文件加载：60]
[ info ] [ LANG ] E:\WWW\transport\thinkphp\lang\zh-cn.php
[ info ] [ ROUTE ] array (
  'type' => 'module',
  'module' => 
  array (
    0 => 'index',
    1 => 'personalcenter',
    2 => 'warehouselist',
  ),
)
[ info ] [ HEADER ] array (
  'host' => '192.168.18.228',
  'connection' => 'keep-alive',
  'upgrade-insecure-requests' => '1',
  'user-agent' => 'Mozilla/5.0 (Windows NT 10.0; WOW64) AppleWebKit/537.36 (KHTML, like Gecko) Chrome/61.0.3163.100 Safari/537.36',
  'accept' => 'text/html,application/xhtml+xml,application/xml;q=0.9,image/webp,image/apng,*/*;q=0.8',
  'referer' => 'http://192.168.18.228/transport/public/index/personalcenter/personalcenter_index.html',
  'accept-encoding' => 'gzip, deflate',
  'accept-language' => 'zh-CN,zh;q=0.8',
  'cookie' => 'Hm_lvt_080836300300be57b7f34f4b3e97d911=1509582894,1509669647,1510047604,1510123521; PHPSESSID=2nr6prpd1mohu75roaei6fh4s6',
)
[ info ] [ PARAM ] array (
)
[ info ] [ DB ] INIT mysql
[ info ] [ SESSION ] INIT array (
  'id' => '',
  'var_session_id' => '',
  'prefix' => 'think',
  'type' => '',
  'auto_start' => true,
)
[ info ] [ RUN ] app\index\controller\Personalcenter->warehouselist[ E:\WWW\transport\application\index\controller\Personalcenter.php ]
[ info ] [ VIEW ] E:\WWW\transport\public/../application/index\view\personalcenter\warehouselist.html [ array (
  0 => 'banner',
  1 => 'username',
  2 => 'user_u',
  3 => 'userres',
  4 => 'wh_address',
  5 => 'wh_time',
  6 => 'order_state',
  7 => 'wh_type',
  8 => 'wh_res',
  9 => 'current_page',
  10 => 'total_meg',
  11 => 'totalpage',
) ]
[ info ] [ LOG ] INIT File
[ sql ] [ DB ] CONNECT:[ UseTime:0.011194s ] mysql:dbname=transport;host=127.0.0.1;charset=utf8
[ sql ] [ SQL ] SHOW COLUMNS FROM `tr_banner` [ RunTime:0.005636s ]
[ sql ] [ SQL ] SELECT * FROM `tr_banner` LIMIT 1 [ RunTime:0.000731s ]
[ sql ] [ SQL ] SHOW COLUMNS FROM `tr_user` [ RunTime:0.005897s ]
[ sql ] [ SQL ] SELECT * FROM `tr_user` WHERE  `id` = 3 LIMIT 1 [ RunTime:0.000529s ]
[ sql ] [ SQL ] SELECT * FROM `tr_user` WHERE  `id` = 3  AND `is_recycle` = 0 LIMIT 1 [ RunTime:0.000502s ]
[ sql ] [ SQL ] SHOW COLUMNS FROM `tr_warehouse` [ RunTime:0.019971s ]
[ sql ] [ SQL ] SELECT COUNT(*) AS tp_count FROM `tr_warehouse` WHERE  `wh_uid` = '13403991030'  AND `is_recycle` = 0 LIMIT 1 [ RunTime:0.003183s ]
[ sql ] [ SQL ] SELECT * FROM `tr_warehouse` WHERE  `wh_uid` = '13403991030'  AND `is_recycle` = 0 ORDER BY id desc LIMIT 0,5 [ RunTime:0.000726s ]
---------------------------------------------------------------
[ 2017-11-23T08:57:31+08:00 ] 192.168.18.228 192.168.18.228 GET /transport/public/static/index/fonts/glyphicons-halflings-regular.woff2
[ info ] 192.168.18.228/transport/public/static/index/fonts/glyphicons-halflings-regular.woff2 [运行时间：0.022522s][吞吐率：44.40req/s] [内存消耗：1,409.99kb] [文件加载：40]
[ info ] [ LANG ] E:\WWW\transport\thinkphp\lang\zh-cn.php
[ info ] [ ROUTE ] array (
  'type' => 'module',
  'module' => 
  array (
    0 => 'static',
    1 => 'index',
    2 => 'fonts',
  ),
)
[ info ] [ HEADER ] array (
  'host' => '192.168.18.228',
  'connection' => 'keep-alive',
  'origin' => 'http://192.168.18.228',
  'user-agent' => 'Mozilla/5.0 (Windows NT 10.0; WOW64) AppleWebKit/537.36 (KHTML, like Gecko) Chrome/61.0.3163.100 Safari/537.36',
  'accept' => '*/*',
  'referer' => 'http://192.168.18.228/transport/public/static/index/css/bootstrap.min.css',
  'accept-encoding' => 'gzip, deflate',
  'accept-language' => 'zh-CN,zh;q=0.8',
  'cookie' => 'Hm_lvt_080836300300be57b7f34f4b3e97d911=1509582894,1509669647,1510047604,1510123521; PHPSESSID=2nr6prpd1mohu75roaei6fh4s6',
)
[ info ] [ PARAM ] array (
)
[ info ] [ LOG ] INIT File
---------------------------------------------------------------
[ 2017-11-23T08:57:34+08:00 ] 192.168.18.228 192.168.18.228 GET /transport/public/index/personalcenter/warehouselist.html?wh_address=&order_state=%E5%85%A8%E9%83%A8&wh_time=&wh_type=%E4%BF%9D%E7%A8%8E%E5%BA%93
[ info ] 192.168.18.228/transport/public/index/personalcenter/warehouselist.html?wh_address=&order_state=%E5%85%A8%E9%83%A8&wh_time=&wh_type=%E4%BF%9D%E7%A8%8E%E5%BA%93 [运行时间：0.069188s][吞吐率：14.45req/s] [内存消耗：3,207.63kb] [文件加载：60]
[ info ] [ LANG ] E:\WWW\transport\thinkphp\lang\zh-cn.php
[ info ] [ ROUTE ] array (
  'type' => 'module',
  'module' => 
  array (
    0 => 'index',
    1 => 'personalcenter',
    2 => 'warehouselist',
  ),
)
[ info ] [ HEADER ] array (
  'host' => '192.168.18.228',
  'connection' => 'keep-alive',
  'upgrade-insecure-requests' => '1',
  'user-agent' => 'Mozilla/5.0 (Windows NT 10.0; WOW64) AppleWebKit/537.36 (KHTML, like Gecko) Chrome/61.0.3163.100 Safari/537.36',
  'accept' => 'text/html,application/xhtml+xml,application/xml;q=0.9,image/webp,image/apng,*/*;q=0.8',
  'referer' => 'http://192.168.18.228/transport/public/index/personalcenter/warehouselist.html',
  'accept-encoding' => 'gzip, deflate',
  'accept-language' => 'zh-CN,zh;q=0.8',
  'cookie' => 'Hm_lvt_080836300300be57b7f34f4b3e97d911=1509582894,1509669647,1510047604,1510123521; PHPSESSID=2nr6prpd1mohu75roaei6fh4s6',
)
[ info ] [ PARAM ] array (
  'wh_address' => '',
  'order_state' => '全部',
  'wh_time' => '',
  'wh_type' => '保税库',
)
[ info ] [ DB ] INIT mysql
[ info ] [ SESSION ] INIT array (
  'id' => '',
  'var_session_id' => '',
  'prefix' => 'think',
  'type' => '',
  'auto_start' => true,
)
[ info ] [ RUN ] app\index\controller\Personalcenter->warehouselist[ E:\WWW\transport\application\index\controller\Personalcenter.php ]
[ info ] [ VIEW ] E:\WWW\transport\public/../application/index\view\personalcenter\warehouselist.html [ array (
  0 => 'banner',
  1 => 'username',
  2 => 'user_u',
  3 => 'userres',
  4 => 'wh_address',
  5 => 'wh_time',
  6 => 'order_state',
  7 => 'wh_type',
  8 => 'wh_res',
  9 => 'current_page',
  10 => 'total_meg',
  11 => 'totalpage',
) ]
[ info ] [ LOG ] INIT File
[ sql ] [ DB ] CONNECT:[ UseTime:0.002277s ] mysql:dbname=transport;host=127.0.0.1;charset=utf8
[ sql ] [ SQL ] SHOW COLUMNS FROM `tr_banner` [ RunTime:0.005477s ]
[ sql ] [ SQL ] SELECT * FROM `tr_banner` LIMIT 1 [ RunTime:0.000520s ]
[ sql ] [ SQL ] SHOW COLUMNS FROM `tr_user` [ RunTime:0.006098s ]
[ sql ] [ SQL ] SELECT * FROM `tr_user` WHERE  `id` = 3 LIMIT 1 [ RunTime:0.000434s ]
[ sql ] [ SQL ] SELECT * FROM `tr_user` WHERE  `id` = 3  AND `is_recycle` = 0 LIMIT 1 [ RunTime:0.000379s ]
[ sql ] [ SQL ] SHOW COLUMNS FROM `tr_warehouse` [ RunTime:0.005655s ]
[ sql ] [ SQL ] SELECT COUNT(*) AS tp_count FROM `tr_warehouse` WHERE  `wh_uid` = '13403991030'  AND `wh_type` LIKE '%保税库%'  AND `is_recycle` = 0 LIMIT 1 [ RunTime:0.000540s ]
[ sql ] [ SQL ] SELECT * FROM `tr_warehouse` WHERE  `wh_uid` = '13403991030'  AND `wh_type` LIKE '%保税库%'  AND `is_recycle` = 0 ORDER BY id desc LIMIT 0,5 [ RunTime:0.000753s ]
---------------------------------------------------------------
[ 2017-11-23T08:57:34+08:00 ] 192.168.18.228 192.168.18.228 GET /transport/public/static/index/fonts/glyphicons-halflings-regular.woff2
[ info ] 192.168.18.228/transport/public/static/index/fonts/glyphicons-halflings-regular.woff2 [运行时间：0.023715s][吞吐率：42.17req/s] [内存消耗：1,409.99kb] [文件加载：40]
[ info ] [ LANG ] E:\WWW\transport\thinkphp\lang\zh-cn.php
[ info ] [ ROUTE ] array (
  'type' => 'module',
  'module' => 
  array (
    0 => 'static',
    1 => 'index',
    2 => 'fonts',
  ),
)
[ info ] [ HEADER ] array (
  'host' => '192.168.18.228',
  'connection' => 'keep-alive',
  'origin' => 'http://192.168.18.228',
  'user-agent' => 'Mozilla/5.0 (Windows NT 10.0; WOW64) AppleWebKit/537.36 (KHTML, like Gecko) Chrome/61.0.3163.100 Safari/537.36',
  'accept' => '*/*',
  'referer' => 'http://192.168.18.228/transport/public/static/index/css/bootstrap.min.css',
  'accept-encoding' => 'gzip, deflate',
  'accept-language' => 'zh-CN,zh;q=0.8',
  'cookie' => 'Hm_lvt_080836300300be57b7f34f4b3e97d911=1509582894,1509669647,1510047604,1510123521; PHPSESSID=2nr6prpd1mohu75roaei6fh4s6',
)
[ info ] [ PARAM ] array (
)
[ info ] [ LOG ] INIT File
---------------------------------------------------------------
[ 2017-11-23T08:57:38+08:00 ] 192.168.18.228 192.168.18.228 GET /transport/public/index/personalcenter/warehouselist.html?wh_address=&order_state=%E5%85%A8%E9%83%A8&wh_time=&wh_type=%E4%B8%8D%E9%99%90
[ info ] 192.168.18.228/transport/public/index/personalcenter/warehouselist.html?wh_address=&order_state=%E5%85%A8%E9%83%A8&wh_time=&wh_type=%E4%B8%8D%E9%99%90 [运行时间：0.068013s][吞吐率：14.70req/s] [内存消耗：3,222.03kb] [文件加载：60]
[ info ] [ LANG ] E:\WWW\transport\thinkphp\lang\zh-cn.php
[ info ] [ ROUTE ] array (
  'type' => 'module',
  'module' => 
  array (
    0 => 'index',
    1 => 'personalcenter',
    2 => 'warehouselist',
  ),
)
[ info ] [ HEADER ] array (
  'host' => '192.168.18.228',
  'connection' => 'keep-alive',
  'upgrade-insecure-requests' => '1',
  'user-agent' => 'Mozilla/5.0 (Windows NT 10.0; WOW64) AppleWebKit/537.36 (KHTML, like Gecko) Chrome/61.0.3163.100 Safari/537.36',
  'accept' => 'text/html,application/xhtml+xml,application/xml;q=0.9,image/webp,image/apng,*/*;q=0.8',
  'referer' => 'http://192.168.18.228/transport/public/index/personalcenter/warehouselist.html?wh_address=&order_state=%E5%85%A8%E9%83%A8&wh_time=&wh_type=%E4%BF%9D%E7%A8%8E%E5%BA%93',
  'accept-encoding' => 'gzip, deflate',
  'accept-language' => 'zh-CN,zh;q=0.8',
  'cookie' => 'Hm_lvt_080836300300be57b7f34f4b3e97d911=1509582894,1509669647,1510047604,1510123521; PHPSESSID=2nr6prpd1mohu75roaei6fh4s6',
)
[ info ] [ PARAM ] array (
  'wh_address' => '',
  'order_state' => '全部',
  'wh_time' => '',
  'wh_type' => '不限',
)
[ info ] [ DB ] INIT mysql
[ info ] [ SESSION ] INIT array (
  'id' => '',
  'var_session_id' => '',
  'prefix' => 'think',
  'type' => '',
  'auto_start' => true,
)
[ info ] [ RUN ] app\index\controller\Personalcenter->warehouselist[ E:\WWW\transport\application\index\controller\Personalcenter.php ]
[ info ] [ VIEW ] E:\WWW\transport\public/../application/index\view\personalcenter\warehouselist.html [ array (
  0 => 'banner',
  1 => 'username',
  2 => 'user_u',
  3 => 'userres',
  4 => 'wh_address',
  5 => 'wh_time',
  6 => 'order_state',
  7 => 'wh_type',
  8 => 'wh_res',
  9 => 'current_page',
  10 => 'total_meg',
  11 => 'totalpage',
) ]
[ info ] [ LOG ] INIT File
[ sql ] [ DB ] CONNECT:[ UseTime:0.001653s ] mysql:dbname=transport;host=127.0.0.1;charset=utf8
[ sql ] [ SQL ] SHOW COLUMNS FROM `tr_banner` [ RunTime:0.006717s ]
[ sql ] [ SQL ] SELECT * FROM `tr_banner` LIMIT 1 [ RunTime:0.000571s ]
[ sql ] [ SQL ] SHOW COLUMNS FROM `tr_user` [ RunTime:0.005437s ]
[ sql ] [ SQL ] SELECT * FROM `tr_user` WHERE  `id` = 3 LIMIT 1 [ RunTime:0.000561s ]
[ sql ] [ SQL ] SELECT * FROM `tr_user` WHERE  `id` = 3  AND `is_recycle` = 0 LIMIT 1 [ RunTime:0.000505s ]
[ sql ] [ SQL ] SHOW COLUMNS FROM `tr_warehouse` [ RunTime:0.005452s ]
[ sql ] [ SQL ] SELECT COUNT(*) AS tp_count FROM `tr_warehouse` WHERE  `wh_uid` = '13403991030'  AND `is_recycle` = 0 LIMIT 1 [ RunTime:0.000514s ]
[ sql ] [ SQL ] SELECT * FROM `tr_warehouse` WHERE  `wh_uid` = '13403991030'  AND `is_recycle` = 0 ORDER BY id desc LIMIT 0,5 [ RunTime:0.000637s ]
---------------------------------------------------------------
[ 2017-11-23T08:57:38+08:00 ] 192.168.18.228 192.168.18.228 GET /transport/public/static/index/fonts/glyphicons-halflings-regular.woff2
[ info ] 192.168.18.228/transport/public/static/index/fonts/glyphicons-halflings-regular.woff2 [运行时间：0.023468s][吞吐率：42.61req/s] [内存消耗：1,409.99kb] [文件加载：40]
[ info ] [ LANG ] E:\WWW\transport\thinkphp\lang\zh-cn.php
[ info ] [ ROUTE ] array (
  'type' => 'module',
  'module' => 
  array (
    0 => 'static',
    1 => 'index',
    2 => 'fonts',
  ),
)
[ info ] [ HEADER ] array (
  'host' => '192.168.18.228',
  'connection' => 'keep-alive',
  'origin' => 'http://192.168.18.228',
  'user-agent' => 'Mozilla/5.0 (Windows NT 10.0; WOW64) AppleWebKit/537.36 (KHTML, like Gecko) Chrome/61.0.3163.100 Safari/537.36',
  'accept' => '*/*',
  'referer' => 'http://192.168.18.228/transport/public/static/index/css/bootstrap.min.css',
  'accept-encoding' => 'gzip, deflate',
  'accept-language' => 'zh-CN,zh;q=0.8',
  'cookie' => 'Hm_lvt_080836300300be57b7f34f4b3e97d911=1509582894,1509669647,1510047604,1510123521; PHPSESSID=2nr6prpd1mohu75roaei6fh4s6',
)
[ info ] [ PARAM ] array (
)
[ info ] [ LOG ] INIT File
