---------------------------------------------------------------
[ 2017-09-25T17:27:09+08:00 ] ::1 ::1 GET /transport/public/static/index/fonts/glyphicons-halflings-regular.woff2
[ info ] localhost/transport/public/static/index/fonts/glyphicons-halflings-regular.woff2 [运行时间：0.021788s][吞吐率：45.90req/s] [内存消耗：2,539.70kb] [文件加载：40]
[ info ] [ LANG ] E:\wamp\www\transport\thinkphp\lang\zh-cn.php
[ info ] [ ROUTE ] array (
  'type' => 'module',
  'module' => 
  array (
    0 => 'static',
    1 => 'index',
    2 => 'fonts',
  ),
)
[ info ] [ HEADER ] array (
  'host' => 'localhost',
  'user-agent' => 'Mozilla/5.0 (Windows NT 10.0; WOW64; rv:55.0) Gecko/20100101 Firefox/55.0',
  'accept' => 'application/font-woff2;q=1.0,application/font-woff;q=0.9,*/*;q=0.8',
  'accept-language' => 'zh-CN,zh;q=0.8,en-US;q=0.5,en;q=0.3',
  'accept-encoding' => 'identity',
  'referer' => 'http://localhost/transport/public/static/index/css/bootstrap.min.css',
  'cookie' => 'Hm_lvt_080836300300be57b7f34f4b3e97d911=1505961983,1505987157,1506064875,1506303316; PHPSESSID=mto9m5sv420s5qvv1r28mnksp2; Hm_lpvt_080836300300be57b7f34f4b3e97d911=1506331463',
  'connection' => 'keep-alive',
)
[ info ] [ PARAM ] array (
)
[ info ] [ LOG ] INIT File
---------------------------------------------------------------
[ 2017-09-25T17:27:10+08:00 ] ::1 ::1 GET /transport/public/index/index/index.html
[ info ] localhost/transport/public/index/index/index.html [运行时间：0.133764s][吞吐率：7.48req/s] [内存消耗：5,712.70kb] [文件加载：60]
[ info ] [ LANG ] E:\wamp\www\transport\thinkphp\lang\zh-cn.php
[ info ] [ ROUTE ] array (
  'type' => 'module',
  'module' => 
  array (
    0 => 'index',
    1 => 'index',
    2 => 'index',
  ),
)
[ info ] [ HEADER ] array (
  'host' => 'localhost',
  'user-agent' => 'Mozilla/5.0 (Windows NT 10.0; WOW64; rv:55.0) Gecko/20100101 Firefox/55.0',
  'accept' => 'text/html,application/xhtml+xml,application/xml;q=0.9,*/*;q=0.8',
  'accept-language' => 'zh-CN,zh;q=0.8,en-US;q=0.5,en;q=0.3',
  'accept-encoding' => 'gzip, deflate',
  'referer' => 'http://localhost/transport/public/index/goods/goods_car.html?goods_name=&starting_address=&destination=&standard_ton=%E4%B8%8D%E9%99%90&standard_square=%E4%B8%8D%E9%99%90&car_length=&car_type=&is_company=%E4%B8%8D%E9%99%90&start_loadingtime=&time=',
  'cookie' => 'Hm_lvt_080836300300be57b7f34f4b3e97d911=1505961983,1505987157,1506064875,1506303316; PHPSESSID=mto9m5sv420s5qvv1r28mnksp2; Hm_lpvt_080836300300be57b7f34f4b3e97d911=1506331463',
  'connection' => 'keep-alive',
  'upgrade-insecure-requests' => '1',
)
[ info ] [ PARAM ] array (
)
[ info ] [ RUN ] app\index\controller\Index->index[ E:\wamp\www\transport\application\index\controller\Index.php ]
[ info ] [ SESSION ] INIT array (
  'id' => '',
  'var_session_id' => '',
  'prefix' => 'think',
  'type' => '',
  'auto_start' => true,
)
[ info ] [ DB ] INIT mysql
[ info ] [ VIEW ] E:\wamp\www\transport\public/../application/index\view\index\index.html [ array (
  0 => 'username',
  1 => 'goodsres',
  2 => 'goods_sort',
  3 => 'news',
  4 => 'customerres',
  5 => 'image',
  6 => 'pathres',
  7 => 'goodsres1',
) ]
[ info ] [ LOG ] INIT File
[ sql ] [ DB ] CONNECT:[ UseTime:0.009738s ] mysql:dbname=transport;host=127.0.0.1;charset=utf8
[ sql ] [ SQL ] SHOW COLUMNS FROM `tr_goods` [ RunTime:0.012701s ]
[ sql ] [ SQL ] SELECT COUNT(*) AS tp_count FROM `tr_goods` WHERE  `uptype` = '0' LIMIT 1 [ RunTime:0.000418s ]
[ sql ] [ SQL ] SELECT * FROM `tr_goods` WHERE  `uptype` = '0' ORDER BY id desc LIMIT 0,1 [ RunTime:0.000503s ]
[ sql ] [ SQL ] SHOW COLUMNS FROM `tr_goodskindtype` [ RunTime:0.010255s ]
[ sql ] [ SQL ] SELECT * FROM `tr_goodskindtype` [ RunTime:0.000336s ]
[ sql ] [ SQL ] SHOW COLUMNS FROM `tr_article` [ RunTime:0.009987s ]
[ sql ] [ SQL ] SELECT COUNT(*) AS tp_count FROM `tr_article` WHERE  `statue` = '是' LIMIT 1 [ RunTime:0.000426s ]
[ sql ] [ SQL ] SELECT * FROM `tr_article` WHERE  `statue` = '是' ORDER BY sort desc,id desc LIMIT 0,7 [ RunTime:0.000487s ]
[ sql ] [ SQL ] SHOW COLUMNS FROM `tr_customer` [ RunTime:0.011006s ]
[ sql ] [ SQL ] SELECT * FROM `tr_customer` ORDER BY id desc [ RunTime:0.000419s ]
[ sql ] [ SQL ] SHOW COLUMNS FROM `tr_image` [ RunTime:0.010793s ]
[ sql ] [ SQL ] SELECT * FROM `tr_image` ORDER BY id desc [ RunTime:0.000448s ]
[ sql ] [ SQL ] SHOW COLUMNS FROM `tr_path` [ RunTime:0.009291s ]
[ sql ] [ SQL ] SELECT * FROM `tr_path` WHERE  `is_company` = 1 ORDER BY id desc [ RunTime:0.000477s ]
[ sql ] [ SQL ] SELECT * FROM `tr_goods` WHERE  `uptype` = '0'  AND `is_company` = 1 ORDER BY id desc [ RunTime:0.000545s ]
---------------------------------------------------------------
[ 2017-09-25T17:27:10+08:00 ] 127.0.0.1 127.0.0.1 GET /transport/public/static/index/images/icon_2.jpg
[ info ] 127.0.0.1/transport/public/static/index/images/icon_2.jpg [运行时间：0.019715s][吞吐率：50.72req/s] [内存消耗：2,538.00kb] [文件加载：40]
[ info ] [ LANG ] E:\wamp\www\transport\thinkphp\lang\zh-cn.php
[ info ] [ ROUTE ] array (
  'type' => 'module',
  'module' => 
  array (
    0 => 'static',
    1 => 'index',
    2 => 'images',
  ),
)
[ info ] [ HEADER ] array (
  'host' => '127.0.0.1',
  'user-agent' => 'Mozilla/5.0 (Windows NT 10.0; WOW64; rv:55.0) Gecko/20100101 Firefox/55.0',
  'accept' => '*/*',
  'accept-language' => 'zh-CN,zh;q=0.8,en-US;q=0.5,en;q=0.3',
  'accept-encoding' => 'gzip, deflate',
  'referer' => 'http://127.0.0.1/transport/public/static/index/css/style.css',
  'connection' => 'keep-alive',
)
[ info ] [ PARAM ] array (
)
[ info ] [ LOG ] INIT File
---------------------------------------------------------------
[ 2017-09-25T17:27:10+08:00 ] ::1 ::1 GET /transport/public/static/index/fonts/glyphicons-halflings-regular.woff2
[ info ] localhost/transport/public/static/index/fonts/glyphicons-halflings-regular.woff2 [运行时间：0.021307s][吞吐率：46.93req/s] [内存消耗：2,539.52kb] [文件加载：40]
[ info ] [ LANG ] E:\wamp\www\transport\thinkphp\lang\zh-cn.php
[ info ] [ ROUTE ] array (
  'type' => 'module',
  'module' => 
  array (
    0 => 'static',
    1 => 'index',
    2 => 'fonts',
  ),
)
[ info ] [ HEADER ] array (
  'host' => 'localhost',
  'user-agent' => 'Mozilla/5.0 (Windows NT 10.0; WOW64; rv:55.0) Gecko/20100101 Firefox/55.0',
  'accept' => 'application/font-woff2;q=1.0,application/font-woff;q=0.9,*/*;q=0.8',
  'accept-language' => 'zh-CN,zh;q=0.8,en-US;q=0.5,en;q=0.3',
  'accept-encoding' => 'identity',
  'referer' => 'http://localhost/transport/public/static/index/css/bootstrap.min.css',
  'cookie' => 'Hm_lvt_080836300300be57b7f34f4b3e97d911=1505961983,1505987157,1506064875,1506303316; PHPSESSID=mto9m5sv420s5qvv1r28mnksp2; Hm_lpvt_080836300300be57b7f34f4b3e97d911=1506331463',
  'connection' => 'keep-alive',
)
[ info ] [ PARAM ] array (
)
[ info ] [ LOG ] INIT File
---------------------------------------------------------------
[ 2017-09-25T17:27:10+08:00 ] 127.0.0.1 127.0.0.1 GET /transport/public/static/index/images/icon_5.jpg
[ info ] 127.0.0.1/transport/public/static/index/images/icon_5.jpg [运行时间：0.021461s][吞吐率：46.60req/s] [内存消耗：2,538.00kb] [文件加载：40]
[ info ] [ LANG ] E:\wamp\www\transport\thinkphp\lang\zh-cn.php
[ info ] [ ROUTE ] array (
  'type' => 'module',
  'module' => 
  array (
    0 => 'static',
    1 => 'index',
    2 => 'images',
  ),
)
[ info ] [ HEADER ] array (
  'host' => '127.0.0.1',
  'user-agent' => 'Mozilla/5.0 (Windows NT 10.0; WOW64; rv:55.0) Gecko/20100101 Firefox/55.0',
  'accept' => '*/*',
  'accept-language' => 'zh-CN,zh;q=0.8,en-US;q=0.5,en;q=0.3',
  'accept-encoding' => 'gzip, deflate',
  'referer' => 'http://127.0.0.1/transport/public/static/index/css/style.css',
  'connection' => 'keep-alive',
)
[ info ] [ PARAM ] array (
)
[ info ] [ LOG ] INIT File
---------------------------------------------------------------
[ 2017-09-25T17:27:10+08:00 ] 127.0.0.1 127.0.0.1 GET /transport/public/static/index/images/loading.gif
[ info ] 127.0.0.1/transport/public/static/index/images/loading.gif [运行时间：0.020971s][吞吐率：47.69req/s] [内存消耗：2,538.05kb] [文件加载：40]
[ info ] [ LANG ] E:\wamp\www\transport\thinkphp\lang\zh-cn.php
[ info ] [ ROUTE ] array (
  'type' => 'module',
  'module' => 
  array (
    0 => 'static',
    1 => 'index',
    2 => 'images',
  ),
)
[ info ] [ HEADER ] array (
  'host' => '127.0.0.1',
  'user-agent' => 'Mozilla/5.0 (Windows NT 10.0; WOW64; rv:55.0) Gecko/20100101 Firefox/55.0',
  'accept' => '*/*',
  'accept-language' => 'zh-CN,zh;q=0.8,en-US;q=0.5,en;q=0.3',
  'accept-encoding' => 'gzip, deflate',
  'referer' => 'http://127.0.0.1/transport/public/static/index/css/higo.css',
  'connection' => 'keep-alive',
)
[ info ] [ PARAM ] array (
)
[ info ] [ LOG ] INIT File
---------------------------------------------------------------
[ 2017-09-25T17:27:10+08:00 ] 127.0.0.1 127.0.0.1 GET /transport/public/static/index/images/icon_4.jpg
[ info ] 127.0.0.1/transport/public/static/index/images/icon_4.jpg [运行时间：0.051530s][吞吐率：19.41req/s] [内存消耗：2,538.00kb] [文件加载：40]
[ info ] [ LANG ] E:\wamp\www\transport\thinkphp\lang\zh-cn.php
[ info ] [ ROUTE ] array (
  'type' => 'module',
  'module' => 
  array (
    0 => 'static',
    1 => 'index',
    2 => 'images',
  ),
)
[ info ] [ HEADER ] array (
  'host' => '127.0.0.1',
  'user-agent' => 'Mozilla/5.0 (Windows NT 10.0; WOW64; rv:55.0) Gecko/20100101 Firefox/55.0',
  'accept' => '*/*',
  'accept-language' => 'zh-CN,zh;q=0.8,en-US;q=0.5,en;q=0.3',
  'accept-encoding' => 'gzip, deflate',
  'referer' => 'http://127.0.0.1/transport/public/static/index/css/style.css',
  'connection' => 'keep-alive',
)
[ info ] [ PARAM ] array (
)
[ info ] [ LOG ] INIT File
---------------------------------------------------------------
[ 2017-09-25T17:27:10+08:00 ] 127.0.0.1 127.0.0.1 GET /transport/public/static/index/images/icon_3.jpg
[ info ] 127.0.0.1/transport/public/static/index/images/icon_3.jpg [运行时间：0.042492s][吞吐率：23.53req/s] [内存消耗：2,538.00kb] [文件加载：40]
[ info ] [ LANG ] E:\wamp\www\transport\thinkphp\lang\zh-cn.php
[ info ] [ ROUTE ] array (
  'type' => 'module',
  'module' => 
  array (
    0 => 'static',
    1 => 'index',
    2 => 'images',
  ),
)
[ info ] [ HEADER ] array (
  'host' => '127.0.0.1',
  'user-agent' => 'Mozilla/5.0 (Windows NT 10.0; WOW64; rv:55.0) Gecko/20100101 Firefox/55.0',
  'accept' => '*/*',
  'accept-language' => 'zh-CN,zh;q=0.8,en-US;q=0.5,en;q=0.3',
  'accept-encoding' => 'gzip, deflate',
  'referer' => 'http://127.0.0.1/transport/public/static/index/css/style.css',
  'connection' => 'keep-alive',
)
[ info ] [ PARAM ] array (
)
[ info ] [ LOG ] INIT File
---------------------------------------------------------------
[ 2017-09-25T17:27:14+08:00 ] ::1 ::1 GET /transport/public/index/index/index.html
[ info ] localhost/transport/public/index/index/index.html [运行时间：0.131631s][吞吐率：7.60req/s] [内存消耗：5,712.70kb] [文件加载：60]
[ info ] [ LANG ] E:\wamp\www\transport\thinkphp\lang\zh-cn.php
[ info ] [ ROUTE ] array (
  'type' => 'module',
  'module' => 
  array (
    0 => 'index',
    1 => 'index',
    2 => 'index',
  ),
)
[ info ] [ HEADER ] array (
  'host' => 'localhost',
  'user-agent' => 'Mozilla/5.0 (Windows NT 10.0; WOW64; rv:55.0) Gecko/20100101 Firefox/55.0',
  'accept' => 'text/html,application/xhtml+xml,application/xml;q=0.9,*/*;q=0.8',
  'accept-language' => 'zh-CN,zh;q=0.8,en-US;q=0.5,en;q=0.3',
  'accept-encoding' => 'gzip, deflate',
  'referer' => 'http://localhost/transport/public/index/index/index.html',
  'cookie' => 'Hm_lvt_080836300300be57b7f34f4b3e97d911=1505961983,1505987157,1506064875,1506303316; PHPSESSID=mto9m5sv420s5qvv1r28mnksp2; Hm_lpvt_080836300300be57b7f34f4b3e97d911=1506331463',
  'connection' => 'keep-alive',
  'upgrade-insecure-requests' => '1',
)
[ info ] [ PARAM ] array (
)
[ info ] [ RUN ] app\index\controller\Index->index[ E:\wamp\www\transport\application\index\controller\Index.php ]
[ info ] [ SESSION ] INIT array (
  'id' => '',
  'var_session_id' => '',
  'prefix' => 'think',
  'type' => '',
  'auto_start' => true,
)
[ info ] [ DB ] INIT mysql
[ info ] [ VIEW ] E:\wamp\www\transport\public/../application/index\view\index\index.html [ array (
  0 => 'username',
  1 => 'goodsres',
  2 => 'goods_sort',
  3 => 'news',
  4 => 'customerres',
  5 => 'image',
  6 => 'pathres',
  7 => 'goodsres1',
) ]
[ info ] [ LOG ] INIT File
[ sql ] [ DB ] CONNECT:[ UseTime:0.010590s ] mysql:dbname=transport;host=127.0.0.1;charset=utf8
[ sql ] [ SQL ] SHOW COLUMNS FROM `tr_goods` [ RunTime:0.013200s ]
[ sql ] [ SQL ] SELECT COUNT(*) AS tp_count FROM `tr_goods` WHERE  `uptype` = '0' LIMIT 1 [ RunTime:0.000418s ]
[ sql ] [ SQL ] SELECT * FROM `tr_goods` WHERE  `uptype` = '0' ORDER BY id desc LIMIT 0,1 [ RunTime:0.000554s ]
[ sql ] [ SQL ] SHOW COLUMNS FROM `tr_goodskindtype` [ RunTime:0.010079s ]
[ sql ] [ SQL ] SELECT * FROM `tr_goodskindtype` [ RunTime:0.000307s ]
[ sql ] [ SQL ] SHOW COLUMNS FROM `tr_article` [ RunTime:0.011863s ]
[ sql ] [ SQL ] SELECT COUNT(*) AS tp_count FROM `tr_article` WHERE  `statue` = '是' LIMIT 1 [ RunTime:0.000390s ]
[ sql ] [ SQL ] SELECT * FROM `tr_article` WHERE  `statue` = '是' ORDER BY sort desc,id desc LIMIT 0,7 [ RunTime:0.000488s ]
[ sql ] [ SQL ] SHOW COLUMNS FROM `tr_customer` [ RunTime:0.009243s ]
[ sql ] [ SQL ] SELECT * FROM `tr_customer` ORDER BY id desc [ RunTime:0.000402s ]
[ sql ] [ SQL ] SHOW COLUMNS FROM `tr_image` [ RunTime:0.009574s ]
[ sql ] [ SQL ] SELECT * FROM `tr_image` ORDER BY id desc [ RunTime:0.000325s ]
[ sql ] [ SQL ] SHOW COLUMNS FROM `tr_path` [ RunTime:0.010460s ]
[ sql ] [ SQL ] SELECT * FROM `tr_path` WHERE  `is_company` = 1 ORDER BY id desc [ RunTime:0.000465s ]
[ sql ] [ SQL ] SELECT * FROM `tr_goods` WHERE  `uptype` = '0'  AND `is_company` = 1 ORDER BY id desc [ RunTime:0.000523s ]
---------------------------------------------------------------
[ 2017-09-25T17:27:14+08:00 ] 127.0.0.1 127.0.0.1 GET /transport/public/static/index/images/loading.gif
[ info ] 127.0.0.1/transport/public/static/index/images/loading.gif [运行时间：0.019487s][吞吐率：51.32req/s] [内存消耗：2,538.05kb] [文件加载：40]
[ info ] [ LANG ] E:\wamp\www\transport\thinkphp\lang\zh-cn.php
[ info ] [ ROUTE ] array (
  'type' => 'module',
  'module' => 
  array (
    0 => 'static',
    1 => 'index',
    2 => 'images',
  ),
)
[ info ] [ HEADER ] array (
  'host' => '127.0.0.1',
  'user-agent' => 'Mozilla/5.0 (Windows NT 10.0; WOW64; rv:55.0) Gecko/20100101 Firefox/55.0',
  'accept' => '*/*',
  'accept-language' => 'zh-CN,zh;q=0.8,en-US;q=0.5,en;q=0.3',
  'accept-encoding' => 'gzip, deflate',
  'referer' => 'http://127.0.0.1/transport/public/static/index/css/higo.css',
  'connection' => 'keep-alive',
)
[ info ] [ PARAM ] array (
)
[ info ] [ LOG ] INIT File
---------------------------------------------------------------
[ 2017-09-25T17:27:14+08:00 ] 127.0.0.1 127.0.0.1 GET /transport/public/static/index/images/icon_5.jpg
[ info ] 127.0.0.1/transport/public/static/index/images/icon_5.jpg [运行时间：0.020126s][吞吐率：49.69req/s] [内存消耗：2,538.00kb] [文件加载：40]
[ info ] [ LANG ] E:\wamp\www\transport\thinkphp\lang\zh-cn.php
[ info ] [ ROUTE ] array (
  'type' => 'module',
  'module' => 
  array (
    0 => 'static',
    1 => 'index',
    2 => 'images',
  ),
)
[ info ] [ HEADER ] array (
  'host' => '127.0.0.1',
  'user-agent' => 'Mozilla/5.0 (Windows NT 10.0; WOW64; rv:55.0) Gecko/20100101 Firefox/55.0',
  'accept' => '*/*',
  'accept-language' => 'zh-CN,zh;q=0.8,en-US;q=0.5,en;q=0.3',
  'accept-encoding' => 'gzip, deflate',
  'referer' => 'http://127.0.0.1/transport/public/static/index/css/style.css',
  'connection' => 'keep-alive',
)
[ info ] [ PARAM ] array (
)
[ info ] [ LOG ] INIT File
---------------------------------------------------------------
[ 2017-09-25T17:27:14+08:00 ] 127.0.0.1 127.0.0.1 GET /transport/public/static/index/images/icon_4.jpg
[ info ] 127.0.0.1/transport/public/static/index/images/icon_4.jpg [运行时间：0.023981s][吞吐率：41.70req/s] [内存消耗：2,538.00kb] [文件加载：40]
[ info ] [ LANG ] E:\wamp\www\transport\thinkphp\lang\zh-cn.php
[ info ] [ ROUTE ] array (
  'type' => 'module',
  'module' => 
  array (
    0 => 'static',
    1 => 'index',
    2 => 'images',
  ),
)
[ info ] [ HEADER ] array (
  'host' => '127.0.0.1',
  'user-agent' => 'Mozilla/5.0 (Windows NT 10.0; WOW64; rv:55.0) Gecko/20100101 Firefox/55.0',
  'accept' => '*/*',
  'accept-language' => 'zh-CN,zh;q=0.8,en-US;q=0.5,en;q=0.3',
  'accept-encoding' => 'gzip, deflate',
  'referer' => 'http://127.0.0.1/transport/public/static/index/css/style.css',
  'connection' => 'keep-alive',
)
[ info ] [ PARAM ] array (
)
[ info ] [ LOG ] INIT File
---------------------------------------------------------------
[ 2017-09-25T17:27:14+08:00 ] 127.0.0.1 127.0.0.1 GET /transport/public/static/index/images/icon_3.jpg
[ info ] 127.0.0.1/transport/public/static/index/images/icon_3.jpg [运行时间：0.037504s][吞吐率：26.66req/s] [内存消耗：2,538.00kb] [文件加载：40]
[ info ] [ LANG ] E:\wamp\www\transport\thinkphp\lang\zh-cn.php
[ info ] [ ROUTE ] array (
  'type' => 'module',
  'module' => 
  array (
    0 => 'static',
    1 => 'index',
    2 => 'images',
  ),
)
[ info ] [ HEADER ] array (
  'host' => '127.0.0.1',
  'user-agent' => 'Mozilla/5.0 (Windows NT 10.0; WOW64; rv:55.0) Gecko/20100101 Firefox/55.0',
  'accept' => '*/*',
  'accept-language' => 'zh-CN,zh;q=0.8,en-US;q=0.5,en;q=0.3',
  'accept-encoding' => 'gzip, deflate',
  'referer' => 'http://127.0.0.1/transport/public/static/index/css/style.css',
  'connection' => 'keep-alive',
)
[ info ] [ PARAM ] array (
)
[ info ] [ LOG ] INIT File
---------------------------------------------------------------
[ 2017-09-25T17:27:14+08:00 ] ::1 ::1 GET /transport/public/static/index/fonts/glyphicons-halflings-regular.woff2
[ info ] localhost/transport/public/static/index/fonts/glyphicons-halflings-regular.woff2 [运行时间：0.049252s][吞吐率：20.30req/s] [内存消耗：2,539.52kb] [文件加载：40]
[ info ] [ LANG ] E:\wamp\www\transport\thinkphp\lang\zh-cn.php
[ info ] [ ROUTE ] array (
  'type' => 'module',
  'module' => 
  array (
    0 => 'static',
    1 => 'index',
    2 => 'fonts',
  ),
)
[ info ] [ HEADER ] array (
  'host' => 'localhost',
  'user-agent' => 'Mozilla/5.0 (Windows NT 10.0; WOW64; rv:55.0) Gecko/20100101 Firefox/55.0',
  'accept' => 'application/font-woff2;q=1.0,application/font-woff;q=0.9,*/*;q=0.8',
  'accept-language' => 'zh-CN,zh;q=0.8,en-US;q=0.5,en;q=0.3',
  'accept-encoding' => 'identity',
  'referer' => 'http://localhost/transport/public/static/index/css/bootstrap.min.css',
  'cookie' => 'Hm_lvt_080836300300be57b7f34f4b3e97d911=1505961983,1505987157,1506064875,1506303316; PHPSESSID=mto9m5sv420s5qvv1r28mnksp2; Hm_lpvt_080836300300be57b7f34f4b3e97d911=1506331463',
  'connection' => 'keep-alive',
)
[ info ] [ PARAM ] array (
)
[ info ] [ LOG ] INIT File
---------------------------------------------------------------
[ 2017-09-25T17:27:14+08:00 ] 127.0.0.1 127.0.0.1 GET /transport/public/static/index/images/icon_2.jpg
[ info ] 127.0.0.1/transport/public/static/index/images/icon_2.jpg [运行时间：0.063667s][吞吐率：15.71req/s] [内存消耗：2,538.00kb] [文件加载：40]
[ info ] [ LANG ] E:\wamp\www\transport\thinkphp\lang\zh-cn.php
[ info ] [ ROUTE ] array (
  'type' => 'module',
  'module' => 
  array (
    0 => 'static',
    1 => 'index',
    2 => 'images',
  ),
)
[ info ] [ HEADER ] array (
  'host' => '127.0.0.1',
  'user-agent' => 'Mozilla/5.0 (Windows NT 10.0; WOW64; rv:55.0) Gecko/20100101 Firefox/55.0',
  'accept' => '*/*',
  'accept-language' => 'zh-CN,zh;q=0.8,en-US;q=0.5,en;q=0.3',
  'accept-encoding' => 'gzip, deflate',
  'referer' => 'http://127.0.0.1/transport/public/static/index/css/style.css',
  'connection' => 'keep-alive',
)
[ info ] [ PARAM ] array (
)
[ info ] [ LOG ] INIT File
---------------------------------------------------------------
[ 2017-09-25T17:27:20+08:00 ] ::1 ::1 GET /transport/public/index/foot/deal_flowpath.html
[ info ] localhost/transport/public/index/foot/deal_flowpath.html [运行时间：0.029803s][吞吐率：33.55req/s] [内存消耗：3,172.17kb] [文件加载：47]
[ info ] [ LANG ] E:\wamp\www\transport\thinkphp\lang\zh-cn.php
[ info ] [ ROUTE ] array (
  'type' => 'module',
  'module' => 
  array (
    0 => 'index',
    1 => 'foot',
    2 => 'deal_flowpath',
  ),
)
[ info ] [ HEADER ] array (
  'host' => 'localhost',
  'user-agent' => 'Mozilla/5.0 (Windows NT 10.0; WOW64; rv:55.0) Gecko/20100101 Firefox/55.0',
  'accept' => 'text/html,application/xhtml+xml,application/xml;q=0.9,*/*;q=0.8',
  'accept-language' => 'zh-CN,zh;q=0.8,en-US;q=0.5,en;q=0.3',
  'accept-encoding' => 'gzip, deflate',
  'referer' => 'http://localhost/transport/public/index/index/index.html',
  'cookie' => 'Hm_lvt_080836300300be57b7f34f4b3e97d911=1505961983,1505987157,1506064875,1506303316; PHPSESSID=mto9m5sv420s5qvv1r28mnksp2; Hm_lpvt_080836300300be57b7f34f4b3e97d911=1506331463',
  'connection' => 'keep-alive',
  'upgrade-insecure-requests' => '1',
)
[ info ] [ PARAM ] array (
)
[ info ] [ RUN ] app\index\controller\Foot->deal_flowpath[ E:\wamp\www\transport\application\index\controller\Foot.php ]
[ info ] [ VIEW ] E:\wamp\www\transport\public/../application/index\view\foot\deal_flowpath.html [ array (
) ]
[ info ] [ SESSION ] INIT array (
  'id' => '',
  'var_session_id' => '',
  'prefix' => 'think',
  'type' => '',
  'auto_start' => true,
)
[ info ] [ LOG ] INIT File
---------------------------------------------------------------
[ 2017-09-25T17:27:20+08:00 ] ::1 ::1 GET /transport/public/static/index/fonts/glyphicons-halflings-regular.woff2
[ info ] localhost/transport/public/static/index/fonts/glyphicons-halflings-regular.woff2 [运行时间：0.022659s][吞吐率：44.13req/s] [内存消耗：2,539.52kb] [文件加载：40]
[ info ] [ LANG ] E:\wamp\www\transport\thinkphp\lang\zh-cn.php
[ info ] [ ROUTE ] array (
  'type' => 'module',
  'module' => 
  array (
    0 => 'static',
    1 => 'index',
    2 => 'fonts',
  ),
)
[ info ] [ HEADER ] array (
  'host' => 'localhost',
  'user-agent' => 'Mozilla/5.0 (Windows NT 10.0; WOW64; rv:55.0) Gecko/20100101 Firefox/55.0',
  'accept' => 'application/font-woff2;q=1.0,application/font-woff;q=0.9,*/*;q=0.8',
  'accept-language' => 'zh-CN,zh;q=0.8,en-US;q=0.5,en;q=0.3',
  'accept-encoding' => 'identity',
  'referer' => 'http://localhost/transport/public/static/index/css/bootstrap.min.css',
  'cookie' => 'Hm_lvt_080836300300be57b7f34f4b3e97d911=1505961983,1505987157,1506064875,1506303316; PHPSESSID=mto9m5sv420s5qvv1r28mnksp2; Hm_lpvt_080836300300be57b7f34f4b3e97d911=1506331463',
  'connection' => 'keep-alive',
)
[ info ] [ PARAM ] array (
)
[ info ] [ LOG ] INIT File
---------------------------------------------------------------
[ 2017-09-25T17:27:25+08:00 ] ::1 ::1 GET /transport/public/index/foot/deal_flowpath.html
[ info ] localhost/transport/public/index/foot/deal_flowpath.html [运行时间：0.027931s][吞吐率：35.80req/s] [内存消耗：3,172.17kb] [文件加载：47]
[ info ] [ LANG ] E:\wamp\www\transport\thinkphp\lang\zh-cn.php
[ info ] [ ROUTE ] array (
  'type' => 'module',
  'module' => 
  array (
    0 => 'index',
    1 => 'foot',
    2 => 'deal_flowpath',
  ),
)
[ info ] [ HEADER ] array (
  'host' => 'localhost',
  'user-agent' => 'Mozilla/5.0 (Windows NT 10.0; WOW64; rv:55.0) Gecko/20100101 Firefox/55.0',
  'accept' => 'text/html,application/xhtml+xml,application/xml;q=0.9,*/*;q=0.8',
  'accept-language' => 'zh-CN,zh;q=0.8,en-US;q=0.5,en;q=0.3',
  'accept-encoding' => 'gzip, deflate',
  'referer' => 'http://localhost/transport/public/index/foot/deal_flowpath.html',
  'cookie' => 'Hm_lvt_080836300300be57b7f34f4b3e97d911=1505961983,1505987157,1506064875,1506303316; PHPSESSID=mto9m5sv420s5qvv1r28mnksp2; Hm_lpvt_080836300300be57b7f34f4b3e97d911=1506331463',
  'connection' => 'keep-alive',
  'upgrade-insecure-requests' => '1',
)
[ info ] [ PARAM ] array (
)
[ info ] [ RUN ] app\index\controller\Foot->deal_flowpath[ E:\wamp\www\transport\application\index\controller\Foot.php ]
[ info ] [ VIEW ] E:\wamp\www\transport\public/../application/index\view\foot\deal_flowpath.html [ array (
) ]
[ info ] [ SESSION ] INIT array (
  'id' => '',
  'var_session_id' => '',
  'prefix' => 'think',
  'type' => '',
  'auto_start' => true,
)
[ info ] [ LOG ] INIT File
---------------------------------------------------------------
[ 2017-09-25T17:27:26+08:00 ] ::1 ::1 GET /transport/public/static/index/fonts/glyphicons-halflings-regular.woff2
[ info ] localhost/transport/public/static/index/fonts/glyphicons-halflings-regular.woff2 [运行时间：0.020395s][吞吐率：49.03req/s] [内存消耗：2,539.52kb] [文件加载：40]
[ info ] [ LANG ] E:\wamp\www\transport\thinkphp\lang\zh-cn.php
[ info ] [ ROUTE ] array (
  'type' => 'module',
  'module' => 
  array (
    0 => 'static',
    1 => 'index',
    2 => 'fonts',
  ),
)
[ info ] [ HEADER ] array (
  'host' => 'localhost',
  'user-agent' => 'Mozilla/5.0 (Windows NT 10.0; WOW64; rv:55.0) Gecko/20100101 Firefox/55.0',
  'accept' => 'application/font-woff2;q=1.0,application/font-woff;q=0.9,*/*;q=0.8',
  'accept-language' => 'zh-CN,zh;q=0.8,en-US;q=0.5,en;q=0.3',
  'accept-encoding' => 'identity',
  'referer' => 'http://localhost/transport/public/static/index/css/bootstrap.min.css',
  'cookie' => 'Hm_lvt_080836300300be57b7f34f4b3e97d911=1505961983,1505987157,1506064875,1506303316; PHPSESSID=mto9m5sv420s5qvv1r28mnksp2; Hm_lpvt_080836300300be57b7f34f4b3e97d911=1506331463',
  'connection' => 'keep-alive',
)
[ info ] [ PARAM ] array (
)
[ info ] [ LOG ] INIT File
---------------------------------------------------------------
[ 2017-09-25T17:27:33+08:00 ] ::1 ::1 GET /transport/public/index/foot/upload_flowpath.html
[ info ] localhost/transport/public/index/foot/upload_flowpath.html [运行时间：0.109747s][吞吐率：9.11req/s] [内存消耗：3,439.69kb] [文件加载：49]
[ info ] [ LANG ] E:\wamp\www\transport\thinkphp\lang\zh-cn.php
[ info ] [ ROUTE ] array (
  'type' => 'module',
  'module' => 
  array (
    0 => 'index',
    1 => 'foot',
    2 => 'upload_flowpath',
  ),
)
[ info ] [ HEADER ] array (
  'host' => 'localhost',
  'user-agent' => 'Mozilla/5.0 (Windows NT 10.0; WOW64; rv:55.0) Gecko/20100101 Firefox/55.0',
  'accept' => 'text/html,application/xhtml+xml,application/xml;q=0.9,*/*;q=0.8',
  'accept-language' => 'zh-CN,zh;q=0.8,en-US;q=0.5,en;q=0.3',
  'accept-encoding' => 'gzip, deflate',
  'referer' => 'http://localhost/transport/public/index/foot/deal_flowpath.html',
  'cookie' => 'Hm_lvt_080836300300be57b7f34f4b3e97d911=1505961983,1505987157,1506064875,1506303316; PHPSESSID=mto9m5sv420s5qvv1r28mnksp2; Hm_lpvt_080836300300be57b7f34f4b3e97d911=1506331463',
  'connection' => 'keep-alive',
  'upgrade-insecure-requests' => '1',
)
[ info ] [ PARAM ] array (
)
[ info ] [ RUN ] app\index\controller\Foot->upload_flowpath[ E:\wamp\www\transport\application\index\controller\Foot.php ]
[ info ] [ VIEW ] E:\wamp\www\transport\public/../application/index\view\foot\upload_flowpath.html [ array (
) ]
[ info ] [ SESSION ] INIT array (
  'id' => '',
  'var_session_id' => '',
  'prefix' => 'think',
  'type' => '',
  'auto_start' => true,
)
[ info ] [ LOG ] INIT File
---------------------------------------------------------------
[ 2017-09-25T17:27:33+08:00 ] ::1 ::1 GET /transport/public/static/index/fonts/glyphicons-halflings-regular.woff2
[ info ] localhost/transport/public/static/index/fonts/glyphicons-halflings-regular.woff2 [运行时间：0.020341s][吞吐率：49.16req/s] [内存消耗：2,539.52kb] [文件加载：40]
[ info ] [ LANG ] E:\wamp\www\transport\thinkphp\lang\zh-cn.php
[ info ] [ ROUTE ] array (
  'type' => 'module',
  'module' => 
  array (
    0 => 'static',
    1 => 'index',
    2 => 'fonts',
  ),
)
[ info ] [ HEADER ] array (
  'host' => 'localhost',
  'user-agent' => 'Mozilla/5.0 (Windows NT 10.0; WOW64; rv:55.0) Gecko/20100101 Firefox/55.0',
  'accept' => 'application/font-woff2;q=1.0,application/font-woff;q=0.9,*/*;q=0.8',
  'accept-language' => 'zh-CN,zh;q=0.8,en-US;q=0.5,en;q=0.3',
  'accept-encoding' => 'identity',
  'referer' => 'http://localhost/transport/public/static/index/css/bootstrap.min.css',
  'cookie' => 'Hm_lvt_080836300300be57b7f34f4b3e97d911=1505961983,1505987157,1506064875,1506303316; PHPSESSID=mto9m5sv420s5qvv1r28mnksp2; Hm_lpvt_080836300300be57b7f34f4b3e97d911=1506331463',
  'connection' => 'keep-alive',
)
[ info ] [ PARAM ] array (
)
[ info ] [ LOG ] INIT File
---------------------------------------------------------------
[ 2017-09-25T17:27:38+08:00 ] ::1 ::1 GET /transport/public/index/foot/auth_flowpath.html
[ info ] localhost/transport/public/index/foot/auth_flowpath.html [运行时间：0.083522s][吞吐率：11.97req/s] [内存消耗：3,437.77kb] [文件加载：49]
[ info ] [ LANG ] E:\wamp\www\transport\thinkphp\lang\zh-cn.php
[ info ] [ ROUTE ] array (
  'type' => 'module',
  'module' => 
  array (
    0 => 'index',
    1 => 'foot',
    2 => 'auth_flowpath',
  ),
)
[ info ] [ HEADER ] array (
  'host' => 'localhost',
  'user-agent' => 'Mozilla/5.0 (Windows NT 10.0; WOW64; rv:55.0) Gecko/20100101 Firefox/55.0',
  'accept' => 'text/html,application/xhtml+xml,application/xml;q=0.9,*/*;q=0.8',
  'accept-language' => 'zh-CN,zh;q=0.8,en-US;q=0.5,en;q=0.3',
  'accept-encoding' => 'gzip, deflate',
  'referer' => 'http://localhost/transport/public/index/foot/upload_flowpath.html',
  'cookie' => 'Hm_lvt_080836300300be57b7f34f4b3e97d911=1505961983,1505987157,1506064875,1506303316; PHPSESSID=mto9m5sv420s5qvv1r28mnksp2; Hm_lpvt_080836300300be57b7f34f4b3e97d911=1506331463',
  'connection' => 'keep-alive',
  'upgrade-insecure-requests' => '1',
)
[ info ] [ PARAM ] array (
)
[ info ] [ RUN ] app\index\controller\Foot->auth_flowpath[ E:\wamp\www\transport\application\index\controller\Foot.php ]
[ info ] [ VIEW ] E:\wamp\www\transport\public/../application/index\view\foot\auth_flowpath.html [ array (
) ]
[ info ] [ SESSION ] INIT array (
  'id' => '',
  'var_session_id' => '',
  'prefix' => 'think',
  'type' => '',
  'auto_start' => true,
)
[ info ] [ LOG ] INIT File
---------------------------------------------------------------
[ 2017-09-25T17:27:38+08:00 ] ::1 ::1 GET /transport/public/static/index/fonts/glyphicons-halflings-regular.woff2
[ info ] localhost/transport/public/static/index/fonts/glyphicons-halflings-regular.woff2 [运行时间：0.019557s][吞吐率：51.13req/s] [内存消耗：2,539.52kb] [文件加载：40]
[ info ] [ LANG ] E:\wamp\www\transport\thinkphp\lang\zh-cn.php
[ info ] [ ROUTE ] array (
  'type' => 'module',
  'module' => 
  array (
    0 => 'static',
    1 => 'index',
    2 => 'fonts',
  ),
)
[ info ] [ HEADER ] array (
  'host' => 'localhost',
  'user-agent' => 'Mozilla/5.0 (Windows NT 10.0; WOW64; rv:55.0) Gecko/20100101 Firefox/55.0',
  'accept' => 'application/font-woff2;q=1.0,application/font-woff;q=0.9,*/*;q=0.8',
  'accept-language' => 'zh-CN,zh;q=0.8,en-US;q=0.5,en;q=0.3',
  'accept-encoding' => 'identity',
  'referer' => 'http://localhost/transport/public/static/index/css/bootstrap.min.css',
  'cookie' => 'Hm_lvt_080836300300be57b7f34f4b3e97d911=1505961983,1505987157,1506064875,1506303316; PHPSESSID=mto9m5sv420s5qvv1r28mnksp2; Hm_lpvt_080836300300be57b7f34f4b3e97d911=1506331463',
  'connection' => 'keep-alive',
)
[ info ] [ PARAM ] array (
)
[ info ] [ LOG ] INIT File
---------------------------------------------------------------
[ 2017-09-25T17:27:42+08:00 ] ::1 ::1 GET /transport/public/index/service/onlineorder.html
[ info ] localhost/transport/public/index/service/onlineorder.html [运行时间：0.086567s][吞吐率：11.55req/s] [内存消耗：3,190.13kb] [文件加载：47]
[ info ] [ LANG ] E:\wamp\www\transport\thinkphp\lang\zh-cn.php
[ info ] [ ROUTE ] array (
  'type' => 'module',
  'module' => 
  array (
    0 => 'index',
    1 => 'service',
    2 => 'onlineorder',
  ),
)
[ info ] [ HEADER ] array (
  'host' => 'localhost',
  'user-agent' => 'Mozilla/5.0 (Windows NT 10.0; WOW64; rv:55.0) Gecko/20100101 Firefox/55.0',
  'accept' => 'text/html,application/xhtml+xml,application/xml;q=0.9,*/*;q=0.8',
  'accept-language' => 'zh-CN,zh;q=0.8,en-US;q=0.5,en;q=0.3',
  'accept-encoding' => 'gzip, deflate',
  'referer' => 'http://localhost/transport/public/index/foot/auth_flowpath.html',
  'cookie' => 'Hm_lvt_080836300300be57b7f34f4b3e97d911=1505961983,1505987157,1506064875,1506303316; PHPSESSID=mto9m5sv420s5qvv1r28mnksp2; Hm_lpvt_080836300300be57b7f34f4b3e97d911=1506331463',
  'connection' => 'keep-alive',
  'upgrade-insecure-requests' => '1',
)
[ info ] [ PARAM ] array (
)
[ info ] [ RUN ] app\index\controller\Service->onlineorder[ E:\wamp\www\transport\application\index\controller\Service.php ]
[ info ] [ VIEW ] E:\wamp\www\transport\public/../application/index\view\service\onlineorder.html [ array (
) ]
[ info ] [ SESSION ] INIT array (
  'id' => '',
  'var_session_id' => '',
  'prefix' => 'think',
  'type' => '',
  'auto_start' => true,
)
[ info ] [ LOG ] INIT File
---------------------------------------------------------------
[ 2017-09-25T17:27:42+08:00 ] ::1 ::1 GET /transport/public/static/index/fonts/glyphicons-halflings-regular.woff2
[ info ] localhost/transport/public/static/index/fonts/glyphicons-halflings-regular.woff2 [运行时间：0.023341s][吞吐率：42.84req/s] [内存消耗：2,539.52kb] [文件加载：40]
[ info ] [ LANG ] E:\wamp\www\transport\thinkphp\lang\zh-cn.php
[ info ] [ ROUTE ] array (
  'type' => 'module',
  'module' => 
  array (
    0 => 'static',
    1 => 'index',
    2 => 'fonts',
  ),
)
[ info ] [ HEADER ] array (
  'host' => 'localhost',
  'user-agent' => 'Mozilla/5.0 (Windows NT 10.0; WOW64; rv:55.0) Gecko/20100101 Firefox/55.0',
  'accept' => 'application/font-woff2;q=1.0,application/font-woff;q=0.9,*/*;q=0.8',
  'accept-language' => 'zh-CN,zh;q=0.8,en-US;q=0.5,en;q=0.3',
  'accept-encoding' => 'identity',
  'referer' => 'http://localhost/transport/public/static/index/css/bootstrap.min.css',
  'cookie' => 'Hm_lvt_080836300300be57b7f34f4b3e97d911=1505961983,1505987157,1506064875,1506303316; PHPSESSID=mto9m5sv420s5qvv1r28mnksp2; Hm_lpvt_080836300300be57b7f34f4b3e97d911=1506331463',
  'connection' => 'keep-alive',
)
[ info ] [ PARAM ] array (
)
[ info ] [ LOG ] INIT File
---------------------------------------------------------------
[ 2017-09-25T17:27:44+08:00 ] ::1 ::1 GET /transport/public/index/index/index.html
[ info ] localhost/transport/public/index/index/index.html [运行时间：0.130914s][吞吐率：7.64req/s] [内存消耗：5,712.50kb] [文件加载：60]
[ info ] [ LANG ] E:\wamp\www\transport\thinkphp\lang\zh-cn.php
[ info ] [ ROUTE ] array (
  'type' => 'module',
  'module' => 
  array (
    0 => 'index',
    1 => 'index',
    2 => 'index',
  ),
)
[ info ] [ HEADER ] array (
  'host' => 'localhost',
  'user-agent' => 'Mozilla/5.0 (Windows NT 10.0; WOW64; rv:55.0) Gecko/20100101 Firefox/55.0',
  'accept' => 'text/html,application/xhtml+xml,application/xml;q=0.9,*/*;q=0.8',
  'accept-language' => 'zh-CN,zh;q=0.8,en-US;q=0.5,en;q=0.3',
  'accept-encoding' => 'gzip, deflate',
  'referer' => 'http://localhost/transport/public/index/service/onlineorder.html',
  'cookie' => 'Hm_lvt_080836300300be57b7f34f4b3e97d911=1505961983,1505987157,1506064875,1506303316; PHPSESSID=mto9m5sv420s5qvv1r28mnksp2; Hm_lpvt_080836300300be57b7f34f4b3e97d911=1506331463',
  'connection' => 'keep-alive',
  'upgrade-insecure-requests' => '1',
)
[ info ] [ PARAM ] array (
)
[ info ] [ RUN ] app\index\controller\Index->index[ E:\wamp\www\transport\application\index\controller\Index.php ]
[ info ] [ SESSION ] INIT array (
  'id' => '',
  'var_session_id' => '',
  'prefix' => 'think',
  'type' => '',
  'auto_start' => true,
)
[ info ] [ DB ] INIT mysql
[ info ] [ VIEW ] E:\wamp\www\transport\public/../application/index\view\index\index.html [ array (
  0 => 'username',
  1 => 'goodsres',
  2 => 'goods_sort',
  3 => 'news',
  4 => 'customerres',
  5 => 'image',
  6 => 'pathres',
  7 => 'goodsres1',
) ]
[ info ] [ LOG ] INIT File
[ sql ] [ DB ] CONNECT:[ UseTime:0.010856s ] mysql:dbname=transport;host=127.0.0.1;charset=utf8
[ sql ] [ SQL ] SHOW COLUMNS FROM `tr_goods` [ RunTime:0.013777s ]
[ sql ] [ SQL ] SELECT COUNT(*) AS tp_count FROM `tr_goods` WHERE  `uptype` = '0' LIMIT 1 [ RunTime:0.000422s ]
[ sql ] [ SQL ] SELECT * FROM `tr_goods` WHERE  `uptype` = '0' ORDER BY id desc LIMIT 0,1 [ RunTime:0.000611s ]
[ sql ] [ SQL ] SHOW COLUMNS FROM `tr_goodskindtype` [ RunTime:0.009261s ]
[ sql ] [ SQL ] SELECT * FROM `tr_goodskindtype` [ RunTime:0.000353s ]
[ sql ] [ SQL ] SHOW COLUMNS FROM `tr_article` [ RunTime:0.011256s ]
[ sql ] [ SQL ] SELECT COUNT(*) AS tp_count FROM `tr_article` WHERE  `statue` = '是' LIMIT 1 [ RunTime:0.000333s ]
[ sql ] [ SQL ] SELECT * FROM `tr_article` WHERE  `statue` = '是' ORDER BY sort desc,id desc LIMIT 0,7 [ RunTime:0.000451s ]
[ sql ] [ SQL ] SHOW COLUMNS FROM `tr_customer` [ RunTime:0.012185s ]
[ sql ] [ SQL ] SELECT * FROM `tr_customer` ORDER BY id desc [ RunTime:0.000445s ]
[ sql ] [ SQL ] SHOW COLUMNS FROM `tr_image` [ RunTime:0.010060s ]
[ sql ] [ SQL ] SELECT * FROM `tr_image` ORDER BY id desc [ RunTime:0.000308s ]
[ sql ] [ SQL ] SHOW COLUMNS FROM `tr_path` [ RunTime:0.009710s ]
[ sql ] [ SQL ] SELECT * FROM `tr_path` WHERE  `is_company` = 1 ORDER BY id desc [ RunTime:0.000478s ]
[ sql ] [ SQL ] SELECT * FROM `tr_goods` WHERE  `uptype` = '0'  AND `is_company` = 1 ORDER BY id desc [ RunTime:0.000564s ]
---------------------------------------------------------------
[ 2017-09-25T17:27:44+08:00 ] 127.0.0.1 127.0.0.1 GET /transport/public/static/index/images/icon_2.jpg
[ info ] 127.0.0.1/transport/public/static/index/images/icon_2.jpg [运行时间：0.018995s][吞吐率：52.65req/s] [内存消耗：2,538.00kb] [文件加载：40]
[ info ] [ LANG ] E:\wamp\www\transport\thinkphp\lang\zh-cn.php
[ info ] [ ROUTE ] array (
  'type' => 'module',
  'module' => 
  array (
    0 => 'static',
    1 => 'index',
    2 => 'images',
  ),
)
[ info ] [ HEADER ] array (
  'host' => '127.0.0.1',
  'user-agent' => 'Mozilla/5.0 (Windows NT 10.0; WOW64; rv:55.0) Gecko/20100101 Firefox/55.0',
  'accept' => '*/*',
  'accept-language' => 'zh-CN,zh;q=0.8,en-US;q=0.5,en;q=0.3',
  'accept-encoding' => 'gzip, deflate',
  'referer' => 'http://127.0.0.1/transport/public/static/index/css/style.css',
  'connection' => 'keep-alive',
)
[ info ] [ PARAM ] array (
)
[ info ] [ LOG ] INIT File
---------------------------------------------------------------
[ 2017-09-25T17:27:44+08:00 ] 127.0.0.1 127.0.0.1 GET /transport/public/static/index/images/icon_4.jpg
[ info ] 127.0.0.1/transport/public/static/index/images/icon_4.jpg [运行时间：0.019746s][吞吐率：50.64req/s] [内存消耗：2,538.00kb] [文件加载：40]
[ info ] [ LANG ] E:\wamp\www\transport\thinkphp\lang\zh-cn.php
[ info ] [ ROUTE ] array (
  'type' => 'module',
  'module' => 
  array (
    0 => 'static',
    1 => 'index',
    2 => 'images',
  ),
)
[ info ] [ HEADER ] array (
  'host' => '127.0.0.1',
  'user-agent' => 'Mozilla/5.0 (Windows NT 10.0; WOW64; rv:55.0) Gecko/20100101 Firefox/55.0',
  'accept' => '*/*',
  'accept-language' => 'zh-CN,zh;q=0.8,en-US;q=0.5,en;q=0.3',
  'accept-encoding' => 'gzip, deflate',
  'referer' => 'http://127.0.0.1/transport/public/static/index/css/style.css',
  'connection' => 'keep-alive',
)
[ info ] [ PARAM ] array (
)
[ info ] [ LOG ] INIT File
---------------------------------------------------------------
[ 2017-09-25T17:27:44+08:00 ] 127.0.0.1 127.0.0.1 GET /transport/public/static/index/images/icon_5.jpg
[ info ] 127.0.0.1/transport/public/static/index/images/icon_5.jpg [运行时间：0.018450s][吞吐率：54.20req/s] [内存消耗：2,538.00kb] [文件加载：40]
[ info ] [ LANG ] E:\wamp\www\transport\thinkphp\lang\zh-cn.php
[ info ] [ ROUTE ] array (
  'type' => 'module',
  'module' => 
  array (
    0 => 'static',
    1 => 'index',
    2 => 'images',
  ),
)
[ info ] [ HEADER ] array (
  'host' => '127.0.0.1',
  'user-agent' => 'Mozilla/5.0 (Windows NT 10.0; WOW64; rv:55.0) Gecko/20100101 Firefox/55.0',
  'accept' => '*/*',
  'accept-language' => 'zh-CN,zh;q=0.8,en-US;q=0.5,en;q=0.3',
  'accept-encoding' => 'gzip, deflate',
  'referer' => 'http://127.0.0.1/transport/public/static/index/css/style.css',
  'connection' => 'keep-alive',
)
[ info ] [ PARAM ] array (
)
[ info ] [ LOG ] INIT File
---------------------------------------------------------------
[ 2017-09-25T17:27:44+08:00 ] 127.0.0.1 127.0.0.1 GET /transport/public/static/index/images/loading.gif
[ info ] 127.0.0.1/transport/public/static/index/images/loading.gif [运行时间：0.021895s][吞吐率：45.67req/s] [内存消耗：2,538.05kb] [文件加载：40]
[ info ] [ LANG ] E:\wamp\www\transport\thinkphp\lang\zh-cn.php
[ info ] [ ROUTE ] array (
  'type' => 'module',
  'module' => 
  array (
    0 => 'static',
    1 => 'index',
    2 => 'images',
  ),
)
[ info ] [ HEADER ] array (
  'host' => '127.0.0.1',
  'user-agent' => 'Mozilla/5.0 (Windows NT 10.0; WOW64; rv:55.0) Gecko/20100101 Firefox/55.0',
  'accept' => '*/*',
  'accept-language' => 'zh-CN,zh;q=0.8,en-US;q=0.5,en;q=0.3',
  'accept-encoding' => 'gzip, deflate',
  'referer' => 'http://127.0.0.1/transport/public/static/index/css/higo.css',
  'connection' => 'keep-alive',
)
[ info ] [ PARAM ] array (
)
[ info ] [ LOG ] INIT File
---------------------------------------------------------------
[ 2017-09-25T17:27:44+08:00 ] ::1 ::1 GET /transport/public/static/index/fonts/glyphicons-halflings-regular.woff2
[ info ] localhost/transport/public/static/index/fonts/glyphicons-halflings-regular.woff2 [运行时间：0.021672s][吞吐率：46.14req/s] [内存消耗：2,539.52kb] [文件加载：40]
[ info ] [ LANG ] E:\wamp\www\transport\thinkphp\lang\zh-cn.php
[ info ] [ ROUTE ] array (
  'type' => 'module',
  'module' => 
  array (
    0 => 'static',
    1 => 'index',
    2 => 'fonts',
  ),
)
[ info ] [ HEADER ] array (
  'host' => 'localhost',
  'user-agent' => 'Mozilla/5.0 (Windows NT 10.0; WOW64; rv:55.0) Gecko/20100101 Firefox/55.0',
  'accept' => 'application/font-woff2;q=1.0,application/font-woff;q=0.9,*/*;q=0.8',
  'accept-language' => 'zh-CN,zh;q=0.8,en-US;q=0.5,en;q=0.3',
  'accept-encoding' => 'identity',
  'referer' => 'http://localhost/transport/public/static/index/css/bootstrap.min.css',
  'cookie' => 'Hm_lvt_080836300300be57b7f34f4b3e97d911=1505961983,1505987157,1506064875,1506303316; PHPSESSID=mto9m5sv420s5qvv1r28mnksp2; Hm_lpvt_080836300300be57b7f34f4b3e97d911=1506331463',
  'connection' => 'keep-alive',
)
[ info ] [ PARAM ] array (
)
[ info ] [ LOG ] INIT File
---------------------------------------------------------------
[ 2017-09-25T17:27:44+08:00 ] 127.0.0.1 127.0.0.1 GET /transport/public/static/index/images/icon_3.jpg
[ info ] 127.0.0.1/transport/public/static/index/images/icon_3.jpg [运行时间：0.047551s][吞吐率：21.03req/s] [内存消耗：2,538.00kb] [文件加载：40]
[ info ] [ LANG ] E:\wamp\www\transport\thinkphp\lang\zh-cn.php
[ info ] [ ROUTE ] array (
  'type' => 'module',
  'module' => 
  array (
    0 => 'static',
    1 => 'index',
    2 => 'images',
  ),
)
[ info ] [ HEADER ] array (
  'host' => '127.0.0.1',
  'user-agent' => 'Mozilla/5.0 (Windows NT 10.0; WOW64; rv:55.0) Gecko/20100101 Firefox/55.0',
  'accept' => '*/*',
  'accept-language' => 'zh-CN,zh;q=0.8,en-US;q=0.5,en;q=0.3',
  'accept-encoding' => 'gzip, deflate',
  'referer' => 'http://127.0.0.1/transport/public/static/index/css/style.css',
  'connection' => 'keep-alive',
)
[ info ] [ PARAM ] array (
)
[ info ] [ LOG ] INIT File
---------------------------------------------------------------
[ 2017-09-25T17:28:51+08:00 ] ::1 ::1 GET /transport/public/index.php/admin/index/index.html
[ info ] localhost/transport/public/index.php/admin/index/index.html [运行时间：0.058894s][吞吐率：16.98req/s] [内存消耗：4,514.36kb] [文件加载：55]
[ info ] [ LANG ] E:\wamp\www\transport\thinkphp\lang\zh-cn.php
[ info ] [ ROUTE ] array (
  'type' => 'module',
  'module' => 
  array (
    0 => 'admin',
    1 => 'index',
    2 => 'index',
  ),
)
[ info ] [ HEADER ] array (
  'host' => 'localhost',
  'user-agent' => 'Mozilla/5.0 (Windows NT 10.0; WOW64; rv:55.0) Gecko/20100101 Firefox/55.0',
  'accept' => 'text/html,application/xhtml+xml,application/xml;q=0.9,*/*;q=0.8',
  'accept-language' => 'zh-CN,zh;q=0.8,en-US;q=0.5,en;q=0.3',
  'accept-encoding' => 'gzip, deflate',
  'referer' => 'http://localhost/transport/public/index.php/admin/Login/login',
  'cookie' => 'Hm_lvt_080836300300be57b7f34f4b3e97d911=1505961983,1505987157,1506064875,1506303316; PHPSESSID=mto9m5sv420s5qvv1r28mnksp2; Hm_lpvt_080836300300be57b7f34f4b3e97d911=1506331463',
  'connection' => 'keep-alive',
  'upgrade-insecure-requests' => '1',
  'cache-control' => 'max-age=0',
)
[ info ] [ PARAM ] array (
)
[ info ] [ SESSION ] INIT array (
  'id' => '',
  'var_session_id' => '',
  'prefix' => 'think',
  'type' => '',
  'auto_start' => true,
)
[ info ] [ RUN ] app\admin\controller\Index->index[ E:\wamp\www\transport\application\admin\controller\Index.php ]
[ info ] [ DB ] INIT mysql
[ info ] [ VIEW ] E:\wamp\www\transport\public/../application/admin\view\index\index.html [ array (
  0 => 'adminname',
) ]
[ info ] [ LOG ] INIT File
[ sql ] [ DB ] CONNECT:[ UseTime:0.010926s ] mysql:dbname=transport;host=127.0.0.1;charset=utf8
[ sql ] [ SQL ] SHOW COLUMNS FROM `tr_role` [ RunTime:0.012672s ]
[ sql ] [ SQL ] SELECT * FROM `tr_role` WHERE  `id` = 5 LIMIT 1 [ RunTime:0.000461s ]
---------------------------------------------------------------
[ 2017-09-25T17:28:51+08:00 ] ::1 ::1 GET /transport/public/index.php/admin/index/welcome.html
[ info ] localhost/transport/public/index.php/admin/index/welcome.html [运行时间：0.022076s][吞吐率：45.30req/s] [内存消耗：3,064.25kb] [文件加载：47]
[ info ] [ LANG ] E:\wamp\www\transport\thinkphp\lang\zh-cn.php
[ info ] [ ROUTE ] array (
  'type' => 'module',
  'module' => 
  array (
    0 => 'admin',
    1 => 'index',
    2 => 'welcome',
  ),
)
[ info ] [ HEADER ] array (
  'host' => 'localhost',
  'user-agent' => 'Mozilla/5.0 (Windows NT 10.0; WOW64; rv:55.0) Gecko/20100101 Firefox/55.0',
  'accept' => 'text/html,application/xhtml+xml,application/xml;q=0.9,*/*;q=0.8',
  'accept-language' => 'zh-CN,zh;q=0.8,en-US;q=0.5,en;q=0.3',
  'accept-encoding' => 'gzip, deflate',
  'referer' => 'http://localhost/transport/public/index.php/admin/index/index.html',
  'cookie' => 'Hm_lvt_080836300300be57b7f34f4b3e97d911=1505961983,1505987157,1506064875,1506303316; PHPSESSID=mto9m5sv420s5qvv1r28mnksp2; Hm_lpvt_080836300300be57b7f34f4b3e97d911=1506331463',
  'connection' => 'keep-alive',
  'upgrade-insecure-requests' => '1',
)
[ info ] [ PARAM ] array (
)
[ info ] [ SESSION ] INIT array (
  'id' => '',
  'var_session_id' => '',
  'prefix' => 'think',
  'type' => '',
  'auto_start' => true,
)
[ info ] [ RUN ] app\admin\controller\Index->welcome[ E:\wamp\www\transport\application\admin\controller\Index.php ]
[ info ] [ VIEW ] E:\wamp\www\transport\public/../application/admin\view\index\welcome.html [ array (
) ]
[ info ] [ LOG ] INIT File
---------------------------------------------------------------
[ 2017-09-25T17:28:52+08:00 ] ::1 ::1 GET /transport/public/index.php/admin/index/__PUBIC__/css/H-ui.min.css
[ info ] localhost/transport/public/index.php/admin/index/__PUBIC__/css/H-ui.min.css [运行时间：0.023874s][吞吐率：41.89req/s] [内存消耗：3,144.09kb] [文件加载：49]
[ info ] [ LANG ] E:\wamp\www\transport\thinkphp\lang\zh-cn.php
[ info ] [ ROUTE ] array (
  'type' => 'module',
  'module' => 
  array (
    0 => 'admin',
    1 => 'index',
    2 => '__PUBIC__',
  ),
)
[ info ] [ HEADER ] array (
  'host' => 'localhost',
  'user-agent' => 'Mozilla/5.0 (Windows NT 10.0; WOW64; rv:55.0) Gecko/20100101 Firefox/55.0',
  'accept' => 'text/css,*/*;q=0.1',
  'accept-language' => 'zh-CN,zh;q=0.8,en-US;q=0.5,en;q=0.3',
  'accept-encoding' => 'gzip, deflate',
  'referer' => 'http://localhost/transport/public/index.php/admin/index/welcome.html',
  'cookie' => 'Hm_lvt_080836300300be57b7f34f4b3e97d911=1505961983,1505987157,1506064875,1506303316; PHPSESSID=mto9m5sv420s5qvv1r28mnksp2; Hm_lpvt_080836300300be57b7f34f4b3e97d911=1506331463',
  'connection' => 'keep-alive',
)
[ info ] [ PARAM ] array (
  'css' => 'H-ui.min.css',
)
[ info ] [ SESSION ] INIT array (
  'id' => '',
  'var_session_id' => '',
  'prefix' => 'think',
  'type' => '',
  'auto_start' => true,
)
[ info ] [ LOG ] INIT File
---------------------------------------------------------------
[ 2017-09-25T17:28:52+08:00 ] ::1 ::1 GET /transport/public/index.php/admin/index/js/H-ui.js
[ info ] localhost/transport/public/index.php/admin/index/js/H-ui.js [运行时间：0.037686s][吞吐率：26.54req/s] [内存消耗：3,143.54kb] [文件加载：49]
[ info ] [ LANG ] E:\wamp\www\transport\thinkphp\lang\zh-cn.php
[ info ] [ ROUTE ] array (
  'type' => 'module',
  'module' => 
  array (
    0 => 'admin',
    1 => 'index',
    2 => 'js',
  ),
)
[ info ] [ HEADER ] array (
  'host' => 'localhost',
  'user-agent' => 'Mozilla/5.0 (Windows NT 10.0; WOW64; rv:55.0) Gecko/20100101 Firefox/55.0',
  'accept' => '*/*',
  'accept-language' => 'zh-CN,zh;q=0.8,en-US;q=0.5,en;q=0.3',
  'accept-encoding' => 'gzip, deflate',
  'referer' => 'http://localhost/transport/public/index.php/admin/index/welcome.html',
  'cookie' => 'Hm_lvt_080836300300be57b7f34f4b3e97d911=1505961983,1505987157,1506064875,1506303316; PHPSESSID=mto9m5sv420s5qvv1r28mnksp2; Hm_lpvt_080836300300be57b7f34f4b3e97d911=1506331463',
  'connection' => 'keep-alive',
)
[ info ] [ PARAM ] array (
)
[ info ] [ SESSION ] INIT array (
  'id' => '',
  'var_session_id' => '',
  'prefix' => 'think',
  'type' => '',
  'auto_start' => true,
)
[ info ] [ LOG ] INIT File
---------------------------------------------------------------
[ 2017-09-25T17:28:52+08:00 ] ::1 ::1 GET /transport/public/index.php/admin/index/lib/jquery/1.9.1/jquery.min.js
[ info ] localhost/transport/public/index.php/admin/index/lib/jquery/1.9.1/jquery.min.js [运行时间：0.053977s][吞吐率：18.53req/s] [内存消耗：3,143.79kb] [文件加载：49]
[ info ] [ LANG ] E:\wamp\www\transport\thinkphp\lang\zh-cn.php
[ info ] [ ROUTE ] array (
  'type' => 'module',
  'module' => 
  array (
    0 => 'admin',
    1 => 'index',
    2 => 'lib',
  ),
)
[ info ] [ HEADER ] array (
  'host' => 'localhost',
  'user-agent' => 'Mozilla/5.0 (Windows NT 10.0; WOW64; rv:55.0) Gecko/20100101 Firefox/55.0',
  'accept' => '*/*',
  'accept-language' => 'zh-CN,zh;q=0.8,en-US;q=0.5,en;q=0.3',
  'accept-encoding' => 'gzip, deflate',
  'referer' => 'http://localhost/transport/public/index.php/admin/index/welcome.html',
  'cookie' => 'Hm_lvt_080836300300be57b7f34f4b3e97d911=1505961983,1505987157,1506064875,1506303316; PHPSESSID=mto9m5sv420s5qvv1r28mnksp2; Hm_lpvt_080836300300be57b7f34f4b3e97d911=1506331463',
  'connection' => 'keep-alive',
)
[ info ] [ PARAM ] array (
  'jquery' => '1.9.1',
)
[ info ] [ SESSION ] INIT array (
  'id' => '',
  'var_session_id' => '',
  'prefix' => 'think',
  'type' => '',
  'auto_start' => true,
)
[ info ] [ LOG ] INIT File
---------------------------------------------------------------
[ 2017-09-25T17:28:52+08:00 ] ::1 ::1 GET /transport/public/index.php/admin/index/js/H-ui.js
[ info ] localhost/transport/public/index.php/admin/index/js/H-ui.js [运行时间：0.022412s][吞吐率：44.62req/s] [内存消耗：3,143.54kb] [文件加载：49]
[ info ] [ LANG ] E:\wamp\www\transport\thinkphp\lang\zh-cn.php
[ info ] [ ROUTE ] array (
  'type' => 'module',
  'module' => 
  array (
    0 => 'admin',
    1 => 'index',
    2 => 'js',
  ),
)
[ info ] [ HEADER ] array (
  'host' => 'localhost',
  'user-agent' => 'Mozilla/5.0 (Windows NT 10.0; WOW64; rv:55.0) Gecko/20100101 Firefox/55.0',
  'accept' => '*/*',
  'accept-language' => 'zh-CN,zh;q=0.8,en-US;q=0.5,en;q=0.3',
  'accept-encoding' => 'gzip, deflate',
  'referer' => 'http://localhost/transport/public/index.php/admin/index/welcome.html',
  'cookie' => 'Hm_lvt_080836300300be57b7f34f4b3e97d911=1505961983,1505987157,1506064875,1506303316; PHPSESSID=mto9m5sv420s5qvv1r28mnksp2; Hm_lpvt_080836300300be57b7f34f4b3e97d911=1506331463',
  'connection' => 'keep-alive',
)
[ info ] [ PARAM ] array (
)
[ info ] [ SESSION ] INIT array (
  'id' => '',
  'var_session_id' => '',
  'prefix' => 'think',
  'type' => '',
  'auto_start' => true,
)
[ info ] [ LOG ] INIT File
---------------------------------------------------------------
[ 2017-09-25T17:28:55+08:00 ] ::1 ::1 GET /transport/public/index.php/admin/web/imglst.html
[ info ] localhost/transport/public/index.php/admin/web/imglst.html [运行时间：0.049254s][吞吐率：20.30req/s] [内存消耗：4,781.43kb] [文件加载：58]
[ info ] [ LANG ] E:\wamp\www\transport\thinkphp\lang\zh-cn.php
[ info ] [ ROUTE ] array (
  'type' => 'module',
  'module' => 
  array (
    0 => 'admin',
    1 => 'web',
    2 => 'imglst',
  ),
)
[ info ] [ HEADER ] array (
  'host' => 'localhost',
  'user-agent' => 'Mozilla/5.0 (Windows NT 10.0; WOW64; rv:55.0) Gecko/20100101 Firefox/55.0',
  'accept' => 'text/html,application/xhtml+xml,application/xml;q=0.9,*/*;q=0.8',
  'accept-language' => 'zh-CN,zh;q=0.8,en-US;q=0.5,en;q=0.3',
  'accept-encoding' => 'gzip, deflate',
  'referer' => 'http://localhost/transport/public/index.php/admin/index/index.html',
  'cookie' => 'Hm_lvt_080836300300be57b7f34f4b3e97d911=1505961983,1505987157,1506064875,1506303316; PHPSESSID=mto9m5sv420s5qvv1r28mnksp2; Hm_lpvt_080836300300be57b7f34f4b3e97d911=1506331732',
  'connection' => 'keep-alive',
  'upgrade-insecure-requests' => '1',
)
[ info ] [ PARAM ] array (
)
[ info ] [ SESSION ] INIT array (
  'id' => '',
  'var_session_id' => '',
  'prefix' => 'think',
  'type' => '',
  'auto_start' => true,
)
[ info ] [ RUN ] app\admin\controller\Web->imglst[ E:\wamp\www\transport\application\admin\controller\Web.php ]
[ info ] [ DB ] INIT mysql
[ info ] [ VIEW ] E:\wamp\www\transport\public/../application/admin\view\web\img-list.html [ array (
  0 => 'counts',
  1 => 'list',
  2 => 'page',
) ]
[ info ] [ LOG ] INIT File
[ sql ] [ DB ] CONNECT:[ UseTime:0.000956s ] mysql:dbname=transport;host=127.0.0.1;charset=utf8
[ sql ] [ SQL ] SHOW COLUMNS FROM `tr_image` [ RunTime:0.013106s ]
[ sql ] [ SQL ] SELECT COUNT(*) AS tp_count FROM `tr_image` LIMIT 1 [ RunTime:0.000301s ]
[ sql ] [ SQL ] SELECT * FROM `tr_image` ORDER BY id asc LIMIT 0,5 [ RunTime:0.000348s ]
[ sql ] [ SQL ] SELECT COUNT(*) AS tp_count FROM `tr_image` LIMIT 1 [ RunTime:0.000224s ]
---------------------------------------------------------------
[ 2017-09-25T17:29:11+08:00 ] ::1 ::1 GET /transport/public/index.php/admin/warehouse/lst.html
[ info ] localhost/transport/public/index.php/admin/warehouse/lst.html [运行时间：0.071896s][吞吐率：13.91req/s] [内存消耗：5,615.40kb] [文件加载：60]
[ info ] [ LANG ] E:\wamp\www\transport\thinkphp\lang\zh-cn.php
[ info ] [ ROUTE ] array (
  'type' => 'module',
  'module' => 
  array (
    0 => 'admin',
    1 => 'warehouse',
    2 => 'lst',
  ),
)
[ info ] [ HEADER ] array (
  'host' => 'localhost',
  'user-agent' => 'Mozilla/5.0 (Windows NT 10.0; WOW64; rv:55.0) Gecko/20100101 Firefox/55.0',
  'accept' => 'text/html,application/xhtml+xml,application/xml;q=0.9,*/*;q=0.8',
  'accept-language' => 'zh-CN,zh;q=0.8,en-US;q=0.5,en;q=0.3',
  'accept-encoding' => 'gzip, deflate',
  'referer' => 'http://localhost/transport/public/index.php/admin/index/index.html',
  'cookie' => 'Hm_lvt_080836300300be57b7f34f4b3e97d911=1505961983,1505987157,1506064875,1506303316; PHPSESSID=mto9m5sv420s5qvv1r28mnksp2; Hm_lpvt_080836300300be57b7f34f4b3e97d911=1506331732',
  'connection' => 'keep-alive',
  'upgrade-insecure-requests' => '1',
)
[ info ] [ PARAM ] array (
)
[ info ] [ SESSION ] INIT array (
  'id' => '',
  'var_session_id' => '',
  'prefix' => 'think',
  'type' => '',
  'auto_start' => true,
)
[ info ] [ RUN ] app\admin\controller\Warehouse->lst[ E:\wamp\www\transport\application\admin\controller\Warehouse.php ]
[ info ] [ DB ] INIT mysql
[ info ] [ VIEW ] E:\wamp\www\transport\public/../application/admin\view\warehouse\warehouse-list.html [ array (
  0 => 'counts',
  1 => 'list',
  2 => 'page',
  3 => 'privilege',
) ]
[ info ] [ LOG ] INIT File
[ sql ] [ DB ] CONNECT:[ UseTime:0.000718s ] mysql:dbname=transport;host=127.0.0.1;charset=utf8
[ sql ] [ SQL ] SHOW COLUMNS FROM `tr_role` [ RunTime:0.012721s ]
[ sql ] [ SQL ] SELECT `pri_id` FROM `tr_role` WHERE  `id` = 5 LIMIT 1 [ RunTime:0.000426s ]
[ sql ] [ SQL ] SHOW COLUMNS FROM `tr_warehouse` [ RunTime:0.011548s ]
[ sql ] [ SQL ] SELECT COUNT(*) AS tp_count FROM `tr_warehouse` WHERE  `is_recycle` = 0 LIMIT 1 [ RunTime:0.000357s ]
[ sql ] [ SQL ] SELECT * FROM `tr_warehouse` WHERE  `is_recycle` = 0 ORDER BY id desc LIMIT 0,12 [ RunTime:0.000534s ]
[ sql ] [ SQL ] SELECT COUNT(*) AS tp_count FROM `tr_warehouse` WHERE  `is_recycle` = 0 LIMIT 1 [ RunTime:0.000336s ]
---------------------------------------------------------------
[ 2017-09-25T17:29:15+08:00 ] ::1 ::1 GET /transport/public/index.php/admin/warehouse/lst.html?wh_type=&order_state=&is_company=&id=&wh_address=%E6%B5%B7%E5%8D%97%E7%9C%81&wh_name=&wh_time=
[ info ] localhost/transport/public/index.php/admin/warehouse/lst.html?wh_type=&order_state=&is_company=&id=&wh_address=%E6%B5%B7%E5%8D%97%E7%9C%81&wh_name=&wh_time= [运行时间：0.128220s][吞吐率：7.80req/s] [内存消耗：5,511.27kb] [文件加载：60]
[ info ] [ LANG ] E:\wamp\www\transport\thinkphp\lang\zh-cn.php
[ info ] [ ROUTE ] array (
  'type' => 'module',
  'module' => 
  array (
    0 => 'admin',
    1 => 'warehouse',
    2 => 'lst',
  ),
)
[ info ] [ HEADER ] array (
  'host' => 'localhost',
  'user-agent' => 'Mozilla/5.0 (Windows NT 10.0; WOW64; rv:55.0) Gecko/20100101 Firefox/55.0',
  'accept' => 'text/html,application/xhtml+xml,application/xml;q=0.9,*/*;q=0.8',
  'accept-language' => 'zh-CN,zh;q=0.8,en-US;q=0.5,en;q=0.3',
  'accept-encoding' => 'gzip, deflate',
  'referer' => 'http://localhost/transport/public/index.php/admin/warehouse/lst.html',
  'cookie' => 'Hm_lvt_080836300300be57b7f34f4b3e97d911=1505961983,1505987157,1506064875,1506303316; PHPSESSID=mto9m5sv420s5qvv1r28mnksp2; Hm_lpvt_080836300300be57b7f34f4b3e97d911=1506331732',
  'connection' => 'keep-alive',
  'upgrade-insecure-requests' => '1',
)
[ info ] [ PARAM ] array (
  'wh_type' => '',
  'order_state' => '',
  'is_company' => '',
  'id' => '',
  'wh_address' => '海南省',
  'wh_name' => '',
  'wh_time' => '',
)
[ info ] [ SESSION ] INIT array (
  'id' => '',
  'var_session_id' => '',
  'prefix' => 'think',
  'type' => '',
  'auto_start' => true,
)
[ info ] [ RUN ] app\admin\controller\Warehouse->lst[ E:\wamp\www\transport\application\admin\controller\Warehouse.php ]
[ info ] [ DB ] INIT mysql
[ info ] [ VIEW ] E:\wamp\www\transport\public/../application/admin\view\warehouse\warehouse-list.html [ array (
  0 => 'wh_address',
  1 => 'counts',
  2 => 'list',
  3 => 'page',
  4 => 'privilege',
) ]
[ info ] [ LOG ] INIT File
[ sql ] [ DB ] CONNECT:[ UseTime:0.010514s ] mysql:dbname=transport;host=127.0.0.1;charset=utf8
[ sql ] [ SQL ] SHOW COLUMNS FROM `tr_role` [ RunTime:0.069085s ]
[ sql ] [ SQL ] SELECT `pri_id` FROM `tr_role` WHERE  `id` = 5 LIMIT 1 [ RunTime:0.000341s ]
[ sql ] [ SQL ] SHOW COLUMNS FROM `tr_warehouse` [ RunTime:0.009435s ]
[ sql ] [ SQL ] SELECT COUNT(*) AS tp_count FROM `tr_warehouse` WHERE  `wh_address` LIKE '%海南省%'  AND `is_recycle` = 0 LIMIT 1 [ RunTime:0.000441s ]
[ sql ] [ SQL ] SELECT * FROM `tr_warehouse` WHERE  `wh_address` LIKE '%海南省%'  AND `is_recycle` = 0 ORDER BY id desc LIMIT 0,12 [ RunTime:0.000457s ]
[ sql ] [ SQL ] SELECT COUNT(*) AS tp_count FROM `tr_warehouse` WHERE  `wh_address` LIKE '%海南省%'  AND `is_recycle` = 0 LIMIT 1 [ RunTime:0.000282s ]
---------------------------------------------------------------
[ 2017-09-25T17:29:16+08:00 ] ::1 ::1 GET /transport/public/index.php/admin/warehouse/lst.html?wh_type=&order_state=&is_company=&id=&wh_address=&wh_name=&wh_time=
[ info ] localhost/transport/public/index.php/admin/warehouse/lst.html?wh_type=&order_state=&is_company=&id=&wh_address=&wh_name=&wh_time= [运行时间：0.078601s][吞吐率：12.72req/s] [内存消耗：5,617.20kb] [文件加载：60]
[ info ] [ LANG ] E:\wamp\www\transport\thinkphp\lang\zh-cn.php
[ info ] [ ROUTE ] array (
  'type' => 'module',
  'module' => 
  array (
    0 => 'admin',
    1 => 'warehouse',
    2 => 'lst',
  ),
)
[ info ] [ HEADER ] array (
  'host' => 'localhost',
  'user-agent' => 'Mozilla/5.0 (Windows NT 10.0; WOW64; rv:55.0) Gecko/20100101 Firefox/55.0',
  'accept' => 'text/html,application/xhtml+xml,application/xml;q=0.9,*/*;q=0.8',
  'accept-language' => 'zh-CN,zh;q=0.8,en-US;q=0.5,en;q=0.3',
  'accept-encoding' => 'gzip, deflate',
  'referer' => 'http://localhost/transport/public/index.php/admin/warehouse/lst.html?wh_type=&order_state=&is_company=&id=&wh_address=%E6%B5%B7%E5%8D%97%E7%9C%81&wh_name=&wh_time=',
  'cookie' => 'Hm_lvt_080836300300be57b7f34f4b3e97d911=1505961983,1505987157,1506064875,1506303316; PHPSESSID=mto9m5sv420s5qvv1r28mnksp2; Hm_lpvt_080836300300be57b7f34f4b3e97d911=1506331732',
  'connection' => 'keep-alive',
  'upgrade-insecure-requests' => '1',
)
[ info ] [ PARAM ] array (
  'wh_type' => '',
  'order_state' => '',
  'is_company' => '',
  'id' => '',
  'wh_address' => '',
  'wh_name' => '',
  'wh_time' => '',
)
[ info ] [ SESSION ] INIT array (
  'id' => '',
  'var_session_id' => '',
  'prefix' => 'think',
  'type' => '',
  'auto_start' => true,
)
[ info ] [ RUN ] app\admin\controller\Warehouse->lst[ E:\wamp\www\transport\application\admin\controller\Warehouse.php ]
[ info ] [ DB ] INIT mysql
[ info ] [ VIEW ] E:\wamp\www\transport\public/../application/admin\view\warehouse\warehouse-list.html [ array (
  0 => 'counts',
  1 => 'list',
  2 => 'page',
  3 => 'privilege',
) ]
[ info ] [ LOG ] INIT File
[ sql ] [ DB ] CONNECT:[ UseTime:0.010285s ] mysql:dbname=transport;host=127.0.0.1;charset=utf8
[ sql ] [ SQL ] SHOW COLUMNS FROM `tr_role` [ RunTime:0.011958s ]
[ sql ] [ SQL ] SELECT `pri_id` FROM `tr_role` WHERE  `id` = 5 LIMIT 1 [ RunTime:0.000427s ]
[ sql ] [ SQL ] SHOW COLUMNS FROM `tr_warehouse` [ RunTime:0.009804s ]
[ sql ] [ SQL ] SELECT COUNT(*) AS tp_count FROM `tr_warehouse` WHERE  `is_recycle` = 0 LIMIT 1 [ RunTime:0.000454s ]
[ sql ] [ SQL ] SELECT * FROM `tr_warehouse` WHERE  `is_recycle` = 0 ORDER BY id desc LIMIT 0,12 [ RunTime:0.000620s ]
[ sql ] [ SQL ] SELECT COUNT(*) AS tp_count FROM `tr_warehouse` WHERE  `is_recycle` = 0 LIMIT 1 [ RunTime:0.000301s ]
