---------------------------------------------------------------
[ 2017-12-21T18:07:56+08:00 ] 192.168.18.228 192.168.18.228 GET /transport/public/static/index/fonts/glyphicons-halflings-regular.woff2
[ info ] 192.168.18.228/transport/public/static/index/fonts/glyphicons-halflings-regular.woff2 [运行时间：0.027879s][吞吐率：35.87req/s] [内存消耗：1,411.84kb] [文件加载：40]
[ info ] [ LANG ] E:\WWW\transport\thinkphp\lang\zh-cn.php
[ info ] [ ROUTE ] array (
  'type' => 'module',
  'module' => 
  array (
    0 => 'static',
    1 => 'index',
    2 => 'fonts',
  ),
)
[ info ] [ HEADER ] array (
  'host' => '192.168.18.228',
  'connection' => 'keep-alive',
  'origin' => 'http://192.168.18.228',
  'user-agent' => 'Mozilla/5.0 (Windows NT 10.0; WOW64) AppleWebKit/537.36 (KHTML, like Gecko) Chrome/63.0.3239.84 Safari/537.36',
  'accept' => '*/*',
  'referer' => 'http://192.168.18.228/transport/public/static/index/css/bootstrap.min.css',
  'accept-encoding' => 'gzip, deflate',
  'accept-language' => 'zh-CN,zh;q=0.9',
  'cookie' => 'PHPSESSID=2h53cca5p2mfvl1pj2ekef28k4; Hm_lvt_080836300300be57b7f34f4b3e97d911=1513846042; Hm_lpvt_080836300300be57b7f34f4b3e97d911=1513846042',
)
[ info ] [ PARAM ] array (
)
[ info ] [ LOG ] INIT File
---------------------------------------------------------------
[ 2017-12-21T18:07:56+08:00 ] 192.168.18.228 192.168.18.228 GET /transport/public/static/index/images/loading.gif
[ info ] 192.168.18.228/transport/public/static/index/images/loading.gif [运行时间：0.028663s][吞吐率：34.89req/s] [内存消耗：1,411.53kb] [文件加载：40]
[ info ] [ LANG ] E:\WWW\transport\thinkphp\lang\zh-cn.php
[ info ] [ ROUTE ] array (
  'type' => 'module',
  'module' => 
  array (
    0 => 'static',
    1 => 'index',
    2 => 'images',
  ),
)
[ info ] [ HEADER ] array (
  'host' => '192.168.18.228',
  'connection' => 'keep-alive',
  'user-agent' => 'Mozilla/5.0 (Windows NT 10.0; WOW64) AppleWebKit/537.36 (KHTML, like Gecko) Chrome/63.0.3239.84 Safari/537.36',
  'accept' => 'image/webp,image/apng,image/*,*/*;q=0.8',
  'referer' => 'http://192.168.18.228/transport/public/static/index/css/higo.css',
  'accept-encoding' => 'gzip, deflate',
  'accept-language' => 'zh-CN,zh;q=0.9',
  'cookie' => 'PHPSESSID=2h53cca5p2mfvl1pj2ekef28k4; Hm_lvt_080836300300be57b7f34f4b3e97d911=1513846042; Hm_lpvt_080836300300be57b7f34f4b3e97d911=1513846042',
)
[ info ] [ PARAM ] array (
)
[ info ] [ LOG ] INIT File
---------------------------------------------------------------
[ 2017-12-21T18:24:29+08:00 ] 192.168.18.228 192.168.18.228 GET /transport/public/index.php/admin/goodsconfig/add.html
[ info ] 192.168.18.228/transport/public/index.php/admin/goodsconfig/add.html [运行时间：0.053202s][吞吐率：18.80req/s] [内存消耗：1,839.33kb] [文件加载：48]
[ info ] [ LANG ] E:\WWW\transport\thinkphp\lang\zh-cn.php
[ info ] [ ROUTE ] array (
  'type' => 'module',
  'module' => 
  array (
    0 => 'admin',
    1 => 'goodsconfig',
    2 => 'add',
  ),
)
[ info ] [ HEADER ] array (
  'host' => '192.168.18.228',
  'connection' => 'keep-alive',
  'upgrade-insecure-requests' => '1',
  'user-agent' => 'Mozilla/5.0 (Windows NT 10.0; WOW64) AppleWebKit/537.36 (KHTML, like Gecko) Chrome/63.0.3239.84 Safari/537.36',
  'accept' => 'text/html,application/xhtml+xml,application/xml;q=0.9,image/webp,image/apng,*/*;q=0.8',
  'referer' => 'http://192.168.18.228/transport/public/index.php/admin/index/index.html',
  'accept-encoding' => 'gzip, deflate',
  'accept-language' => 'zh-CN,zh;q=0.9',
  'cookie' => 'PHPSESSID=2h53cca5p2mfvl1pj2ekef28k4; Hm_lvt_080836300300be57b7f34f4b3e97d911=1513846042; Hm_lpvt_080836300300be57b7f34f4b3e97d911=1513846042',
)
[ info ] [ PARAM ] array (
)
[ info ] [ SESSION ] INIT array (
  'id' => '',
  'var_session_id' => '',
  'prefix' => 'think',
  'type' => '',
  'auto_start' => true,
)
[ info ] [ RUN ] app\admin\controller\Goodsconfig->add[ E:\WWW\transport\application\admin\controller\Goodsconfig.php ]
[ info ] [ VIEW ] E:\WWW\transport\public/../application/admin\view\goodsconfig\goodstype-add.html [ array (
) ]
[ info ] [ LOG ] INIT File
---------------------------------------------------------------
[ 2017-12-21T18:24:30+08:00 ] 192.168.18.228 192.168.18.228 GET /transport/public/index.php/admin/goodsconfig/lst.html
[ info ] 192.168.18.228/transport/public/index.php/admin/goodsconfig/lst.html [运行时间：0.139991s][吞吐率：7.14req/s] [内存消耗：2,670.67kb] [文件加载：55]
[ info ] [ LANG ] E:\WWW\transport\thinkphp\lang\zh-cn.php
[ info ] [ ROUTE ] array (
  'type' => 'module',
  'module' => 
  array (
    0 => 'admin',
    1 => 'goodsconfig',
    2 => 'lst',
  ),
)
[ info ] [ HEADER ] array (
  'host' => '192.168.18.228',
  'connection' => 'keep-alive',
  'upgrade-insecure-requests' => '1',
  'user-agent' => 'Mozilla/5.0 (Windows NT 10.0; WOW64) AppleWebKit/537.36 (KHTML, like Gecko) Chrome/63.0.3239.84 Safari/537.36',
  'accept' => 'text/html,application/xhtml+xml,application/xml;q=0.9,image/webp,image/apng,*/*;q=0.8',
  'referer' => 'http://192.168.18.228/transport/public/index.php/admin/index/index.html',
  'accept-encoding' => 'gzip, deflate',
  'accept-language' => 'zh-CN,zh;q=0.9',
  'cookie' => 'PHPSESSID=2h53cca5p2mfvl1pj2ekef28k4; Hm_lvt_080836300300be57b7f34f4b3e97d911=1513846042; Hm_lpvt_080836300300be57b7f34f4b3e97d911=1513846042',
)
[ info ] [ PARAM ] array (
)
[ info ] [ SESSION ] INIT array (
  'id' => '',
  'var_session_id' => '',
  'prefix' => 'think',
  'type' => '',
  'auto_start' => true,
)
[ info ] [ RUN ] app\admin\controller\Goodsconfig->lst[ E:\WWW\transport\application\admin\controller\Goodsconfig.php ]
[ info ] [ DB ] INIT mysql
[ info ] [ VIEW ] E:\WWW\transport\public/../application/admin\view\goodsconfig\goodstype-list.html [ array (
  0 => 'list1',
  1 => 'list2',
  2 => 'list3',
  3 => 'list4',
  4 => 'list5',
  5 => 'list6',
  6 => 'list7',
  7 => 'counts1',
  8 => 'counts2',
  9 => 'counts3',
  10 => 'counts4',
  11 => 'counts5',
  12 => 'counts6',
  13 => 'counts7',
  14 => 'privilege',
) ]
[ info ] [ LOG ] INIT File
[ sql ] [ DB ] CONNECT:[ UseTime:0.010296s ] mysql:dbname=transport;host=127.0.0.1;charset=utf8
[ sql ] [ SQL ] SHOW COLUMNS FROM `tr_role` [ RunTime:0.006739s ]
[ sql ] [ SQL ] SELECT `pri_id` FROM `tr_role` WHERE  `id` = 5 LIMIT 1 [ RunTime:0.000575s ]
[ sql ] [ SQL ] SHOW COLUMNS FROM `tr_goodscarlong` [ RunTime:0.006423s ]
[ sql ] [ SQL ] SELECT * FROM `tr_goodscarlong` ORDER BY id desc [ RunTime:0.000505s ]
[ sql ] [ SQL ] SELECT COUNT(*) AS tp_count FROM `tr_goodscarlong` ORDER BY id desc LIMIT 1 [ RunTime:0.000519s ]
[ sql ] [ SQL ] SHOW COLUMNS FROM `tr_goodscartype` [ RunTime:0.005401s ]
[ sql ] [ SQL ] SELECT * FROM `tr_goodscartype` ORDER BY id desc [ RunTime:0.000545s ]
[ sql ] [ SQL ] SELECT COUNT(*) AS tp_count FROM `tr_goodscartype` ORDER BY id desc LIMIT 1 [ RunTime:0.000472s ]
[ sql ] [ SQL ] SHOW COLUMNS FROM `tr_goodscoldtype` [ RunTime:0.005537s ]
[ sql ] [ SQL ] SELECT * FROM `tr_goodscoldtype` ORDER BY id desc [ RunTime:0.000541s ]
[ sql ] [ SQL ] SELECT COUNT(*) AS tp_count FROM `tr_goodscoldtype` ORDER BY id desc LIMIT 1 [ RunTime:0.000480s ]
[ sql ] [ SQL ] SHOW COLUMNS FROM `tr_goodskindtype` [ RunTime:0.004994s ]
[ sql ] [ SQL ] SELECT * FROM `tr_goodskindtype` ORDER BY id desc [ RunTime:0.000454s ]
[ sql ] [ SQL ] SELECT COUNT(*) AS tp_count FROM `tr_goodskindtype` ORDER BY id desc LIMIT 1 [ RunTime:0.000594s ]
[ sql ] [ SQL ] SHOW COLUMNS FROM `tr_goodspaytype` [ RunTime:0.006631s ]
[ sql ] [ SQL ] SELECT * FROM `tr_goodspaytype` ORDER BY id desc [ RunTime:0.000525s ]
[ sql ] [ SQL ] SELECT COUNT(*) AS tp_count FROM `tr_goodspaytype` ORDER BY id desc LIMIT 1 [ RunTime:0.000474s ]
[ sql ] [ SQL ] SHOW COLUMNS FROM `tr_goodstemperature` [ RunTime:0.005678s ]
[ sql ] [ SQL ] SELECT * FROM `tr_goodstemperature` ORDER BY id desc [ RunTime:0.000542s ]
[ sql ] [ SQL ] SELECT COUNT(*) AS tp_count FROM `tr_goodstemperature` ORDER BY id desc LIMIT 1 [ RunTime:0.000502s ]
[ sql ] [ SQL ] SHOW COLUMNS FROM `tr_goodstime` [ RunTime:0.006549s ]
[ sql ] [ SQL ] SELECT * FROM `tr_goodstime` ORDER BY id desc [ RunTime:0.000416s ]
[ sql ] [ SQL ] SELECT COUNT(*) AS tp_count FROM `tr_goodstime` ORDER BY id desc LIMIT 1 [ RunTime:0.000402s ]
---------------------------------------------------------------
[ 2017-12-21T18:24:30+08:00 ] 192.168.18.228 192.168.18.228 GET /transport/public/index.php/admin/goodsconfig/lib/My97DatePicker/WdatePicker.js
[ info ] 192.168.18.228/transport/public/index.php/admin/goodsconfig/lib/My97DatePicker/WdatePicker.js [运行时间：0.038388s][吞吐率：26.05req/s] [内存消耗：1,811.40kb] [文件加载：49]
[ info ] [ LANG ] E:\WWW\transport\thinkphp\lang\zh-cn.php
[ info ] [ ROUTE ] array (
  'type' => 'module',
  'module' => 
  array (
    0 => 'admin',
    1 => 'goodsconfig',
    2 => 'lib',
  ),
)
[ info ] [ HEADER ] array (
  'host' => '192.168.18.228',
  'connection' => 'keep-alive',
  'user-agent' => 'Mozilla/5.0 (Windows NT 10.0; WOW64) AppleWebKit/537.36 (KHTML, like Gecko) Chrome/63.0.3239.84 Safari/537.36',
  'accept' => '*/*',
  'referer' => 'http://192.168.18.228/transport/public/index.php/admin/goodsconfig/lst.html',
  'accept-encoding' => 'gzip, deflate',
  'accept-language' => 'zh-CN,zh;q=0.9',
  'cookie' => 'PHPSESSID=2h53cca5p2mfvl1pj2ekef28k4; Hm_lvt_080836300300be57b7f34f4b3e97d911=1513846042; Hm_lpvt_080836300300be57b7f34f4b3e97d911=1513846042',
)
[ info ] [ PARAM ] array (
  'My97DatePicker' => 'WdatePicker.js',
)
[ info ] [ SESSION ] INIT array (
  'id' => '',
  'var_session_id' => '',
  'prefix' => 'think',
  'type' => '',
  'auto_start' => true,
)
[ info ] [ LOG ] INIT File
---------------------------------------------------------------
[ 2017-12-21T18:24:35+08:00 ] 192.168.18.228 192.168.18.228 GET /transport/public/index.php/admin/goodsconfig/cartypedel/id/6.html
[ info ] 192.168.18.228/transport/public/index.php/admin/goodsconfig/cartypedel/id/6.html [运行时间：0.057041s][吞吐率：17.53req/s] [内存消耗：2,664.27kb] [文件加载：59]
[ info ] [ LANG ] E:\WWW\transport\thinkphp\lang\zh-cn.php
[ info ] [ ROUTE ] array (
  'type' => 'module',
  'module' => 
  array (
    0 => 'admin',
    1 => 'goodsconfig',
    2 => 'cartypedel',
  ),
)
[ info ] [ HEADER ] array (
  'host' => '192.168.18.228',
  'connection' => 'keep-alive',
  'upgrade-insecure-requests' => '1',
  'user-agent' => 'Mozilla/5.0 (Windows NT 10.0; WOW64) AppleWebKit/537.36 (KHTML, like Gecko) Chrome/63.0.3239.84 Safari/537.36',
  'accept' => 'text/html,application/xhtml+xml,application/xml;q=0.9,image/webp,image/apng,*/*;q=0.8',
  'referer' => 'http://192.168.18.228/transport/public/index.php/admin/goodsconfig/lst.html',
  'accept-encoding' => 'gzip, deflate',
  'accept-language' => 'zh-CN,zh;q=0.9',
  'cookie' => 'PHPSESSID=2h53cca5p2mfvl1pj2ekef28k4; Hm_lvt_080836300300be57b7f34f4b3e97d911=1513846042; Hm_lpvt_080836300300be57b7f34f4b3e97d911=1513846042',
)
[ info ] [ PARAM ] array (
  'id' => '6',
)
[ info ] [ SESSION ] INIT array (
  'id' => '',
  'var_session_id' => '',
  'prefix' => 'think',
  'type' => '',
  'auto_start' => true,
)
[ info ] [ RUN ] app\admin\controller\Goodsconfig->cartypedel[ E:\WWW\transport\application\admin\controller\Goodsconfig.php ]
[ info ] [ DB ] INIT mysql
[ info ] [ CACHE ] INIT File
[ info ] [ LOG ] INIT File
[ sql ] [ DB ] CONNECT:[ UseTime:0.001169s ] mysql:dbname=transport;host=127.0.0.1;charset=utf8
[ sql ] [ SQL ] SHOW COLUMNS FROM `tr_goodscartype` [ RunTime:0.006684s ]
[ sql ] [ SQL ] DELETE FROM `tr_goodscartype`    WHERE  `id` = 6 [ RunTime:0.000658s ]
---------------------------------------------------------------
[ 2017-12-21T18:24:35+08:00 ] 192.168.18.228 192.168.18.228 GET /transport/public/index.php/admin/goodsconfig/del_success.html
[ info ] 192.168.18.228/transport/public/index.php/admin/goodsconfig/del_success.html [运行时间：0.061052s][吞吐率：16.38req/s] [内存消耗：1,839.45kb] [文件加载：48]
[ info ] [ LANG ] E:\WWW\transport\thinkphp\lang\zh-cn.php
[ info ] [ ROUTE ] array (
  'type' => 'module',
  'module' => 
  array (
    0 => 'admin',
    1 => 'goodsconfig',
    2 => 'del_success',
  ),
)
[ info ] [ HEADER ] array (
  'host' => '192.168.18.228',
  'connection' => 'keep-alive',
  'upgrade-insecure-requests' => '1',
  'user-agent' => 'Mozilla/5.0 (Windows NT 10.0; WOW64) AppleWebKit/537.36 (KHTML, like Gecko) Chrome/63.0.3239.84 Safari/537.36',
  'accept' => 'text/html,application/xhtml+xml,application/xml;q=0.9,image/webp,image/apng,*/*;q=0.8',
  'referer' => 'http://192.168.18.228/transport/public/index.php/admin/goodsconfig/lst.html',
  'accept-encoding' => 'gzip, deflate',
  'accept-language' => 'zh-CN,zh;q=0.9',
  'cookie' => 'PHPSESSID=2h53cca5p2mfvl1pj2ekef28k4; Hm_lvt_080836300300be57b7f34f4b3e97d911=1513846042; Hm_lpvt_080836300300be57b7f34f4b3e97d911=1513846042',
)
[ info ] [ PARAM ] array (
)
[ info ] [ SESSION ] INIT array (
  'id' => '',
  'var_session_id' => '',
  'prefix' => 'think',
  'type' => '',
  'auto_start' => true,
)
[ info ] [ RUN ] app\admin\controller\Goodsconfig->del_success[ E:\WWW\transport\application\admin\controller\Goodsconfig.php ]
[ info ] [ VIEW ] E:\WWW\transport\public/../application/admin\view\goodsconfig\del-success.html [ array (
) ]
[ info ] [ LOG ] INIT File
---------------------------------------------------------------
[ 2017-12-21T18:24:38+08:00 ] 192.168.18.228 192.168.18.228 GET /transport/public/index/personalcenter/personalcenter_index.html
[ info ] 192.168.18.228/transport/public/index/personalcenter/personalcenter_index.html [运行时间：0.084587s][吞吐率：11.82req/s] [内存消耗：2,790.88kb] [文件加载：55]
[ info ] [ LANG ] E:\WWW\transport\thinkphp\lang\zh-cn.php
[ info ] [ ROUTE ] array (
  'type' => 'module',
  'module' => 
  array (
    0 => 'index',
    1 => 'personalcenter',
    2 => 'personalcenter_index',
  ),
)
[ info ] [ HEADER ] array (
  'host' => '192.168.18.228',
  'connection' => 'keep-alive',
  'upgrade-insecure-requests' => '1',
  'user-agent' => 'Mozilla/5.0 (Windows NT 10.0; WOW64) AppleWebKit/537.36 (KHTML, like Gecko) Chrome/63.0.3239.84 Safari/537.36',
  'accept' => 'text/html,application/xhtml+xml,application/xml;q=0.9,image/webp,image/apng,*/*;q=0.8',
  'referer' => 'http://192.168.18.228/transport/public/index/index/index.html',
  'accept-encoding' => 'gzip, deflate',
  'accept-language' => 'zh-CN,zh;q=0.9',
  'cookie' => 'PHPSESSID=2h53cca5p2mfvl1pj2ekef28k4; Hm_lvt_080836300300be57b7f34f4b3e97d911=1513846042; Hm_lpvt_080836300300be57b7f34f4b3e97d911=1513846042',
)
[ info ] [ PARAM ] array (
)
[ info ] [ DB ] INIT mysql
[ info ] [ SESSION ] INIT array (
  'id' => '',
  'var_session_id' => '',
  'prefix' => 'think',
  'type' => '',
  'auto_start' => true,
)
[ info ] [ RUN ] app\index\controller\Personalcenter->personalcenter_index[ E:\WWW\transport\application\index\controller\Personalcenter.php ]
[ info ] [ VIEW ] E:\WWW\transport\public/../application/index\view\personalcenter\personalcenter_index.html [ array (
  0 => 'banner',
  1 => 'username',
  2 => 'user_u',
  3 => 'userres',
  4 => 'publicmeg',
) ]
[ info ] [ LOG ] INIT File
[ sql ] [ DB ] CONNECT:[ UseTime:0.010378s ] mysql:dbname=transport;host=127.0.0.1;charset=utf8
[ sql ] [ SQL ] SHOW COLUMNS FROM `tr_banner` [ RunTime:0.006730s ]
[ sql ] [ SQL ] SELECT * FROM `tr_banner` LIMIT 1 [ RunTime:0.000632s ]
[ sql ] [ SQL ] SHOW COLUMNS FROM `tr_user` [ RunTime:0.006899s ]
[ sql ] [ SQL ] SELECT * FROM `tr_user` WHERE  `id` = 3 LIMIT 1 [ RunTime:0.000510s ]
[ sql ] [ SQL ] SELECT * FROM `tr_user` WHERE  `id` = 3  AND `is_recycle` = 0 LIMIT 1 [ RunTime:0.000458s ]
[ sql ] [ SQL ] SHOW COLUMNS FROM `tr_publicmeg` [ RunTime:0.006267s ]
[ sql ] [ SQL ] SELECT * FROM `tr_publicmeg` ORDER BY id desc LIMIT 1 [ RunTime:0.000361s ]
---------------------------------------------------------------
[ 2017-12-21T18:24:38+08:00 ] 192.168.18.228 192.168.18.228 GET /transport/public/static/index/fonts/glyphicons-halflings-regular.woff2
[ info ] 192.168.18.228/transport/public/static/index/fonts/glyphicons-halflings-regular.woff2 [运行时间：0.031152s][吞吐率：32.10req/s] [内存消耗：1,411.74kb] [文件加载：40]
[ info ] [ LANG ] E:\WWW\transport\thinkphp\lang\zh-cn.php
[ info ] [ ROUTE ] array (
  'type' => 'module',
  'module' => 
  array (
    0 => 'static',
    1 => 'index',
    2 => 'fonts',
  ),
)
[ info ] [ HEADER ] array (
  'host' => '192.168.18.228',
  'connection' => 'keep-alive',
  'origin' => 'http://192.168.18.228',
  'user-agent' => 'Mozilla/5.0 (Windows NT 10.0; WOW64) AppleWebKit/537.36 (KHTML, like Gecko) Chrome/63.0.3239.84 Safari/537.36',
  'accept' => '*/*',
  'referer' => 'http://192.168.18.228/transport/public/static/index/css/bootstrap.min.css',
  'accept-encoding' => 'gzip, deflate',
  'accept-language' => 'zh-CN,zh;q=0.9',
  'cookie' => 'PHPSESSID=2h53cca5p2mfvl1pj2ekef28k4; Hm_lvt_080836300300be57b7f34f4b3e97d911=1513846042; Hm_lpvt_080836300300be57b7f34f4b3e97d911=1513846042',
)
[ info ] [ PARAM ] array (
)
[ info ] [ LOG ] INIT File
---------------------------------------------------------------
[ 2017-12-21T18:24:41+08:00 ] 192.168.18.228 192.168.18.228 GET /transport/public/index/personalcenter/pathadd.html
[ info ] 192.168.18.228/transport/public/index/personalcenter/pathadd.html [运行时间：0.082014s][吞吐率：12.19req/s] [内存消耗：2,797.27kb] [文件加载：55]
[ info ] [ LANG ] E:\WWW\transport\thinkphp\lang\zh-cn.php
[ info ] [ ROUTE ] array (
  'type' => 'module',
  'module' => 
  array (
    0 => 'index',
    1 => 'personalcenter',
    2 => 'pathadd',
  ),
)
[ info ] [ HEADER ] array (
  'host' => '192.168.18.228',
  'connection' => 'keep-alive',
  'upgrade-insecure-requests' => '1',
  'user-agent' => 'Mozilla/5.0 (Windows NT 10.0; WOW64) AppleWebKit/537.36 (KHTML, like Gecko) Chrome/63.0.3239.84 Safari/537.36',
  'accept' => 'text/html,application/xhtml+xml,application/xml;q=0.9,image/webp,image/apng,*/*;q=0.8',
  'referer' => 'http://192.168.18.228/transport/public/index/personalcenter/personalcenter_index.html',
  'accept-encoding' => 'gzip, deflate',
  'accept-language' => 'zh-CN,zh;q=0.9',
  'cookie' => 'PHPSESSID=2h53cca5p2mfvl1pj2ekef28k4; Hm_lvt_080836300300be57b7f34f4b3e97d911=1513846042; Hm_lpvt_080836300300be57b7f34f4b3e97d911=1513846042',
)
[ info ] [ PARAM ] array (
)
[ info ] [ DB ] INIT mysql
[ info ] [ SESSION ] INIT array (
  'id' => '',
  'var_session_id' => '',
  'prefix' => 'think',
  'type' => '',
  'auto_start' => true,
)
[ info ] [ RUN ] app\index\controller\Personalcenter->pathadd[ E:\WWW\transport\application\index\controller\Personalcenter.php ]
[ info ] [ VIEW ] E:\WWW\transport\public/../application/index\view\personalcenter\pathadd.html [ array (
  0 => 'banner',
  1 => 'username',
  2 => 'user_u',
  3 => 'userres',
  4 => 'carlength',
  5 => 'cartype',
) ]
[ info ] [ LOG ] INIT File
[ sql ] [ DB ] CONNECT:[ UseTime:0.001802s ] mysql:dbname=transport;host=127.0.0.1;charset=utf8
[ sql ] [ SQL ] SHOW COLUMNS FROM `tr_banner` [ RunTime:0.007165s ]
[ sql ] [ SQL ] SELECT * FROM `tr_banner` LIMIT 1 [ RunTime:0.000562s ]
[ sql ] [ SQL ] SHOW COLUMNS FROM `tr_user` [ RunTime:0.007561s ]
[ sql ] [ SQL ] SELECT * FROM `tr_user` WHERE  `id` = 3 LIMIT 1 [ RunTime:0.000548s ]
[ sql ] [ SQL ] SELECT * FROM `tr_user` WHERE  `id` = 3  AND `is_recycle` = 0 LIMIT 1 [ RunTime:0.000515s ]
[ sql ] [ SQL ] SHOW COLUMNS FROM `tr_goodscarlong` [ RunTime:0.006321s ]
[ sql ] [ SQL ] SELECT * FROM `tr_goodscarlong` [ RunTime:0.000472s ]
[ sql ] [ SQL ] SHOW COLUMNS FROM `tr_goodscartype` [ RunTime:0.005908s ]
[ sql ] [ SQL ] SELECT * FROM `tr_goodscartype` [ RunTime:0.000390s ]
---------------------------------------------------------------
[ 2017-12-21T18:24:41+08:00 ] 192.168.18.228 192.168.18.228 GET /transport/public/static/index/fonts/glyphicons-halflings-regular.woff2
[ info ] 192.168.18.228/transport/public/static/index/fonts/glyphicons-halflings-regular.woff2 [运行时间：0.029585s][吞吐率：33.80req/s] [内存消耗：1,411.74kb] [文件加载：40]
[ info ] [ LANG ] E:\WWW\transport\thinkphp\lang\zh-cn.php
[ info ] [ ROUTE ] array (
  'type' => 'module',
  'module' => 
  array (
    0 => 'static',
    1 => 'index',
    2 => 'fonts',
  ),
)
[ info ] [ HEADER ] array (
  'host' => '192.168.18.228',
  'connection' => 'keep-alive',
  'origin' => 'http://192.168.18.228',
  'user-agent' => 'Mozilla/5.0 (Windows NT 10.0; WOW64) AppleWebKit/537.36 (KHTML, like Gecko) Chrome/63.0.3239.84 Safari/537.36',
  'accept' => '*/*',
  'referer' => 'http://192.168.18.228/transport/public/static/index/css/bootstrap.min.css',
  'accept-encoding' => 'gzip, deflate',
  'accept-language' => 'zh-CN,zh;q=0.9',
  'cookie' => 'PHPSESSID=2h53cca5p2mfvl1pj2ekef28k4; Hm_lvt_080836300300be57b7f34f4b3e97d911=1513846042; Hm_lpvt_080836300300be57b7f34f4b3e97d911=1513846042',
)
[ info ] [ PARAM ] array (
)
[ info ] [ LOG ] INIT File
---------------------------------------------------------------
[ 2017-12-21T18:24:47+08:00 ] 192.168.18.228 192.168.18.228 GET /transport/public/index.php/admin/goodsconfig/add.html
[ info ] 192.168.18.228/transport/public/index.php/admin/goodsconfig/add.html [运行时间：0.033096s][吞吐率：30.22req/s] [内存消耗：1,839.33kb] [文件加载：48]
[ info ] [ LANG ] E:\WWW\transport\thinkphp\lang\zh-cn.php
[ info ] [ ROUTE ] array (
  'type' => 'module',
  'module' => 
  array (
    0 => 'admin',
    1 => 'goodsconfig',
    2 => 'add',
  ),
)
[ info ] [ HEADER ] array (
  'host' => '192.168.18.228',
  'connection' => 'keep-alive',
  'upgrade-insecure-requests' => '1',
  'user-agent' => 'Mozilla/5.0 (Windows NT 10.0; WOW64) AppleWebKit/537.36 (KHTML, like Gecko) Chrome/63.0.3239.84 Safari/537.36',
  'accept' => 'text/html,application/xhtml+xml,application/xml;q=0.9,image/webp,image/apng,*/*;q=0.8',
  'referer' => 'http://192.168.18.228/transport/public/index.php/admin/index/index.html',
  'accept-encoding' => 'gzip, deflate',
  'accept-language' => 'zh-CN,zh;q=0.9',
  'cookie' => 'PHPSESSID=2h53cca5p2mfvl1pj2ekef28k4; Hm_lvt_080836300300be57b7f34f4b3e97d911=1513846042; Hm_lpvt_080836300300be57b7f34f4b3e97d911=1513846042',
)
[ info ] [ PARAM ] array (
)
[ info ] [ SESSION ] INIT array (
  'id' => '',
  'var_session_id' => '',
  'prefix' => 'think',
  'type' => '',
  'auto_start' => true,
)
[ info ] [ RUN ] app\admin\controller\Goodsconfig->add[ E:\WWW\transport\application\admin\controller\Goodsconfig.php ]
[ info ] [ VIEW ] E:\WWW\transport\public/../application/admin\view\goodsconfig\goodstype-add.html [ array (
) ]
[ info ] [ LOG ] INIT File
---------------------------------------------------------------
[ 2017-12-21T18:24:52+08:00 ] 192.168.18.228 192.168.18.228 POST /transport/public/index.php/admin/goodsconfig/cartypeadd.html
[ info ] 192.168.18.228/transport/public/index.php/admin/goodsconfig/cartypeadd.html [运行时间：0.087180s][吞吐率：11.47req/s] [内存消耗：2,588.07kb] [文件加载：56]
[ info ] [ LANG ] E:\WWW\transport\thinkphp\lang\zh-cn.php
[ info ] [ ROUTE ] array (
  'type' => 'module',
  'module' => 
  array (
    0 => 'admin',
    1 => 'goodsconfig',
    2 => 'cartypeadd',
  ),
)
[ info ] [ HEADER ] array (
  'host' => '192.168.18.228',
  'connection' => 'keep-alive',
  'content-length' => '27',
  'cache-control' => 'max-age=0',
  'origin' => 'http://192.168.18.228',
  'upgrade-insecure-requests' => '1',
  'content-type' => 'application/x-www-form-urlencoded',
  'user-agent' => 'Mozilla/5.0 (Windows NT 10.0; WOW64) AppleWebKit/537.36 (KHTML, like Gecko) Chrome/63.0.3239.84 Safari/537.36',
  'accept' => 'text/html,application/xhtml+xml,application/xml;q=0.9,image/webp,image/apng,*/*;q=0.8',
  'referer' => 'http://192.168.18.228/transport/public/index.php/admin/goodsconfig/add.html',
  'accept-encoding' => 'gzip, deflate',
  'accept-language' => 'zh-CN,zh;q=0.9',
  'cookie' => 'PHPSESSID=2h53cca5p2mfvl1pj2ekef28k4; Hm_lvt_080836300300be57b7f34f4b3e97d911=1513846042; Hm_lpvt_080836300300be57b7f34f4b3e97d911=1513846042',
)
[ info ] [ PARAM ] array (
  'typename' => '高栏',
)
[ info ] [ SESSION ] INIT array (
  'id' => '',
  'var_session_id' => '',
  'prefix' => 'think',
  'type' => '',
  'auto_start' => true,
)
[ info ] [ RUN ] app\admin\controller\Goodsconfig->cartypeadd[ E:\WWW\transport\application\admin\controller\Goodsconfig.php ]
[ info ] [ DB ] INIT mysql
[ info ] [ LOG ] INIT File
[ sql ] [ DB ] CONNECT:[ UseTime:0.009925s ] mysql:dbname=transport;host=127.0.0.1;charset=utf8
[ sql ] [ SQL ] SHOW COLUMNS FROM `tr_goodscartype` [ RunTime:0.028638s ]
[ sql ] [ SQL ] SELECT * FROM `tr_goodscartype` WHERE  `typename` = '高栏' LIMIT 1 [ RunTime:0.001111s ]
[ sql ] [ SQL ] INSERT INTO `tr_goodscartype` (`typename`) VALUES ('高栏') [ RunTime:0.001082s ]
---------------------------------------------------------------
[ 2017-12-21T18:24:52+08:00 ] 192.168.18.228 192.168.18.228 GET /transport/public/index.php/admin/goodsconfig/add_success.html
[ info ] 192.168.18.228/transport/public/index.php/admin/goodsconfig/add_success.html [运行时间：0.033928s][吞吐率：29.47req/s] [内存消耗：1,839.60kb] [文件加载：48]
[ info ] [ LANG ] E:\WWW\transport\thinkphp\lang\zh-cn.php
[ info ] [ ROUTE ] array (
  'type' => 'module',
  'module' => 
  array (
    0 => 'admin',
    1 => 'goodsconfig',
    2 => 'add_success',
  ),
)
[ info ] [ HEADER ] array (
  'host' => '192.168.18.228',
  'connection' => 'keep-alive',
  'cache-control' => 'max-age=0',
  'upgrade-insecure-requests' => '1',
  'user-agent' => 'Mozilla/5.0 (Windows NT 10.0; WOW64) AppleWebKit/537.36 (KHTML, like Gecko) Chrome/63.0.3239.84 Safari/537.36',
  'accept' => 'text/html,application/xhtml+xml,application/xml;q=0.9,image/webp,image/apng,*/*;q=0.8',
  'referer' => 'http://192.168.18.228/transport/public/index.php/admin/goodsconfig/add.html',
  'accept-encoding' => 'gzip, deflate',
  'accept-language' => 'zh-CN,zh;q=0.9',
  'cookie' => 'PHPSESSID=2h53cca5p2mfvl1pj2ekef28k4; Hm_lvt_080836300300be57b7f34f4b3e97d911=1513846042; Hm_lpvt_080836300300be57b7f34f4b3e97d911=1513846042',
)
[ info ] [ PARAM ] array (
)
[ info ] [ SESSION ] INIT array (
  'id' => '',
  'var_session_id' => '',
  'prefix' => 'think',
  'type' => '',
  'auto_start' => true,
)
[ info ] [ RUN ] app\admin\controller\Goodsconfig->add_success[ E:\WWW\transport\application\admin\controller\Goodsconfig.php ]
[ info ] [ VIEW ] E:\WWW\transport\public/../application/admin\view\goodsconfig\add-success.html [ array (
) ]
[ info ] [ LOG ] INIT File
---------------------------------------------------------------
[ 2017-12-21T18:24:53+08:00 ] 192.168.18.228 192.168.18.228 GET /transport/public/index.php/admin/goodsconfig/add.html
[ info ] 192.168.18.228/transport/public/index.php/admin/goodsconfig/add.html [运行时间：0.035542s][吞吐率：28.14req/s] [内存消耗：1,839.38kb] [文件加载：48]
[ info ] [ LANG ] E:\WWW\transport\thinkphp\lang\zh-cn.php
[ info ] [ ROUTE ] array (
  'type' => 'module',
  'module' => 
  array (
    0 => 'admin',
    1 => 'goodsconfig',
    2 => 'add',
  ),
)
[ info ] [ HEADER ] array (
  'host' => '192.168.18.228',
  'connection' => 'keep-alive',
  'upgrade-insecure-requests' => '1',
  'user-agent' => 'Mozilla/5.0 (Windows NT 10.0; WOW64) AppleWebKit/537.36 (KHTML, like Gecko) Chrome/63.0.3239.84 Safari/537.36',
  'accept' => 'text/html,application/xhtml+xml,application/xml;q=0.9,image/webp,image/apng,*/*;q=0.8',
  'referer' => 'http://192.168.18.228/transport/public/index.php/admin/goodsconfig/add_success.html',
  'accept-encoding' => 'gzip, deflate',
  'accept-language' => 'zh-CN,zh;q=0.9',
  'cookie' => 'PHPSESSID=2h53cca5p2mfvl1pj2ekef28k4; Hm_lvt_080836300300be57b7f34f4b3e97d911=1513846042; Hm_lpvt_080836300300be57b7f34f4b3e97d911=1513846042',
)
[ info ] [ PARAM ] array (
)
[ info ] [ SESSION ] INIT array (
  'id' => '',
  'var_session_id' => '',
  'prefix' => 'think',
  'type' => '',
  'auto_start' => true,
)
[ info ] [ RUN ] app\admin\controller\Goodsconfig->add[ E:\WWW\transport\application\admin\controller\Goodsconfig.php ]
[ info ] [ VIEW ] E:\WWW\transport\public/../application/admin\view\goodsconfig\goodstype-add.html [ array (
) ]
[ info ] [ LOG ] INIT File
---------------------------------------------------------------
[ 2017-12-21T18:24:56+08:00 ] 192.168.18.228 192.168.18.228 GET /transport/public/index/personalcenter/pathadd.html
[ info ] 192.168.18.228/transport/public/index/personalcenter/pathadd.html [运行时间：0.088025s][吞吐率：11.36req/s] [内存消耗：2,797.77kb] [文件加载：55]
[ info ] [ LANG ] E:\WWW\transport\thinkphp\lang\zh-cn.php
[ info ] [ ROUTE ] array (
  'type' => 'module',
  'module' => 
  array (
    0 => 'index',
    1 => 'personalcenter',
    2 => 'pathadd',
  ),
)
[ info ] [ HEADER ] array (
  'host' => '192.168.18.228',
  'connection' => 'keep-alive',
  'cache-control' => 'max-age=0',
  'user-agent' => 'Mozilla/5.0 (Windows NT 10.0; WOW64) AppleWebKit/537.36 (KHTML, like Gecko) Chrome/63.0.3239.84 Safari/537.36',
  'upgrade-insecure-requests' => '1',
  'accept' => 'text/html,application/xhtml+xml,application/xml;q=0.9,image/webp,image/apng,*/*;q=0.8',
  'referer' => 'http://192.168.18.228/transport/public/index/personalcenter/personalcenter_index.html',
  'accept-encoding' => 'gzip, deflate',
  'accept-language' => 'zh-CN,zh;q=0.9',
  'cookie' => 'PHPSESSID=2h53cca5p2mfvl1pj2ekef28k4; Hm_lvt_080836300300be57b7f34f4b3e97d911=1513846042; Hm_lpvt_080836300300be57b7f34f4b3e97d911=1513846042',
)
[ info ] [ PARAM ] array (
)
[ info ] [ DB ] INIT mysql
[ info ] [ SESSION ] INIT array (
  'id' => '',
  'var_session_id' => '',
  'prefix' => 'think',
  'type' => '',
  'auto_start' => true,
)
[ info ] [ RUN ] app\index\controller\Personalcenter->pathadd[ E:\WWW\transport\application\index\controller\Personalcenter.php ]
[ info ] [ VIEW ] E:\WWW\transport\public/../application/index\view\personalcenter\pathadd.html [ array (
  0 => 'banner',
  1 => 'username',
  2 => 'user_u',
  3 => 'userres',
  4 => 'carlength',
  5 => 'cartype',
) ]
[ info ] [ LOG ] INIT File
[ sql ] [ DB ] CONNECT:[ UseTime:0.010687s ] mysql:dbname=transport;host=127.0.0.1;charset=utf8
[ sql ] [ SQL ] SHOW COLUMNS FROM `tr_banner` [ RunTime:0.005914s ]
[ sql ] [ SQL ] SELECT * FROM `tr_banner` LIMIT 1 [ RunTime:0.000496s ]
[ sql ] [ SQL ] SHOW COLUMNS FROM `tr_user` [ RunTime:0.006195s ]
[ sql ] [ SQL ] SELECT * FROM `tr_user` WHERE  `id` = 3 LIMIT 1 [ RunTime:0.000609s ]
[ sql ] [ SQL ] SELECT * FROM `tr_user` WHERE  `id` = 3  AND `is_recycle` = 0 LIMIT 1 [ RunTime:0.000534s ]
[ sql ] [ SQL ] SHOW COLUMNS FROM `tr_goodscarlong` [ RunTime:0.005595s ]
[ sql ] [ SQL ] SELECT * FROM `tr_goodscarlong` [ RunTime:0.000471s ]
[ sql ] [ SQL ] SHOW COLUMNS FROM `tr_goodscartype` [ RunTime:0.005371s ]
[ sql ] [ SQL ] SELECT * FROM `tr_goodscartype` [ RunTime:0.000472s ]
---------------------------------------------------------------
[ 2017-12-21T18:24:56+08:00 ] 192.168.18.228 192.168.18.228 GET /transport/public/static/index/fonts/glyphicons-halflings-regular.woff2
[ info ] 192.168.18.228/transport/public/static/index/fonts/glyphicons-halflings-regular.woff2 [运行时间：0.028633s][吞吐率：34.92req/s] [内存消耗：1,411.74kb] [文件加载：40]
[ info ] [ LANG ] E:\WWW\transport\thinkphp\lang\zh-cn.php
[ info ] [ ROUTE ] array (
  'type' => 'module',
  'module' => 
  array (
    0 => 'static',
    1 => 'index',
    2 => 'fonts',
  ),
)
[ info ] [ HEADER ] array (
  'host' => '192.168.18.228',
  'connection' => 'keep-alive',
  'origin' => 'http://192.168.18.228',
  'user-agent' => 'Mozilla/5.0 (Windows NT 10.0; WOW64) AppleWebKit/537.36 (KHTML, like Gecko) Chrome/63.0.3239.84 Safari/537.36',
  'accept' => '*/*',
  'referer' => 'http://192.168.18.228/transport/public/static/index/css/bootstrap.min.css',
  'accept-encoding' => 'gzip, deflate',
  'accept-language' => 'zh-CN,zh;q=0.9',
  'cookie' => 'PHPSESSID=2h53cca5p2mfvl1pj2ekef28k4; Hm_lvt_080836300300be57b7f34f4b3e97d911=1513846042; Hm_lpvt_080836300300be57b7f34f4b3e97d911=1513846042',
)
[ info ] [ PARAM ] array (
)
[ info ] [ LOG ] INIT File
---------------------------------------------------------------
[ 2017-12-21T18:25:17+08:00 ] 192.168.18.228 192.168.18.228 POST /transport/public/index/personalcenter/pathadd.html
[ info ] 192.168.18.228/transport/public/index/personalcenter/pathadd.html [运行时间：0.133531s][吞吐率：7.49req/s] [内存消耗：3,128.73kb] [文件加载：59]
[ info ] [ LANG ] E:\WWW\transport\thinkphp\lang\zh-cn.php
[ info ] [ ROUTE ] array (
  'type' => 'module',
  'module' => 
  array (
    0 => 'index',
    1 => 'personalcenter',
    2 => 'pathadd',
  ),
)
[ info ] [ HEADER ] array (
  'host' => '192.168.18.228',
  'connection' => 'keep-alive',
  'content-length' => '1558',
  'cache-control' => 'max-age=0',
  'origin' => 'http://192.168.18.228',
  'upgrade-insecure-requests' => '1',
  'content-type' => 'multipart/form-data; boundary=----WebKitFormBoundaryVdI6EC7Cw1RAP839',
  'user-agent' => 'Mozilla/5.0 (Windows NT 10.0; WOW64) AppleWebKit/537.36 (KHTML, like Gecko) Chrome/63.0.3239.84 Safari/537.36',
  'accept' => 'text/html,application/xhtml+xml,application/xml;q=0.9,image/webp,image/apng,*/*;q=0.8',
  'referer' => 'http://192.168.18.228/transport/public/index/personalcenter/pathadd.html',
  'accept-encoding' => 'gzip, deflate',
  'accept-language' => 'zh-CN,zh;q=0.9',
  'cookie' => 'PHPSESSID=2h53cca5p2mfvl1pj2ekef28k4; Hm_lvt_080836300300be57b7f34f4b3e97d911=1513846042; Hm_lpvt_080836300300be57b7f34f4b3e97d911=1513846042',
)
[ info ] [ PARAM ] array (
  'uid' => '13403991030',
  'is_company' => '0',
  'is_recycle' => '0',
  'startsite' => '安徽省合肥市',
  'endsite' => '上海市上海市',
  'vehicle_type' => 
  array (
    0 => '冷藏车',
    1 => '平板车',
    2 => '常温箱式',
    3 => '高栏',
  ),
  'vehicle_length' => 
  array (
    0 => '7.2米-9.6米',
    1 => '9.6米-12.5米',
    2 => '15米以上',
  ),
  'linkman' => '999',
  'linkphone' => '13403991030',
)
[ info ] [ DB ] INIT mysql
[ info ] [ SESSION ] INIT array (
  'id' => '',
  'var_session_id' => '',
  'prefix' => 'think',
  'type' => '',
  'auto_start' => true,
)
[ info ] [ RUN ] app\index\controller\Personalcenter->pathadd[ E:\WWW\transport\application\index\controller\Personalcenter.php ]
[ info ] [ VIEW ] E:\WWW\transport\thinkphp\tpl\dispatch_jump1.tpl [ array (
  0 => 'banner',
  1 => 'username',
  2 => 'user_u',
  3 => 'userres',
  4 => 'carlength',
  5 => 'cartype',
  6 => 'code',
  7 => 'msg',
  8 => 'data',
  9 => 'url',
  10 => 'wait',
) ]
[ info ] [ LOG ] INIT File
[ sql ] [ DB ] CONNECT:[ UseTime:0.011162s ] mysql:dbname=transport;host=127.0.0.1;charset=utf8
[ sql ] [ SQL ] SHOW COLUMNS FROM `tr_banner` [ RunTime:0.007827s ]
[ sql ] [ SQL ] SELECT * FROM `tr_banner` LIMIT 1 [ RunTime:0.000472s ]
[ sql ] [ SQL ] SHOW COLUMNS FROM `tr_user` [ RunTime:0.006311s ]
[ sql ] [ SQL ] SELECT * FROM `tr_user` WHERE  `id` = 3 LIMIT 1 [ RunTime:0.000610s ]
[ sql ] [ SQL ] SELECT * FROM `tr_user` WHERE  `id` = 3  AND `is_recycle` = 0 LIMIT 1 [ RunTime:0.000711s ]
[ sql ] [ SQL ] SHOW COLUMNS FROM `tr_goodscarlong` [ RunTime:0.005309s ]
[ sql ] [ SQL ] SELECT * FROM `tr_goodscarlong` [ RunTime:0.000370s ]
[ sql ] [ SQL ] SHOW COLUMNS FROM `tr_goodscartype` [ RunTime:0.005205s ]
[ sql ] [ SQL ] SELECT * FROM `tr_goodscartype` [ RunTime:0.000456s ]
[ sql ] [ SQL ] SHOW COLUMNS FROM `tr_path` [ RunTime:0.007004s ]
[ sql ] [ SQL ] INSERT INTO `tr_path` (`uid` , `is_company` , `is_recycle` , `startsite` , `endsite` , `vehicle_type` , `vehicle_length` , `linkman` , `linkphone` , `time`) VALUES ('13403991030' , 0 , 0 , '安徽省合肥市' , '上海市上海市' , '冷藏车,平板车,常温箱式,高栏' , '7.2米-9.6米,9.6米-12.5米,15米以上' , '999' , '13403991030' , '2017-12-21') [ RunTime:0.000536s ]
---------------------------------------------------------------
[ 2017-12-21T18:25:17+08:00 ] 192.168.18.228 192.168.18.228 GET /transport/public/static/index/fonts/glyphicons-halflings-regular.woff2
[ info ] 192.168.18.228/transport/public/static/index/fonts/glyphicons-halflings-regular.woff2 [运行时间：0.028326s][吞吐率：35.30req/s] [内存消耗：1,411.74kb] [文件加载：40]
[ info ] [ LANG ] E:\WWW\transport\thinkphp\lang\zh-cn.php
[ info ] [ ROUTE ] array (
  'type' => 'module',
  'module' => 
  array (
    0 => 'static',
    1 => 'index',
    2 => 'fonts',
  ),
)
[ info ] [ HEADER ] array (
  'host' => '192.168.18.228',
  'connection' => 'keep-alive',
  'origin' => 'http://192.168.18.228',
  'user-agent' => 'Mozilla/5.0 (Windows NT 10.0; WOW64) AppleWebKit/537.36 (KHTML, like Gecko) Chrome/63.0.3239.84 Safari/537.36',
  'accept' => '*/*',
  'referer' => 'http://192.168.18.228/transport/public/static/index/css/bootstrap.min.css',
  'accept-encoding' => 'gzip, deflate',
  'accept-language' => 'zh-CN,zh;q=0.9',
  'cookie' => 'PHPSESSID=2h53cca5p2mfvl1pj2ekef28k4; Hm_lvt_080836300300be57b7f34f4b3e97d911=1513846042; Hm_lpvt_080836300300be57b7f34f4b3e97d911=1513846042',
)
[ info ] [ PARAM ] array (
)
[ info ] [ LOG ] INIT File
---------------------------------------------------------------
[ 2017-12-21T18:25:18+08:00 ] 192.168.18.228 192.168.18.228 GET /transport/public/index/personalcenter/pathlist.html
[ info ] 192.168.18.228/transport/public/index/personalcenter/pathlist.html [运行时间：0.094338s][吞吐率：10.60req/s] [内存消耗：3,252.42kb] [文件加载：60]
[ info ] [ LANG ] E:\WWW\transport\thinkphp\lang\zh-cn.php
[ info ] [ ROUTE ] array (
  'type' => 'module',
  'module' => 
  array (
    0 => 'index',
    1 => 'personalcenter',
    2 => 'pathlist',
  ),
)
[ info ] [ HEADER ] array (
  'host' => '192.168.18.228',
  'connection' => 'keep-alive',
  'upgrade-insecure-requests' => '1',
  'user-agent' => 'Mozilla/5.0 (Windows NT 10.0; WOW64) AppleWebKit/537.36 (KHTML, like Gecko) Chrome/63.0.3239.84 Safari/537.36',
  'accept' => 'text/html,application/xhtml+xml,application/xml;q=0.9,image/webp,image/apng,*/*;q=0.8',
  'referer' => 'http://192.168.18.228/transport/public/index/personalcenter/pathadd.html',
  'accept-encoding' => 'gzip, deflate',
  'accept-language' => 'zh-CN,zh;q=0.9',
  'cookie' => 'PHPSESSID=2h53cca5p2mfvl1pj2ekef28k4; Hm_lvt_080836300300be57b7f34f4b3e97d911=1513846042; Hm_lpvt_080836300300be57b7f34f4b3e97d911=1513846042',
)
[ info ] [ PARAM ] array (
)
[ info ] [ DB ] INIT mysql
[ info ] [ SESSION ] INIT array (
  'id' => '',
  'var_session_id' => '',
  'prefix' => 'think',
  'type' => '',
  'auto_start' => true,
)
[ info ] [ RUN ] app\index\controller\Personalcenter->pathlist[ E:\WWW\transport\application\index\controller\Personalcenter.php ]
[ info ] [ VIEW ] E:\WWW\transport\public/../application/index\view\personalcenter\pathlist.html [ array (
  0 => 'banner',
  1 => 'username',
  2 => 'user_u',
  3 => 'userres',
  4 => 'startsite',
  5 => 'endsite',
  6 => 'time',
  7 => 'pathres',
  8 => 'current_page',
  9 => 'total_meg',
  10 => 'totalpage',
) ]
[ info ] [ LOG ] INIT File
[ sql ] [ DB ] CONNECT:[ UseTime:0.010584s ] mysql:dbname=transport;host=127.0.0.1;charset=utf8
[ sql ] [ SQL ] SHOW COLUMNS FROM `tr_banner` [ RunTime:0.006781s ]
[ sql ] [ SQL ] SELECT * FROM `tr_banner` LIMIT 1 [ RunTime:0.000600s ]
[ sql ] [ SQL ] SHOW COLUMNS FROM `tr_user` [ RunTime:0.006318s ]
[ sql ] [ SQL ] SELECT * FROM `tr_user` WHERE  `id` = 3 LIMIT 1 [ RunTime:0.000548s ]
[ sql ] [ SQL ] SELECT * FROM `tr_user` WHERE  `id` = 3  AND `is_recycle` = 0 LIMIT 1 [ RunTime:0.000486s ]
[ sql ] [ SQL ] SHOW COLUMNS FROM `tr_path` [ RunTime:0.006391s ]
[ sql ] [ SQL ] SELECT COUNT(*) AS tp_count FROM `tr_path` WHERE  `uid` = '13403991030'  AND `is_recycle` = 0 LIMIT 1 [ RunTime:0.000557s ]
[ sql ] [ SQL ] SELECT * FROM `tr_path` WHERE  `uid` = '13403991030'  AND `is_recycle` = 0 ORDER BY id desc LIMIT 0,5 [ RunTime:0.000835s ]
---------------------------------------------------------------
[ 2017-12-21T18:25:19+08:00 ] 192.168.18.228 192.168.18.228 GET /transport/public/static/index/fonts/glyphicons-halflings-regular.woff2
[ info ] 192.168.18.228/transport/public/static/index/fonts/glyphicons-halflings-regular.woff2 [运行时间：0.030700s][吞吐率：32.57req/s] [内存消耗：1,411.74kb] [文件加载：40]
[ info ] [ LANG ] E:\WWW\transport\thinkphp\lang\zh-cn.php
[ info ] [ ROUTE ] array (
  'type' => 'module',
  'module' => 
  array (
    0 => 'static',
    1 => 'index',
    2 => 'fonts',
  ),
)
[ info ] [ HEADER ] array (
  'host' => '192.168.18.228',
  'connection' => 'keep-alive',
  'origin' => 'http://192.168.18.228',
  'user-agent' => 'Mozilla/5.0 (Windows NT 10.0; WOW64) AppleWebKit/537.36 (KHTML, like Gecko) Chrome/63.0.3239.84 Safari/537.36',
  'accept' => '*/*',
  'referer' => 'http://192.168.18.228/transport/public/static/index/css/bootstrap.min.css',
  'accept-encoding' => 'gzip, deflate',
  'accept-language' => 'zh-CN,zh;q=0.9',
  'cookie' => 'PHPSESSID=2h53cca5p2mfvl1pj2ekef28k4; Hm_lvt_080836300300be57b7f34f4b3e97d911=1513846042; Hm_lpvt_080836300300be57b7f34f4b3e97d911=1513846042',
)
[ info ] [ PARAM ] array (
)
[ info ] [ LOG ] INIT File
---------------------------------------------------------------
[ 2017-12-21T18:25:21+08:00 ] 192.168.18.228 192.168.18.228 GET /transport/public/index/personalcenter/path_revise/id/38.html
[ info ] 192.168.18.228/transport/public/index/personalcenter/path_revise/id/38.html [运行时间：0.085238s][吞吐率：11.73req/s] [内存消耗：2,814.76kb] [文件加载：55]
[ info ] [ LANG ] E:\WWW\transport\thinkphp\lang\zh-cn.php
[ info ] [ ROUTE ] array (
  'type' => 'module',
  'module' => 
  array (
    0 => 'index',
    1 => 'personalcenter',
    2 => 'path_revise',
  ),
)
[ info ] [ HEADER ] array (
  'host' => '192.168.18.228',
  'connection' => 'keep-alive',
  'upgrade-insecure-requests' => '1',
  'user-agent' => 'Mozilla/5.0 (Windows NT 10.0; WOW64) AppleWebKit/537.36 (KHTML, like Gecko) Chrome/63.0.3239.84 Safari/537.36',
  'accept' => 'text/html,application/xhtml+xml,application/xml;q=0.9,image/webp,image/apng,*/*;q=0.8',
  'referer' => 'http://192.168.18.228/transport/public/index/personalcenter/pathlist.html',
  'accept-encoding' => 'gzip, deflate',
  'accept-language' => 'zh-CN,zh;q=0.9',
  'cookie' => 'PHPSESSID=2h53cca5p2mfvl1pj2ekef28k4; Hm_lvt_080836300300be57b7f34f4b3e97d911=1513846042; Hm_lpvt_080836300300be57b7f34f4b3e97d911=1513846042',
)
[ info ] [ PARAM ] array (
  'id' => '38',
)
[ info ] [ DB ] INIT mysql
[ info ] [ SESSION ] INIT array (
  'id' => '',
  'var_session_id' => '',
  'prefix' => 'think',
  'type' => '',
  'auto_start' => true,
)
[ info ] [ RUN ] app\index\controller\Personalcenter->path_revise[ E:\WWW\transport\application\index\controller\Personalcenter.php ]
[ info ] [ VIEW ] E:\WWW\transport\public/../application/index\view\personalcenter\path_revise.html [ array (
  0 => 'banner',
  1 => 'username',
  2 => 'user_u',
  3 => 'userres',
  4 => 'carlength',
  5 => 'cartype',
  6 => 'path',
  7 => 'vehicle_type',
  8 => 'vehicle_length',
) ]
[ info ] [ LOG ] INIT File
[ sql ] [ DB ] CONNECT:[ UseTime:0.001091s ] mysql:dbname=transport;host=127.0.0.1;charset=utf8
[ sql ] [ SQL ] SHOW COLUMNS FROM `tr_banner` [ RunTime:0.006660s ]
[ sql ] [ SQL ] SELECT * FROM `tr_banner` LIMIT 1 [ RunTime:0.000496s ]
[ sql ] [ SQL ] SHOW COLUMNS FROM `tr_user` [ RunTime:0.006719s ]
[ sql ] [ SQL ] SELECT * FROM `tr_user` WHERE  `id` = 3 LIMIT 1 [ RunTime:0.000554s ]
[ sql ] [ SQL ] SELECT * FROM `tr_user` WHERE  `id` = 3  AND `is_recycle` = 0 LIMIT 1 [ RunTime:0.000486s ]
[ sql ] [ SQL ] SHOW COLUMNS FROM `tr_goodscarlong` [ RunTime:0.005161s ]
[ sql ] [ SQL ] SELECT * FROM `tr_goodscarlong` [ RunTime:0.000474s ]
[ sql ] [ SQL ] SHOW COLUMNS FROM `tr_goodscartype` [ RunTime:0.005208s ]
[ sql ] [ SQL ] SELECT * FROM `tr_goodscartype` [ RunTime:0.000494s ]
[ sql ] [ SQL ] SHOW COLUMNS FROM `tr_path` [ RunTime:0.005977s ]
[ sql ] [ SQL ] SELECT * FROM `tr_path` WHERE  `id` = 38 LIMIT 1 [ RunTime:0.000492s ]
---------------------------------------------------------------
[ 2017-12-21T18:25:21+08:00 ] 192.168.18.228 192.168.18.228 GET /transport/public/static/index/fonts/glyphicons-halflings-regular.woff2
[ info ] 192.168.18.228/transport/public/static/index/fonts/glyphicons-halflings-regular.woff2 [运行时间：0.033043s][吞吐率：30.26req/s] [内存消耗：1,411.74kb] [文件加载：40]
[ info ] [ LANG ] E:\WWW\transport\thinkphp\lang\zh-cn.php
[ info ] [ ROUTE ] array (
  'type' => 'module',
  'module' => 
  array (
    0 => 'static',
    1 => 'index',
    2 => 'fonts',
  ),
)
[ info ] [ HEADER ] array (
  'host' => '192.168.18.228',
  'connection' => 'keep-alive',
  'origin' => 'http://192.168.18.228',
  'user-agent' => 'Mozilla/5.0 (Windows NT 10.0; WOW64) AppleWebKit/537.36 (KHTML, like Gecko) Chrome/63.0.3239.84 Safari/537.36',
  'accept' => '*/*',
  'referer' => 'http://192.168.18.228/transport/public/static/index/css/bootstrap.min.css',
  'accept-encoding' => 'gzip, deflate',
  'accept-language' => 'zh-CN,zh;q=0.9',
  'cookie' => 'PHPSESSID=2h53cca5p2mfvl1pj2ekef28k4; Hm_lvt_080836300300be57b7f34f4b3e97d911=1513846042; Hm_lpvt_080836300300be57b7f34f4b3e97d911=1513846042',
)
[ info ] [ PARAM ] array (
)
[ info ] [ LOG ] INIT File
---------------------------------------------------------------
[ 2017-12-21T18:25:27+08:00 ] 192.168.18.228 192.168.18.228 POST /transport/public/index/personalcenter/path_revise/id/38.html
[ info ] 192.168.18.228/transport/public/index/personalcenter/path_revise/id/38.html [运行时间：0.104118s][吞吐率：9.60req/s] [内存消耗：3,215.09kb] [文件加载：62]
[ info ] [ LANG ] E:\WWW\transport\thinkphp\lang\zh-cn.php
[ info ] [ ROUTE ] array (
  'type' => 'module',
  'module' => 
  array (
    0 => 'index',
    1 => 'personalcenter',
    2 => 'path_revise',
  ),
)
[ info ] [ HEADER ] array (
  'host' => '192.168.18.228',
  'connection' => 'keep-alive',
  'content-length' => '1541',
  'cache-control' => 'max-age=0',
  'origin' => 'http://192.168.18.228',
  'upgrade-insecure-requests' => '1',
  'content-type' => 'multipart/form-data; boundary=----WebKitFormBoundary6BJFhHmPsSMXziod',
  'user-agent' => 'Mozilla/5.0 (Windows NT 10.0; WOW64) AppleWebKit/537.36 (KHTML, like Gecko) Chrome/63.0.3239.84 Safari/537.36',
  'accept' => 'text/html,application/xhtml+xml,application/xml;q=0.9,image/webp,image/apng,*/*;q=0.8',
  'referer' => 'http://192.168.18.228/transport/public/index/personalcenter/path_revise/id/38.html',
  'accept-encoding' => 'gzip, deflate',
  'accept-language' => 'zh-CN,zh;q=0.9',
  'cookie' => 'PHPSESSID=2h53cca5p2mfvl1pj2ekef28k4; Hm_lvt_080836300300be57b7f34f4b3e97d911=1513846042; Hm_lpvt_080836300300be57b7f34f4b3e97d911=1513846042',
)
[ info ] [ PARAM ] array (
  'uid' => '13403991030',
  'is_company' => '0',
  'id' => '38',
  'is_recycle' => '0',
  'check_state' => '1',
  'vehicle_type' => 
  array (
    0 => '普通货车',
    1 => '冷藏车',
    2 => '平板车',
    3 => '常温箱式',
    4 => '集装箱',
  ),
  'vehicle_length' => 
  array (
    0 => '7.2米-9.6米',
    1 => '9.6米-12.5米',
    2 => '15米以上',
  ),
  'linkphone' => '13403991030',
)
[ info ] [ DB ] INIT mysql
[ info ] [ SESSION ] INIT array (
  'id' => '',
  'var_session_id' => '',
  'prefix' => 'think',
  'type' => '',
  'auto_start' => true,
)
[ info ] [ RUN ] app\index\controller\Personalcenter->path_revise[ E:\WWW\transport\application\index\controller\Personalcenter.php ]
[ info ] [ CACHE ] INIT File
[ info ] [ VIEW ] E:\WWW\transport\thinkphp\tpl\dispatch_jump1.tpl [ array (
  0 => 'banner',
  1 => 'username',
  2 => 'user_u',
  3 => 'userres',
  4 => 'carlength',
  5 => 'cartype',
  6 => 'path',
  7 => 'vehicle_type',
  8 => 'vehicle_length',
  9 => 'code',
  10 => 'msg',
  11 => 'data',
  12 => 'url',
  13 => 'wait',
) ]
[ info ] [ LOG ] INIT File
[ sql ] [ DB ] CONNECT:[ UseTime:0.010285s ] mysql:dbname=transport;host=127.0.0.1;charset=utf8
[ sql ] [ SQL ] SHOW COLUMNS FROM `tr_banner` [ RunTime:0.007211s ]
[ sql ] [ SQL ] SELECT * FROM `tr_banner` LIMIT 1 [ RunTime:0.000606s ]
[ sql ] [ SQL ] SHOW COLUMNS FROM `tr_user` [ RunTime:0.006061s ]
[ sql ] [ SQL ] SELECT * FROM `tr_user` WHERE  `id` = 3 LIMIT 1 [ RunTime:0.000539s ]
[ sql ] [ SQL ] SELECT * FROM `tr_user` WHERE  `id` = 3  AND `is_recycle` = 0 LIMIT 1 [ RunTime:0.000519s ]
[ sql ] [ SQL ] SHOW COLUMNS FROM `tr_goodscarlong` [ RunTime:0.006570s ]
[ sql ] [ SQL ] SELECT * FROM `tr_goodscarlong` [ RunTime:0.000459s ]
[ sql ] [ SQL ] SHOW COLUMNS FROM `tr_goodscartype` [ RunTime:0.004974s ]
[ sql ] [ SQL ] SELECT * FROM `tr_goodscartype` [ RunTime:0.000409s ]
[ sql ] [ SQL ] SHOW COLUMNS FROM `tr_path` [ RunTime:0.006680s ]
[ sql ] [ SQL ] SELECT * FROM `tr_path` WHERE  `id` = 38 LIMIT 1 [ RunTime:0.000478s ]
[ sql ] [ SQL ] UPDATE `tr_path`  SET `uid`='13403991030',`is_company`=0,`is_recycle`=0,`check_state`=1,`vehicle_type`='普通货车,冷藏车,平板车,常温箱式,集装箱',`vehicle_length`='7.2米-9.6米,9.6米-12.5米,15米以上',`linkphone`='13403991030',`time`='2017-12-21'  WHERE  `id` = 38 [ RunTime:0.000615s ]
---------------------------------------------------------------
[ 2017-12-21T18:25:28+08:00 ] 192.168.18.228 192.168.18.228 GET /transport/public/static/index/fonts/glyphicons-halflings-regular.woff2
[ info ] 192.168.18.228/transport/public/static/index/fonts/glyphicons-halflings-regular.woff2 [运行时间：0.030444s][吞吐率：32.85req/s] [内存消耗：1,411.74kb] [文件加载：40]
[ info ] [ LANG ] E:\WWW\transport\thinkphp\lang\zh-cn.php
[ info ] [ ROUTE ] array (
  'type' => 'module',
  'module' => 
  array (
    0 => 'static',
    1 => 'index',
    2 => 'fonts',
  ),
)
[ info ] [ HEADER ] array (
  'host' => '192.168.18.228',
  'connection' => 'keep-alive',
  'origin' => 'http://192.168.18.228',
  'user-agent' => 'Mozilla/5.0 (Windows NT 10.0; WOW64) AppleWebKit/537.36 (KHTML, like Gecko) Chrome/63.0.3239.84 Safari/537.36',
  'accept' => '*/*',
  'referer' => 'http://192.168.18.228/transport/public/static/index/css/bootstrap.min.css',
  'accept-encoding' => 'gzip, deflate',
  'accept-language' => 'zh-CN,zh;q=0.9',
  'cookie' => 'PHPSESSID=2h53cca5p2mfvl1pj2ekef28k4; Hm_lvt_080836300300be57b7f34f4b3e97d911=1513846042; Hm_lpvt_080836300300be57b7f34f4b3e97d911=1513846042',
)
[ info ] [ PARAM ] array (
)
[ info ] [ LOG ] INIT File
---------------------------------------------------------------
[ 2017-12-21T18:25:28+08:00 ] 192.168.18.228 192.168.18.228 GET /transport/public/index/personalcenter/pathlist.html
[ info ] 192.168.18.228/transport/public/index/personalcenter/pathlist.html [运行时间：0.084379s][吞吐率：11.85req/s] [内存消耗：3,252.41kb] [文件加载：60]
[ info ] [ LANG ] E:\WWW\transport\thinkphp\lang\zh-cn.php
[ info ] [ ROUTE ] array (
  'type' => 'module',
  'module' => 
  array (
    0 => 'index',
    1 => 'personalcenter',
    2 => 'pathlist',
  ),
)
[ info ] [ HEADER ] array (
  'host' => '192.168.18.228',
  'connection' => 'keep-alive',
  'upgrade-insecure-requests' => '1',
  'user-agent' => 'Mozilla/5.0 (Windows NT 10.0; WOW64) AppleWebKit/537.36 (KHTML, like Gecko) Chrome/63.0.3239.84 Safari/537.36',
  'accept' => 'text/html,application/xhtml+xml,application/xml;q=0.9,image/webp,image/apng,*/*;q=0.8',
  'referer' => 'http://192.168.18.228/transport/public/index/personalcenter/path_revise/id/38.html',
  'accept-encoding' => 'gzip, deflate',
  'accept-language' => 'zh-CN,zh;q=0.9',
  'cookie' => 'PHPSESSID=2h53cca5p2mfvl1pj2ekef28k4; Hm_lvt_080836300300be57b7f34f4b3e97d911=1513846042; Hm_lpvt_080836300300be57b7f34f4b3e97d911=1513846042',
)
[ info ] [ PARAM ] array (
)
[ info ] [ DB ] INIT mysql
[ info ] [ SESSION ] INIT array (
  'id' => '',
  'var_session_id' => '',
  'prefix' => 'think',
  'type' => '',
  'auto_start' => true,
)
[ info ] [ RUN ] app\index\controller\Personalcenter->pathlist[ E:\WWW\transport\application\index\controller\Personalcenter.php ]
[ info ] [ VIEW ] E:\WWW\transport\public/../application/index\view\personalcenter\pathlist.html [ array (
  0 => 'banner',
  1 => 'username',
  2 => 'user_u',
  3 => 'userres',
  4 => 'startsite',
  5 => 'endsite',
  6 => 'time',
  7 => 'pathres',
  8 => 'current_page',
  9 => 'total_meg',
  10 => 'totalpage',
) ]
[ info ] [ LOG ] INIT File
[ sql ] [ DB ] CONNECT:[ UseTime:0.000927s ] mysql:dbname=transport;host=127.0.0.1;charset=utf8
[ sql ] [ SQL ] SHOW COLUMNS FROM `tr_banner` [ RunTime:0.005574s ]
[ sql ] [ SQL ] SELECT * FROM `tr_banner` LIMIT 1 [ RunTime:0.000553s ]
[ sql ] [ SQL ] SHOW COLUMNS FROM `tr_user` [ RunTime:0.007829s ]
[ sql ] [ SQL ] SELECT * FROM `tr_user` WHERE  `id` = 3 LIMIT 1 [ RunTime:0.000506s ]
[ sql ] [ SQL ] SELECT * FROM `tr_user` WHERE  `id` = 3  AND `is_recycle` = 0 LIMIT 1 [ RunTime:0.000407s ]
[ sql ] [ SQL ] SHOW COLUMNS FROM `tr_path` [ RunTime:0.006335s ]
[ sql ] [ SQL ] SELECT COUNT(*) AS tp_count FROM `tr_path` WHERE  `uid` = '13403991030'  AND `is_recycle` = 0 LIMIT 1 [ RunTime:0.000569s ]
[ sql ] [ SQL ] SELECT * FROM `tr_path` WHERE  `uid` = '13403991030'  AND `is_recycle` = 0 ORDER BY id desc LIMIT 0,5 [ RunTime:0.000579s ]
---------------------------------------------------------------
[ 2017-12-21T18:25:29+08:00 ] 192.168.18.228 192.168.18.228 GET /transport/public/static/index/fonts/glyphicons-halflings-regular.woff2
[ info ] 192.168.18.228/transport/public/static/index/fonts/glyphicons-halflings-regular.woff2 [运行时间：0.029905s][吞吐率：33.44req/s] [内存消耗：1,411.74kb] [文件加载：40]
[ info ] [ LANG ] E:\WWW\transport\thinkphp\lang\zh-cn.php
[ info ] [ ROUTE ] array (
  'type' => 'module',
  'module' => 
  array (
    0 => 'static',
    1 => 'index',
    2 => 'fonts',
  ),
)
[ info ] [ HEADER ] array (
  'host' => '192.168.18.228',
  'connection' => 'keep-alive',
  'origin' => 'http://192.168.18.228',
  'user-agent' => 'Mozilla/5.0 (Windows NT 10.0; WOW64) AppleWebKit/537.36 (KHTML, like Gecko) Chrome/63.0.3239.84 Safari/537.36',
  'accept' => '*/*',
  'referer' => 'http://192.168.18.228/transport/public/static/index/css/bootstrap.min.css',
  'accept-encoding' => 'gzip, deflate',
  'accept-language' => 'zh-CN,zh;q=0.9',
  'cookie' => 'PHPSESSID=2h53cca5p2mfvl1pj2ekef28k4; Hm_lvt_080836300300be57b7f34f4b3e97d911=1513846042; Hm_lpvt_080836300300be57b7f34f4b3e97d911=1513846042',
)
[ info ] [ PARAM ] array (
)
[ info ] [ LOG ] INIT File
---------------------------------------------------------------
[ 2017-12-21T18:25:31+08:00 ] 192.168.18.228 192.168.18.228 GET /transport/public/index/personalcenter/path_detail/id/38.html
[ info ] 192.168.18.228/transport/public/index/personalcenter/path_detail/id/38.html [运行时间：0.083843s][吞吐率：11.93req/s] [内存消耗：2,798.20kb] [文件加载：55]
[ info ] [ LANG ] E:\WWW\transport\thinkphp\lang\zh-cn.php
[ info ] [ ROUTE ] array (
  'type' => 'module',
  'module' => 
  array (
    0 => 'index',
    1 => 'personalcenter',
    2 => 'path_detail',
  ),
)
[ info ] [ HEADER ] array (
  'host' => '192.168.18.228',
  'connection' => 'keep-alive',
  'upgrade-insecure-requests' => '1',
  'user-agent' => 'Mozilla/5.0 (Windows NT 10.0; WOW64) AppleWebKit/537.36 (KHTML, like Gecko) Chrome/63.0.3239.84 Safari/537.36',
  'accept' => 'text/html,application/xhtml+xml,application/xml;q=0.9,image/webp,image/apng,*/*;q=0.8',
  'referer' => 'http://192.168.18.228/transport/public/index/personalcenter/pathlist.html',
  'accept-encoding' => 'gzip, deflate',
  'accept-language' => 'zh-CN,zh;q=0.9',
  'cookie' => 'PHPSESSID=2h53cca5p2mfvl1pj2ekef28k4; Hm_lvt_080836300300be57b7f34f4b3e97d911=1513846042; Hm_lpvt_080836300300be57b7f34f4b3e97d911=1513846042',
)
[ info ] [ PARAM ] array (
  'id' => '38',
)
[ info ] [ DB ] INIT mysql
[ info ] [ SESSION ] INIT array (
  'id' => '',
  'var_session_id' => '',
  'prefix' => 'think',
  'type' => '',
  'auto_start' => true,
)
[ info ] [ RUN ] app\index\controller\Personalcenter->path_detail[ E:\WWW\transport\application\index\controller\Personalcenter.php ]
[ info ] [ VIEW ] E:\WWW\transport\public/../application/index\view\personalcenter\path_detail.html [ array (
  0 => 'banner',
  1 => 'username',
  2 => 'user_u',
  3 => 'userres',
  4 => 'path',
) ]
[ info ] [ LOG ] INIT File
[ sql ] [ DB ] CONNECT:[ UseTime:0.010626s ] mysql:dbname=transport;host=127.0.0.1;charset=utf8
[ sql ] [ SQL ] SHOW COLUMNS FROM `tr_banner` [ RunTime:0.006973s ]
[ sql ] [ SQL ] SELECT * FROM `tr_banner` LIMIT 1 [ RunTime:0.000573s ]
[ sql ] [ SQL ] SHOW COLUMNS FROM `tr_user` [ RunTime:0.006615s ]
[ sql ] [ SQL ] SELECT * FROM `tr_user` WHERE  `id` = 3 LIMIT 1 [ RunTime:0.000569s ]
[ sql ] [ SQL ] SELECT * FROM `tr_user` WHERE  `id` = 3  AND `is_recycle` = 0 LIMIT 1 [ RunTime:0.000534s ]
[ sql ] [ SQL ] SHOW COLUMNS FROM `tr_path` [ RunTime:0.005849s ]
[ sql ] [ SQL ] SELECT * FROM `tr_path` WHERE  `id` = 38 LIMIT 1 [ RunTime:0.000569s ]
---------------------------------------------------------------
[ 2017-12-21T18:25:31+08:00 ] 192.168.18.228 192.168.18.228 GET /transport/public/static/index/fonts/glyphicons-halflings-regular.woff2
[ info ] 192.168.18.228/transport/public/static/index/fonts/glyphicons-halflings-regular.woff2 [运行时间：0.030788s][吞吐率：32.48req/s] [内存消耗：1,411.74kb] [文件加载：40]
[ info ] [ LANG ] E:\WWW\transport\thinkphp\lang\zh-cn.php
[ info ] [ ROUTE ] array (
  'type' => 'module',
  'module' => 
  array (
    0 => 'static',
    1 => 'index',
    2 => 'fonts',
  ),
)
[ info ] [ HEADER ] array (
  'host' => '192.168.18.228',
  'connection' => 'keep-alive',
  'origin' => 'http://192.168.18.228',
  'user-agent' => 'Mozilla/5.0 (Windows NT 10.0; WOW64) AppleWebKit/537.36 (KHTML, like Gecko) Chrome/63.0.3239.84 Safari/537.36',
  'accept' => '*/*',
  'referer' => 'http://192.168.18.228/transport/public/static/index/css/bootstrap.min.css',
  'accept-encoding' => 'gzip, deflate',
  'accept-language' => 'zh-CN,zh;q=0.9',
  'cookie' => 'PHPSESSID=2h53cca5p2mfvl1pj2ekef28k4; Hm_lvt_080836300300be57b7f34f4b3e97d911=1513846042; Hm_lpvt_080836300300be57b7f34f4b3e97d911=1513846042',
)
[ info ] [ PARAM ] array (
)
[ info ] [ LOG ] INIT File
---------------------------------------------------------------
[ 2017-12-21T18:25:32+08:00 ] 192.168.18.228 192.168.18.228 GET /transport/public/index/personalcenter/pathlist.html
[ info ] 192.168.18.228/transport/public/index/personalcenter/pathlist.html [运行时间：0.092095s][吞吐率：10.86req/s] [内存消耗：3,252.43kb] [文件加载：60]
[ info ] [ LANG ] E:\WWW\transport\thinkphp\lang\zh-cn.php
[ info ] [ ROUTE ] array (
  'type' => 'module',
  'module' => 
  array (
    0 => 'index',
    1 => 'personalcenter',
    2 => 'pathlist',
  ),
)
[ info ] [ HEADER ] array (
  'host' => '192.168.18.228',
  'connection' => 'keep-alive',
  'user-agent' => 'Mozilla/5.0 (Windows NT 10.0; WOW64) AppleWebKit/537.36 (KHTML, like Gecko) Chrome/63.0.3239.84 Safari/537.36',
  'upgrade-insecure-requests' => '1',
  'accept' => 'text/html,application/xhtml+xml,application/xml;q=0.9,image/webp,image/apng,*/*;q=0.8',
  'referer' => 'http://192.168.18.228/transport/public/index/personalcenter/path_revise/id/38.html',
  'accept-encoding' => 'gzip, deflate',
  'accept-language' => 'zh-CN,zh;q=0.9',
  'cookie' => 'PHPSESSID=2h53cca5p2mfvl1pj2ekef28k4; Hm_lvt_080836300300be57b7f34f4b3e97d911=1513846042; Hm_lpvt_080836300300be57b7f34f4b3e97d911=1513846042',
)
[ info ] [ PARAM ] array (
)
[ info ] [ DB ] INIT mysql
[ info ] [ SESSION ] INIT array (
  'id' => '',
  'var_session_id' => '',
  'prefix' => 'think',
  'type' => '',
  'auto_start' => true,
)
[ info ] [ RUN ] app\index\controller\Personalcenter->pathlist[ E:\WWW\transport\application\index\controller\Personalcenter.php ]
[ info ] [ VIEW ] E:\WWW\transport\public/../application/index\view\personalcenter\pathlist.html [ array (
  0 => 'banner',
  1 => 'username',
  2 => 'user_u',
  3 => 'userres',
  4 => 'startsite',
  5 => 'endsite',
  6 => 'time',
  7 => 'pathres',
  8 => 'current_page',
  9 => 'total_meg',
  10 => 'totalpage',
) ]
[ info ] [ LOG ] INIT File
[ sql ] [ DB ] CONNECT:[ UseTime:0.010240s ] mysql:dbname=transport;host=127.0.0.1;charset=utf8
[ sql ] [ SQL ] SHOW COLUMNS FROM `tr_banner` [ RunTime:0.006301s ]
[ sql ] [ SQL ] SELECT * FROM `tr_banner` LIMIT 1 [ RunTime:0.000529s ]
[ sql ] [ SQL ] SHOW COLUMNS FROM `tr_user` [ RunTime:0.006240s ]
[ sql ] [ SQL ] SELECT * FROM `tr_user` WHERE  `id` = 3 LIMIT 1 [ RunTime:0.000515s ]
[ sql ] [ SQL ] SELECT * FROM `tr_user` WHERE  `id` = 3  AND `is_recycle` = 0 LIMIT 1 [ RunTime:0.000441s ]
[ sql ] [ SQL ] SHOW COLUMNS FROM `tr_path` [ RunTime:0.005799s ]
[ sql ] [ SQL ] SELECT COUNT(*) AS tp_count FROM `tr_path` WHERE  `uid` = '13403991030'  AND `is_recycle` = 0 LIMIT 1 [ RunTime:0.000557s ]
[ sql ] [ SQL ] SELECT * FROM `tr_path` WHERE  `uid` = '13403991030'  AND `is_recycle` = 0 ORDER BY id desc LIMIT 0,5 [ RunTime:0.000651s ]
---------------------------------------------------------------
[ 2017-12-21T18:25:32+08:00 ] 192.168.18.228 192.168.18.228 GET /transport/public/static/index/fonts/glyphicons-halflings-regular.woff2
[ info ] 192.168.18.228/transport/public/static/index/fonts/glyphicons-halflings-regular.woff2 [运行时间：0.032186s][吞吐率：31.07req/s] [内存消耗：1,411.74kb] [文件加载：40]
[ info ] [ LANG ] E:\WWW\transport\thinkphp\lang\zh-cn.php
[ info ] [ ROUTE ] array (
  'type' => 'module',
  'module' => 
  array (
    0 => 'static',
    1 => 'index',
    2 => 'fonts',
  ),
)
[ info ] [ HEADER ] array (
  'host' => '192.168.18.228',
  'connection' => 'keep-alive',
  'origin' => 'http://192.168.18.228',
  'user-agent' => 'Mozilla/5.0 (Windows NT 10.0; WOW64) AppleWebKit/537.36 (KHTML, like Gecko) Chrome/63.0.3239.84 Safari/537.36',
  'accept' => '*/*',
  'referer' => 'http://192.168.18.228/transport/public/static/index/css/bootstrap.min.css',
  'accept-encoding' => 'gzip, deflate',
  'accept-language' => 'zh-CN,zh;q=0.9',
  'cookie' => 'PHPSESSID=2h53cca5p2mfvl1pj2ekef28k4; Hm_lvt_080836300300be57b7f34f4b3e97d911=1513846042; Hm_lpvt_080836300300be57b7f34f4b3e97d911=1513846042',
)
[ info ] [ PARAM ] array (
)
[ info ] [ LOG ] INIT File
---------------------------------------------------------------
[ 2017-12-21T18:25:33+08:00 ] 192.168.18.228 192.168.18.228 GET /transport/public/index/personalcenter/path_revise/id/38.html
[ info ] 192.168.18.228/transport/public/index/personalcenter/path_revise/id/38.html [运行时间：0.095848s][吞吐率：10.43req/s] [内存消耗：2,814.90kb] [文件加载：55]
[ info ] [ LANG ] E:\WWW\transport\thinkphp\lang\zh-cn.php
[ info ] [ ROUTE ] array (
  'type' => 'module',
  'module' => 
  array (
    0 => 'index',
    1 => 'personalcenter',
    2 => 'path_revise',
  ),
)
[ info ] [ HEADER ] array (
  'host' => '192.168.18.228',
  'connection' => 'keep-alive',
  'upgrade-insecure-requests' => '1',
  'user-agent' => 'Mozilla/5.0 (Windows NT 10.0; WOW64) AppleWebKit/537.36 (KHTML, like Gecko) Chrome/63.0.3239.84 Safari/537.36',
  'accept' => 'text/html,application/xhtml+xml,application/xml;q=0.9,image/webp,image/apng,*/*;q=0.8',
  'referer' => 'http://192.168.18.228/transport/public/index/personalcenter/pathlist.html',
  'accept-encoding' => 'gzip, deflate',
  'accept-language' => 'zh-CN,zh;q=0.9',
  'cookie' => 'PHPSESSID=2h53cca5p2mfvl1pj2ekef28k4; Hm_lvt_080836300300be57b7f34f4b3e97d911=1513846042; Hm_lpvt_080836300300be57b7f34f4b3e97d911=1513846042',
)
[ info ] [ PARAM ] array (
  'id' => '38',
)
[ info ] [ DB ] INIT mysql
[ info ] [ SESSION ] INIT array (
  'id' => '',
  'var_session_id' => '',
  'prefix' => 'think',
  'type' => '',
  'auto_start' => true,
)
[ info ] [ RUN ] app\index\controller\Personalcenter->path_revise[ E:\WWW\transport\application\index\controller\Personalcenter.php ]
[ info ] [ VIEW ] E:\WWW\transport\public/../application/index\view\personalcenter\path_revise.html [ array (
  0 => 'banner',
  1 => 'username',
  2 => 'user_u',
  3 => 'userres',
  4 => 'carlength',
  5 => 'cartype',
  6 => 'path',
  7 => 'vehicle_type',
  8 => 'vehicle_length',
) ]
[ info ] [ LOG ] INIT File
[ sql ] [ DB ] CONNECT:[ UseTime:0.010428s ] mysql:dbname=transport;host=127.0.0.1;charset=utf8
[ sql ] [ SQL ] SHOW COLUMNS FROM `tr_banner` [ RunTime:0.006430s ]
[ sql ] [ SQL ] SELECT * FROM `tr_banner` LIMIT 1 [ RunTime:0.000534s ]
[ sql ] [ SQL ] SHOW COLUMNS FROM `tr_user` [ RunTime:0.006293s ]
[ sql ] [ SQL ] SELECT * FROM `tr_user` WHERE  `id` = 3 LIMIT 1 [ RunTime:0.000558s ]
[ sql ] [ SQL ] SELECT * FROM `tr_user` WHERE  `id` = 3  AND `is_recycle` = 0 LIMIT 1 [ RunTime:0.000534s ]
[ sql ] [ SQL ] SHOW COLUMNS FROM `tr_goodscarlong` [ RunTime:0.005276s ]
[ sql ] [ SQL ] SELECT * FROM `tr_goodscarlong` [ RunTime:0.000441s ]
[ sql ] [ SQL ] SHOW COLUMNS FROM `tr_goodscartype` [ RunTime:0.005376s ]
[ sql ] [ SQL ] SELECT * FROM `tr_goodscartype` [ RunTime:0.000474s ]
[ sql ] [ SQL ] SHOW COLUMNS FROM `tr_path` [ RunTime:0.006178s ]
[ sql ] [ SQL ] SELECT * FROM `tr_path` WHERE  `id` = 38 LIMIT 1 [ RunTime:0.000695s ]
---------------------------------------------------------------
[ 2017-12-21T18:25:33+08:00 ] 192.168.18.228 192.168.18.228 GET /transport/public/static/index/fonts/glyphicons-halflings-regular.woff2
[ info ] 192.168.18.228/transport/public/static/index/fonts/glyphicons-halflings-regular.woff2 [运行时间：0.028864s][吞吐率：34.65req/s] [内存消耗：1,411.74kb] [文件加载：40]
[ info ] [ LANG ] E:\WWW\transport\thinkphp\lang\zh-cn.php
[ info ] [ ROUTE ] array (
  'type' => 'module',
  'module' => 
  array (
    0 => 'static',
    1 => 'index',
    2 => 'fonts',
  ),
)
[ info ] [ HEADER ] array (
  'host' => '192.168.18.228',
  'connection' => 'keep-alive',
  'origin' => 'http://192.168.18.228',
  'user-agent' => 'Mozilla/5.0 (Windows NT 10.0; WOW64) AppleWebKit/537.36 (KHTML, like Gecko) Chrome/63.0.3239.84 Safari/537.36',
  'accept' => '*/*',
  'referer' => 'http://192.168.18.228/transport/public/static/index/css/bootstrap.min.css',
  'accept-encoding' => 'gzip, deflate',
  'accept-language' => 'zh-CN,zh;q=0.9',
  'cookie' => 'PHPSESSID=2h53cca5p2mfvl1pj2ekef28k4; Hm_lvt_080836300300be57b7f34f4b3e97d911=1513846042; Hm_lpvt_080836300300be57b7f34f4b3e97d911=1513846042',
)
[ info ] [ PARAM ] array (
)
[ info ] [ LOG ] INIT File
---------------------------------------------------------------
[ 2017-12-21T18:25:35+08:00 ] 192.168.18.228 192.168.18.228 GET /transport/public/index/personalcenter/pathlist.html
[ info ] 192.168.18.228/transport/public/index/personalcenter/pathlist.html [运行时间：0.094342s][吞吐率：10.60req/s] [内存消耗：3,252.43kb] [文件加载：60]
[ info ] [ LANG ] E:\WWW\transport\thinkphp\lang\zh-cn.php
[ info ] [ ROUTE ] array (
  'type' => 'module',
  'module' => 
  array (
    0 => 'index',
    1 => 'personalcenter',
    2 => 'pathlist',
  ),
)
[ info ] [ HEADER ] array (
  'host' => '192.168.18.228',
  'connection' => 'keep-alive',
  'user-agent' => 'Mozilla/5.0 (Windows NT 10.0; WOW64) AppleWebKit/537.36 (KHTML, like Gecko) Chrome/63.0.3239.84 Safari/537.36',
  'upgrade-insecure-requests' => '1',
  'accept' => 'text/html,application/xhtml+xml,application/xml;q=0.9,image/webp,image/apng,*/*;q=0.8',
  'referer' => 'http://192.168.18.228/transport/public/index/personalcenter/path_revise/id/38.html',
  'accept-encoding' => 'gzip, deflate',
  'accept-language' => 'zh-CN,zh;q=0.9',
  'cookie' => 'PHPSESSID=2h53cca5p2mfvl1pj2ekef28k4; Hm_lvt_080836300300be57b7f34f4b3e97d911=1513846042; Hm_lpvt_080836300300be57b7f34f4b3e97d911=1513846042',
)
[ info ] [ PARAM ] array (
)
[ info ] [ DB ] INIT mysql
[ info ] [ SESSION ] INIT array (
  'id' => '',
  'var_session_id' => '',
  'prefix' => 'think',
  'type' => '',
  'auto_start' => true,
)
[ info ] [ RUN ] app\index\controller\Personalcenter->pathlist[ E:\WWW\transport\application\index\controller\Personalcenter.php ]
[ info ] [ VIEW ] E:\WWW\transport\public/../application/index\view\personalcenter\pathlist.html [ array (
  0 => 'banner',
  1 => 'username',
  2 => 'user_u',
  3 => 'userres',
  4 => 'startsite',
  5 => 'endsite',
  6 => 'time',
  7 => 'pathres',
  8 => 'current_page',
  9 => 'total_meg',
  10 => 'totalpage',
) ]
[ info ] [ LOG ] INIT File
[ sql ] [ DB ] CONNECT:[ UseTime:0.010202s ] mysql:dbname=transport;host=127.0.0.1;charset=utf8
[ sql ] [ SQL ] SHOW COLUMNS FROM `tr_banner` [ RunTime:0.007586s ]
[ sql ] [ SQL ] SELECT * FROM `tr_banner` LIMIT 1 [ RunTime:0.000584s ]
[ sql ] [ SQL ] SHOW COLUMNS FROM `tr_user` [ RunTime:0.005934s ]
[ sql ] [ SQL ] SELECT * FROM `tr_user` WHERE  `id` = 3 LIMIT 1 [ RunTime:0.000594s ]
[ sql ] [ SQL ] SELECT * FROM `tr_user` WHERE  `id` = 3  AND `is_recycle` = 0 LIMIT 1 [ RunTime:0.000529s ]
[ sql ] [ SQL ] SHOW COLUMNS FROM `tr_path` [ RunTime:0.007474s ]
[ sql ] [ SQL ] SELECT COUNT(*) AS tp_count FROM `tr_path` WHERE  `uid` = '13403991030'  AND `is_recycle` = 0 LIMIT 1 [ RunTime:0.000767s ]
[ sql ] [ SQL ] SELECT * FROM `tr_path` WHERE  `uid` = '13403991030'  AND `is_recycle` = 0 ORDER BY id desc LIMIT 0,5 [ RunTime:0.000647s ]
---------------------------------------------------------------
[ 2017-12-21T18:25:35+08:00 ] 192.168.18.228 192.168.18.228 GET /transport/public/static/index/fonts/glyphicons-halflings-regular.woff2
[ info ] 192.168.18.228/transport/public/static/index/fonts/glyphicons-halflings-regular.woff2 [运行时间：0.028658s][吞吐率：34.89req/s] [内存消耗：1,411.74kb] [文件加载：40]
[ info ] [ LANG ] E:\WWW\transport\thinkphp\lang\zh-cn.php
[ info ] [ ROUTE ] array (
  'type' => 'module',
  'module' => 
  array (
    0 => 'static',
    1 => 'index',
    2 => 'fonts',
  ),
)
[ info ] [ HEADER ] array (
  'host' => '192.168.18.228',
  'connection' => 'keep-alive',
  'origin' => 'http://192.168.18.228',
  'user-agent' => 'Mozilla/5.0 (Windows NT 10.0; WOW64) AppleWebKit/537.36 (KHTML, like Gecko) Chrome/63.0.3239.84 Safari/537.36',
  'accept' => '*/*',
  'referer' => 'http://192.168.18.228/transport/public/static/index/css/bootstrap.min.css',
  'accept-encoding' => 'gzip, deflate',
  'accept-language' => 'zh-CN,zh;q=0.9',
  'cookie' => 'PHPSESSID=2h53cca5p2mfvl1pj2ekef28k4; Hm_lvt_080836300300be57b7f34f4b3e97d911=1513846042; Hm_lpvt_080836300300be57b7f34f4b3e97d911=1513846042',
)
[ info ] [ PARAM ] array (
)
[ info ] [ LOG ] INIT File
