---------------------------------------------------------------
[ 2018-05-09T08:13:32+08:00 ] 192.168.18.228 192.168.16.195 GET /huaxian/public/index.php/admin/index/index.html
[ info ] 192.168.18.228/huaxian/public/index.php/admin/index/index.html [运行时间：0.037981s][吞吐率：26.33req/s] [内存消耗：1,732.96kb] [文件加载：49]
[ info ] [ LANG ] E:\WWW\huaxian\thinkphp\lang\zh-cn.php
[ info ] [ ROUTE ] array (
  'type' => 'module',
  'module' => 
  array (
    0 => 'admin',
    1 => 'index',
    2 => 'index',
  ),
)
[ info ] [ HEADER ] array (
  'host' => '192.168.18.228',
  'user-agent' => 'Mozilla/5.0 (Windows NT 10.0; WOW64; rv:59.0) Gecko/20100101 Firefox/59.0',
  'accept' => 'text/html,application/xhtml+xml,application/xml;q=0.9,*/*;q=0.8',
  'accept-language' => 'zh-CN,zh;q=0.8,zh-TW;q=0.7,zh-HK;q=0.5,en-US;q=0.3,en;q=0.2',
  'accept-encoding' => 'gzip, deflate',
  'connection' => 'keep-alive',
  'upgrade-insecure-requests' => '1',
  'pragma' => 'no-cache',
  'cache-control' => 'no-cache',
)
[ info ] [ PARAM ] array (
)
[ info ] [ SESSION ] INIT array (
  'id' => '',
  'var_session_id' => '',
  'prefix' => 'think',
  'type' => '',
  'auto_start' => true,
)
[ info ] [ VIEW ] E:\WWW\huaxian\thinkphp\tpl\dispatch_jump1.tpl [ array (
  0 => 'code',
  1 => 'msg',
  2 => 'data',
  3 => 'url',
  4 => 'wait',
) ]
[ info ] [ LOG ] INIT File
---------------------------------------------------------------
[ 2018-05-09T08:13:32+08:00 ] 192.168.18.228 192.168.16.195 GET /huaxian/public/static/admin/css/bootstrap.min.css
[ info ] 192.168.18.228/huaxian/public/static/admin/css/bootstrap.min.css [运行时间：0.025492s][吞吐率：39.23req/s] [内存消耗：1,410.51kb] [文件加载：40]
[ info ] [ LANG ] E:\WWW\huaxian\thinkphp\lang\zh-cn.php
[ info ] [ ROUTE ] array (
  'type' => 'module',
  'module' => 
  array (
    0 => 'static',
    1 => 'admin',
    2 => 'css',
  ),
)
[ info ] [ HEADER ] array (
  'host' => '192.168.18.228',
  'user-agent' => 'Mozilla/5.0 (Windows NT 10.0; WOW64; rv:59.0) Gecko/20100101 Firefox/59.0',
  'accept' => 'text/css,*/*;q=0.1',
  'accept-language' => 'zh-CN,zh;q=0.8,zh-TW;q=0.7,zh-HK;q=0.5,en-US;q=0.3,en;q=0.2',
  'accept-encoding' => 'gzip, deflate',
  'referer' => 'http://192.168.18.228/huaxian/public/index.php/admin/index/index.html',
  'connection' => 'keep-alive',
  'pragma' => 'no-cache',
  'cache-control' => 'no-cache',
)
[ info ] [ PARAM ] array (
)
[ info ] [ LOG ] INIT File
---------------------------------------------------------------
[ 2018-05-09T08:13:36+08:00 ] 192.168.18.228 192.168.16.195 GET /huaxian/public/index.php/admin/login/login.html
[ info ] 192.168.18.228/huaxian/public/index.php/admin/login/login.html [运行时间：0.032416s][吞吐率：30.85req/s] [内存消耗：1,731.82kb] [文件加载：47]
[ info ] [ LANG ] E:\WWW\huaxian\thinkphp\lang\zh-cn.php
[ info ] [ ROUTE ] array (
  'type' => 'module',
  'module' => 
  array (
    0 => 'admin',
    1 => 'login',
    2 => 'login',
  ),
)
[ info ] [ HEADER ] array (
  'host' => '192.168.18.228',
  'user-agent' => 'Mozilla/5.0 (Windows NT 10.0; WOW64; rv:59.0) Gecko/20100101 Firefox/59.0',
  'accept' => 'text/html,application/xhtml+xml,application/xml;q=0.9,*/*;q=0.8',
  'accept-language' => 'zh-CN,zh;q=0.8,zh-TW;q=0.7,zh-HK;q=0.5,en-US;q=0.3,en;q=0.2',
  'accept-encoding' => 'gzip, deflate',
  'referer' => 'http://192.168.18.228/huaxian/public/index.php/admin/index/index.html',
  'connection' => 'keep-alive',
  'upgrade-insecure-requests' => '1',
  'pragma' => 'no-cache',
  'cache-control' => 'no-cache',
)
[ info ] [ PARAM ] array (
)
[ info ] [ RUN ] app\Admin\controller\Login->login[ E:\WWW\huaxian\application\admin\controller\Login.php ]
[ info ] [ VIEW ] E:\WWW\huaxian\public/../application/admin\view\login\login.html [ array (
) ]
[ info ] [ LOG ] INIT File
---------------------------------------------------------------
[ 2018-05-09T17:42:58+08:00 ] ::1 ::1 GET /huaxian/public/index.php/admin/gov/lst.html
[ info ] localhost/huaxian/public/index.php/admin/gov/lst.html [运行时间：0.209156s][吞吐率：4.78req/s] [内存消耗：1,792.21kb] [文件加载：49]
[ info ] [ LANG ] E:\WWW\huaxian\thinkphp\lang\zh-cn.php
[ info ] [ ROUTE ] array (
  'type' => 'module',
  'module' => 
  array (
    0 => 'admin',
    1 => 'gov',
    2 => 'lst',
  ),
)
[ info ] [ HEADER ] array (
  'host' => 'localhost',
  'connection' => 'keep-alive',
  'upgrade-insecure-requests' => '1',
  'user-agent' => 'Mozilla/5.0 (Windows NT 10.0; WOW64) AppleWebKit/537.36 (KHTML, like Gecko) Chrome/64.0.3282.119 Safari/537.36',
  'accept' => 'text/html,application/xhtml+xml,application/xml;q=0.9,image/webp,image/apng,*/*;q=0.8',
  'referer' => 'http://localhost/huaxian/public/index.php/admin/index/index.html',
  'accept-encoding' => 'gzip, deflate, br',
  'accept-language' => 'zh-CN,zh;q=0.9,en;q=0.8,fr-FR;q=0.7,fr;q=0.6,ko;q=0.5,ja;q=0.4,th;q=0.3,en-US;q=0.2,en-GB;q=0.1',
  'cookie' => 'pgv_pvi=8745608192; ECS[visit_times]=10; ext_type=1; PHPSESSID=u9c1q62nmtgtm5jnmrtt97a354; Hm_lvt_080836300300be57b7f34f4b3e97d911=1524276821,1524445363,1525232657; Hm_lpvt_080836300300be57b7f34f4b3e97d911=1525855690',
)
[ info ] [ PARAM ] array (
)
[ info ] [ SESSION ] INIT array (
  'id' => '',
  'var_session_id' => '',
  'prefix' => 'think',
  'type' => '',
  'auto_start' => true,
)
[ info ] [ VIEW ] E:\WWW\huaxian\thinkphp\tpl\dispatch_jump1.tpl [ array (
  0 => 'code',
  1 => 'msg',
  2 => 'data',
  3 => 'url',
  4 => 'wait',
) ]
[ info ] [ LOG ] INIT File
---------------------------------------------------------------
[ 2018-05-09T17:42:58+08:00 ] 192.168.18.228 192.168.18.228 GET /huaxian/public/static/admin/css/bootstrap.min.css
[ info ] 192.168.18.228/huaxian/public/static/admin/css/bootstrap.min.css [运行时间：0.032423s][吞吐率：30.84req/s] [内存消耗：1,410.23kb] [文件加载：40]
[ info ] [ LANG ] E:\WWW\huaxian\thinkphp\lang\zh-cn.php
[ info ] [ ROUTE ] array (
  'type' => 'module',
  'module' => 
  array (
    0 => 'static',
    1 => 'admin',
    2 => 'css',
  ),
)
[ info ] [ HEADER ] array (
  'host' => '192.168.18.228',
  'connection' => 'keep-alive',
  'user-agent' => 'Mozilla/5.0 (Windows NT 10.0; WOW64) AppleWebKit/537.36 (KHTML, like Gecko) Chrome/64.0.3282.119 Safari/537.36',
  'accept' => 'text/css,*/*;q=0.1',
  'referer' => 'http://localhost/huaxian/public/index.php/admin/gov/lst.html',
  'accept-encoding' => 'gzip, deflate',
  'accept-language' => 'zh-CN,zh;q=0.9,en;q=0.8,fr-FR;q=0.7,fr;q=0.6,ko;q=0.5,ja;q=0.4,th;q=0.3,en-US;q=0.2,en-GB;q=0.1',
)
[ info ] [ PARAM ] array (
)
[ info ] [ LOG ] INIT File
---------------------------------------------------------------
[ 2018-05-09T17:42:58+08:00 ] ::1 ::1 GET /huaxian/public/index.php/admin/gov/file.html
[ info ] localhost/huaxian/public/index.php/admin/gov/file.html [运行时间：0.034901s][吞吐率：28.65req/s] [内存消耗：1,792.20kb] [文件加载：49]
[ info ] [ LANG ] E:\WWW\huaxian\thinkphp\lang\zh-cn.php
[ info ] [ ROUTE ] array (
  'type' => 'module',
  'module' => 
  array (
    0 => 'admin',
    1 => 'gov',
    2 => 'file',
  ),
)
[ info ] [ HEADER ] array (
  'host' => 'localhost',
  'connection' => 'keep-alive',
  'upgrade-insecure-requests' => '1',
  'user-agent' => 'Mozilla/5.0 (Windows NT 10.0; WOW64) AppleWebKit/537.36 (KHTML, like Gecko) Chrome/64.0.3282.119 Safari/537.36',
  'accept' => 'text/html,application/xhtml+xml,application/xml;q=0.9,image/webp,image/apng,*/*;q=0.8',
  'referer' => 'http://localhost/huaxian/public/index.php/admin/index/index.html',
  'accept-encoding' => 'gzip, deflate, br',
  'accept-language' => 'zh-CN,zh;q=0.9,en;q=0.8,fr-FR;q=0.7,fr;q=0.6,ko;q=0.5,ja;q=0.4,th;q=0.3,en-US;q=0.2,en-GB;q=0.1',
  'cookie' => 'pgv_pvi=8745608192; ECS[visit_times]=10; ext_type=1; PHPSESSID=u9c1q62nmtgtm5jnmrtt97a354; Hm_lvt_080836300300be57b7f34f4b3e97d911=1524276821,1524445363,1525232657; Hm_lpvt_080836300300be57b7f34f4b3e97d911=1525855690',
)
[ info ] [ PARAM ] array (
)
[ info ] [ SESSION ] INIT array (
  'id' => '',
  'var_session_id' => '',
  'prefix' => 'think',
  'type' => '',
  'auto_start' => true,
)
[ info ] [ VIEW ] E:\WWW\huaxian\thinkphp\tpl\dispatch_jump1.tpl [ array (
  0 => 'code',
  1 => 'msg',
  2 => 'data',
  3 => 'url',
  4 => 'wait',
) ]
[ info ] [ LOG ] INIT File
---------------------------------------------------------------
[ 2018-05-09T17:42:58+08:00 ] 192.168.18.228 192.168.18.228 GET /huaxian/public/static/admin/css/bootstrap.min.css
[ info ] 192.168.18.228/huaxian/public/static/admin/css/bootstrap.min.css [运行时间：0.030991s][吞吐率：32.27req/s] [内存消耗：1,410.23kb] [文件加载：40]
[ info ] [ LANG ] E:\WWW\huaxian\thinkphp\lang\zh-cn.php
[ info ] [ ROUTE ] array (
  'type' => 'module',
  'module' => 
  array (
    0 => 'static',
    1 => 'admin',
    2 => 'css',
  ),
)
[ info ] [ HEADER ] array (
  'host' => '192.168.18.228',
  'connection' => 'keep-alive',
  'user-agent' => 'Mozilla/5.0 (Windows NT 10.0; WOW64) AppleWebKit/537.36 (KHTML, like Gecko) Chrome/64.0.3282.119 Safari/537.36',
  'accept' => 'text/css,*/*;q=0.1',
  'referer' => 'http://localhost/huaxian/public/index.php/admin/gov/file.html',
  'accept-encoding' => 'gzip, deflate',
  'accept-language' => 'zh-CN,zh;q=0.9,en;q=0.8,fr-FR;q=0.7,fr;q=0.6,ko;q=0.5,ja;q=0.4,th;q=0.3,en-US;q=0.2,en-GB;q=0.1',
)
[ info ] [ PARAM ] array (
)
[ info ] [ LOG ] INIT File
---------------------------------------------------------------
[ 2018-05-09T17:43:00+08:00 ] ::1 ::1 GET /huaxian/public/index.php/admin/index/index.html
[ info ] localhost/huaxian/public/index.php/admin/index/index.html [运行时间：0.058418s][吞吐率：17.12req/s] [内存消耗：1,779.63kb] [文件加载：49]
[ info ] [ LANG ] E:\WWW\huaxian\thinkphp\lang\zh-cn.php
[ info ] [ ROUTE ] array (
  'type' => 'module',
  'module' => 
  array (
    0 => 'admin',
    1 => 'index',
    2 => 'index',
  ),
)
[ info ] [ HEADER ] array (
  'host' => 'localhost',
  'connection' => 'keep-alive',
  'cache-control' => 'max-age=0',
  'upgrade-insecure-requests' => '1',
  'user-agent' => 'Mozilla/5.0 (Windows NT 10.0; WOW64) AppleWebKit/537.36 (KHTML, like Gecko) Chrome/64.0.3282.119 Safari/537.36',
  'accept' => 'text/html,application/xhtml+xml,application/xml;q=0.9,image/webp,image/apng,*/*;q=0.8',
  'referer' => 'http://localhost/huaxian/public/index.php/admin/login/login.html',
  'accept-encoding' => 'gzip, deflate, br',
  'accept-language' => 'zh-CN,zh;q=0.9,en;q=0.8,fr-FR;q=0.7,fr;q=0.6,ko;q=0.5,ja;q=0.4,th;q=0.3,en-US;q=0.2,en-GB;q=0.1',
  'cookie' => 'pgv_pvi=8745608192; ECS[visit_times]=10; ext_type=1; PHPSESSID=u9c1q62nmtgtm5jnmrtt97a354; Hm_lvt_080836300300be57b7f34f4b3e97d911=1524276821,1524445363,1525232657; Hm_lpvt_080836300300be57b7f34f4b3e97d911=1525855690',
)
[ info ] [ PARAM ] array (
)
[ info ] [ SESSION ] INIT array (
  'id' => '',
  'var_session_id' => '',
  'prefix' => 'think',
  'type' => '',
  'auto_start' => true,
)
[ info ] [ VIEW ] E:\WWW\huaxian\thinkphp\tpl\dispatch_jump1.tpl [ array (
  0 => 'code',
  1 => 'msg',
  2 => 'data',
  3 => 'url',
  4 => 'wait',
) ]
[ info ] [ LOG ] INIT File
---------------------------------------------------------------
[ 2018-05-09T17:43:00+08:00 ] 192.168.18.228 192.168.18.228 GET /huaxian/public/static/admin/css/bootstrap.min.css
[ info ] 192.168.18.228/huaxian/public/static/admin/css/bootstrap.min.css [运行时间：0.031106s][吞吐率：32.15req/s] [内存消耗：1,410.27kb] [文件加载：40]
[ info ] [ LANG ] E:\WWW\huaxian\thinkphp\lang\zh-cn.php
[ info ] [ ROUTE ] array (
  'type' => 'module',
  'module' => 
  array (
    0 => 'static',
    1 => 'admin',
    2 => 'css',
  ),
)
[ info ] [ HEADER ] array (
  'host' => '192.168.18.228',
  'connection' => 'keep-alive',
  'user-agent' => 'Mozilla/5.0 (Windows NT 10.0; WOW64) AppleWebKit/537.36 (KHTML, like Gecko) Chrome/64.0.3282.119 Safari/537.36',
  'accept' => 'text/css,*/*;q=0.1',
  'referer' => 'http://localhost/huaxian/public/index.php/admin/index/index.html',
  'accept-encoding' => 'gzip, deflate',
  'accept-language' => 'zh-CN,zh;q=0.9,en;q=0.8,fr-FR;q=0.7,fr;q=0.6,ko;q=0.5,ja;q=0.4,th;q=0.3,en-US;q=0.2,en-GB;q=0.1',
)
[ info ] [ PARAM ] array (
)
[ info ] [ LOG ] INIT File
---------------------------------------------------------------
[ 2018-05-09T17:43:03+08:00 ] ::1 ::1 GET /huaxian/public/index.php/admin/login/login.html
[ info ] localhost/huaxian/public/index.php/admin/login/login.html [运行时间：0.080222s][吞吐率：12.47req/s] [内存消耗：1,732.85kb] [文件加载：47]
[ info ] [ LANG ] E:\WWW\huaxian\thinkphp\lang\zh-cn.php
[ info ] [ ROUTE ] array (
  'type' => 'module',
  'module' => 
  array (
    0 => 'admin',
    1 => 'login',
    2 => 'login',
  ),
)
[ info ] [ HEADER ] array (
  'host' => 'localhost',
  'connection' => 'keep-alive',
  'upgrade-insecure-requests' => '1',
  'user-agent' => 'Mozilla/5.0 (Windows NT 10.0; WOW64) AppleWebKit/537.36 (KHTML, like Gecko) Chrome/64.0.3282.119 Safari/537.36',
  'accept' => 'text/html,application/xhtml+xml,application/xml;q=0.9,image/webp,image/apng,*/*;q=0.8',
  'referer' => 'http://localhost/huaxian/public/index.php/admin/index/index.html',
  'accept-encoding' => 'gzip, deflate, br',
  'accept-language' => 'zh-CN,zh;q=0.9,en;q=0.8,fr-FR;q=0.7,fr;q=0.6,ko;q=0.5,ja;q=0.4,th;q=0.3,en-US;q=0.2,en-GB;q=0.1',
  'cookie' => 'pgv_pvi=8745608192; ECS[visit_times]=10; ext_type=1; PHPSESSID=u9c1q62nmtgtm5jnmrtt97a354; Hm_lvt_080836300300be57b7f34f4b3e97d911=1524276821,1524445363,1525232657; Hm_lpvt_080836300300be57b7f34f4b3e97d911=1525855690',
)
[ info ] [ PARAM ] array (
)
[ info ] [ RUN ] app\Admin\controller\Login->login[ E:\WWW\huaxian\application\admin\controller\Login.php ]
[ info ] [ VIEW ] E:\WWW\huaxian\public/../application/admin\view\login\login.html [ array (
) ]
[ info ] [ LOG ] INIT File
---------------------------------------------------------------
[ 2018-05-09T17:43:03+08:00 ] 192.168.18.228 192.168.18.228 GET /huaxian/public/static/admin/images/logopng
[ info ] 192.168.18.228/huaxian/public/static/admin/images/logopng [运行时间：0.031820s][吞吐率：31.43req/s] [内存消耗：1,410.38kb] [文件加载：40]
[ info ] [ LANG ] E:\WWW\huaxian\thinkphp\lang\zh-cn.php
[ info ] [ ROUTE ] array (
  'type' => 'module',
  'module' => 
  array (
    0 => 'static',
    1 => 'admin',
    2 => 'images',
  ),
)
[ info ] [ HEADER ] array (
  'host' => '192.168.18.228',
  'connection' => 'keep-alive',
  'user-agent' => 'Mozilla/5.0 (Windows NT 10.0; WOW64) AppleWebKit/537.36 (KHTML, like Gecko) Chrome/64.0.3282.119 Safari/537.36',
  'accept' => 'image/webp,image/apng,image/*,*/*;q=0.8',
  'referer' => 'http://192.168.18.228/huaxian/public/static/admin/css/H-ui.login.css',
  'accept-encoding' => 'gzip, deflate',
  'accept-language' => 'zh-CN,zh;q=0.9,en;q=0.8,fr-FR;q=0.7,fr;q=0.6,ko;q=0.5,ja;q=0.4,th;q=0.3,en-US;q=0.2,en-GB;q=0.1',
)
[ info ] [ PARAM ] array (
)
[ info ] [ LOG ] INIT File
---------------------------------------------------------------
[ 2018-05-09T17:43:03+08:00 ] ::1 ::1 GET /huaxian/public/index.php/captcha.html
[ info ] localhost/huaxian/public/index.php/captcha.html [运行时间：0.294901s][吞吐率：3.39req/s] [内存消耗：1,482.61kb] [文件加载：39]
[ info ] [ LANG ] E:\WWW\huaxian\thinkphp\lang\zh-cn.php
[ info ] [ ROUTE ] array (
  'type' => 'method',
  'method' => 
  array (
    0 => '\\think\\captcha\\CaptchaController',
    1 => 'index',
  ),
  'var' => 
  array (
  ),
)
[ info ] [ HEADER ] array (
  'host' => 'localhost',
  'connection' => 'keep-alive',
  'user-agent' => 'Mozilla/5.0 (Windows NT 10.0; WOW64) AppleWebKit/537.36 (KHTML, like Gecko) Chrome/64.0.3282.119 Safari/537.36',
  'accept' => 'image/webp,image/apng,image/*,*/*;q=0.8',
  'referer' => 'http://localhost/huaxian/public/index.php/admin/login/login.html',
  'accept-encoding' => 'gzip, deflate, br',
  'accept-language' => 'zh-CN,zh;q=0.9,en;q=0.8,fr-FR;q=0.7,fr;q=0.6,ko;q=0.5,ja;q=0.4,th;q=0.3,en-US;q=0.2,en-GB;q=0.1',
  'cookie' => 'pgv_pvi=8745608192; ECS[visit_times]=10; ext_type=1; PHPSESSID=u9c1q62nmtgtm5jnmrtt97a354; Hm_lvt_080836300300be57b7f34f4b3e97d911=1524276821,1524445363,1525232657; Hm_lpvt_080836300300be57b7f34f4b3e97d911=1525855690',
)
[ info ] [ PARAM ] array (
  'id' => NULL,
)
[ info ] [ RUN ] think\captcha\CaptchaController->index[ E:\WWW\huaxian\vendor\topthink\think-captcha\src\CaptchaController.php ]
[ info ] [ SESSION ] INIT array (
  'id' => '',
  'var_session_id' => '',
  'prefix' => 'think',
  'type' => '',
  'auto_start' => true,
)
[ info ] [ LOG ] INIT File
---------------------------------------------------------------
[ 2018-05-09T18:07:37+08:00 ] ::1 ::1 POST /huaxian/public/index.php/admin/login/login.html
[ info ] localhost/huaxian/public/index.php/admin/login/login.html [运行时间：0.290777s][吞吐率：3.44req/s] [内存消耗：3,021.75kb] [文件加载：59]
[ info ] [ LANG ] E:\WWW\huaxian\thinkphp\lang\zh-cn.php
[ info ] [ ROUTE ] array (
  'type' => 'module',
  'module' => 
  array (
    0 => 'admin',
    1 => 'login',
    2 => 'login',
  ),
)
[ info ] [ HEADER ] array (
  'host' => 'localhost',
  'connection' => 'keep-alive',
  'content-length' => '43',
  'cache-control' => 'max-age=0',
  'origin' => 'http://localhost',
  'upgrade-insecure-requests' => '1',
  'content-type' => 'application/x-www-form-urlencoded',
  'user-agent' => 'Mozilla/5.0 (Windows NT 10.0; WOW64) AppleWebKit/537.36 (KHTML, like Gecko) Chrome/64.0.3282.119 Safari/537.36',
  'accept' => 'text/html,application/xhtml+xml,application/xml;q=0.9,image/webp,image/apng,*/*;q=0.8',
  'referer' => 'http://localhost/huaxian/public/index.php/admin/login/login.html',
  'accept-encoding' => 'gzip, deflate, br',
  'accept-language' => 'zh-CN,zh;q=0.9,en;q=0.8,fr-FR;q=0.7,fr;q=0.6,ko;q=0.5,ja;q=0.4,th;q=0.3,en-US;q=0.2,en-GB;q=0.1',
  'cookie' => 'pgv_pvi=8745608192; ECS[visit_times]=10; ext_type=1; PHPSESSID=u9c1q62nmtgtm5jnmrtt97a354; Hm_lvt_080836300300be57b7f34f4b3e97d911=1524276821,1524445363,1525232657; Hm_lpvt_080836300300be57b7f34f4b3e97d911=1525855690',
)
[ info ] [ PARAM ] array (
  'adminid' => 'admin',
  'adminpassword' => 'admin',
  'code' => 'd5bf',
)
[ info ] [ RUN ] app\Admin\controller\Login->login[ E:\WWW\huaxian\application\admin\controller\Login.php ]
[ info ] [ SESSION ] INIT array (
  'id' => '',
  'var_session_id' => '',
  'prefix' => 'think',
  'type' => '',
  'auto_start' => true,
)
[ info ] [ DB ] INIT mysql
[ info ] [ LOG ] INIT File
[ sql ] [ DB ] CONNECT:[ UseTime:0.001354s ] mysql:dbname=huaxian;host=127.0.0.1;charset=utf8
[ sql ] [ SQL ] SHOW COLUMNS FROM `tr_admin` [ RunTime:0.025076s ]
[ sql ] [ SQL ] SELECT * FROM `tr_admin` WHERE  `adminid` = 'admin' LIMIT 1 [ RunTime:0.001114s ]
[ sql ] [ SQL ] SHOW COLUMNS FROM `tr_role` [ RunTime:0.007959s ]
[ sql ] [ SQL ] SELECT `rolename`,`pri_id` FROM `tr_role` WHERE  `id` = 1 LIMIT 1 [ RunTime:0.000567s ]
[ sql ] [ SQL ] SHOW COLUMNS FROM `tr_privilege` [ RunTime:0.007488s ]
[ sql ] [ SQL ] SELECT `id`,`pri_name`,`module_name`,`controller_name`,`action_name`,`parent_id`,CONCAT(module_name,"/",action_name) url FROM `tr_privilege` WHERE  (  id IN(38,39,40,41,42,43,44,45,46,47,48,49,56,57,58,59,60,61,62,63,64,65,66,67,68,116,69,70,71,72,73,74,75,76,77,78,79,80,81,82,83,84,85,86,115,88,90,91,93,94,95,96,97,99,120,123,100,103,104,105,106,121,124,107,110,111,112,113,122,125,126,127,128,129,130,132,137,138,139,140,141,142,143,144,156,157,158,159,160,145,151,152,153,154,155,146,147,148,149,150,161,162,163,164,166,167,168,169,170,171,172,173,174,181,183,184,185,175,176,177,178,179,180,186,187,188,189,190,191,192,193,194,196,198,199,202,200,201,203,204,205,206,207,208,209,210,211) ) ORDER BY id asc [ RunTime:0.001618s ]
---------------------------------------------------------------
[ 2018-05-09T18:07:37+08:00 ] ::1 ::1 GET /huaxian/public/index.php/admin/index/index.html
[ info ] localhost/huaxian/public/index.php/admin/index/index.html [运行时间：0.092883s][吞吐率：10.77req/s] [内存消耗：2,552.57kb] [文件加载：55]
[ info ] [ LANG ] E:\WWW\huaxian\thinkphp\lang\zh-cn.php
[ info ] [ ROUTE ] array (
  'type' => 'module',
  'module' => 
  array (
    0 => 'admin',
    1 => 'index',
    2 => 'index',
  ),
)
[ info ] [ HEADER ] array (
  'host' => 'localhost',
  'connection' => 'keep-alive',
  'cache-control' => 'max-age=0',
  'upgrade-insecure-requests' => '1',
  'user-agent' => 'Mozilla/5.0 (Windows NT 10.0; WOW64) AppleWebKit/537.36 (KHTML, like Gecko) Chrome/64.0.3282.119 Safari/537.36',
  'accept' => 'text/html,application/xhtml+xml,application/xml;q=0.9,image/webp,image/apng,*/*;q=0.8',
  'referer' => 'http://localhost/huaxian/public/index.php/admin/login/login.html',
  'accept-encoding' => 'gzip, deflate, br',
  'accept-language' => 'zh-CN,zh;q=0.9,en;q=0.8,fr-FR;q=0.7,fr;q=0.6,ko;q=0.5,ja;q=0.4,th;q=0.3,en-US;q=0.2,en-GB;q=0.1',
  'cookie' => 'pgv_pvi=8745608192; ECS[visit_times]=10; ext_type=1; PHPSESSID=u9c1q62nmtgtm5jnmrtt97a354; Hm_lvt_080836300300be57b7f34f4b3e97d911=1524276821,1524445363,1525232657; Hm_lpvt_080836300300be57b7f34f4b3e97d911=1525855690',
)
[ info ] [ PARAM ] array (
)
[ info ] [ SESSION ] INIT array (
  'id' => '',
  'var_session_id' => '',
  'prefix' => 'think',
  'type' => '',
  'auto_start' => true,
)
[ info ] [ RUN ] app\admin\controller\Index->index[ E:\WWW\huaxian\application\admin\controller\Index.php ]
[ info ] [ DB ] INIT mysql
[ info ] [ VIEW ] E:\WWW\huaxian\public/../application/admin\view\index\index.html [ array (
  0 => 'adminname',
) ]
[ info ] [ LOG ] INIT File
[ sql ] [ DB ] CONNECT:[ UseTime:0.001252s ] mysql:dbname=huaxian;host=127.0.0.1;charset=utf8
[ sql ] [ SQL ] SHOW COLUMNS FROM `tr_role` [ RunTime:0.005942s ]
[ sql ] [ SQL ] SELECT * FROM `tr_role` WHERE  `id` = 1 LIMIT 1 [ RunTime:0.000478s ]
---------------------------------------------------------------
[ 2018-05-09T18:07:37+08:00 ] ::1 ::1 GET /huaxian/public/index.php/admin/index/welcome.html
[ info ] localhost/huaxian/public/index.php/admin/index/welcome.html [运行时间：0.080512s][吞吐率：12.42req/s] [内存消耗：1,743.63kb] [文件加载：47]
[ info ] [ LANG ] E:\WWW\huaxian\thinkphp\lang\zh-cn.php
[ info ] [ ROUTE ] array (
  'type' => 'module',
  'module' => 
  array (
    0 => 'admin',
    1 => 'index',
    2 => 'welcome',
  ),
)
[ info ] [ HEADER ] array (
  'host' => 'localhost',
  'connection' => 'keep-alive',
  'upgrade-insecure-requests' => '1',
  'user-agent' => 'Mozilla/5.0 (Windows NT 10.0; WOW64) AppleWebKit/537.36 (KHTML, like Gecko) Chrome/64.0.3282.119 Safari/537.36',
  'accept' => 'text/html,application/xhtml+xml,application/xml;q=0.9,image/webp,image/apng,*/*;q=0.8',
  'referer' => 'http://localhost/huaxian/public/index.php/admin/index/index.html',
  'accept-encoding' => 'gzip, deflate, br',
  'accept-language' => 'zh-CN,zh;q=0.9,en;q=0.8,fr-FR;q=0.7,fr;q=0.6,ko;q=0.5,ja;q=0.4,th;q=0.3,en-US;q=0.2,en-GB;q=0.1',
  'cookie' => 'pgv_pvi=8745608192; ECS[visit_times]=10; ext_type=1; PHPSESSID=u9c1q62nmtgtm5jnmrtt97a354; Hm_lvt_080836300300be57b7f34f4b3e97d911=1524276821,1524445363,1525232657; Hm_lpvt_080836300300be57b7f34f4b3e97d911=1525855690',
)
[ info ] [ PARAM ] array (
)
[ info ] [ SESSION ] INIT array (
  'id' => '',
  'var_session_id' => '',
  'prefix' => 'think',
  'type' => '',
  'auto_start' => true,
)
[ info ] [ RUN ] app\admin\controller\Index->welcome[ E:\WWW\huaxian\application\admin\controller\Index.php ]
[ info ] [ VIEW ] E:\WWW\huaxian\public/../application/admin\view\index\welcome.html [ array (
) ]
[ info ] [ LOG ] INIT File
---------------------------------------------------------------
[ 2018-05-09T18:07:38+08:00 ] ::1 ::1 GET /huaxian/public/index.php/admin/index/__PUBIC__/css/H-ui.min.css
[ info ] localhost/huaxian/public/index.php/admin/index/__PUBIC__/css/H-ui.min.css [运行时间：0.039428s][吞吐率：25.36req/s] [内存消耗：1,777.34kb] [文件加载：49]
[ info ] [ LANG ] E:\WWW\huaxian\thinkphp\lang\zh-cn.php
[ info ] [ ROUTE ] array (
  'type' => 'module',
  'module' => 
  array (
    0 => 'admin',
    1 => 'index',
    2 => '__PUBIC__',
  ),
)
[ info ] [ HEADER ] array (
  'host' => 'localhost',
  'connection' => 'keep-alive',
  'user-agent' => 'Mozilla/5.0 (Windows NT 10.0; WOW64) AppleWebKit/537.36 (KHTML, like Gecko) Chrome/64.0.3282.119 Safari/537.36',
  'accept' => 'text/css,*/*;q=0.1',
  'referer' => 'http://localhost/huaxian/public/index.php/admin/index/welcome.html',
  'accept-encoding' => 'gzip, deflate, br',
  'accept-language' => 'zh-CN,zh;q=0.9,en;q=0.8,fr-FR;q=0.7,fr;q=0.6,ko;q=0.5,ja;q=0.4,th;q=0.3,en-US;q=0.2,en-GB;q=0.1',
  'cookie' => 'pgv_pvi=8745608192; ECS[visit_times]=10; ext_type=1; PHPSESSID=u9c1q62nmtgtm5jnmrtt97a354; Hm_lvt_080836300300be57b7f34f4b3e97d911=1524276821,1524445363,1525232657; Hm_lpvt_080836300300be57b7f34f4b3e97d911=1525855690',
)
[ info ] [ PARAM ] array (
  'css' => 'H-ui.min.css',
)
[ info ] [ SESSION ] INIT array (
  'id' => '',
  'var_session_id' => '',
  'prefix' => 'think',
  'type' => '',
  'auto_start' => true,
)
[ info ] [ LOG ] INIT File
---------------------------------------------------------------
[ 2018-05-09T18:07:38+08:00 ] ::1 ::1 GET /huaxian/public/index.php/admin/index/lib/jquery/1.9.1/jquery.min.js
[ info ] localhost/huaxian/public/index.php/admin/index/lib/jquery/1.9.1/jquery.min.js [运行时间：0.040506s][吞吐率：24.69req/s] [内存消耗：1,777.30kb] [文件加载：49]
[ info ] [ LANG ] E:\WWW\huaxian\thinkphp\lang\zh-cn.php
[ info ] [ ROUTE ] array (
  'type' => 'module',
  'module' => 
  array (
    0 => 'admin',
    1 => 'index',
    2 => 'lib',
  ),
)
[ info ] [ HEADER ] array (
  'host' => 'localhost',
  'connection' => 'keep-alive',
  'user-agent' => 'Mozilla/5.0 (Windows NT 10.0; WOW64) AppleWebKit/537.36 (KHTML, like Gecko) Chrome/64.0.3282.119 Safari/537.36',
  'accept' => '*/*',
  'referer' => 'http://localhost/huaxian/public/index.php/admin/index/welcome.html',
  'accept-encoding' => 'gzip, deflate, br',
  'accept-language' => 'zh-CN,zh;q=0.9,en;q=0.8,fr-FR;q=0.7,fr;q=0.6,ko;q=0.5,ja;q=0.4,th;q=0.3,en-US;q=0.2,en-GB;q=0.1',
  'cookie' => 'pgv_pvi=8745608192; ECS[visit_times]=10; ext_type=1; PHPSESSID=u9c1q62nmtgtm5jnmrtt97a354; Hm_lvt_080836300300be57b7f34f4b3e97d911=1524276821,1524445363,1525232657; Hm_lpvt_080836300300be57b7f34f4b3e97d911=1525855690',
)
[ info ] [ PARAM ] array (
  'jquery' => '1.9.1',
)
[ info ] [ SESSION ] INIT array (
  'id' => '',
  'var_session_id' => '',
  'prefix' => 'think',
  'type' => '',
  'auto_start' => true,
)
[ info ] [ LOG ] INIT File
---------------------------------------------------------------
[ 2018-05-09T18:07:38+08:00 ] ::1 ::1 GET /huaxian/public/index.php/admin/index/js/H-ui.js
[ info ] localhost/huaxian/public/index.php/admin/index/js/H-ui.js [运行时间：0.046356s][吞吐率：21.57req/s] [内存消耗：1,776.90kb] [文件加载：49]
[ info ] [ LANG ] E:\WWW\huaxian\thinkphp\lang\zh-cn.php
[ info ] [ ROUTE ] array (
  'type' => 'module',
  'module' => 
  array (
    0 => 'admin',
    1 => 'index',
    2 => 'js',
  ),
)
[ info ] [ HEADER ] array (
  'host' => 'localhost',
  'connection' => 'keep-alive',
  'user-agent' => 'Mozilla/5.0 (Windows NT 10.0; WOW64) AppleWebKit/537.36 (KHTML, like Gecko) Chrome/64.0.3282.119 Safari/537.36',
  'accept' => '*/*',
  'referer' => 'http://localhost/huaxian/public/index.php/admin/index/welcome.html',
  'accept-encoding' => 'gzip, deflate, br',
  'accept-language' => 'zh-CN,zh;q=0.9,en;q=0.8,fr-FR;q=0.7,fr;q=0.6,ko;q=0.5,ja;q=0.4,th;q=0.3,en-US;q=0.2,en-GB;q=0.1',
  'cookie' => 'pgv_pvi=8745608192; ECS[visit_times]=10; ext_type=1; PHPSESSID=u9c1q62nmtgtm5jnmrtt97a354; Hm_lvt_080836300300be57b7f34f4b3e97d911=1524276821,1524445363,1525232657; Hm_lpvt_080836300300be57b7f34f4b3e97d911=1525855690',
)
[ info ] [ PARAM ] array (
)
[ info ] [ SESSION ] INIT array (
  'id' => '',
  'var_session_id' => '',
  'prefix' => 'think',
  'type' => '',
  'auto_start' => true,
)
[ info ] [ LOG ] INIT File
---------------------------------------------------------------
[ 2018-05-09T18:08:12+08:00 ] ::1 ::1 GET /huaxian/public/index.php/admin/datatool/lst.html
[ info ] localhost/huaxian/public/index.php/admin/datatool/lst.html [运行时间：0.121630s][吞吐率：8.22req/s] [内存消耗：1,938.75kb] [文件加载：52]
[ info ] [ LANG ] E:\WWW\huaxian\thinkphp\lang\zh-cn.php
[ info ] [ ROUTE ] array (
  'type' => 'module',
  'module' => 
  array (
    0 => 'admin',
    1 => 'datatool',
    2 => 'lst',
  ),
)
[ info ] [ HEADER ] array (
  'host' => 'localhost',
  'connection' => 'keep-alive',
  'upgrade-insecure-requests' => '1',
  'user-agent' => 'Mozilla/5.0 (Windows NT 10.0; WOW64) AppleWebKit/537.36 (KHTML, like Gecko) Chrome/64.0.3282.119 Safari/537.36',
  'accept' => 'text/html,application/xhtml+xml,application/xml;q=0.9,image/webp,image/apng,*/*;q=0.8',
  'referer' => 'http://localhost/huaxian/public/index.php/admin/index/index.html',
  'accept-encoding' => 'gzip, deflate, br',
  'accept-language' => 'zh-CN,zh;q=0.9,en;q=0.8,fr-FR;q=0.7,fr;q=0.6,ko;q=0.5,ja;q=0.4,th;q=0.3,en-US;q=0.2,en-GB;q=0.1',
  'cookie' => 'pgv_pvi=8745608192; ECS[visit_times]=10; ext_type=1; PHPSESSID=u9c1q62nmtgtm5jnmrtt97a354; Hm_lvt_080836300300be57b7f34f4b3e97d911=1524276821,1524445363,1525232657; Hm_lpvt_080836300300be57b7f34f4b3e97d911=1525860458',
)
[ info ] [ PARAM ] array (
)
[ info ] [ SESSION ] INIT array (
  'id' => '',
  'var_session_id' => '',
  'prefix' => 'think',
  'type' => '',
  'auto_start' => true,
)
[ info ] [ RUN ] app\admin\controller\Datatool->lst[ E:\WWW\huaxian\application\admin\controller\Datatool.php ]
[ info ] [ VIEW ] E:\WWW\huaxian\public/../application/admin\view\datatool\lst.html [ array (
  0 => 'list',
) ]
[ info ] [ LOG ] INIT File
[ error ] [2]fclose() expects parameter 1 to be resource, null given[E:\WWW\huaxian\vendor\Backup.php:428]
---------------------------------------------------------------
[ 2018-05-09T18:08:13+08:00 ] ::1 ::1 GET /huaxian/public/index.php/admin/publicmeg/lst.html
[ info ] localhost/huaxian/public/index.php/admin/publicmeg/lst.html [运行时间：0.114986s][吞吐率：8.70req/s] [内存消耗：3,010.45kb] [文件加载：60]
[ info ] [ LANG ] E:\WWW\huaxian\thinkphp\lang\zh-cn.php
[ info ] [ ROUTE ] array (
  'type' => 'module',
  'module' => 
  array (
    0 => 'admin',
    1 => 'publicmeg',
    2 => 'lst',
  ),
)
[ info ] [ HEADER ] array (
  'host' => 'localhost',
  'connection' => 'keep-alive',
  'upgrade-insecure-requests' => '1',
  'user-agent' => 'Mozilla/5.0 (Windows NT 10.0; WOW64) AppleWebKit/537.36 (KHTML, like Gecko) Chrome/64.0.3282.119 Safari/537.36',
  'accept' => 'text/html,application/xhtml+xml,application/xml;q=0.9,image/webp,image/apng,*/*;q=0.8',
  'referer' => 'http://localhost/huaxian/public/index.php/admin/index/index.html',
  'accept-encoding' => 'gzip, deflate, br',
  'accept-language' => 'zh-CN,zh;q=0.9,en;q=0.8,fr-FR;q=0.7,fr;q=0.6,ko;q=0.5,ja;q=0.4,th;q=0.3,en-US;q=0.2,en-GB;q=0.1',
  'cookie' => 'pgv_pvi=8745608192; ECS[visit_times]=10; ext_type=1; PHPSESSID=u9c1q62nmtgtm5jnmrtt97a354; Hm_lvt_080836300300be57b7f34f4b3e97d911=1524276821,1524445363,1525232657; Hm_lpvt_080836300300be57b7f34f4b3e97d911=1525860458',
)
[ info ] [ PARAM ] array (
)
[ info ] [ SESSION ] INIT array (
  'id' => '',
  'var_session_id' => '',
  'prefix' => 'think',
  'type' => '',
  'auto_start' => true,
)
[ info ] [ RUN ] app\admin\controller\Publicmeg->lst[ E:\WWW\huaxian\application\admin\controller\Publicmeg.php ]
[ info ] [ DB ] INIT mysql
[ info ] [ VIEW ] E:\WWW\huaxian\public/../application/admin\view\publicmeg\public-list.html [ array (
  0 => 'counts',
  1 => 'list',
  2 => 'page',
  3 => 'role',
  4 => 'privilege',
  5 => 'keywords',
) ]
[ info ] [ LOG ] INIT File
[ sql ] [ DB ] CONNECT:[ UseTime:0.010767s ] mysql:dbname=huaxian;host=127.0.0.1;charset=utf8
[ sql ] [ SQL ] SHOW COLUMNS FROM `tr_role` [ RunTime:0.006634s ]
[ sql ] [ SQL ] SELECT `pri_id` FROM `tr_role` WHERE  `id` = 1 LIMIT 1 [ RunTime:0.000489s ]
[ sql ] [ SQL ] SHOW COLUMNS FROM `tr_publicmeg` [ RunTime:0.018719s ]
[ sql ] [ SQL ] SELECT COUNT(*) AS tp_count FROM `tr_publicmeg` LIMIT 1 [ RunTime:0.000533s ]
[ sql ] [ SQL ] SELECT * FROM `tr_publicmeg` ORDER BY id desc LIMIT 0,12 [ RunTime:0.000468s ]
[ sql ] [ SQL ] SELECT * FROM `tr_role` [ RunTime:0.000477s ]
[ sql ] [ SQL ] SELECT COUNT(*) AS tp_count FROM `tr_publicmeg` ORDER BY id desc LIMIT 1 [ RunTime:0.000404s ]
---------------------------------------------------------------
[ 2018-05-09T18:47:13+08:00 ] 192.168.18.228 192.168.16.195 GET /huaxian/public/index.php/admin/index/index.html
[ info ] 192.168.18.228/huaxian/public/index.php/admin/index/index.html [运行时间：0.059186s][吞吐率：16.90req/s] [内存消耗：1,732.97kb] [文件加载：49]
[ info ] [ LANG ] E:\WWW\huaxian\thinkphp\lang\zh-cn.php
[ info ] [ ROUTE ] array (
  'type' => 'module',
  'module' => 
  array (
    0 => 'admin',
    1 => 'index',
    2 => 'index',
  ),
)
[ info ] [ HEADER ] array (
  'host' => '192.168.18.228',
  'user-agent' => 'Mozilla/5.0 (Windows NT 10.0; WOW64; rv:59.0) Gecko/20100101 Firefox/59.0',
  'accept' => 'text/html,application/xhtml+xml,application/xml;q=0.9,*/*;q=0.8',
  'accept-language' => 'zh-CN,zh;q=0.8,zh-TW;q=0.7,zh-HK;q=0.5,en-US;q=0.3,en;q=0.2',
  'accept-encoding' => 'gzip, deflate',
  'connection' => 'keep-alive',
  'upgrade-insecure-requests' => '1',
  'pragma' => 'no-cache',
  'cache-control' => 'no-cache',
)
[ info ] [ PARAM ] array (
)
[ info ] [ SESSION ] INIT array (
  'id' => '',
  'var_session_id' => '',
  'prefix' => 'think',
  'type' => '',
  'auto_start' => true,
)
[ info ] [ VIEW ] E:\WWW\huaxian\thinkphp\tpl\dispatch_jump1.tpl [ array (
  0 => 'code',
  1 => 'msg',
  2 => 'data',
  3 => 'url',
  4 => 'wait',
) ]
[ info ] [ LOG ] INIT File
---------------------------------------------------------------
[ 2018-05-09T18:47:13+08:00 ] 192.168.18.228 192.168.16.195 GET /huaxian/public/static/admin/css/bootstrap.min.css
[ info ] 192.168.18.228/huaxian/public/static/admin/css/bootstrap.min.css [运行时间：0.026998s][吞吐率：37.04req/s] [内存消耗：1,410.51kb] [文件加载：40]
[ info ] [ LANG ] E:\WWW\huaxian\thinkphp\lang\zh-cn.php
[ info ] [ ROUTE ] array (
  'type' => 'module',
  'module' => 
  array (
    0 => 'static',
    1 => 'admin',
    2 => 'css',
  ),
)
[ info ] [ HEADER ] array (
  'host' => '192.168.18.228',
  'user-agent' => 'Mozilla/5.0 (Windows NT 10.0; WOW64; rv:59.0) Gecko/20100101 Firefox/59.0',
  'accept' => 'text/css,*/*;q=0.1',
  'accept-language' => 'zh-CN,zh;q=0.8,zh-TW;q=0.7,zh-HK;q=0.5,en-US;q=0.3,en;q=0.2',
  'accept-encoding' => 'gzip, deflate',
  'referer' => 'http://192.168.18.228/huaxian/public/index.php/admin/index/index.html',
  'connection' => 'keep-alive',
  'pragma' => 'no-cache',
  'cache-control' => 'no-cache',
)
[ info ] [ PARAM ] array (
)
[ info ] [ LOG ] INIT File
---------------------------------------------------------------
[ 2018-05-09T18:47:17+08:00 ] 192.168.18.228 192.168.16.195 GET /huaxian/public/index.php/admin/login/login.html
[ info ] 192.168.18.228/huaxian/public/index.php/admin/login/login.html [运行时间：0.055373s][吞吐率：18.06req/s] [内存消耗：1,731.82kb] [文件加载：47]
[ info ] [ LANG ] E:\WWW\huaxian\thinkphp\lang\zh-cn.php
[ info ] [ ROUTE ] array (
  'type' => 'module',
  'module' => 
  array (
    0 => 'admin',
    1 => 'login',
    2 => 'login',
  ),
)
[ info ] [ HEADER ] array (
  'host' => '192.168.18.228',
  'user-agent' => 'Mozilla/5.0 (Windows NT 10.0; WOW64; rv:59.0) Gecko/20100101 Firefox/59.0',
  'accept' => 'text/html,application/xhtml+xml,application/xml;q=0.9,*/*;q=0.8',
  'accept-language' => 'zh-CN,zh;q=0.8,zh-TW;q=0.7,zh-HK;q=0.5,en-US;q=0.3,en;q=0.2',
  'accept-encoding' => 'gzip, deflate',
  'referer' => 'http://192.168.18.228/huaxian/public/index.php/admin/index/index.html',
  'connection' => 'keep-alive',
  'upgrade-insecure-requests' => '1',
  'pragma' => 'no-cache',
  'cache-control' => 'no-cache',
)
[ info ] [ PARAM ] array (
)
[ info ] [ RUN ] app\Admin\controller\Login->login[ E:\WWW\huaxian\application\admin\controller\Login.php ]
[ info ] [ VIEW ] E:\WWW\huaxian\public/../application/admin\view\login\login.html [ array (
) ]
[ info ] [ LOG ] INIT File
