---------------------------------------------------------------
[ 2018-05-29T08:11:42+08:00 ] 192.168.18.228 192.168.18.166 GET /huaxian/public/index/index/business.html
[ info ] 192.168.18.228/huaxian/public/index/index/business.html [运行时间：0.177629s][吞吐率：5.63req/s] [内存消耗：2,583.00kb] [文件加载：55]
[ info ] [ LANG ] E:\WWW\huaxian\thinkphp\lang\zh-cn.php
[ info ] [ ROUTE ] array (
  'type' => 'module',
  'module' => 
  array (
    0 => 'index',
    1 => 'index',
    2 => 'business',
  ),
)
[ info ] [ HEADER ] array (
  'host' => '192.168.18.228',
  'connection' => 'keep-alive',
  'cache-control' => 'max-age=0',
  'upgrade-insecure-requests' => '1',
  'user-agent' => 'Mozilla/5.0 (Windows NT 10.0; WOW64) AppleWebKit/537.36 (KHTML, like Gecko) Chrome/65.0.3325.181 Safari/537.36',
  'accept' => 'text/html,application/xhtml+xml,application/xml;q=0.9,image/webp,image/apng,*/*;q=0.8',
  'referer' => 'http://192.168.18.228/huaxian/public/index/index/index.html',
  'accept-encoding' => 'gzip, deflate',
  'accept-language' => 'zh-CN,zh;q=0.9',
  'cookie' => 'PHPSESSID=ije4t5jba9q2inp1dgce6eu6t0; Hm_lvt_080836300300be57b7f34f4b3e97d911=1527232649; Hm_lpvt_080836300300be57b7f34f4b3e97d911=1527467290',
)
[ info ] [ PARAM ] array (
)
[ info ] [ SESSION ] INIT array (
  'id' => '',
  'var_session_id' => '',
  'prefix' => 'think',
  'type' => '',
  'auto_start' => true,
)
[ info ] [ DB ] INIT mysql
[ info ] [ RUN ] app\index\controller\Index->business[ E:\WWW\huaxian\application\index\controller\Index.php ]
[ info ] [ VIEW ] E:\WWW\huaxian\public/../application/index\view\index\business.html [ array (
  0 => 'username',
  1 => 'id',
  2 => 'link',
  3 => 'business',
  4 => 'help',
) ]
[ info ] [ LOG ] INIT File
[ sql ] [ DB ] CONNECT:[ UseTime:0.013724s ] mysql:dbname=huaxian;host=127.0.0.1;charset=utf8
[ sql ] [ SQL ] SHOW COLUMNS FROM `tr_link` [ RunTime:0.037232s ]
[ sql ] [ SQL ] SELECT * FROM `tr_link` ORDER BY id desc LIMIT 5 [ RunTime:0.000696s ]
[ sql ] [ SQL ] SHOW COLUMNS FROM `tr_business` [ RunTime:0.011514s ]
[ sql ] [ SQL ] SELECT * FROM `tr_business` ORDER BY id desc LIMIT 1 [ RunTime:0.000391s ]
[ sql ] [ SQL ] SHOW COLUMNS FROM `tr_help` [ RunTime:0.013111s ]
[ sql ] [ SQL ] SELECT * FROM `tr_help` ORDER BY id desc [ RunTime:0.000504s ]
---------------------------------------------------------------
[ 2018-05-29T08:11:42+08:00 ] 192.168.18.228 192.168.18.166 GET /huaxian/public/index/index/js/jquery-3.3.1.js
[ info ] 192.168.18.228/huaxian/public/index/index/js/jquery-3.3.1.js [运行时间：0.062332s][吞吐率：16.04req/s] [内存消耗：2,526.11kb] [文件加载：56]
[ info ] [ LANG ] E:\WWW\huaxian\thinkphp\lang\zh-cn.php
[ info ] [ ROUTE ] array (
  'type' => 'module',
  'module' => 
  array (
    0 => 'index',
    1 => 'index',
    2 => 'js',
  ),
)
[ info ] [ HEADER ] array (
  'host' => '192.168.18.228',
  'connection' => 'keep-alive',
  'user-agent' => 'Mozilla/5.0 (Windows NT 10.0; WOW64) AppleWebKit/537.36 (KHTML, like Gecko) Chrome/65.0.3325.181 Safari/537.36',
  'accept' => '*/*',
  'referer' => 'http://192.168.18.228/huaxian/public/index/index/business.html',
  'accept-encoding' => 'gzip, deflate',
  'accept-language' => 'zh-CN,zh;q=0.9',
  'cookie' => 'PHPSESSID=ije4t5jba9q2inp1dgce6eu6t0; Hm_lvt_080836300300be57b7f34f4b3e97d911=1527232649; Hm_lpvt_080836300300be57b7f34f4b3e97d911=1527467290',
)
[ info ] [ PARAM ] array (
)
[ info ] [ SESSION ] INIT array (
  'id' => '',
  'var_session_id' => '',
  'prefix' => 'think',
  'type' => '',
  'auto_start' => true,
)
[ info ] [ DB ] INIT mysql
[ info ] [ LOG ] INIT File
[ sql ] [ DB ] CONNECT:[ UseTime:0.005819s ] mysql:dbname=huaxian;host=127.0.0.1;charset=utf8
[ sql ] [ SQL ] SHOW COLUMNS FROM `tr_link` [ RunTime:0.005443s ]
[ sql ] [ SQL ] SELECT * FROM `tr_link` ORDER BY id desc LIMIT 5 [ RunTime:0.000545s ]
---------------------------------------------------------------
[ 2018-05-29T08:11:42+08:00 ] 192.168.18.228 192.168.18.166 GET /huaxian/public/index/index/js/jquery-3.3.1.js
[ info ] 192.168.18.228/huaxian/public/index/index/js/jquery-3.3.1.js [运行时间：0.046475s][吞吐率：21.52req/s] [内存消耗：2,526.11kb] [文件加载：56]
[ info ] [ LANG ] E:\WWW\huaxian\thinkphp\lang\zh-cn.php
[ info ] [ ROUTE ] array (
  'type' => 'module',
  'module' => 
  array (
    0 => 'index',
    1 => 'index',
    2 => 'js',
  ),
)
[ info ] [ HEADER ] array (
  'host' => '192.168.18.228',
  'connection' => 'keep-alive',
  'user-agent' => 'Mozilla/5.0 (Windows NT 10.0; WOW64) AppleWebKit/537.36 (KHTML, like Gecko) Chrome/65.0.3325.181 Safari/537.36',
  'accept' => '*/*',
  'referer' => 'http://192.168.18.228/huaxian/public/index/index/business.html',
  'accept-encoding' => 'gzip, deflate',
  'accept-language' => 'zh-CN,zh;q=0.9',
  'cookie' => 'PHPSESSID=ije4t5jba9q2inp1dgce6eu6t0; Hm_lvt_080836300300be57b7f34f4b3e97d911=1527232649; Hm_lpvt_080836300300be57b7f34f4b3e97d911=1527467290',
)
[ info ] [ PARAM ] array (
)
[ info ] [ SESSION ] INIT array (
  'id' => '',
  'var_session_id' => '',
  'prefix' => 'think',
  'type' => '',
  'auto_start' => true,
)
[ info ] [ DB ] INIT mysql
[ info ] [ LOG ] INIT File
[ sql ] [ DB ] CONNECT:[ UseTime:0.001569s ] mysql:dbname=huaxian;host=127.0.0.1;charset=utf8
[ sql ] [ SQL ] SHOW COLUMNS FROM `tr_link` [ RunTime:0.005572s ]
[ sql ] [ SQL ] SELECT * FROM `tr_link` ORDER BY id desc LIMIT 5 [ RunTime:0.000599s ]
---------------------------------------------------------------
[ 2018-05-29T08:11:44+08:00 ] 192.168.18.228 192.168.18.166 GET /huaxian/public/index.php/admin/index/index.html
[ info ] 192.168.18.228/huaxian/public/index.php/admin/index/index.html [运行时间：0.073983s][吞吐率：13.52req/s] [内存消耗：2,510.02kb] [文件加载：55]
[ info ] [ LANG ] E:\WWW\huaxian\thinkphp\lang\zh-cn.php
[ info ] [ ROUTE ] array (
  'type' => 'module',
  'module' => 
  array (
    0 => 'admin',
    1 => 'index',
    2 => 'index',
  ),
)
[ info ] [ HEADER ] array (
  'host' => '192.168.18.228',
  'connection' => 'keep-alive',
  'cache-control' => 'max-age=0',
  'upgrade-insecure-requests' => '1',
  'user-agent' => 'Mozilla/5.0 (Windows NT 10.0; WOW64) AppleWebKit/537.36 (KHTML, like Gecko) Chrome/65.0.3325.181 Safari/537.36',
  'accept' => 'text/html,application/xhtml+xml,application/xml;q=0.9,image/webp,image/apng,*/*;q=0.8',
  'accept-encoding' => 'gzip, deflate',
  'accept-language' => 'zh-CN,zh;q=0.9',
  'cookie' => 'PHPSESSID=ije4t5jba9q2inp1dgce6eu6t0; Hm_lvt_080836300300be57b7f34f4b3e97d911=1527232649; Hm_lpvt_080836300300be57b7f34f4b3e97d911=1527467290',
)
[ info ] [ PARAM ] array (
)
[ info ] [ SESSION ] INIT array (
  'id' => '',
  'var_session_id' => '',
  'prefix' => 'think',
  'type' => '',
  'auto_start' => true,
)
[ info ] [ RUN ] app\admin\controller\Index->index[ E:\WWW\huaxian\application\admin\controller\Index.php ]
[ info ] [ DB ] INIT mysql
[ info ] [ VIEW ] E:\WWW\huaxian\public/../application/admin\view\index\index.html [ array (
  0 => 'adminid',
) ]
[ info ] [ LOG ] INIT File
[ sql ] [ DB ] CONNECT:[ UseTime:0.007387s ] mysql:dbname=huaxian;host=127.0.0.1;charset=utf8
[ sql ] [ SQL ] SHOW COLUMNS FROM `tr_role` [ RunTime:0.029332s ]
[ sql ] [ SQL ] SELECT * FROM `tr_role` WHERE  `id` = 5 LIMIT 1 [ RunTime:0.000502s ]
---------------------------------------------------------------
[ 2018-05-29T08:11:44+08:00 ] 192.168.18.228 192.168.18.166 GET /huaxian/public/index.php/admin/index/welcome.html
[ info ] 192.168.18.228/huaxian/public/index.php/admin/index/welcome.html [运行时间：0.035830s][吞吐率：27.91req/s] [内存消耗：1,718.02kb] [文件加载：47]
[ info ] [ LANG ] E:\WWW\huaxian\thinkphp\lang\zh-cn.php
[ info ] [ ROUTE ] array (
  'type' => 'module',
  'module' => 
  array (
    0 => 'admin',
    1 => 'index',
    2 => 'welcome',
  ),
)
[ info ] [ HEADER ] array (
  'host' => '192.168.18.228',
  'connection' => 'keep-alive',
  'upgrade-insecure-requests' => '1',
  'user-agent' => 'Mozilla/5.0 (Windows NT 10.0; WOW64) AppleWebKit/537.36 (KHTML, like Gecko) Chrome/65.0.3325.181 Safari/537.36',
  'accept' => 'text/html,application/xhtml+xml,application/xml;q=0.9,image/webp,image/apng,*/*;q=0.8',
  'referer' => 'http://192.168.18.228/huaxian/public/index.php/admin/index/index.html',
  'accept-encoding' => 'gzip, deflate',
  'accept-language' => 'zh-CN,zh;q=0.9',
  'cookie' => 'PHPSESSID=ije4t5jba9q2inp1dgce6eu6t0; Hm_lvt_080836300300be57b7f34f4b3e97d911=1527232649; Hm_lpvt_080836300300be57b7f34f4b3e97d911=1527467290',
)
[ info ] [ PARAM ] array (
)
[ info ] [ SESSION ] INIT array (
  'id' => '',
  'var_session_id' => '',
  'prefix' => 'think',
  'type' => '',
  'auto_start' => true,
)
[ info ] [ RUN ] app\admin\controller\Index->welcome[ E:\WWW\huaxian\application\admin\controller\Index.php ]
[ info ] [ VIEW ] E:\WWW\huaxian\public/../application/admin\view\index\welcome.html [ array (
) ]
[ info ] [ LOG ] INIT File
---------------------------------------------------------------
[ 2018-05-29T08:11:44+08:00 ] 192.168.18.228 192.168.18.166 GET /huaxian/public/index.php/admin/index/__PUBIC__/css/H-ui.min.css
[ info ] 192.168.18.228/huaxian/public/index.php/admin/index/__PUBIC__/css/H-ui.min.css [运行时间：0.026626s][吞吐率：37.56req/s] [内存消耗：1,751.98kb] [文件加载：49]
[ info ] [ LANG ] E:\WWW\huaxian\thinkphp\lang\zh-cn.php
[ info ] [ ROUTE ] array (
  'type' => 'module',
  'module' => 
  array (
    0 => 'admin',
    1 => 'index',
    2 => '__PUBIC__',
  ),
)
[ info ] [ HEADER ] array (
  'host' => '192.168.18.228',
  'connection' => 'keep-alive',
  'user-agent' => 'Mozilla/5.0 (Windows NT 10.0; WOW64) AppleWebKit/537.36 (KHTML, like Gecko) Chrome/65.0.3325.181 Safari/537.36',
  'accept' => 'text/css,*/*;q=0.1',
  'referer' => 'http://192.168.18.228/huaxian/public/index.php/admin/index/welcome.html',
  'accept-encoding' => 'gzip, deflate',
  'accept-language' => 'zh-CN,zh;q=0.9',
  'cookie' => 'PHPSESSID=ije4t5jba9q2inp1dgce6eu6t0; Hm_lvt_080836300300be57b7f34f4b3e97d911=1527232649; Hm_lpvt_080836300300be57b7f34f4b3e97d911=1527467290',
)
[ info ] [ PARAM ] array (
  'css' => 'H-ui.min.css',
)
[ info ] [ SESSION ] INIT array (
  'id' => '',
  'var_session_id' => '',
  'prefix' => 'think',
  'type' => '',
  'auto_start' => true,
)
[ info ] [ LOG ] INIT File
---------------------------------------------------------------
[ 2018-05-29T08:11:44+08:00 ] 192.168.18.228 192.168.18.166 GET /huaxian/public/index.php/admin/index/lib/jquery/1.9.1/jquery.min.js
[ info ] 192.168.18.228/huaxian/public/index.php/admin/index/lib/jquery/1.9.1/jquery.min.js [运行时间：0.030843s][吞吐率：32.42req/s] [内存消耗：1,751.83kb] [文件加载：49]
[ info ] [ LANG ] E:\WWW\huaxian\thinkphp\lang\zh-cn.php
[ info ] [ ROUTE ] array (
  'type' => 'module',
  'module' => 
  array (
    0 => 'admin',
    1 => 'index',
    2 => 'lib',
  ),
)
[ info ] [ HEADER ] array (
  'host' => '192.168.18.228',
  'connection' => 'keep-alive',
  'user-agent' => 'Mozilla/5.0 (Windows NT 10.0; WOW64) AppleWebKit/537.36 (KHTML, like Gecko) Chrome/65.0.3325.181 Safari/537.36',
  'accept' => '*/*',
  'referer' => 'http://192.168.18.228/huaxian/public/index.php/admin/index/welcome.html',
  'accept-encoding' => 'gzip, deflate',
  'accept-language' => 'zh-CN,zh;q=0.9',
  'cookie' => 'PHPSESSID=ije4t5jba9q2inp1dgce6eu6t0; Hm_lvt_080836300300be57b7f34f4b3e97d911=1527232649; Hm_lpvt_080836300300be57b7f34f4b3e97d911=1527467290',
)
[ info ] [ PARAM ] array (
  'jquery' => '1.9.1',
)
[ info ] [ SESSION ] INIT array (
  'id' => '',
  'var_session_id' => '',
  'prefix' => 'think',
  'type' => '',
  'auto_start' => true,
)
[ info ] [ LOG ] INIT File
---------------------------------------------------------------
[ 2018-05-29T08:11:44+08:00 ] 192.168.18.228 192.168.18.166 GET /huaxian/public/index.php/admin/index/js/H-ui.js
[ info ] 192.168.18.228/huaxian/public/index.php/admin/index/js/H-ui.js [运行时间：0.035355s][吞吐率：28.28req/s] [内存消耗：1,751.25kb] [文件加载：49]
[ info ] [ LANG ] E:\WWW\huaxian\thinkphp\lang\zh-cn.php
[ info ] [ ROUTE ] array (
  'type' => 'module',
  'module' => 
  array (
    0 => 'admin',
    1 => 'index',
    2 => 'js',
  ),
)
[ info ] [ HEADER ] array (
  'host' => '192.168.18.228',
  'connection' => 'keep-alive',
  'user-agent' => 'Mozilla/5.0 (Windows NT 10.0; WOW64) AppleWebKit/537.36 (KHTML, like Gecko) Chrome/65.0.3325.181 Safari/537.36',
  'accept' => '*/*',
  'referer' => 'http://192.168.18.228/huaxian/public/index.php/admin/index/welcome.html',
  'accept-encoding' => 'gzip, deflate',
  'accept-language' => 'zh-CN,zh;q=0.9',
  'cookie' => 'PHPSESSID=ije4t5jba9q2inp1dgce6eu6t0; Hm_lvt_080836300300be57b7f34f4b3e97d911=1527232649; Hm_lpvt_080836300300be57b7f34f4b3e97d911=1527467290',
)
[ info ] [ PARAM ] array (
)
[ info ] [ SESSION ] INIT array (
  'id' => '',
  'var_session_id' => '',
  'prefix' => 'think',
  'type' => '',
  'auto_start' => true,
)
[ info ] [ LOG ] INIT File
---------------------------------------------------------------
[ 2018-05-29T08:20:06+08:00 ] 192.168.18.228 192.168.18.166 GET /huaxian/public/index/gov/index.html
[ info ] 192.168.18.228/huaxian/public/index/gov/index.html [运行时间：0.131133s][吞吐率：7.63req/s] [内存消耗：2,598.29kb] [文件加载：55]
[ info ] [ LANG ] E:\WWW\huaxian\thinkphp\lang\zh-cn.php
[ info ] [ ROUTE ] array (
  'type' => 'module',
  'module' => 
  array (
    0 => 'index',
    1 => 'gov',
    2 => 'index',
  ),
)
[ info ] [ HEADER ] array (
  'host' => '192.168.18.228',
  'connection' => 'keep-alive',
  'upgrade-insecure-requests' => '1',
  'user-agent' => 'Mozilla/5.0 (Windows NT 10.0; WOW64) AppleWebKit/537.36 (KHTML, like Gecko) Chrome/65.0.3325.181 Safari/537.36',
  'accept' => 'text/html,application/xhtml+xml,application/xml;q=0.9,image/webp,image/apng,*/*;q=0.8',
  'referer' => 'http://192.168.18.228/huaxian/public/index/index/business.html',
  'accept-encoding' => 'gzip, deflate',
  'accept-language' => 'zh-CN,zh;q=0.9',
  'cookie' => 'PHPSESSID=ije4t5jba9q2inp1dgce6eu6t0; Hm_lvt_080836300300be57b7f34f4b3e97d911=1527232649; Hm_lpvt_080836300300be57b7f34f4b3e97d911=1527552707',
)
[ info ] [ PARAM ] array (
)
[ info ] [ SESSION ] INIT array (
  'id' => '',
  'var_session_id' => '',
  'prefix' => 'think',
  'type' => '',
  'auto_start' => true,
)
[ info ] [ DB ] INIT mysql
[ info ] [ RUN ] app\index\controller\Gov->index[ E:\WWW\huaxian\application\index\controller\Gov.php ]
[ info ] [ VIEW ] E:\WWW\huaxian\public/../application/index\view\gov\index.html [ array (
  0 => 'username',
  1 => 'id',
  2 => 'link',
  3 => 'detail',
  4 => 'leader',
  5 => 'file',
  6 => 'events',
) ]
[ info ] [ LOG ] INIT File
[ sql ] [ DB ] CONNECT:[ UseTime:0.004390s ] mysql:dbname=huaxian;host=127.0.0.1;charset=utf8
[ sql ] [ SQL ] SHOW COLUMNS FROM `tr_link` [ RunTime:0.005952s ]
[ sql ] [ SQL ] SELECT * FROM `tr_link` ORDER BY id desc LIMIT 5 [ RunTime:0.000552s ]
[ sql ] [ SQL ] SHOW COLUMNS FROM `tr_detail` [ RunTime:0.029178s ]
[ sql ] [ SQL ] SELECT * FROM `tr_detail` ORDER BY id desc LIMIT 1 [ RunTime:0.000507s ]
[ sql ] [ SQL ] SHOW COLUMNS FROM `tr_leader` [ RunTime:0.016918s ]
[ sql ] [ SQL ] SELECT * FROM `tr_leader` WHERE  `statue` = '是' ORDER BY id desc LIMIT 1 [ RunTime:0.000505s ]
[ sql ] [ SQL ] SHOW COLUMNS FROM `tr_file` [ RunTime:0.012303s ]
[ sql ] [ SQL ] SELECT * FROM `tr_file` ORDER BY id desc LIMIT 7 [ RunTime:0.000564s ]
[ sql ] [ SQL ] SHOW COLUMNS FROM `tr_events` [ RunTime:0.018103s ]
[ sql ] [ SQL ] SELECT * FROM `tr_events` ORDER BY id desc LIMIT 7 [ RunTime:0.000479s ]
---------------------------------------------------------------
[ 2018-05-29T08:20:06+08:00 ] 192.168.18.228 192.168.18.166 GET /huaxian/public/static/images/governmentStyle3.png
[ info ] 192.168.18.228/huaxian/public/static/images/governmentStyle3.png [运行时间：0.033959s][吞吐率：29.45req/s] [内存消耗：1,410.82kb] [文件加载：40]
[ info ] [ LANG ] E:\WWW\huaxian\thinkphp\lang\zh-cn.php
[ info ] [ ROUTE ] array (
  'type' => 'module',
  'module' => 
  array (
    0 => 'static',
    1 => 'images',
    2 => 'governmentStyle3.png',
  ),
)
[ info ] [ HEADER ] array (
  'host' => '192.168.18.228',
  'connection' => 'keep-alive',
  'user-agent' => 'Mozilla/5.0 (Windows NT 10.0; WOW64) AppleWebKit/537.36 (KHTML, like Gecko) Chrome/65.0.3325.181 Safari/537.36',
  'accept' => 'image/webp,image/apng,image/*,*/*;q=0.8',
  'referer' => 'http://192.168.18.228/huaxian/public/static/index/css/governmentStyle.css',
  'accept-encoding' => 'gzip, deflate',
  'accept-language' => 'zh-CN,zh;q=0.9',
  'cookie' => 'PHPSESSID=ije4t5jba9q2inp1dgce6eu6t0; Hm_lvt_080836300300be57b7f34f4b3e97d911=1527232649; Hm_lpvt_080836300300be57b7f34f4b3e97d911=1527552707',
)
[ info ] [ PARAM ] array (
)
[ info ] [ LOG ] INIT File
---------------------------------------------------------------
[ 2018-05-29T08:20:08+08:00 ] 192.168.18.228 192.168.18.228 GET /huaxian/public/index.php
[ info ] 192.168.18.228/huaxian/public/index.php [运行时间：0.136097s][吞吐率：7.35req/s] [内存消耗：2,592.56kb] [文件加载：55]
[ info ] [ LANG ] E:\WWW\huaxian\thinkphp\lang\zh-cn.php
[ info ] [ ROUTE ] array (
  'type' => 'module',
  'module' => 
  array (
    0 => '',
    1 => NULL,
    2 => NULL,
  ),
)
[ info ] [ HEADER ] array (
  'host' => '192.168.18.228',
  'accept-encoding' => 'compress,gzip',
  'connection' => 'Close',
)
[ info ] [ PARAM ] array (
)
[ info ] [ SESSION ] INIT array (
  'id' => '',
  'var_session_id' => '',
  'prefix' => 'think',
  'type' => '',
  'auto_start' => true,
)
[ info ] [ DB ] INIT mysql
[ info ] [ RUN ] app\index\controller\Index->index[ E:\WWW\huaxian\application\index\controller\Index.php ]
[ info ] [ VIEW ] E:\WWW\huaxian\public/../application/index\view\index\index.html [ array (
  0 => 'username',
  1 => 'id',
  2 => 'link',
  3 => 'news',
  4 => 'notice',
  5 => 'company',
  6 => 'company1',
  7 => 'company2',
  8 => 'imgs',
) ]
[ info ] [ LOG ] INIT File
[ sql ] [ DB ] CONNECT:[ UseTime:0.004176s ] mysql:dbname=huaxian;host=127.0.0.1;charset=utf8
[ sql ] [ SQL ] SHOW COLUMNS FROM `tr_link` [ RunTime:0.005862s ]
[ sql ] [ SQL ] SELECT * FROM `tr_link` ORDER BY id desc LIMIT 5 [ RunTime:0.000550s ]
[ sql ] [ SQL ] SHOW COLUMNS FROM `tr_news` [ RunTime:0.037283s ]
[ sql ] [ SQL ] SELECT * FROM `tr_news` ORDER BY id desc [ RunTime:0.000468s ]
[ sql ] [ SQL ] SHOW COLUMNS FROM `tr_notice` [ RunTime:0.016554s ]
[ sql ] [ SQL ] SELECT * FROM `tr_notice` ORDER BY id desc [ RunTime:0.000504s ]
[ sql ] [ SQL ] SHOW COLUMNS FROM `tr_company` [ RunTime:0.021048s ]
[ sql ] [ SQL ] SELECT * FROM `tr_company` ORDER BY id asc [ RunTime:0.000546s ]
[ sql ] [ SQL ] SELECT * FROM `tr_company` ORDER BY id asc LIMIT 4 [ RunTime:0.000457s ]
[ sql ] [ SQL ] SELECT * FROM `tr_company` ORDER BY id desc LIMIT 4 [ RunTime:0.000462s ]
[ sql ] [ SQL ] SHOW COLUMNS FROM `tr_imgs` [ RunTime:0.006640s ]
[ sql ] [ SQL ] SELECT * FROM `tr_imgs` ORDER BY id desc [ RunTime:0.000452s ]
---------------------------------------------------------------
[ 2018-05-29T08:20:33+08:00 ] 192.168.18.228 192.168.18.166 GET /huaxian/public/index/gov/index.html
[ info ] 192.168.18.228/huaxian/public/index/gov/index.html [运行时间：0.106639s][吞吐率：9.38req/s] [内存消耗：2,546.36kb] [文件加载：55]
[ info ] [ LANG ] E:\WWW\huaxian\thinkphp\lang\zh-cn.php
[ info ] [ ROUTE ] array (
  'type' => 'module',
  'module' => 
  array (
    0 => 'index',
    1 => 'gov',
    2 => 'index',
  ),
)
[ info ] [ HEADER ] array (
  'host' => '192.168.18.228',
  'user-agent' => 'Mozilla/5.0 (Windows NT 10.0; WOW64; rv:60.0) Gecko/20100101 Firefox/60.0',
  'accept' => 'text/html,application/xhtml+xml,application/xml;q=0.9,*/*;q=0.8',
  'accept-language' => 'zh-CN,zh;q=0.8,zh-TW;q=0.7,zh-HK;q=0.5,en-US;q=0.3,en;q=0.2',
  'accept-encoding' => 'gzip, deflate',
  'cookie' => 'PHPSESSID=r8oucd7b4v5pjulaklvd80tfi4',
  'connection' => 'keep-alive',
  'upgrade-insecure-requests' => '1',
)
[ info ] [ PARAM ] array (
)
[ info ] [ SESSION ] INIT array (
  'id' => '',
  'var_session_id' => '',
  'prefix' => 'think',
  'type' => '',
  'auto_start' => true,
)
[ info ] [ DB ] INIT mysql
[ info ] [ RUN ] app\index\controller\Gov->index[ E:\WWW\huaxian\application\index\controller\Gov.php ]
[ info ] [ VIEW ] E:\WWW\huaxian\public/../application/index\view\gov\index.html [ array (
  0 => 'username',
  1 => 'id',
  2 => 'link',
  3 => 'detail',
  4 => 'leader',
  5 => 'file',
  6 => 'events',
) ]
[ info ] [ LOG ] INIT File
[ sql ] [ DB ] CONNECT:[ UseTime:0.009780s ] mysql:dbname=huaxian;host=127.0.0.1;charset=utf8
[ sql ] [ SQL ] SHOW COLUMNS FROM `tr_link` [ RunTime:0.005567s ]
[ sql ] [ SQL ] SELECT * FROM `tr_link` ORDER BY id desc LIMIT 5 [ RunTime:0.000470s ]
[ sql ] [ SQL ] SHOW COLUMNS FROM `tr_detail` [ RunTime:0.005851s ]
[ sql ] [ SQL ] SELECT * FROM `tr_detail` ORDER BY id desc LIMIT 1 [ RunTime:0.000430s ]
[ sql ] [ SQL ] SHOW COLUMNS FROM `tr_leader` [ RunTime:0.005363s ]
[ sql ] [ SQL ] SELECT * FROM `tr_leader` WHERE  `statue` = '是' ORDER BY id desc LIMIT 1 [ RunTime:0.000470s ]
[ sql ] [ SQL ] SHOW COLUMNS FROM `tr_file` [ RunTime:0.005071s ]
[ sql ] [ SQL ] SELECT * FROM `tr_file` ORDER BY id desc LIMIT 7 [ RunTime:0.000507s ]
[ sql ] [ SQL ] SHOW COLUMNS FROM `tr_events` [ RunTime:0.005338s ]
[ sql ] [ SQL ] SELECT * FROM `tr_events` ORDER BY id desc LIMIT 7 [ RunTime:0.000481s ]
---------------------------------------------------------------
[ 2018-05-29T08:20:34+08:00 ] 192.168.18.228 192.168.18.166 GET /huaxian/public/static/images/governmentStyle3.png
[ info ] 192.168.18.228/huaxian/public/static/images/governmentStyle3.png [运行时间：0.019941s][吞吐率：50.15req/s] [内存消耗：1,410.50kb] [文件加载：40]
[ info ] [ LANG ] E:\WWW\huaxian\thinkphp\lang\zh-cn.php
[ info ] [ ROUTE ] array (
  'type' => 'module',
  'module' => 
  array (
    0 => 'static',
    1 => 'images',
    2 => 'governmentStyle3.png',
  ),
)
[ info ] [ HEADER ] array (
  'host' => '192.168.18.228',
  'user-agent' => 'Mozilla/5.0 (Windows NT 10.0; WOW64; rv:60.0) Gecko/20100101 Firefox/60.0',
  'accept' => '*/*',
  'accept-language' => 'zh-CN,zh;q=0.8,zh-TW;q=0.7,zh-HK;q=0.5,en-US;q=0.3,en;q=0.2',
  'accept-encoding' => 'gzip, deflate',
  'referer' => 'http://192.168.18.228/huaxian/public/static/index/css/governmentStyle.css',
  'cookie' => 'PHPSESSID=r8oucd7b4v5pjulaklvd80tfi4',
  'connection' => 'keep-alive',
)
[ info ] [ PARAM ] array (
)
[ info ] [ LOG ] INIT File
---------------------------------------------------------------
[ 2018-05-29T08:20:36+08:00 ] 192.168.18.228 192.168.18.166 GET /huaxian/public/index/index/index.html
[ info ] 192.168.18.228/huaxian/public/index/index/index.html [运行时间：0.077707s][吞吐率：12.87req/s] [内存消耗：2,591.15kb] [文件加载：55]
[ info ] [ LANG ] E:\WWW\huaxian\thinkphp\lang\zh-cn.php
[ info ] [ ROUTE ] array (
  'type' => 'module',
  'module' => 
  array (
    0 => 'index',
    1 => 'index',
    2 => 'index',
  ),
)
[ info ] [ HEADER ] array (
  'host' => '192.168.18.228',
  'user-agent' => 'Mozilla/5.0 (Windows NT 10.0; WOW64; rv:60.0) Gecko/20100101 Firefox/60.0',
  'accept' => 'text/html,application/xhtml+xml,application/xml;q=0.9,*/*;q=0.8',
  'accept-language' => 'zh-CN,zh;q=0.8,zh-TW;q=0.7,zh-HK;q=0.5,en-US;q=0.3,en;q=0.2',
  'accept-encoding' => 'gzip, deflate',
  'referer' => 'http://192.168.18.228/huaxian/public/index/gov/index.html',
  'cookie' => 'PHPSESSID=r8oucd7b4v5pjulaklvd80tfi4',
  'connection' => 'keep-alive',
  'upgrade-insecure-requests' => '1',
)
[ info ] [ PARAM ] array (
)
[ info ] [ SESSION ] INIT array (
  'id' => '',
  'var_session_id' => '',
  'prefix' => 'think',
  'type' => '',
  'auto_start' => true,
)
[ info ] [ DB ] INIT mysql
[ info ] [ RUN ] app\index\controller\Index->index[ E:\WWW\huaxian\application\index\controller\Index.php ]
[ info ] [ VIEW ] E:\WWW\huaxian\public/../application/index\view\index\index.html [ array (
  0 => 'username',
  1 => 'id',
  2 => 'link',
  3 => 'news',
  4 => 'notice',
  5 => 'company',
  6 => 'company1',
  7 => 'company2',
  8 => 'imgs',
) ]
[ info ] [ LOG ] INIT File
[ sql ] [ DB ] CONNECT:[ UseTime:0.011572s ] mysql:dbname=huaxian;host=127.0.0.1;charset=utf8
[ sql ] [ SQL ] SHOW COLUMNS FROM `tr_link` [ RunTime:0.005904s ]
[ sql ] [ SQL ] SELECT * FROM `tr_link` ORDER BY id desc LIMIT 5 [ RunTime:0.000511s ]
[ sql ] [ SQL ] SHOW COLUMNS FROM `tr_news` [ RunTime:0.005610s ]
[ sql ] [ SQL ] SELECT * FROM `tr_news` ORDER BY id desc [ RunTime:0.000506s ]
[ sql ] [ SQL ] SHOW COLUMNS FROM `tr_notice` [ RunTime:0.005462s ]
[ sql ] [ SQL ] SELECT * FROM `tr_notice` ORDER BY id desc [ RunTime:0.000597s ]
[ sql ] [ SQL ] SHOW COLUMNS FROM `tr_company` [ RunTime:0.005168s ]
[ sql ] [ SQL ] SELECT * FROM `tr_company` ORDER BY id asc [ RunTime:0.000456s ]
[ sql ] [ SQL ] SELECT * FROM `tr_company` ORDER BY id asc LIMIT 4 [ RunTime:0.000438s ]
[ sql ] [ SQL ] SELECT * FROM `tr_company` ORDER BY id desc LIMIT 4 [ RunTime:0.000442s ]
[ sql ] [ SQL ] SHOW COLUMNS FROM `tr_imgs` [ RunTime:0.005278s ]
[ sql ] [ SQL ] SELECT * FROM `tr_imgs` ORDER BY id desc [ RunTime:0.000447s ]
---------------------------------------------------------------
[ 2018-05-29T08:21:10+08:00 ] 192.168.18.228 192.168.18.166 GET /huaxian/public/index/gov/index.html
[ info ] 192.168.18.228/huaxian/public/index/gov/index.html [运行时间：0.073504s][吞吐率：13.60req/s] [内存消耗：2,546.95kb] [文件加载：55]
[ info ] [ LANG ] E:\WWW\huaxian\thinkphp\lang\zh-cn.php
[ info ] [ ROUTE ] array (
  'type' => 'module',
  'module' => 
  array (
    0 => 'index',
    1 => 'gov',
    2 => 'index',
  ),
)
[ info ] [ HEADER ] array (
  'host' => '192.168.18.228',
  'user-agent' => 'Mozilla/5.0 (Windows NT 10.0; WOW64; rv:60.0) Gecko/20100101 Firefox/60.0',
  'accept' => 'text/html,application/xhtml+xml,application/xml;q=0.9,*/*;q=0.8',
  'accept-language' => 'zh-CN,zh;q=0.8,zh-TW;q=0.7,zh-HK;q=0.5,en-US;q=0.3,en;q=0.2',
  'accept-encoding' => 'gzip, deflate',
  'referer' => 'http://192.168.18.228/huaxian/public/index/index/index.html',
  'cookie' => 'PHPSESSID=r8oucd7b4v5pjulaklvd80tfi4',
  'connection' => 'keep-alive',
  'upgrade-insecure-requests' => '1',
  'pragma' => 'no-cache',
  'cache-control' => 'no-cache',
)
[ info ] [ PARAM ] array (
)
[ info ] [ SESSION ] INIT array (
  'id' => '',
  'var_session_id' => '',
  'prefix' => 'think',
  'type' => '',
  'auto_start' => true,
)
[ info ] [ DB ] INIT mysql
[ info ] [ RUN ] app\index\controller\Gov->index[ E:\WWW\huaxian\application\index\controller\Gov.php ]
[ info ] [ VIEW ] E:\WWW\huaxian\public/../application/index\view\gov\index.html [ array (
  0 => 'username',
  1 => 'id',
  2 => 'link',
  3 => 'detail',
  4 => 'leader',
  5 => 'file',
  6 => 'events',
) ]
[ info ] [ LOG ] INIT File
[ sql ] [ DB ] CONNECT:[ UseTime:0.007229s ] mysql:dbname=huaxian;host=127.0.0.1;charset=utf8
[ sql ] [ SQL ] SHOW COLUMNS FROM `tr_link` [ RunTime:0.006029s ]
[ sql ] [ SQL ] SELECT * FROM `tr_link` ORDER BY id desc LIMIT 5 [ RunTime:0.000471s ]
[ sql ] [ SQL ] SHOW COLUMNS FROM `tr_detail` [ RunTime:0.005153s ]
[ sql ] [ SQL ] SELECT * FROM `tr_detail` ORDER BY id desc LIMIT 1 [ RunTime:0.000438s ]
[ sql ] [ SQL ] SHOW COLUMNS FROM `tr_leader` [ RunTime:0.005761s ]
[ sql ] [ SQL ] SELECT * FROM `tr_leader` WHERE  `statue` = '是' ORDER BY id desc LIMIT 1 [ RunTime:0.000477s ]
[ sql ] [ SQL ] SHOW COLUMNS FROM `tr_file` [ RunTime:0.005256s ]
[ sql ] [ SQL ] SELECT * FROM `tr_file` ORDER BY id desc LIMIT 7 [ RunTime:0.000428s ]
[ sql ] [ SQL ] SHOW COLUMNS FROM `tr_events` [ RunTime:0.005502s ]
[ sql ] [ SQL ] SELECT * FROM `tr_events` ORDER BY id desc LIMIT 7 [ RunTime:0.000334s ]
---------------------------------------------------------------
[ 2018-05-29T08:21:10+08:00 ] 192.168.18.228 192.168.18.166 GET /huaxian/public/static/images/governmentStyle3.png
[ info ] 192.168.18.228/huaxian/public/static/images/governmentStyle3.png [运行时间：0.032014s][吞吐率：31.24req/s] [内存消耗：1,410.88kb] [文件加载：40]
[ info ] [ LANG ] E:\WWW\huaxian\thinkphp\lang\zh-cn.php
[ info ] [ ROUTE ] array (
  'type' => 'module',
  'module' => 
  array (
    0 => 'static',
    1 => 'images',
    2 => 'governmentStyle3.png',
  ),
)
[ info ] [ HEADER ] array (
  'host' => '192.168.18.228',
  'user-agent' => 'Mozilla/5.0 (Windows NT 10.0; WOW64; rv:60.0) Gecko/20100101 Firefox/60.0',
  'accept' => '*/*',
  'accept-language' => 'zh-CN,zh;q=0.8,zh-TW;q=0.7,zh-HK;q=0.5,en-US;q=0.3,en;q=0.2',
  'accept-encoding' => 'gzip, deflate',
  'referer' => 'http://192.168.18.228/huaxian/public/static/index/css/governmentStyle.css',
  'cookie' => 'PHPSESSID=r8oucd7b4v5pjulaklvd80tfi4',
  'connection' => 'keep-alive',
  'pragma' => 'no-cache',
  'cache-control' => 'no-cache',
)
[ info ] [ PARAM ] array (
)
[ info ] [ LOG ] INIT File
---------------------------------------------------------------
[ 2018-05-29T08:23:58+08:00 ] 192.168.18.228 192.168.18.166 GET /huaxian/public/static/index/js/swiper.min.js.map
[ info ] 192.168.18.228/huaxian/public/static/index/js/swiper.min.js.map [运行时间：0.022348s][吞吐率：44.75req/s] [内存消耗：1,410.41kb] [文件加载：40]
[ info ] [ LANG ] E:\WWW\huaxian\thinkphp\lang\zh-cn.php
[ info ] [ ROUTE ] array (
  'type' => 'module',
  'module' => 
  array (
    0 => 'static',
    1 => 'index',
    2 => 'js',
  ),
)
[ info ] [ HEADER ] array (
  'host' => '192.168.18.228',
  'connection' => 'keep-alive',
  'cache-control' => 'no-cache',
  'user-agent' => 'Mozilla/5.0 (Windows NT 10.0; WOW64) AppleWebKit/537.36 (KHTML, like Gecko) Chrome/65.0.3325.181 Safari/537.36',
  'accept-encoding' => 'gzip, deflate',
  'accept-language' => 'zh-CN,zh;q=0.9',
  'cookie' => 'PHPSESSID=ije4t5jba9q2inp1dgce6eu6t0; Hm_lvt_080836300300be57b7f34f4b3e97d911=1527232649; Hm_lpvt_080836300300be57b7f34f4b3e97d911=1527552707',
)
[ info ] [ PARAM ] array (
)
[ info ] [ LOG ] INIT File
---------------------------------------------------------------
[ 2018-05-29T08:24:30+08:00 ] 192.168.18.228 192.168.18.166 GET /huaxian/public/static/index/js/swiper.min.js.map
[ info ] 192.168.18.228/huaxian/public/static/index/js/swiper.min.js.map [运行时间：0.019639s][吞吐率：50.92req/s] [内存消耗：1,410.41kb] [文件加载：40]
[ info ] [ LANG ] E:\WWW\huaxian\thinkphp\lang\zh-cn.php
[ info ] [ ROUTE ] array (
  'type' => 'module',
  'module' => 
  array (
    0 => 'static',
    1 => 'index',
    2 => 'js',
  ),
)
[ info ] [ HEADER ] array (
  'host' => '192.168.18.228',
  'connection' => 'keep-alive',
  'cache-control' => 'no-cache',
  'user-agent' => 'Mozilla/5.0 (Windows NT 10.0; WOW64) AppleWebKit/537.36 (KHTML, like Gecko) Chrome/65.0.3325.181 Safari/537.36',
  'accept-encoding' => 'gzip, deflate',
  'accept-language' => 'zh-CN,zh;q=0.9',
  'cookie' => 'PHPSESSID=ije4t5jba9q2inp1dgce6eu6t0; Hm_lvt_080836300300be57b7f34f4b3e97d911=1527232649; Hm_lpvt_080836300300be57b7f34f4b3e97d911=1527552707',
)
[ info ] [ PARAM ] array (
)
[ info ] [ LOG ] INIT File
---------------------------------------------------------------
[ 2018-05-29T08:25:23+08:00 ] 192.168.18.228 192.168.18.166 GET /huaxian/public/index/gov/index.html
[ info ] 192.168.18.228/huaxian/public/index/gov/index.html [运行时间：0.070664s][吞吐率：14.15req/s] [内存消耗：2,546.95kb] [文件加载：55]
[ info ] [ LANG ] E:\WWW\huaxian\thinkphp\lang\zh-cn.php
[ info ] [ ROUTE ] array (
  'type' => 'module',
  'module' => 
  array (
    0 => 'index',
    1 => 'gov',
    2 => 'index',
  ),
)
[ info ] [ HEADER ] array (
  'host' => '192.168.18.228',
  'user-agent' => 'Mozilla/5.0 (Windows NT 10.0; WOW64; rv:60.0) Gecko/20100101 Firefox/60.0',
  'accept' => 'text/html,application/xhtml+xml,application/xml;q=0.9,*/*;q=0.8',
  'accept-language' => 'zh-CN,zh;q=0.8,zh-TW;q=0.7,zh-HK;q=0.5,en-US;q=0.3,en;q=0.2',
  'accept-encoding' => 'gzip, deflate',
  'referer' => 'http://192.168.18.228/huaxian/public/index/gov/index.html',
  'cookie' => 'PHPSESSID=r8oucd7b4v5pjulaklvd80tfi4',
  'connection' => 'keep-alive',
  'upgrade-insecure-requests' => '1',
  'pragma' => 'no-cache',
  'cache-control' => 'no-cache',
)
[ info ] [ PARAM ] array (
)
[ info ] [ SESSION ] INIT array (
  'id' => '',
  'var_session_id' => '',
  'prefix' => 'think',
  'type' => '',
  'auto_start' => true,
)
[ info ] [ DB ] INIT mysql
[ info ] [ RUN ] app\index\controller\Gov->index[ E:\WWW\huaxian\application\index\controller\Gov.php ]
[ info ] [ VIEW ] E:\WWW\huaxian\public/../application/index\view\gov\index.html [ array (
  0 => 'username',
  1 => 'id',
  2 => 'link',
  3 => 'detail',
  4 => 'leader',
  5 => 'file',
  6 => 'events',
) ]
[ info ] [ LOG ] INIT File
[ sql ] [ DB ] CONNECT:[ UseTime:0.002009s ] mysql:dbname=huaxian;host=127.0.0.1;charset=utf8
[ sql ] [ SQL ] SHOW COLUMNS FROM `tr_link` [ RunTime:0.006471s ]
[ sql ] [ SQL ] SELECT * FROM `tr_link` ORDER BY id desc LIMIT 5 [ RunTime:0.000502s ]
[ sql ] [ SQL ] SHOW COLUMNS FROM `tr_detail` [ RunTime:0.005913s ]
[ sql ] [ SQL ] SELECT * FROM `tr_detail` ORDER BY id desc LIMIT 1 [ RunTime:0.000429s ]
[ sql ] [ SQL ] SHOW COLUMNS FROM `tr_leader` [ RunTime:0.005884s ]
[ sql ] [ SQL ] SELECT * FROM `tr_leader` WHERE  `statue` = '是' ORDER BY id desc LIMIT 1 [ RunTime:0.000454s ]
[ sql ] [ SQL ] SHOW COLUMNS FROM `tr_file` [ RunTime:0.005401s ]
[ sql ] [ SQL ] SELECT * FROM `tr_file` ORDER BY id desc LIMIT 7 [ RunTime:0.000400s ]
[ sql ] [ SQL ] SHOW COLUMNS FROM `tr_events` [ RunTime:0.005251s ]
[ sql ] [ SQL ] SELECT * FROM `tr_events` ORDER BY id desc LIMIT 7 [ RunTime:0.000362s ]
---------------------------------------------------------------
[ 2018-05-29T08:25:23+08:00 ] 192.168.18.228 192.168.18.166 GET /huaxian/public/static/images/governmentStyle3.png
[ info ] 192.168.18.228/huaxian/public/static/images/governmentStyle3.png [运行时间：0.040372s][吞吐率：24.77req/s] [内存消耗：1,410.88kb] [文件加载：40]
[ info ] [ LANG ] E:\WWW\huaxian\thinkphp\lang\zh-cn.php
[ info ] [ ROUTE ] array (
  'type' => 'module',
  'module' => 
  array (
    0 => 'static',
    1 => 'images',
    2 => 'governmentStyle3.png',
  ),
)
[ info ] [ HEADER ] array (
  'host' => '192.168.18.228',
  'user-agent' => 'Mozilla/5.0 (Windows NT 10.0; WOW64; rv:60.0) Gecko/20100101 Firefox/60.0',
  'accept' => '*/*',
  'accept-language' => 'zh-CN,zh;q=0.8,zh-TW;q=0.7,zh-HK;q=0.5,en-US;q=0.3,en;q=0.2',
  'accept-encoding' => 'gzip, deflate',
  'referer' => 'http://192.168.18.228/huaxian/public/static/index/css/governmentStyle.css',
  'cookie' => 'PHPSESSID=r8oucd7b4v5pjulaklvd80tfi4',
  'connection' => 'keep-alive',
  'pragma' => 'no-cache',
  'cache-control' => 'no-cache',
)
[ info ] [ PARAM ] array (
)
[ info ] [ LOG ] INIT File
---------------------------------------------------------------
[ 2018-05-29T08:25:46+08:00 ] 192.168.18.228 192.168.18.166 GET /huaxian/public/index/gov/index.html
[ info ] 192.168.18.228/huaxian/public/index/gov/index.html [运行时间：0.117206s][吞吐率：8.53req/s] [内存消耗：2,545.71kb] [文件加载：55]
[ info ] [ LANG ] E:\WWW\huaxian\thinkphp\lang\zh-cn.php
[ info ] [ ROUTE ] array (
  'type' => 'module',
  'module' => 
  array (
    0 => 'index',
    1 => 'gov',
    2 => 'index',
  ),
)
[ info ] [ HEADER ] array (
  'accept' => '*/*',
  'accept-language' => 'zh-CN',
  'user-agent' => 'Mozilla/5.0 (Windows NT 10.0; WOW64; Trident/7.0; rv:11.0; 2345Explorer/8.8.3.16721) like Gecko',
  'accept-encoding' => 'gzip, deflate',
  'host' => '192.168.18.228',
  'connection' => 'Keep-Alive',
)
[ info ] [ PARAM ] array (
)
[ info ] [ SESSION ] INIT array (
  'id' => '',
  'var_session_id' => '',
  'prefix' => 'think',
  'type' => '',
  'auto_start' => true,
)
[ info ] [ DB ] INIT mysql
[ info ] [ RUN ] app\index\controller\Gov->index[ E:\WWW\huaxian\application\index\controller\Gov.php ]
[ info ] [ VIEW ] E:\WWW\huaxian\public/../application/index\view\gov\index.html [ array (
  0 => 'username',
  1 => 'id',
  2 => 'link',
  3 => 'detail',
  4 => 'leader',
  5 => 'file',
  6 => 'events',
) ]
[ info ] [ LOG ] INIT File
[ sql ] [ DB ] CONNECT:[ UseTime:0.009231s ] mysql:dbname=huaxian;host=127.0.0.1;charset=utf8
[ sql ] [ SQL ] SHOW COLUMNS FROM `tr_link` [ RunTime:0.047244s ]
[ sql ] [ SQL ] SELECT * FROM `tr_link` ORDER BY id desc LIMIT 5 [ RunTime:0.000470s ]
[ sql ] [ SQL ] SHOW COLUMNS FROM `tr_detail` [ RunTime:0.005497s ]
[ sql ] [ SQL ] SELECT * FROM `tr_detail` ORDER BY id desc LIMIT 1 [ RunTime:0.000426s ]
[ sql ] [ SQL ] SHOW COLUMNS FROM `tr_leader` [ RunTime:0.005392s ]
[ sql ] [ SQL ] SELECT * FROM `tr_leader` WHERE  `statue` = '是' ORDER BY id desc LIMIT 1 [ RunTime:0.000438s ]
[ sql ] [ SQL ] SHOW COLUMNS FROM `tr_file` [ RunTime:0.005198s ]
[ sql ] [ SQL ] SELECT * FROM `tr_file` ORDER BY id desc LIMIT 7 [ RunTime:0.000428s ]
[ sql ] [ SQL ] SHOW COLUMNS FROM `tr_events` [ RunTime:0.005231s ]
[ sql ] [ SQL ] SELECT * FROM `tr_events` ORDER BY id desc LIMIT 7 [ RunTime:0.000396s ]
---------------------------------------------------------------
[ 2018-05-29T08:25:47+08:00 ] 192.168.18.228 192.168.18.166 GET /huaxian/public/static/images/governmentStyle3.png
[ info ] 192.168.18.228/huaxian/public/static/images/governmentStyle3.png [运行时间：0.032963s][吞吐率：30.34req/s] [内存消耗：1,410.32kb] [文件加载：40]
[ info ] [ LANG ] E:\WWW\huaxian\thinkphp\lang\zh-cn.php
[ info ] [ ROUTE ] array (
  'type' => 'module',
  'module' => 
  array (
    0 => 'static',
    1 => 'images',
    2 => 'governmentStyle3.png',
  ),
)
[ info ] [ HEADER ] array (
  'accept' => '*/*',
  'referer' => 'http://192.168.18.228/huaxian/public/index/gov/index.html',
  'accept-language' => 'zh-CN',
  'user-agent' => 'Mozilla/5.0 (Windows NT 10.0; WOW64; Trident/7.0; rv:11.0; 2345Explorer/8.8.3.16721) like Gecko',
  'accept-encoding' => 'gzip, deflate',
  'host' => '192.168.18.228',
  'connection' => 'Keep-Alive',
  'cookie' => 'PHPSESSID=dmv7fcr7l0u944j3bhcmjs1340',
)
[ info ] [ PARAM ] array (
)
[ info ] [ LOG ] INIT File
---------------------------------------------------------------
[ 2018-05-29T08:25:54+08:00 ] 192.168.18.228 192.168.18.166 GET /huaxian/public/index/gov/index.html
[ info ] 192.168.18.228/huaxian/public/index/gov/index.html [运行时间：0.072422s][吞吐率：13.81req/s] [内存消耗：2,546.45kb] [文件加载：55]
[ info ] [ LANG ] E:\WWW\huaxian\thinkphp\lang\zh-cn.php
[ info ] [ ROUTE ] array (
  'type' => 'module',
  'module' => 
  array (
    0 => 'index',
    1 => 'gov',
    2 => 'index',
  ),
)
[ info ] [ HEADER ] array (
  'host' => '192.168.18.228',
  'connection' => 'keep-alive',
  'accept' => 'text/html,application/xhtml+xml,application/xml;q=0.9,image/webp,*/*;q=0.8',
  'upgrade-insecure-requests' => '1',
  'user-agent' => 'Mozilla/5.0 (Windows NT 10.0; WOW64) AppleWebKit/537.36 (KHTML, like Gecko) Chrome/47.0.2526.108 Safari/537.36 2345Explorer/8.8.3.16721',
  'accept-encoding' => 'gzip, deflate',
  'accept-language' => 'zh-CN,zh;q=0.8',
  'cookie' => 'PHPSESSID=dmv7fcr7l0u944j3bhcmjs1340',
)
[ info ] [ PARAM ] array (
)
[ info ] [ SESSION ] INIT array (
  'id' => '',
  'var_session_id' => '',
  'prefix' => 'think',
  'type' => '',
  'auto_start' => true,
)
[ info ] [ DB ] INIT mysql
[ info ] [ RUN ] app\index\controller\Gov->index[ E:\WWW\huaxian\application\index\controller\Gov.php ]
[ info ] [ VIEW ] E:\WWW\huaxian\public/../application/index\view\gov\index.html [ array (
  0 => 'username',
  1 => 'id',
  2 => 'link',
  3 => 'detail',
  4 => 'leader',
  5 => 'file',
  6 => 'events',
) ]
[ info ] [ LOG ] INIT File
[ sql ] [ DB ] CONNECT:[ UseTime:0.003348s ] mysql:dbname=huaxian;host=127.0.0.1;charset=utf8
[ sql ] [ SQL ] SHOW COLUMNS FROM `tr_link` [ RunTime:0.006069s ]
[ sql ] [ SQL ] SELECT * FROM `tr_link` ORDER BY id desc LIMIT 5 [ RunTime:0.000476s ]
[ sql ] [ SQL ] SHOW COLUMNS FROM `tr_detail` [ RunTime:0.005734s ]
[ sql ] [ SQL ] SELECT * FROM `tr_detail` ORDER BY id desc LIMIT 1 [ RunTime:0.000441s ]
[ sql ] [ SQL ] SHOW COLUMNS FROM `tr_leader` [ RunTime:0.005827s ]
[ sql ] [ SQL ] SELECT * FROM `tr_leader` WHERE  `statue` = '是' ORDER BY id desc LIMIT 1 [ RunTime:0.000566s ]
[ sql ] [ SQL ] SHOW COLUMNS FROM `tr_file` [ RunTime:0.005305s ]
[ sql ] [ SQL ] SELECT * FROM `tr_file` ORDER BY id desc LIMIT 7 [ RunTime:0.000464s ]
[ sql ] [ SQL ] SHOW COLUMNS FROM `tr_events` [ RunTime:0.005504s ]
[ sql ] [ SQL ] SELECT * FROM `tr_events` ORDER BY id desc LIMIT 7 [ RunTime:0.000463s ]
---------------------------------------------------------------
[ 2018-05-29T08:25:54+08:00 ] 192.168.18.228 192.168.18.166 GET /huaxian/public/static/images/governmentStyle3.png
[ info ] 192.168.18.228/huaxian/public/static/images/governmentStyle3.png [运行时间：0.020646s][吞吐率：48.44req/s] [内存消耗：1,410.65kb] [文件加载：40]
[ info ] [ LANG ] E:\WWW\huaxian\thinkphp\lang\zh-cn.php
[ info ] [ ROUTE ] array (
  'type' => 'module',
  'module' => 
  array (
    0 => 'static',
    1 => 'images',
    2 => 'governmentStyle3.png',
  ),
)
[ info ] [ HEADER ] array (
  'host' => '192.168.18.228',
  'connection' => 'keep-alive',
  'accept' => 'image/webp,image/*,*/*;q=0.8',
  'user-agent' => 'Mozilla/5.0 (Windows NT 10.0; WOW64) AppleWebKit/537.36 (KHTML, like Gecko) Chrome/47.0.2526.108 Safari/537.36 2345Explorer/8.8.3.16721',
  'referer' => 'http://192.168.18.228/huaxian/public/static/index/css/governmentStyle.css',
  'accept-encoding' => 'gzip, deflate',
  'accept-language' => 'zh-CN,zh;q=0.8',
  'cookie' => 'PHPSESSID=dmv7fcr7l0u944j3bhcmjs1340',
)
[ info ] [ PARAM ] array (
)
[ info ] [ LOG ] INIT File
---------------------------------------------------------------
[ 2018-05-29T08:26:01+08:00 ] 192.168.18.228 192.168.18.166 GET /huaxian/public/index/gov/index.html
[ info ] 192.168.18.228/huaxian/public/index/gov/index.html [运行时间：0.072251s][吞吐率：13.84req/s] [内存消耗：2,546.01kb] [文件加载：55]
[ info ] [ LANG ] E:\WWW\huaxian\thinkphp\lang\zh-cn.php
[ info ] [ ROUTE ] array (
  'type' => 'module',
  'module' => 
  array (
    0 => 'index',
    1 => 'gov',
    2 => 'index',
  ),
)
[ info ] [ HEADER ] array (
  'accept' => '*/*',
  'accept-language' => 'zh-CN',
  'user-agent' => 'Mozilla/4.0 (compatible; MSIE 7.0; Windows NT 10.0; WOW64; Trident/7.0; .NET4.0C; .NET4.0E; .NET CLR 2.0.50727; .NET CLR 3.0.30729; .NET CLR 3.5.30729; 2345Explorer/8.8.3.16721)',
  'accept-encoding' => 'gzip, deflate',
  'host' => '192.168.18.228',
  'connection' => 'Keep-Alive',
  'cookie' => 'PHPSESSID=dmv7fcr7l0u944j3bhcmjs1340',
)
[ info ] [ PARAM ] array (
)
[ info ] [ SESSION ] INIT array (
  'id' => '',
  'var_session_id' => '',
  'prefix' => 'think',
  'type' => '',
  'auto_start' => true,
)
[ info ] [ DB ] INIT mysql
[ info ] [ RUN ] app\index\controller\Gov->index[ E:\WWW\huaxian\application\index\controller\Gov.php ]
[ info ] [ VIEW ] E:\WWW\huaxian\public/../application/index\view\gov\index.html [ array (
  0 => 'username',
  1 => 'id',
  2 => 'link',
  3 => 'detail',
  4 => 'leader',
  5 => 'file',
  6 => 'events',
) ]
[ info ] [ LOG ] INIT File
[ sql ] [ DB ] CONNECT:[ UseTime:0.002982s ] mysql:dbname=huaxian;host=127.0.0.1;charset=utf8
[ sql ] [ SQL ] SHOW COLUMNS FROM `tr_link` [ RunTime:0.006071s ]
[ sql ] [ SQL ] SELECT * FROM `tr_link` ORDER BY id desc LIMIT 5 [ RunTime:0.000525s ]
[ sql ] [ SQL ] SHOW COLUMNS FROM `tr_detail` [ RunTime:0.006097s ]
[ sql ] [ SQL ] SELECT * FROM `tr_detail` ORDER BY id desc LIMIT 1 [ RunTime:0.000492s ]
[ sql ] [ SQL ] SHOW COLUMNS FROM `tr_leader` [ RunTime:0.005500s ]
[ sql ] [ SQL ] SELECT * FROM `tr_leader` WHERE  `statue` = '是' ORDER BY id desc LIMIT 1 [ RunTime:0.000445s ]
[ sql ] [ SQL ] SHOW COLUMNS FROM `tr_file` [ RunTime:0.005347s ]
[ sql ] [ SQL ] SELECT * FROM `tr_file` ORDER BY id desc LIMIT 7 [ RunTime:0.000470s ]
[ sql ] [ SQL ] SHOW COLUMNS FROM `tr_events` [ RunTime:0.005632s ]
[ sql ] [ SQL ] SELECT * FROM `tr_events` ORDER BY id desc LIMIT 7 [ RunTime:0.000502s ]
---------------------------------------------------------------
[ 2018-05-29T08:26:01+08:00 ] 192.168.18.228 192.168.18.166 GET /huaxian/public/static/images/governmentStyle3.png
[ info ] 192.168.18.228/huaxian/public/static/images/governmentStyle3.png [运行时间：0.029887s][吞吐率：33.46req/s] [内存消耗：1,410.62kb] [文件加载：40]
[ info ] [ LANG ] E:\WWW\huaxian\thinkphp\lang\zh-cn.php
[ info ] [ ROUTE ] array (
  'type' => 'module',
  'module' => 
  array (
    0 => 'static',
    1 => 'images',
    2 => 'governmentStyle3.png',
  ),
)
[ info ] [ HEADER ] array (
  'accept' => '*/*',
  'referer' => 'http://192.168.18.228/huaxian/public/index/gov/index.html',
  'accept-language' => 'zh-CN',
  'user-agent' => 'Mozilla/4.0 (compatible; MSIE 7.0; Windows NT 10.0; WOW64; Trident/7.0; .NET4.0C; .NET4.0E; .NET CLR 2.0.50727; .NET CLR 3.0.30729; .NET CLR 3.5.30729; 2345Explorer/8.8.3.16721)',
  'accept-encoding' => 'gzip, deflate',
  'host' => '192.168.18.228',
  'connection' => 'Keep-Alive',
  'cookie' => 'PHPSESSID=dmv7fcr7l0u944j3bhcmjs1340',
)
[ info ] [ PARAM ] array (
)
[ info ] [ LOG ] INIT File
---------------------------------------------------------------
[ 2018-05-29T08:26:09+08:00 ] 192.168.18.228 192.168.18.166 GET /huaxian/public/index/gov/index.html
[ info ] 192.168.18.228/huaxian/public/index/gov/index.html [运行时间：0.073584s][吞吐率：13.59req/s] [内存消耗：2,546.13kb] [文件加载：55]
[ info ] [ LANG ] E:\WWW\huaxian\thinkphp\lang\zh-cn.php
[ info ] [ ROUTE ] array (
  'type' => 'module',
  'module' => 
  array (
    0 => 'index',
    1 => 'gov',
    2 => 'index',
  ),
)
[ info ] [ HEADER ] array (
  'accept' => 'image/gif, image/jpeg, image/pjpeg, application/x-ms-application, application/xaml+xml, application/x-ms-xbap, */*',
  'accept-language' => 'zh-CN',
  'user-agent' => 'Mozilla/5.0 (Windows NT 10.0; WOW64; Trident/7.0; rv:11.0; 2345Explorer/8.8.3.16721) like Gecko',
  'accept-encoding' => 'gzip, deflate',
  'host' => '192.168.18.228',
  'connection' => 'Keep-Alive',
  'cookie' => 'PHPSESSID=dmv7fcr7l0u944j3bhcmjs1340',
)
[ info ] [ PARAM ] array (
)
[ info ] [ SESSION ] INIT array (
  'id' => '',
  'var_session_id' => '',
  'prefix' => 'think',
  'type' => '',
  'auto_start' => true,
)
[ info ] [ DB ] INIT mysql
[ info ] [ RUN ] app\index\controller\Gov->index[ E:\WWW\huaxian\application\index\controller\Gov.php ]
[ info ] [ VIEW ] E:\WWW\huaxian\public/../application/index\view\gov\index.html [ array (
  0 => 'username',
  1 => 'id',
  2 => 'link',
  3 => 'detail',
  4 => 'leader',
  5 => 'file',
  6 => 'events',
) ]
[ info ] [ LOG ] INIT File
[ sql ] [ DB ] CONNECT:[ UseTime:0.004071s ] mysql:dbname=huaxian;host=127.0.0.1;charset=utf8
[ sql ] [ SQL ] SHOW COLUMNS FROM `tr_link` [ RunTime:0.006327s ]
[ sql ] [ SQL ] SELECT * FROM `tr_link` ORDER BY id desc LIMIT 5 [ RunTime:0.000514s ]
[ sql ] [ SQL ] SHOW COLUMNS FROM `tr_detail` [ RunTime:0.006082s ]
[ sql ] [ SQL ] SELECT * FROM `tr_detail` ORDER BY id desc LIMIT 1 [ RunTime:0.000519s ]
[ sql ] [ SQL ] SHOW COLUMNS FROM `tr_leader` [ RunTime:0.005614s ]
[ sql ] [ SQL ] SELECT * FROM `tr_leader` WHERE  `statue` = '是' ORDER BY id desc LIMIT 1 [ RunTime:0.000515s ]
[ sql ] [ SQL ] SHOW COLUMNS FROM `tr_file` [ RunTime:0.005296s ]
[ sql ] [ SQL ] SELECT * FROM `tr_file` ORDER BY id desc LIMIT 7 [ RunTime:0.000426s ]
[ sql ] [ SQL ] SHOW COLUMNS FROM `tr_events` [ RunTime:0.005269s ]
[ sql ] [ SQL ] SELECT * FROM `tr_events` ORDER BY id desc LIMIT 7 [ RunTime:0.000395s ]
---------------------------------------------------------------
[ 2018-05-29T08:26:09+08:00 ] 192.168.18.228 192.168.18.166 GET /huaxian/public/static/images/governmentStyle3.png
[ info ] 192.168.18.228/huaxian/public/static/images/governmentStyle3.png [运行时间：0.020140s][吞吐率：49.65req/s] [内存消耗：1,410.39kb] [文件加载：40]
[ info ] [ LANG ] E:\WWW\huaxian\thinkphp\lang\zh-cn.php
[ info ] [ ROUTE ] array (
  'type' => 'module',
  'module' => 
  array (
    0 => 'static',
    1 => 'images',
    2 => 'governmentStyle3.png',
  ),
)
[ info ] [ HEADER ] array (
  'accept' => '*/*',
  'referer' => 'http://192.168.18.228/huaxian/public/index/gov/index.html',
  'accept-language' => 'zh-CN',
  'user-agent' => 'Mozilla/5.0 (Windows NT 10.0; WOW64; Trident/7.0; rv:11.0; 2345Explorer/8.8.3.16721) like Gecko',
  'accept-encoding' => 'gzip, deflate',
  'host' => '192.168.18.228',
  'connection' => 'Keep-Alive',
  'cookie' => 'PHPSESSID=dmv7fcr7l0u944j3bhcmjs1340',
)
[ info ] [ PARAM ] array (
)
[ info ] [ LOG ] INIT File
---------------------------------------------------------------
[ 2018-05-29T08:26:20+08:00 ] 192.168.18.228 192.168.18.166 GET /huaxian/public/static/index/js/swiper.min.js.map
[ info ] 192.168.18.228/huaxian/public/static/index/js/swiper.min.js.map [运行时间：0.021239s][吞吐率：47.08req/s] [内存消耗：1,410.07kb] [文件加载：40]
[ info ] [ LANG ] E:\WWW\huaxian\thinkphp\lang\zh-cn.php
[ info ] [ ROUTE ] array (
  'type' => 'module',
  'module' => 
  array (
    0 => 'static',
    1 => 'index',
    2 => 'js',
  ),
)
[ info ] [ HEADER ] array (
  'accept' => '*/*',
  'accept-language' => 'zh-CN',
  'accept-encoding' => 'gzip, deflate',
  'user-agent' => 'Mozilla/5.0 (Windows NT 10.0; WOW64; Trident/7.0; rv:11.0; 2345Explorer/8.8.3.16721) like Gecko',
  'host' => '192.168.18.228',
  'connection' => 'Keep-Alive',
  'cache-control' => 'no-cache',
  'cookie' => 'PHPSESSID=dmv7fcr7l0u944j3bhcmjs1340',
)
[ info ] [ PARAM ] array (
)
[ info ] [ LOG ] INIT File
---------------------------------------------------------------
[ 2018-05-29T08:27:03+08:00 ] 192.168.18.228 192.168.18.166 GET /huaxian/public/index/gov/index.html
[ info ] 192.168.18.228/huaxian/public/index/gov/index.html [运行时间：0.083787s][吞吐率：11.94req/s] [内存消耗：2,546.45kb] [文件加载：55]
[ info ] [ LANG ] E:\WWW\huaxian\thinkphp\lang\zh-cn.php
[ info ] [ ROUTE ] array (
  'type' => 'module',
  'module' => 
  array (
    0 => 'index',
    1 => 'gov',
    2 => 'index',
  ),
)
[ info ] [ HEADER ] array (
  'host' => '192.168.18.228',
  'connection' => 'keep-alive',
  'accept' => 'text/html,application/xhtml+xml,application/xml;q=0.9,image/webp,*/*;q=0.8',
  'upgrade-insecure-requests' => '1',
  'user-agent' => 'Mozilla/5.0 (Windows NT 10.0; WOW64) AppleWebKit/537.36 (KHTML, like Gecko) Chrome/47.0.2526.108 Safari/537.36 2345Explorer/8.8.3.16721',
  'accept-encoding' => 'gzip, deflate',
  'accept-language' => 'zh-CN,zh;q=0.8',
  'cookie' => 'PHPSESSID=dmv7fcr7l0u944j3bhcmjs1340',
)
[ info ] [ PARAM ] array (
)
[ info ] [ SESSION ] INIT array (
  'id' => '',
  'var_session_id' => '',
  'prefix' => 'think',
  'type' => '',
  'auto_start' => true,
)
[ info ] [ DB ] INIT mysql
[ info ] [ RUN ] app\index\controller\Gov->index[ E:\WWW\huaxian\application\index\controller\Gov.php ]
[ info ] [ VIEW ] E:\WWW\huaxian\public/../application/index\view\gov\index.html [ array (
  0 => 'username',
  1 => 'id',
  2 => 'link',
  3 => 'detail',
  4 => 'leader',
  5 => 'file',
  6 => 'events',
) ]
[ info ] [ LOG ] INIT File
[ sql ] [ DB ] CONNECT:[ UseTime:0.007693s ] mysql:dbname=huaxian;host=127.0.0.1;charset=utf8
[ sql ] [ SQL ] SHOW COLUMNS FROM `tr_link` [ RunTime:0.006281s ]
[ sql ] [ SQL ] SELECT * FROM `tr_link` ORDER BY id desc LIMIT 5 [ RunTime:0.000498s ]
[ sql ] [ SQL ] SHOW COLUMNS FROM `tr_detail` [ RunTime:0.006793s ]
[ sql ] [ SQL ] SELECT * FROM `tr_detail` ORDER BY id desc LIMIT 1 [ RunTime:0.000505s ]
[ sql ] [ SQL ] SHOW COLUMNS FROM `tr_leader` [ RunTime:0.005430s ]
[ sql ] [ SQL ] SELECT * FROM `tr_leader` WHERE  `statue` = '是' ORDER BY id desc LIMIT 1 [ RunTime:0.000461s ]
[ sql ] [ SQL ] SHOW COLUMNS FROM `tr_file` [ RunTime:0.005269s ]
[ sql ] [ SQL ] SELECT * FROM `tr_file` ORDER BY id desc LIMIT 7 [ RunTime:0.000435s ]
[ sql ] [ SQL ] SHOW COLUMNS FROM `tr_events` [ RunTime:0.005200s ]
[ sql ] [ SQL ] SELECT * FROM `tr_events` ORDER BY id desc LIMIT 7 [ RunTime:0.000432s ]
---------------------------------------------------------------
[ 2018-05-29T08:27:03+08:00 ] 192.168.18.228 192.168.18.166 GET /huaxian/public/static/images/governmentStyle3.png
[ info ] 192.168.18.228/huaxian/public/static/images/governmentStyle3.png [运行时间：0.037288s][吞吐率：26.82req/s] [内存消耗：1,410.65kb] [文件加载：40]
[ info ] [ LANG ] E:\WWW\huaxian\thinkphp\lang\zh-cn.php
[ info ] [ ROUTE ] array (
  'type' => 'module',
  'module' => 
  array (
    0 => 'static',
    1 => 'images',
    2 => 'governmentStyle3.png',
  ),
)
[ info ] [ HEADER ] array (
  'host' => '192.168.18.228',
  'connection' => 'keep-alive',
  'accept' => 'image/webp,image/*,*/*;q=0.8',
  'user-agent' => 'Mozilla/5.0 (Windows NT 10.0; WOW64) AppleWebKit/537.36 (KHTML, like Gecko) Chrome/47.0.2526.108 Safari/537.36 2345Explorer/8.8.3.16721',
  'referer' => 'http://192.168.18.228/huaxian/public/static/index/css/governmentStyle.css',
  'accept-encoding' => 'gzip, deflate',
  'accept-language' => 'zh-CN,zh;q=0.8',
  'cookie' => 'PHPSESSID=dmv7fcr7l0u944j3bhcmjs1340',
)
[ info ] [ PARAM ] array (
)
[ info ] [ LOG ] INIT File
---------------------------------------------------------------
[ 2018-05-29T08:29:56+08:00 ] 192.168.18.228 192.168.18.166 GET /huaxian/public/index/gov/index.html
[ info ] 192.168.18.228/huaxian/public/index/gov/index.html [运行时间：0.072602s][吞吐率：13.77req/s] [内存消耗：2,546.74kb] [文件加载：55]
[ info ] [ LANG ] E:\WWW\huaxian\thinkphp\lang\zh-cn.php
[ info ] [ ROUTE ] array (
  'type' => 'module',
  'module' => 
  array (
    0 => 'index',
    1 => 'gov',
    2 => 'index',
  ),
)
[ info ] [ HEADER ] array (
  'host' => '192.168.18.228',
  'user-agent' => 'Mozilla/5.0 (Windows NT 10.0; WOW64; rv:60.0) Gecko/20100101 Firefox/60.0',
  'accept' => 'text/html,application/xhtml+xml,application/xml;q=0.9,*/*;q=0.8',
  'accept-language' => 'zh-CN,zh;q=0.8,zh-TW;q=0.7,zh-HK;q=0.5,en-US;q=0.3,en;q=0.2',
  'accept-encoding' => 'gzip, deflate',
  'cookie' => 'PHPSESSID=r8oucd7b4v5pjulaklvd80tfi4',
  'connection' => 'keep-alive',
  'upgrade-insecure-requests' => '1',
  'pragma' => 'no-cache',
  'cache-control' => 'no-cache',
)
[ info ] [ PARAM ] array (
)
[ info ] [ SESSION ] INIT array (
  'id' => '',
  'var_session_id' => '',
  'prefix' => 'think',
  'type' => '',
  'auto_start' => true,
)
[ info ] [ DB ] INIT mysql
[ info ] [ RUN ] app\index\controller\Gov->index[ E:\WWW\huaxian\application\index\controller\Gov.php ]
[ info ] [ VIEW ] E:\WWW\huaxian\public/../application/index\view\gov\index.html [ array (
  0 => 'username',
  1 => 'id',
  2 => 'link',
  3 => 'detail',
  4 => 'leader',
  5 => 'file',
  6 => 'events',
) ]
[ info ] [ LOG ] INIT File
[ sql ] [ DB ] CONNECT:[ UseTime:0.002918s ] mysql:dbname=huaxian;host=127.0.0.1;charset=utf8
[ sql ] [ SQL ] SHOW COLUMNS FROM `tr_link` [ RunTime:0.006271s ]
[ sql ] [ SQL ] SELECT * FROM `tr_link` ORDER BY id desc LIMIT 5 [ RunTime:0.000555s ]
[ sql ] [ SQL ] SHOW COLUMNS FROM `tr_detail` [ RunTime:0.005495s ]
[ sql ] [ SQL ] SELECT * FROM `tr_detail` ORDER BY id desc LIMIT 1 [ RunTime:0.000442s ]
[ sql ] [ SQL ] SHOW COLUMNS FROM `tr_leader` [ RunTime:0.005638s ]
[ sql ] [ SQL ] SELECT * FROM `tr_leader` WHERE  `statue` = '是' ORDER BY id desc LIMIT 1 [ RunTime:0.000441s ]
[ sql ] [ SQL ] SHOW COLUMNS FROM `tr_file` [ RunTime:0.005519s ]
[ sql ] [ SQL ] SELECT * FROM `tr_file` ORDER BY id desc LIMIT 7 [ RunTime:0.000446s ]
[ sql ] [ SQL ] SHOW COLUMNS FROM `tr_events` [ RunTime:0.005623s ]
[ sql ] [ SQL ] SELECT * FROM `tr_events` ORDER BY id desc LIMIT 7 [ RunTime:0.000441s ]
---------------------------------------------------------------
[ 2018-05-29T08:29:56+08:00 ] 192.168.18.228 192.168.18.166 GET /huaxian/public/static/images/governmentStyle3.png
[ info ] 192.168.18.228/huaxian/public/static/images/governmentStyle3.png [运行时间：0.034673s][吞吐率：28.84req/s] [内存消耗：1,410.88kb] [文件加载：40]
[ info ] [ LANG ] E:\WWW\huaxian\thinkphp\lang\zh-cn.php
[ info ] [ ROUTE ] array (
  'type' => 'module',
  'module' => 
  array (
    0 => 'static',
    1 => 'images',
    2 => 'governmentStyle3.png',
  ),
)
[ info ] [ HEADER ] array (
  'host' => '192.168.18.228',
  'user-agent' => 'Mozilla/5.0 (Windows NT 10.0; WOW64; rv:60.0) Gecko/20100101 Firefox/60.0',
  'accept' => '*/*',
  'accept-language' => 'zh-CN,zh;q=0.8,zh-TW;q=0.7,zh-HK;q=0.5,en-US;q=0.3,en;q=0.2',
  'accept-encoding' => 'gzip, deflate',
  'referer' => 'http://192.168.18.228/huaxian/public/static/index/css/governmentStyle.css',
  'cookie' => 'PHPSESSID=r8oucd7b4v5pjulaklvd80tfi4',
  'connection' => 'keep-alive',
  'pragma' => 'no-cache',
  'cache-control' => 'no-cache',
)
[ info ] [ PARAM ] array (
)
[ info ] [ LOG ] INIT File
---------------------------------------------------------------
[ 2018-05-29T08:30:00+08:00 ] 192.168.18.228 192.168.18.166 GET /huaxian/public/index/gov/index.html
[ info ] 192.168.18.228/huaxian/public/index/gov/index.html [运行时间：0.075908s][吞吐率：13.17req/s] [内存消耗：2,598.49kb] [文件加载：55]
[ info ] [ LANG ] E:\WWW\huaxian\thinkphp\lang\zh-cn.php
[ info ] [ ROUTE ] array (
  'type' => 'module',
  'module' => 
  array (
    0 => 'index',
    1 => 'gov',
    2 => 'index',
  ),
)
[ info ] [ HEADER ] array (
  'host' => '192.168.18.228',
  'connection' => 'keep-alive',
  'cache-control' => 'max-age=0',
  'upgrade-insecure-requests' => '1',
  'user-agent' => 'Mozilla/5.0 (Windows NT 10.0; WOW64) AppleWebKit/537.36 (KHTML, like Gecko) Chrome/65.0.3325.181 Safari/537.36',
  'accept' => 'text/html,application/xhtml+xml,application/xml;q=0.9,image/webp,image/apng,*/*;q=0.8',
  'referer' => 'http://192.168.18.228/huaxian/public/index/index/business.html',
  'accept-encoding' => 'gzip, deflate',
  'accept-language' => 'zh-CN,zh;q=0.9',
  'cookie' => 'PHPSESSID=ije4t5jba9q2inp1dgce6eu6t0; Hm_lvt_080836300300be57b7f34f4b3e97d911=1527232649; Hm_lpvt_080836300300be57b7f34f4b3e97d911=1527552707',
)
[ info ] [ PARAM ] array (
)
[ info ] [ SESSION ] INIT array (
  'id' => '',
  'var_session_id' => '',
  'prefix' => 'think',
  'type' => '',
  'auto_start' => true,
)
[ info ] [ DB ] INIT mysql
[ info ] [ RUN ] app\index\controller\Gov->index[ E:\WWW\huaxian\application\index\controller\Gov.php ]
[ info ] [ VIEW ] E:\WWW\huaxian\public/../application/index\view\gov\index.html [ array (
  0 => 'username',
  1 => 'id',
  2 => 'link',
  3 => 'detail',
  4 => 'leader',
  5 => 'file',
  6 => 'events',
) ]
[ info ] [ LOG ] INIT File
[ sql ] [ DB ] CONNECT:[ UseTime:0.005216s ] mysql:dbname=huaxian;host=127.0.0.1;charset=utf8
[ sql ] [ SQL ] SHOW COLUMNS FROM `tr_link` [ RunTime:0.006032s ]
[ sql ] [ SQL ] SELECT * FROM `tr_link` ORDER BY id desc LIMIT 5 [ RunTime:0.000535s ]
[ sql ] [ SQL ] SHOW COLUMNS FROM `tr_detail` [ RunTime:0.005332s ]
[ sql ] [ SQL ] SELECT * FROM `tr_detail` ORDER BY id desc LIMIT 1 [ RunTime:0.000446s ]
[ sql ] [ SQL ] SHOW COLUMNS FROM `tr_leader` [ RunTime:0.006113s ]
[ sql ] [ SQL ] SELECT * FROM `tr_leader` WHERE  `statue` = '是' ORDER BY id desc LIMIT 1 [ RunTime:0.000472s ]
[ sql ] [ SQL ] SHOW COLUMNS FROM `tr_file` [ RunTime:0.005167s ]
[ sql ] [ SQL ] SELECT * FROM `tr_file` ORDER BY id desc LIMIT 7 [ RunTime:0.000524s ]
[ sql ] [ SQL ] SHOW COLUMNS FROM `tr_events` [ RunTime:0.005618s ]
[ sql ] [ SQL ] SELECT * FROM `tr_events` ORDER BY id desc LIMIT 7 [ RunTime:0.000511s ]
---------------------------------------------------------------
[ 2018-05-29T08:30:01+08:00 ] 192.168.18.228 192.168.18.166 GET /huaxian/public/static/images/governmentStyle3.png
[ info ] 192.168.18.228/huaxian/public/static/images/governmentStyle3.png [运行时间：0.026568s][吞吐率：37.64req/s] [内存消耗：1,410.95kb] [文件加载：40]
[ info ] [ LANG ] E:\WWW\huaxian\thinkphp\lang\zh-cn.php
[ info ] [ ROUTE ] array (
  'type' => 'module',
  'module' => 
  array (
    0 => 'static',
    1 => 'images',
    2 => 'governmentStyle3.png',
  ),
)
[ info ] [ HEADER ] array (
  'host' => '192.168.18.228',
  'connection' => 'keep-alive',
  'user-agent' => 'Mozilla/5.0 (Windows NT 10.0; WOW64) AppleWebKit/537.36 (KHTML, like Gecko) Chrome/65.0.3325.181 Safari/537.36',
  'accept' => 'image/webp,image/apng,image/*,*/*;q=0.8',
  'referer' => 'http://192.168.18.228/huaxian/public/static/index/css/governmentStyle.css',
  'accept-encoding' => 'gzip, deflate',
  'accept-language' => 'zh-CN,zh;q=0.9',
  'cookie' => 'PHPSESSID=ije4t5jba9q2inp1dgce6eu6t0; Hm_lvt_080836300300be57b7f34f4b3e97d911=1527232649; Hm_lpvt_080836300300be57b7f34f4b3e97d911=1527552707',
)
[ info ] [ PARAM ] array (
)
[ info ] [ LOG ] INIT File
---------------------------------------------------------------
[ 2018-05-29T08:30:06+08:00 ] 192.168.18.228 192.168.18.166 GET /huaxian/public/static/index/js/swiper.min.js.map
[ info ] 192.168.18.228/huaxian/public/static/index/js/swiper.min.js.map [运行时间：0.027683s][吞吐率：36.12req/s] [内存消耗：1,410.41kb] [文件加载：40]
[ info ] [ LANG ] E:\WWW\huaxian\thinkphp\lang\zh-cn.php
[ info ] [ ROUTE ] array (
  'type' => 'module',
  'module' => 
  array (
    0 => 'static',
    1 => 'index',
    2 => 'js',
  ),
)
[ info ] [ HEADER ] array (
  'host' => '192.168.18.228',
  'connection' => 'keep-alive',
  'cache-control' => 'no-cache',
  'user-agent' => 'Mozilla/5.0 (Windows NT 10.0; WOW64) AppleWebKit/537.36 (KHTML, like Gecko) Chrome/65.0.3325.181 Safari/537.36',
  'accept-encoding' => 'gzip, deflate',
  'accept-language' => 'zh-CN,zh;q=0.9',
  'cookie' => 'PHPSESSID=ije4t5jba9q2inp1dgce6eu6t0; Hm_lvt_080836300300be57b7f34f4b3e97d911=1527232649; Hm_lpvt_080836300300be57b7f34f4b3e97d911=1527552707',
)
[ info ] [ PARAM ] array (
)
[ info ] [ LOG ] INIT File
---------------------------------------------------------------
[ 2018-05-29T08:40:25+08:00 ] 192.168.18.228 192.168.18.228 GET /huaxian/public/index/index/index.html
[ info ] 192.168.18.228/huaxian/public/index/index/index.html [运行时间：0.299409s][吞吐率：3.34req/s] [内存消耗：2,591.18kb] [文件加载：55]
[ info ] [ LANG ] E:\WWW\huaxian\thinkphp\lang\zh-cn.php
[ info ] [ ROUTE ] array (
  'type' => 'module',
  'module' => 
  array (
    0 => 'index',
    1 => 'index',
    2 => 'index',
  ),
)
[ info ] [ HEADER ] array (
  'host' => '192.168.18.228',
  'connection' => 'keep-alive',
  'upgrade-insecure-requests' => '1',
  'user-agent' => 'Mozilla/5.0 (Windows NT 10.0; WOW64) AppleWebKit/537.36 (KHTML, like Gecko) Chrome/64.0.3282.119 Safari/537.36',
  'accept' => 'text/html,application/xhtml+xml,application/xml;q=0.9,image/webp,image/apng,*/*;q=0.8',
  'accept-encoding' => 'gzip, deflate',
  'accept-language' => 'zh-CN,zh;q=0.9,en;q=0.8,fr-FR;q=0.7,fr;q=0.6,ko;q=0.5,ja;q=0.4,th;q=0.3,en-US;q=0.2,en-GB;q=0.1',
  'cookie' => 'Hm_lvt_080836300300be57b7f34f4b3e97d911=1527207387,1527242617,1527296040,1527470385',
)
[ info ] [ PARAM ] array (
)
[ info ] [ SESSION ] INIT array (
  'id' => '',
  'var_session_id' => '',
  'prefix' => 'think',
  'type' => '',
  'auto_start' => true,
)
[ info ] [ DB ] INIT mysql
[ info ] [ RUN ] app\index\controller\Index->index[ E:\WWW\huaxian\application\index\controller\Index.php ]
[ info ] [ VIEW ] E:\WWW\huaxian\public/../application/index\view\index\index.html [ array (
  0 => 'username',
  1 => 'id',
  2 => 'link',
  3 => 'news',
  4 => 'notice',
  5 => 'company',
  6 => 'company1',
  7 => 'company2',
  8 => 'imgs',
) ]
[ info ] [ LOG ] INIT File
[ sql ] [ DB ] CONNECT:[ UseTime:0.011114s ] mysql:dbname=huaxian;host=127.0.0.1;charset=utf8
[ sql ] [ SQL ] SHOW COLUMNS FROM `tr_link` [ RunTime:0.158693s ]
[ sql ] [ SQL ] SELECT * FROM `tr_link` ORDER BY id desc LIMIT 5 [ RunTime:0.000512s ]
[ sql ] [ SQL ] SHOW COLUMNS FROM `tr_news` [ RunTime:0.013959s ]
[ sql ] [ SQL ] SELECT * FROM `tr_news` ORDER BY id desc [ RunTime:0.000457s ]
[ sql ] [ SQL ] SHOW COLUMNS FROM `tr_notice` [ RunTime:0.005980s ]
[ sql ] [ SQL ] SELECT * FROM `tr_notice` ORDER BY id desc [ RunTime:0.000418s ]
[ sql ] [ SQL ] SHOW COLUMNS FROM `tr_company` [ RunTime:0.005650s ]
[ sql ] [ SQL ] SELECT * FROM `tr_company` ORDER BY id asc [ RunTime:0.000381s ]
[ sql ] [ SQL ] SELECT * FROM `tr_company` ORDER BY id asc LIMIT 4 [ RunTime:0.000316s ]
[ sql ] [ SQL ] SELECT * FROM `tr_company` ORDER BY id desc LIMIT 4 [ RunTime:0.000269s ]
[ sql ] [ SQL ] SHOW COLUMNS FROM `tr_imgs` [ RunTime:0.016740s ]
[ sql ] [ SQL ] SELECT * FROM `tr_imgs` ORDER BY id desc [ RunTime:0.000438s ]
---------------------------------------------------------------
[ 2018-05-29T08:40:31+08:00 ] 192.168.18.228 192.168.18.228 GET /huaxian/public/index.php/admin/index/index.html
[ info ] 192.168.18.228/huaxian/public/index.php/admin/index/index.html [运行时间：0.056298s][吞吐率：17.76req/s] [内存消耗：1,733.45kb] [文件加载：49]
[ info ] [ LANG ] E:\WWW\huaxian\thinkphp\lang\zh-cn.php
[ info ] [ ROUTE ] array (
  'type' => 'module',
  'module' => 
  array (
    0 => 'admin',
    1 => 'index',
    2 => 'index',
  ),
)
[ info ] [ HEADER ] array (
  'host' => '192.168.18.228',
  'connection' => 'keep-alive',
  'upgrade-insecure-requests' => '1',
  'user-agent' => 'Mozilla/5.0 (Windows NT 10.0; WOW64) AppleWebKit/537.36 (KHTML, like Gecko) Chrome/64.0.3282.119 Safari/537.36',
  'accept' => 'text/html,application/xhtml+xml,application/xml;q=0.9,image/webp,image/apng,*/*;q=0.8',
  'accept-encoding' => 'gzip, deflate',
  'accept-language' => 'zh-CN,zh;q=0.9,en;q=0.8,fr-FR;q=0.7,fr;q=0.6,ko;q=0.5,ja;q=0.4,th;q=0.3,en-US;q=0.2,en-GB;q=0.1',
  'cookie' => 'Hm_lvt_080836300300be57b7f34f4b3e97d911=1527207387,1527242617,1527296040,1527470385; PHPSESSID=p8pe0ofvdl8envq288jvekahm7',
)
[ info ] [ PARAM ] array (
)
[ info ] [ SESSION ] INIT array (
  'id' => '',
  'var_session_id' => '',
  'prefix' => 'think',
  'type' => '',
  'auto_start' => true,
)
[ info ] [ VIEW ] E:\WWW\huaxian\thinkphp\tpl\dispatch_jump1.tpl [ array (
  0 => 'code',
  1 => 'msg',
  2 => 'data',
  3 => 'url',
  4 => 'wait',
) ]
[ info ] [ LOG ] INIT File
---------------------------------------------------------------
[ 2018-05-29T08:40:31+08:00 ] 192.168.18.228 192.168.18.228 GET /huaxian/public/static/admin/css/bootstrap.min.css
[ info ] 192.168.18.228/huaxian/public/static/admin/css/bootstrap.min.css [运行时间：0.040836s][吞吐率：24.49req/s] [内存消耗：1,411.05kb] [文件加载：40]
[ info ] [ LANG ] E:\WWW\huaxian\thinkphp\lang\zh-cn.php
[ info ] [ ROUTE ] array (
  'type' => 'module',
  'module' => 
  array (
    0 => 'static',
    1 => 'admin',
    2 => 'css',
  ),
)
[ info ] [ HEADER ] array (
  'host' => '192.168.18.228',
  'connection' => 'keep-alive',
  'user-agent' => 'Mozilla/5.0 (Windows NT 10.0; WOW64) AppleWebKit/537.36 (KHTML, like Gecko) Chrome/64.0.3282.119 Safari/537.36',
  'accept' => 'text/css,*/*;q=0.1',
  'referer' => 'http://192.168.18.228/huaxian/public/index.php/admin/index/index.html',
  'accept-encoding' => 'gzip, deflate',
  'accept-language' => 'zh-CN,zh;q=0.9,en;q=0.8,fr-FR;q=0.7,fr;q=0.6,ko;q=0.5,ja;q=0.4,th;q=0.3,en-US;q=0.2,en-GB;q=0.1',
  'cookie' => 'Hm_lvt_080836300300be57b7f34f4b3e97d911=1527207387,1527242617,1527296040,1527470385; PHPSESSID=p8pe0ofvdl8envq288jvekahm7',
)
[ info ] [ PARAM ] array (
)
[ info ] [ LOG ] INIT File
---------------------------------------------------------------
[ 2018-05-29T08:40:35+08:00 ] 192.168.18.228 192.168.18.228 GET /huaxian/public/index.php/admin/login/login.html
[ info ] 192.168.18.228/huaxian/public/index.php/admin/login/login.html [运行时间：0.044197s][吞吐率：22.63req/s] [内存消耗：1,731.91kb] [文件加载：47]
[ info ] [ LANG ] E:\WWW\huaxian\thinkphp\lang\zh-cn.php
[ info ] [ ROUTE ] array (
  'type' => 'module',
  'module' => 
  array (
    0 => 'admin',
    1 => 'login',
    2 => 'login',
  ),
)
[ info ] [ HEADER ] array (
  'host' => '192.168.18.228',
  'connection' => 'keep-alive',
  'upgrade-insecure-requests' => '1',
  'user-agent' => 'Mozilla/5.0 (Windows NT 10.0; WOW64) AppleWebKit/537.36 (KHTML, like Gecko) Chrome/64.0.3282.119 Safari/537.36',
  'accept' => 'text/html,application/xhtml+xml,application/xml;q=0.9,image/webp,image/apng,*/*;q=0.8',
  'referer' => 'http://192.168.18.228/huaxian/public/index.php/admin/index/index.html',
  'accept-encoding' => 'gzip, deflate',
  'accept-language' => 'zh-CN,zh;q=0.9,en;q=0.8,fr-FR;q=0.7,fr;q=0.6,ko;q=0.5,ja;q=0.4,th;q=0.3,en-US;q=0.2,en-GB;q=0.1',
  'cookie' => 'Hm_lvt_080836300300be57b7f34f4b3e97d911=1527207387,1527242617,1527296040,1527470385; PHPSESSID=p8pe0ofvdl8envq288jvekahm7',
)
[ info ] [ PARAM ] array (
)
[ info ] [ RUN ] app\Admin\controller\Login->login[ E:\WWW\huaxian\application\admin\controller\Login.php ]
[ info ] [ VIEW ] E:\WWW\huaxian\public/../application/admin\view\login\login.html [ array (
) ]
[ info ] [ LOG ] INIT File
---------------------------------------------------------------
[ 2018-05-29T08:40:35+08:00 ] 192.168.18.228 192.168.18.228 GET /huaxian/public/index.php/captcha.html
[ info ] 192.168.18.228/huaxian/public/index.php/captcha.html [运行时间：0.061798s][吞吐率：16.18req/s] [内存消耗：1,437.27kb] [文件加载：39]
[ info ] [ LANG ] E:\WWW\huaxian\thinkphp\lang\zh-cn.php
[ info ] [ ROUTE ] array (
  'type' => 'method',
  'method' => 
  array (
    0 => '\\think\\captcha\\CaptchaController',
    1 => 'index',
  ),
  'var' => 
  array (
  ),
)
[ info ] [ HEADER ] array (
  'host' => '192.168.18.228',
  'connection' => 'keep-alive',
  'user-agent' => 'Mozilla/5.0 (Windows NT 10.0; WOW64) AppleWebKit/537.36 (KHTML, like Gecko) Chrome/64.0.3282.119 Safari/537.36',
  'accept' => 'image/webp,image/apng,image/*,*/*;q=0.8',
  'referer' => 'http://192.168.18.228/huaxian/public/index.php/admin/login/login.html',
  'accept-encoding' => 'gzip, deflate',
  'accept-language' => 'zh-CN,zh;q=0.9,en;q=0.8,fr-FR;q=0.7,fr;q=0.6,ko;q=0.5,ja;q=0.4,th;q=0.3,en-US;q=0.2,en-GB;q=0.1',
  'cookie' => 'Hm_lvt_080836300300be57b7f34f4b3e97d911=1527207387,1527242617,1527296040,1527470385; PHPSESSID=p8pe0ofvdl8envq288jvekahm7',
)
[ info ] [ PARAM ] array (
  'id' => NULL,
)
[ info ] [ RUN ] think\captcha\CaptchaController->index[ E:\WWW\huaxian\vendor\topthink\think-captcha\src\CaptchaController.php ]
[ info ] [ SESSION ] INIT array (
  'id' => '',
  'var_session_id' => '',
  'prefix' => 'think',
  'type' => '',
  'auto_start' => true,
)
[ info ] [ LOG ] INIT File
---------------------------------------------------------------
[ 2018-05-29T08:40:35+08:00 ] 192.168.18.228 192.168.18.228 GET /huaxian/public/static/admin/images/logopng
[ info ] 192.168.18.228/huaxian/public/static/admin/images/logopng [运行时间：0.031436s][吞吐率：31.81req/s] [内存消耗：1,411.04kb] [文件加载：40]
[ info ] [ LANG ] E:\WWW\huaxian\thinkphp\lang\zh-cn.php
[ info ] [ ROUTE ] array (
  'type' => 'module',
  'module' => 
  array (
    0 => 'static',
    1 => 'admin',
    2 => 'images',
  ),
)
[ info ] [ HEADER ] array (
  'host' => '192.168.18.228',
  'connection' => 'keep-alive',
  'user-agent' => 'Mozilla/5.0 (Windows NT 10.0; WOW64) AppleWebKit/537.36 (KHTML, like Gecko) Chrome/64.0.3282.119 Safari/537.36',
  'accept' => 'image/webp,image/apng,image/*,*/*;q=0.8',
  'referer' => 'http://192.168.18.228/huaxian/public/static/admin/css/H-ui.login.css',
  'accept-encoding' => 'gzip, deflate',
  'accept-language' => 'zh-CN,zh;q=0.9,en;q=0.8,fr-FR;q=0.7,fr;q=0.6,ko;q=0.5,ja;q=0.4,th;q=0.3,en-US;q=0.2,en-GB;q=0.1',
  'cookie' => 'Hm_lvt_080836300300be57b7f34f4b3e97d911=1527207387,1527242617,1527296040,1527470385; PHPSESSID=p8pe0ofvdl8envq288jvekahm7',
)
[ info ] [ PARAM ] array (
)
[ info ] [ LOG ] INIT File
---------------------------------------------------------------
[ 2018-05-29T08:40:42+08:00 ] 192.168.18.228 192.168.18.228 GET /huaxian/public/index.php/captcha.html?0.49612011966318703
[ info ] 192.168.18.228/huaxian/public/index.php/captcha.html?0.49612011966318703 [运行时间：0.034075s][吞吐率：29.35req/s] [内存消耗：1,437.77kb] [文件加载：39]
[ info ] [ LANG ] E:\WWW\huaxian\thinkphp\lang\zh-cn.php
[ info ] [ ROUTE ] array (
  'type' => 'method',
  'method' => 
  array (
    0 => '\\think\\captcha\\CaptchaController',
    1 => 'index',
  ),
  'var' => 
  array (
  ),
)
[ info ] [ HEADER ] array (
  'host' => '192.168.18.228',
  'connection' => 'keep-alive',
  'user-agent' => 'Mozilla/5.0 (Windows NT 10.0; WOW64) AppleWebKit/537.36 (KHTML, like Gecko) Chrome/64.0.3282.119 Safari/537.36',
  'accept' => 'image/webp,image/apng,image/*,*/*;q=0.8',
  'referer' => 'http://192.168.18.228/huaxian/public/index.php/admin/login/login.html',
  'accept-encoding' => 'gzip, deflate',
  'accept-language' => 'zh-CN,zh;q=0.9,en;q=0.8,fr-FR;q=0.7,fr;q=0.6,ko;q=0.5,ja;q=0.4,th;q=0.3,en-US;q=0.2,en-GB;q=0.1',
  'cookie' => 'Hm_lvt_080836300300be57b7f34f4b3e97d911=1527207387,1527242617,1527296040,1527470385; PHPSESSID=p8pe0ofvdl8envq288jvekahm7',
)
[ info ] [ PARAM ] array (
  '0_49612011966318703' => '',
  'id' => NULL,
)
[ info ] [ RUN ] think\captcha\CaptchaController->index[ E:\WWW\huaxian\vendor\topthink\think-captcha\src\CaptchaController.php ]
[ info ] [ SESSION ] INIT array (
  'id' => '',
  'var_session_id' => '',
  'prefix' => 'think',
  'type' => '',
  'auto_start' => true,
)
[ info ] [ LOG ] INIT File
---------------------------------------------------------------
[ 2018-05-29T08:40:46+08:00 ] 192.168.18.228 192.168.18.228 POST /huaxian/public/index.php/admin/login/login.html
[ info ] 192.168.18.228/huaxian/public/index.php/admin/login/login.html [运行时间：0.093359s][吞吐率：10.71req/s] [内存消耗：2,964.32kb] [文件加载：59]
[ info ] [ LANG ] E:\WWW\huaxian\thinkphp\lang\zh-cn.php
[ info ] [ ROUTE ] array (
  'type' => 'module',
  'module' => 
  array (
    0 => 'admin',
    1 => 'login',
    2 => 'login',
  ),
)
[ info ] [ HEADER ] array (
  'host' => '192.168.18.228',
  'connection' => 'keep-alive',
  'content-length' => '43',
  'cache-control' => 'max-age=0',
  'origin' => 'http://192.168.18.228',
  'upgrade-insecure-requests' => '1',
  'content-type' => 'application/x-www-form-urlencoded',
  'user-agent' => 'Mozilla/5.0 (Windows NT 10.0; WOW64) AppleWebKit/537.36 (KHTML, like Gecko) Chrome/64.0.3282.119 Safari/537.36',
  'accept' => 'text/html,application/xhtml+xml,application/xml;q=0.9,image/webp,image/apng,*/*;q=0.8',
  'referer' => 'http://192.168.18.228/huaxian/public/index.php/admin/login/login.html',
  'accept-encoding' => 'gzip, deflate',
  'accept-language' => 'zh-CN,zh;q=0.9,en;q=0.8,fr-FR;q=0.7,fr;q=0.6,ko;q=0.5,ja;q=0.4,th;q=0.3,en-US;q=0.2,en-GB;q=0.1',
  'cookie' => 'Hm_lvt_080836300300be57b7f34f4b3e97d911=1527207387,1527242617,1527296040,1527470385; PHPSESSID=p8pe0ofvdl8envq288jvekahm7',
)
[ info ] [ PARAM ] array (
  'adminid' => 'admin',
  'adminpassword' => 'admin',
  'code' => 'cr4r',
)
[ info ] [ RUN ] app\Admin\controller\Login->login[ E:\WWW\huaxian\application\admin\controller\Login.php ]
[ info ] [ SESSION ] INIT array (
  'id' => '',
  'var_session_id' => '',
  'prefix' => 'think',
  'type' => '',
  'auto_start' => true,
)
[ info ] [ DB ] INIT mysql
[ info ] [ LOG ] INIT File
[ sql ] [ DB ] CONNECT:[ UseTime:0.001373s ] mysql:dbname=huaxian;host=127.0.0.1;charset=utf8
[ sql ] [ SQL ] SHOW COLUMNS FROM `tr_admin` [ RunTime:0.035117s ]
[ sql ] [ SQL ] SELECT * FROM `tr_admin` WHERE  `adminid` = 'admin' LIMIT 1 [ RunTime:0.000479s ]
[ sql ] [ SQL ] SHOW COLUMNS FROM `tr_role` [ RunTime:0.005540s ]
[ sql ] [ SQL ] SELECT `rolename`,`pri_id` FROM `tr_role` WHERE  `id` = 1 LIMIT 1 [ RunTime:0.000405s ]
[ sql ] [ SQL ] SHOW COLUMNS FROM `tr_privilege` [ RunTime:0.005705s ]
[ sql ] [ SQL ] SELECT `id`,`pri_name`,`module_name`,`controller_name`,`action_name`,`parent_id`,CONCAT(module_name,"/",action_name) url FROM `tr_privilege` WHERE  (  id IN(38,39,40,41,42,43,44,45,46,47,48,49,69,72,73,75,76,77,212,213,214,215,216,217,251,218,221,222,243,244,245,246,247,223,224,226,227,229,230,248,249,250,232,233,234,235,236,237,238,239,240,241,242,252,253,254,257,258,255,259,260,261) ) ORDER BY id asc [ RunTime:0.000582s ]
---------------------------------------------------------------
[ 2018-05-29T08:40:47+08:00 ] 192.168.18.228 192.168.18.228 GET /huaxian/public/index.php/admin/index/index.html
[ info ] 192.168.18.228/huaxian/public/index.php/admin/index/index.html [运行时间：0.076698s][吞吐率：13.04req/s] [内存消耗：2,510.72kb] [文件加载：55]
[ info ] [ LANG ] E:\WWW\huaxian\thinkphp\lang\zh-cn.php
[ info ] [ ROUTE ] array (
  'type' => 'module',
  'module' => 
  array (
    0 => 'admin',
    1 => 'index',
    2 => 'index',
  ),
)
[ info ] [ HEADER ] array (
  'host' => '192.168.18.228',
  'connection' => 'keep-alive',
  'cache-control' => 'max-age=0',
  'upgrade-insecure-requests' => '1',
  'user-agent' => 'Mozilla/5.0 (Windows NT 10.0; WOW64) AppleWebKit/537.36 (KHTML, like Gecko) Chrome/64.0.3282.119 Safari/537.36',
  'accept' => 'text/html,application/xhtml+xml,application/xml;q=0.9,image/webp,image/apng,*/*;q=0.8',
  'referer' => 'http://192.168.18.228/huaxian/public/index.php/admin/login/login.html',
  'accept-encoding' => 'gzip, deflate',
  'accept-language' => 'zh-CN,zh;q=0.9,en;q=0.8,fr-FR;q=0.7,fr;q=0.6,ko;q=0.5,ja;q=0.4,th;q=0.3,en-US;q=0.2,en-GB;q=0.1',
  'cookie' => 'Hm_lvt_080836300300be57b7f34f4b3e97d911=1527207387,1527242617,1527296040,1527470385; PHPSESSID=p8pe0ofvdl8envq288jvekahm7',
)
[ info ] [ PARAM ] array (
)
[ info ] [ SESSION ] INIT array (
  'id' => '',
  'var_session_id' => '',
  'prefix' => 'think',
  'type' => '',
  'auto_start' => true,
)
[ info ] [ RUN ] app\admin\controller\Index->index[ E:\WWW\huaxian\application\admin\controller\Index.php ]
[ info ] [ DB ] INIT mysql
[ info ] [ VIEW ] E:\WWW\huaxian\public/../application/admin\view\index\index.html [ array (
  0 => 'adminid',
) ]
[ info ] [ LOG ] INIT File
[ sql ] [ DB ] CONNECT:[ UseTime:0.011126s ] mysql:dbname=huaxian;host=127.0.0.1;charset=utf8
[ sql ] [ SQL ] SHOW COLUMNS FROM `tr_role` [ RunTime:0.014924s ]
[ sql ] [ SQL ] SELECT * FROM `tr_role` WHERE  `id` = 1 LIMIT 1 [ RunTime:0.000448s ]
---------------------------------------------------------------
[ 2018-05-29T08:40:47+08:00 ] 192.168.18.228 192.168.18.228 GET /huaxian/public/index.php/admin/index/welcome.html
[ info ] 192.168.18.228/huaxian/public/index.php/admin/index/welcome.html [运行时间：0.031828s][吞吐率：31.42req/s] [内存消耗：1,718.27kb] [文件加载：47]
[ info ] [ LANG ] E:\WWW\huaxian\thinkphp\lang\zh-cn.php
[ info ] [ ROUTE ] array (
  'type' => 'module',
  'module' => 
  array (
    0 => 'admin',
    1 => 'index',
    2 => 'welcome',
  ),
)
[ info ] [ HEADER ] array (
  'host' => '192.168.18.228',
  'connection' => 'keep-alive',
  'upgrade-insecure-requests' => '1',
  'user-agent' => 'Mozilla/5.0 (Windows NT 10.0; WOW64) AppleWebKit/537.36 (KHTML, like Gecko) Chrome/64.0.3282.119 Safari/537.36',
  'accept' => 'text/html,application/xhtml+xml,application/xml;q=0.9,image/webp,image/apng,*/*;q=0.8',
  'referer' => 'http://192.168.18.228/huaxian/public/index.php/admin/index/index.html',
  'accept-encoding' => 'gzip, deflate',
  'accept-language' => 'zh-CN,zh;q=0.9,en;q=0.8,fr-FR;q=0.7,fr;q=0.6,ko;q=0.5,ja;q=0.4,th;q=0.3,en-US;q=0.2,en-GB;q=0.1',
  'cookie' => 'Hm_lvt_080836300300be57b7f34f4b3e97d911=1527207387,1527242617,1527296040,1527470385; PHPSESSID=p8pe0ofvdl8envq288jvekahm7',
)
[ info ] [ PARAM ] array (
)
[ info ] [ SESSION ] INIT array (
  'id' => '',
  'var_session_id' => '',
  'prefix' => 'think',
  'type' => '',
  'auto_start' => true,
)
[ info ] [ RUN ] app\admin\controller\Index->welcome[ E:\WWW\huaxian\application\admin\controller\Index.php ]
[ info ] [ VIEW ] E:\WWW\huaxian\public/../application/admin\view\index\welcome.html [ array (
) ]
[ info ] [ LOG ] INIT File
---------------------------------------------------------------
[ 2018-05-29T08:40:47+08:00 ] 192.168.18.228 192.168.18.228 GET /huaxian/public/index.php/admin/index/__PUBIC__/css/H-ui.min.css
[ info ] 192.168.18.228/huaxian/public/index.php/admin/index/__PUBIC__/css/H-ui.min.css [运行时间：0.029643s][吞吐率：33.73req/s] [内存消耗：1,752.07kb] [文件加载：49]
[ info ] [ LANG ] E:\WWW\huaxian\thinkphp\lang\zh-cn.php
[ info ] [ ROUTE ] array (
  'type' => 'module',
  'module' => 
  array (
    0 => 'admin',
    1 => 'index',
    2 => '__PUBIC__',
  ),
)
[ info ] [ HEADER ] array (
  'host' => '192.168.18.228',
  'connection' => 'keep-alive',
  'user-agent' => 'Mozilla/5.0 (Windows NT 10.0; WOW64) AppleWebKit/537.36 (KHTML, like Gecko) Chrome/64.0.3282.119 Safari/537.36',
  'accept' => 'text/css,*/*;q=0.1',
  'referer' => 'http://192.168.18.228/huaxian/public/index.php/admin/index/welcome.html',
  'accept-encoding' => 'gzip, deflate',
  'accept-language' => 'zh-CN,zh;q=0.9,en;q=0.8,fr-FR;q=0.7,fr;q=0.6,ko;q=0.5,ja;q=0.4,th;q=0.3,en-US;q=0.2,en-GB;q=0.1',
  'cookie' => 'Hm_lvt_080836300300be57b7f34f4b3e97d911=1527207387,1527242617,1527296040,1527470385; PHPSESSID=p8pe0ofvdl8envq288jvekahm7',
)
[ info ] [ PARAM ] array (
  'css' => 'H-ui.min.css',
)
[ info ] [ SESSION ] INIT array (
  'id' => '',
  'var_session_id' => '',
  'prefix' => 'think',
  'type' => '',
  'auto_start' => true,
)
[ info ] [ LOG ] INIT File
---------------------------------------------------------------
[ 2018-05-29T08:40:47+08:00 ] 192.168.18.228 192.168.18.228 GET /huaxian/public/index.php/admin/index/lib/jquery/1.9.1/jquery.min.js
[ info ] 192.168.18.228/huaxian/public/index.php/admin/index/lib/jquery/1.9.1/jquery.min.js [运行时间：0.035682s][吞吐率：28.03req/s] [内存消耗：1,752.03kb] [文件加载：49]
[ info ] [ LANG ] E:\WWW\huaxian\thinkphp\lang\zh-cn.php
[ info ] [ ROUTE ] array (
  'type' => 'module',
  'module' => 
  array (
    0 => 'admin',
    1 => 'index',
    2 => 'lib',
  ),
)
[ info ] [ HEADER ] array (
  'host' => '192.168.18.228',
  'connection' => 'keep-alive',
  'user-agent' => 'Mozilla/5.0 (Windows NT 10.0; WOW64) AppleWebKit/537.36 (KHTML, like Gecko) Chrome/64.0.3282.119 Safari/537.36',
  'accept' => '*/*',
  'referer' => 'http://192.168.18.228/huaxian/public/index.php/admin/index/welcome.html',
  'accept-encoding' => 'gzip, deflate',
  'accept-language' => 'zh-CN,zh;q=0.9,en;q=0.8,fr-FR;q=0.7,fr;q=0.6,ko;q=0.5,ja;q=0.4,th;q=0.3,en-US;q=0.2,en-GB;q=0.1',
  'cookie' => 'Hm_lvt_080836300300be57b7f34f4b3e97d911=1527207387,1527242617,1527296040,1527470385; PHPSESSID=p8pe0ofvdl8envq288jvekahm7',
)
[ info ] [ PARAM ] array (
  'jquery' => '1.9.1',
)
[ info ] [ SESSION ] INIT array (
  'id' => '',
  'var_session_id' => '',
  'prefix' => 'think',
  'type' => '',
  'auto_start' => true,
)
[ info ] [ LOG ] INIT File
---------------------------------------------------------------
[ 2018-05-29T08:40:47+08:00 ] 192.168.18.228 192.168.18.228 GET /huaxian/public/index.php/admin/index/js/H-ui.js
[ info ] 192.168.18.228/huaxian/public/index.php/admin/index/js/H-ui.js [运行时间：0.050762s][吞吐率：19.70req/s] [内存消耗：1,751.50kb] [文件加载：49]
[ info ] [ LANG ] E:\WWW\huaxian\thinkphp\lang\zh-cn.php
[ info ] [ ROUTE ] array (
  'type' => 'module',
  'module' => 
  array (
    0 => 'admin',
    1 => 'index',
    2 => 'js',
  ),
)
[ info ] [ HEADER ] array (
  'host' => '192.168.18.228',
  'connection' => 'keep-alive',
  'user-agent' => 'Mozilla/5.0 (Windows NT 10.0; WOW64) AppleWebKit/537.36 (KHTML, like Gecko) Chrome/64.0.3282.119 Safari/537.36',
  'accept' => '*/*',
  'referer' => 'http://192.168.18.228/huaxian/public/index.php/admin/index/welcome.html',
  'accept-encoding' => 'gzip, deflate',
  'accept-language' => 'zh-CN,zh;q=0.9,en;q=0.8,fr-FR;q=0.7,fr;q=0.6,ko;q=0.5,ja;q=0.4,th;q=0.3,en-US;q=0.2,en-GB;q=0.1',
  'cookie' => 'Hm_lvt_080836300300be57b7f34f4b3e97d911=1527207387,1527242617,1527296040,1527470385; PHPSESSID=p8pe0ofvdl8envq288jvekahm7',
)
[ info ] [ PARAM ] array (
)
[ info ] [ SESSION ] INIT array (
  'id' => '',
  'var_session_id' => '',
  'prefix' => 'think',
  'type' => '',
  'auto_start' => true,
)
[ info ] [ LOG ] INIT File
---------------------------------------------------------------
[ 2018-05-29T08:40:48+08:00 ] 192.168.18.228 192.168.18.228 GET /huaxian/public/index.php/admin/file/add_file.html
[ info ] 192.168.18.228/huaxian/public/index.php/admin/file/add_file.html [运行时间：0.060231s][吞吐率：16.60req/s] [内存消耗：1,807.90kb] [文件加载：48]
[ info ] [ LANG ] E:\WWW\huaxian\thinkphp\lang\zh-cn.php
[ info ] [ ROUTE ] array (
  'type' => 'module',
  'module' => 
  array (
    0 => 'admin',
    1 => 'file',
    2 => 'add_file',
  ),
)
[ info ] [ HEADER ] array (
  'host' => '192.168.18.228',
  'connection' => 'keep-alive',
  'upgrade-insecure-requests' => '1',
  'user-agent' => 'Mozilla/5.0 (Windows NT 10.0; WOW64) AppleWebKit/537.36 (KHTML, like Gecko) Chrome/64.0.3282.119 Safari/537.36',
  'accept' => 'text/html,application/xhtml+xml,application/xml;q=0.9,image/webp,image/apng,*/*;q=0.8',
  'referer' => 'http://192.168.18.228/huaxian/public/index.php/admin/index/index.html',
  'accept-encoding' => 'gzip, deflate',
  'accept-language' => 'zh-CN,zh;q=0.9,en;q=0.8,fr-FR;q=0.7,fr;q=0.6,ko;q=0.5,ja;q=0.4,th;q=0.3,en-US;q=0.2,en-GB;q=0.1',
  'cookie' => 'PHPSESSID=p8pe0ofvdl8envq288jvekahm7; Hm_lvt_080836300300be57b7f34f4b3e97d911=1527242617,1527296040,1527470385,1527554447; Hm_lpvt_080836300300be57b7f34f4b3e97d911=1527554447',
)
[ info ] [ PARAM ] array (
)
[ info ] [ SESSION ] INIT array (
  'id' => '',
  'var_session_id' => '',
  'prefix' => 'think',
  'type' => '',
  'auto_start' => true,
)
[ info ] [ RUN ] app\admin\controller\File->add_file[ E:\WWW\huaxian\application\admin\controller\File.php ]
[ info ] [ VIEW ] E:\WWW\huaxian\public/../application/admin\view\file\add_file.html [ array (
) ]
[ info ] [ LOG ] INIT File
---------------------------------------------------------------
[ 2018-05-29T08:40:49+08:00 ] 192.168.18.228 192.168.18.228 GET /huaxian/public/index.php/admin/file/lst_file.html
[ info ] 192.168.18.228/huaxian/public/index.php/admin/file/lst_file.html [运行时间：0.092224s][吞吐率：10.84req/s] [内存消耗：2,665.67kb] [文件加载：58]
[ info ] [ LANG ] E:\WWW\huaxian\thinkphp\lang\zh-cn.php
[ info ] [ ROUTE ] array (
  'type' => 'module',
  'module' => 
  array (
    0 => 'admin',
    1 => 'file',
    2 => 'lst_file',
  ),
)
[ info ] [ HEADER ] array (
  'host' => '192.168.18.228',
  'connection' => 'keep-alive',
  'upgrade-insecure-requests' => '1',
  'user-agent' => 'Mozilla/5.0 (Windows NT 10.0; WOW64) AppleWebKit/537.36 (KHTML, like Gecko) Chrome/64.0.3282.119 Safari/537.36',
  'accept' => 'text/html,application/xhtml+xml,application/xml;q=0.9,image/webp,image/apng,*/*;q=0.8',
  'referer' => 'http://192.168.18.228/huaxian/public/index.php/admin/index/index.html',
  'accept-encoding' => 'gzip, deflate',
  'accept-language' => 'zh-CN,zh;q=0.9,en;q=0.8,fr-FR;q=0.7,fr;q=0.6,ko;q=0.5,ja;q=0.4,th;q=0.3,en-US;q=0.2,en-GB;q=0.1',
  'cookie' => 'PHPSESSID=p8pe0ofvdl8envq288jvekahm7; Hm_lvt_080836300300be57b7f34f4b3e97d911=1527242617,1527296040,1527470385,1527554447; Hm_lpvt_080836300300be57b7f34f4b3e97d911=1527554447',
)
[ info ] [ PARAM ] array (
)
[ info ] [ SESSION ] INIT array (
  'id' => '',
  'var_session_id' => '',
  'prefix' => 'think',
  'type' => '',
  'auto_start' => true,
)
[ info ] [ RUN ] app\admin\controller\File->lst_file[ E:\WWW\huaxian\application\admin\controller\File.php ]
[ info ] [ DB ] INIT mysql
[ info ] [ VIEW ] E:\WWW\huaxian\public/../application/admin\view\file\lst_file.html [ array (
  0 => 'counts',
  1 => 'list',
  2 => 'page',
  3 => 'role',
  4 => 'privilege1',
) ]
[ info ] [ LOG ] INIT File
[ sql ] [ DB ] CONNECT:[ UseTime:0.010589s ] mysql:dbname=huaxian;host=127.0.0.1;charset=utf8
[ sql ] [ SQL ] SHOW COLUMNS FROM `tr_role` [ RunTime:0.005861s ]
[ sql ] [ SQL ] SELECT `pri_id` FROM `tr_role` WHERE  `id` = 1 LIMIT 1 [ RunTime:0.000510s ]
[ sql ] [ SQL ] SHOW COLUMNS FROM `tr_neibufile` [ RunTime:0.021729s ]
[ sql ] [ SQL ] SELECT COUNT(*) AS tp_count FROM `tr_neibufile` LIMIT 1 [ RunTime:0.000454s ]
[ sql ] [ SQL ] SELECT * FROM `tr_neibufile` ORDER BY id desc LIMIT 0,10 [ RunTime:0.000480s ]
[ sql ] [ SQL ] SELECT COUNT(*) AS tp_count FROM `tr_neibufile` LIMIT 1 [ RunTime:0.000406s ]
