---------------------------------------------------------------
[ 2018-05-30T18:27:09+08:00 ] 192.168.18.228 192.168.18.228 GET /huaxian/public/index.php/admin/city/yuanquedit_success.html
[ info ] 192.168.18.228/huaxian/public/index.php/admin/city/yuanquedit_success.html [运行时间：0.037924s][吞吐率：26.37req/s] [内存消耗：1,885.15kb] [文件加载：48]
[ info ] [ LANG ] E:\WWW\huaxian\thinkphp\lang\zh-cn.php
[ info ] [ ROUTE ] array (
  'type' => 'module',
  'module' => 
  array (
    0 => 'admin',
    1 => 'city',
    2 => 'yuanquedit_success',
  ),
)
[ info ] [ HEADER ] array (
  'host' => '192.168.18.228',
  'connection' => 'keep-alive',
  'cache-control' => 'max-age=0',
  'upgrade-insecure-requests' => '1',
  'user-agent' => 'Mozilla/5.0 (Windows NT 10.0; WOW64) AppleWebKit/537.36 (KHTML, like Gecko) Chrome/64.0.3282.119 Safari/537.36',
  'accept' => 'text/html,application/xhtml+xml,application/xml;q=0.9,image/webp,image/apng,*/*;q=0.8',
  'referer' => 'http://192.168.18.228/huaxian/public/index.php/admin/city/yuanquedit/id/2.html',
  'accept-encoding' => 'gzip, deflate',
  'accept-language' => 'zh-CN,zh;q=0.9,en;q=0.8,fr-FR;q=0.7,fr;q=0.6,ko;q=0.5,ja;q=0.4,th;q=0.3,en-US;q=0.2,en-GB;q=0.1',
  'cookie' => 'PHPSESSID=l89n0tdtb3ib6figv6eikip144; Hm_lvt_080836300300be57b7f34f4b3e97d911=1527470385,1527554447,1527587896,1527639241; Hm_lpvt_080836300300be57b7f34f4b3e97d911=1527667441',
)
[ info ] [ PARAM ] array (
)
[ info ] [ SESSION ] INIT array (
  'id' => '',
  'var_session_id' => '',
  'prefix' => 'think',
  'type' => '',
  'auto_start' => true,
)
[ info ] [ RUN ] app\admin\controller\City->yuanquedit_success[ E:\WWW\huaxian\application\admin\controller\City.php ]
[ info ] [ VIEW ] E:\WWW\huaxian\public/../application/admin\view\city\yuanquedit-success.html [ array (
) ]
[ info ] [ LOG ] INIT File
---------------------------------------------------------------
[ 2018-05-30T18:27:10+08:00 ] 192.168.18.228 192.168.18.228 GET /huaxian/public/index.php/admin/city/lst_liutong.html
[ info ] 192.168.18.228/huaxian/public/index.php/admin/city/lst_liutong.html [运行时间：0.051334s][吞吐率：19.48req/s] [内存消耗：2,621.35kb] [文件加载：55]
[ info ] [ LANG ] E:\WWW\huaxian\thinkphp\lang\zh-cn.php
[ info ] [ ROUTE ] array (
  'type' => 'module',
  'module' => 
  array (
    0 => 'admin',
    1 => 'city',
    2 => 'lst_liutong',
  ),
)
[ info ] [ HEADER ] array (
  'host' => '192.168.18.228',
  'connection' => 'keep-alive',
  'upgrade-insecure-requests' => '1',
  'user-agent' => 'Mozilla/5.0 (Windows NT 10.0; WOW64) AppleWebKit/537.36 (KHTML, like Gecko) Chrome/64.0.3282.119 Safari/537.36',
  'accept' => 'text/html,application/xhtml+xml,application/xml;q=0.9,image/webp,image/apng,*/*;q=0.8',
  'referer' => 'http://192.168.18.228/huaxian/public/index.php/admin/index/index.html',
  'accept-encoding' => 'gzip, deflate',
  'accept-language' => 'zh-CN,zh;q=0.9,en;q=0.8,fr-FR;q=0.7,fr;q=0.6,ko;q=0.5,ja;q=0.4,th;q=0.3,en-US;q=0.2,en-GB;q=0.1',
  'cookie' => 'PHPSESSID=l89n0tdtb3ib6figv6eikip144; Hm_lvt_080836300300be57b7f34f4b3e97d911=1527470385,1527554447,1527587896,1527639241; Hm_lpvt_080836300300be57b7f34f4b3e97d911=1527667441',
)
[ info ] [ PARAM ] array (
)
[ info ] [ SESSION ] INIT array (
  'id' => '',
  'var_session_id' => '',
  'prefix' => 'think',
  'type' => '',
  'auto_start' => true,
)
[ info ] [ RUN ] app\admin\controller\City->lst_liutong[ E:\WWW\huaxian\application\admin\controller\City.php ]
[ info ] [ DB ] INIT mysql
[ info ] [ VIEW ] E:\WWW\huaxian\public/../application/admin\view\city\lst_liutong.html [ array (
  0 => 'list',
) ]
[ info ] [ LOG ] INIT File
[ sql ] [ DB ] CONNECT:[ UseTime:0.001232s ] mysql:dbname=huaxian;host=127.0.0.1;charset=utf8
[ sql ] [ SQL ] SHOW COLUMNS FROM `tr_liutong` [ RunTime:0.005665s ]
[ sql ] [ SQL ] SELECT * FROM `tr_liutong` ORDER BY id desc LIMIT 1 [ RunTime:0.000535s ]
---------------------------------------------------------------
[ 2018-05-30T18:27:13+08:00 ] 192.168.18.228 192.168.18.228 GET /huaxian/public/index.php/admin/city/liutongedit/id/1.html
[ info ] 192.168.18.228/huaxian/public/index.php/admin/city/liutongedit/id/1.html [运行时间：0.057830s][吞吐率：17.29req/s] [内存消耗：2,623.53kb] [文件加载：55]
[ info ] [ LANG ] E:\WWW\huaxian\thinkphp\lang\zh-cn.php
[ info ] [ ROUTE ] array (
  'type' => 'module',
  'module' => 
  array (
    0 => 'admin',
    1 => 'city',
    2 => 'liutongedit',
  ),
)
[ info ] [ HEADER ] array (
  'host' => '192.168.18.228',
  'connection' => 'keep-alive',
  'upgrade-insecure-requests' => '1',
  'user-agent' => 'Mozilla/5.0 (Windows NT 10.0; WOW64) AppleWebKit/537.36 (KHTML, like Gecko) Chrome/64.0.3282.119 Safari/537.36',
  'accept' => 'text/html,application/xhtml+xml,application/xml;q=0.9,image/webp,image/apng,*/*;q=0.8',
  'referer' => 'http://192.168.18.228/huaxian/public/index.php/admin/city/lst_liutong.html',
  'accept-encoding' => 'gzip, deflate',
  'accept-language' => 'zh-CN,zh;q=0.9,en;q=0.8,fr-FR;q=0.7,fr;q=0.6,ko;q=0.5,ja;q=0.4,th;q=0.3,en-US;q=0.2,en-GB;q=0.1',
  'cookie' => 'PHPSESSID=l89n0tdtb3ib6figv6eikip144; Hm_lvt_080836300300be57b7f34f4b3e97d911=1527470385,1527554447,1527587896,1527639241; Hm_lpvt_080836300300be57b7f34f4b3e97d911=1527667441',
)
[ info ] [ PARAM ] array (
  'id' => '1',
)
[ info ] [ SESSION ] INIT array (
  'id' => '',
  'var_session_id' => '',
  'prefix' => 'think',
  'type' => '',
  'auto_start' => true,
)
[ info ] [ RUN ] app\admin\controller\City->liutongedit[ E:\WWW\huaxian\application\admin\controller\City.php ]
[ info ] [ DB ] INIT mysql
[ info ] [ VIEW ] E:\WWW\huaxian\public/../application/admin\view\city\liutong-edit.html [ array (
  0 => 'id',
  1 => 'list',
) ]
[ info ] [ LOG ] INIT File
[ sql ] [ DB ] CONNECT:[ UseTime:0.011014s ] mysql:dbname=huaxian;host=127.0.0.1;charset=utf8
[ sql ] [ SQL ] SHOW COLUMNS FROM `tr_liutong` [ RunTime:0.005968s ]
[ sql ] [ SQL ] SELECT * FROM `tr_liutong` WHERE  `id` = 1 LIMIT 1 [ RunTime:0.000493s ]
---------------------------------------------------------------
[ 2018-05-30T18:27:17+08:00 ] 192.168.18.228 192.168.18.228 POST /huaxian/public/index.php/admin/city/liutongedit.html
[ info ] 192.168.18.228/huaxian/public/index.php/admin/city/liutongedit.html [运行时间：0.058774s][吞吐率：17.01req/s] [内存消耗：2,743.73kb] [文件加载：59]
[ info ] [ LANG ] E:\WWW\huaxian\thinkphp\lang\zh-cn.php
[ info ] [ ROUTE ] array (
  'type' => 'module',
  'module' => 
  array (
    0 => 'admin',
    1 => 'city',
    2 => 'liutongedit',
  ),
)
[ info ] [ HEADER ] array (
  'host' => '192.168.18.228',
  'connection' => 'keep-alive',
  'content-length' => '3207',
  'cache-control' => 'max-age=0',
  'origin' => 'http://192.168.18.228',
  'upgrade-insecure-requests' => '1',
  'content-type' => 'multipart/form-data; boundary=----WebKitFormBoundarySLzRIiZ8peCfcU5k',
  'user-agent' => 'Mozilla/5.0 (Windows NT 10.0; WOW64) AppleWebKit/537.36 (KHTML, like Gecko) Chrome/64.0.3282.119 Safari/537.36',
  'accept' => 'text/html,application/xhtml+xml,application/xml;q=0.9,image/webp,image/apng,*/*;q=0.8',
  'referer' => 'http://192.168.18.228/huaxian/public/index.php/admin/city/liutongedit/id/1.html',
  'accept-encoding' => 'gzip, deflate',
  'accept-language' => 'zh-CN,zh;q=0.9,en;q=0.8,fr-FR;q=0.7,fr;q=0.6,ko;q=0.5,ja;q=0.4,th;q=0.3,en-US;q=0.2,en-GB;q=0.1',
  'cookie' => 'PHPSESSID=l89n0tdtb3ib6figv6eikip144; Hm_lvt_080836300300be57b7f34f4b3e97d911=1527470385,1527554447,1527587896,1527639241; Hm_lpvt_080836300300be57b7f34f4b3e97d911=1527667441',
)
[ info ] [ PARAM ] array (
  'id' => '1',
  'description' => '当日，昆明地铁4、5号线正在进行建设，由于施工影响，穿城而过的一段百年滇越铁路被拆除，“老铁路”为“新铁路”建设让步...当日，昆明地铁4、5号线正在进行建设，由于施工影响，穿城而过的一段百年滇越铁路被拆除，“老铁路”为“新铁路”建设让步...当日，昆明地铁4、5号线正在进行建设，由于施工影响，穿城而过的一段百年滇越铁路被拆除，“老铁路”为“新铁路”建设让步...',
  'content' => '<h1 align="left" class="MsoNormal" style="text-align:center;text-indent:28pt;margin-left:0pt;">
	<span style="font-family:KaiTi_GB2312;background-color:#FFE500;">六通一平</span> 
</h1>
<p align="justify" class="MsoNormal" style="text-align:justify;text-indent:28pt;margin-left:0pt;">
	1、<span>从</span>“招商引资”到“招商选资”转变。111111
</p>
<p align="justify" class="MsoNormal" style="text-align:justify;text-indent:28pt;margin-left:0pt;">
	随着市场经济的发展和世界经济的全球化、一体化发展，投资者投资的交换需求已不仅仅局限于土地资源、优惠政策、廉价的劳动力上，<span>而产业集聚区的环境容量在逐渐减少。今后产业集聚区的建设上将减少高耗能、高污染、低回报的项目落户，由</span>“招商引资”向“招商选资”转变，把重点放在引进有利于产业优化、用地少、附加值高、污染小的项目上，并且<span>在</span>“引进来”中选优、选强。
</p>
<p align="justify" class="MsoNormal" style="text-align:justify;text-indent:28pt;">
	2、抓住产业短板，加强产业集群建设。
</p>
<p align="justify" class="MsoNormal" style="text-align:justify;text-indent:28pt;">
	<span>积极探索，在推动传统产业升级的基础上，加大培育新兴产业和引进现有产业上下游企业，促进企业技术研发和科研平台建设，鼓励企业与国内外行业领先地位的高等院校、科研院所及其他组织建立产学研战略联盟，推进新技术向经济利益转变，强化</span>“抱团发展”的产业集群建设理念。
</p>
<p align="justify" class="MsoNormal" style="text-align:justify;text-indent:28pt;">
	3、提升服务水平，激发企业创新创业活力。
</p>
<p class="MsoNormal">
	<span>加大人才引进培养力度，大力推进柔性引才，扩展人才引进渠道，着力引进培养高层次创业人才，优化人才在产业集聚区就业后的子女入学、购房、医疗等扶持政策。大力推进大众创业，转变政府职能、建设服务型政府，营造公平竞争的创业环境，使有梦想、有意愿、有能力的科技人员、高校毕业生等各类市场创业主体</span>“如鱼得水”，实现创新支持创业、创业带动就业的良性互动发展。
</p>',
)
[ info ] [ SESSION ] INIT array (
  'id' => '',
  'var_session_id' => '',
  'prefix' => 'think',
  'type' => '',
  'auto_start' => true,
)
[ info ] [ RUN ] app\admin\controller\City->liutongedit[ E:\WWW\huaxian\application\admin\controller\City.php ]
[ info ] [ DB ] INIT mysql
[ info ] [ CACHE ] INIT File
[ info ] [ LOG ] INIT File
[ sql ] [ DB ] CONNECT:[ UseTime:0.011181s ] mysql:dbname=huaxian;host=127.0.0.1;charset=utf8
[ sql ] [ SQL ] SHOW COLUMNS FROM `tr_liutong` [ RunTime:0.006263s ]
[ sql ] [ SQL ] SELECT * FROM `tr_liutong` WHERE  `id` = 1 LIMIT 1 [ RunTime:0.000381s ]
[ sql ] [ SQL ] UPDATE `tr_liutong`  SET `description`='当日，昆明地铁4、5号线正在进行建设，由于施工影响，穿城而过的一段百年滇越铁路被拆除，“老铁路”为“新铁路”建设让步...当日，昆明地铁4、5号线正在进行建设，由于施工影响，穿城而过的一段百年滇越铁路被拆除，“老铁路”为“新铁路”建设让步...当日，昆明地铁4、5号线正在进行建设，由于施工影响，穿城而过的一段百年滇越铁路被拆除，“老铁路”为“新铁路”建设让步...',`content`='<h1 align=\"left\" class=\"MsoNormal\" style=\"text-align:center;text-indent:28pt;margin-left:0pt;\">\r\n	<span style=\"font-family:KaiTi_GB2312;background-color:#FFE500;\">六通一平</span> \r\n</h1>\r\n<p align=\"justify\" class=\"MsoNormal\" style=\"text-align:justify;text-indent:28pt;margin-left:0pt;\">\r\n	1、<span>从</span>“招商引资”到“招商选资”转变。111111\r\n</p>\r\n<p align=\"justify\" class=\"MsoNormal\" style=\"text-align:justify;text-indent:28pt;margin-left:0pt;\">\r\n	随着市场经济的发展和世界经济的全球化、一体化发展，投资者投资的交换需求已不仅仅局限于土地资源、优惠政策、廉价的劳动力上，<span>而产业集聚区的环境容量在逐渐减少。今后产业集聚区的建设上将减少高耗能、高污染、低回报的项目落户，由</span>“招商引资”向“招商选资”转变，把重点放在引进有利于产业优化、用地少、附加值高、污染小的项目上，并且<span>在</span>“引进来”中选优、选强。\r\n</p>\r\n<p align=\"justify\" class=\"MsoNormal\" style=\"text-align:justify;text-indent:28pt;\">\r\n	2、抓住产业短板，加强产业集群建设。\r\n</p>\r\n<p align=\"justify\" class=\"MsoNormal\" style=\"text-align:justify;text-indent:28pt;\">\r\n	<span>积极探索，在推动传统产业升级的基础上，加大培育新兴产业和引进现有产业上下游企业，促进企业技术研发和科研平台建设，鼓励企业与国内外行业领先地位的高等院校、科研院所及其他组织建立产学研战略联盟，推进新技术向经济利益转变，强化</span>“抱团发展”的产业集群建设理念。\r\n</p>\r\n<p align=\"justify\" class=\"MsoNormal\" style=\"text-align:justify;text-indent:28pt;\">\r\n	3、提升服务水平，激发企业创新创业活力。\r\n</p>\r\n<p class=\"MsoNormal\">\r\n	<span>加大人才引进培养力度，大力推进柔性引才，扩展人才引进渠道，着力引进培养高层次创业人才，优化人才在产业集聚区就业后的子女入学、购房、医疗等扶持政策。大力推进大众创业，转变政府职能、建设服务型政府，营造公平竞争的创业环境，使有梦想、有意愿、有能力的科技人员、高校毕业生等各类市场创业主体</span>“如鱼得水”，实现创新支持创业、创业带动就业的良性互动发展。\r\n</p>',`user`='admin',`time`='2018-05-30 18:27:17'  WHERE  `id` = 1 [ RunTime:0.000420s ]
---------------------------------------------------------------
[ 2018-05-30T18:27:17+08:00 ] 192.168.18.228 192.168.18.228 GET /huaxian/public/index.php/admin/city/liutongedit_success.html
[ info ] 192.168.18.228/huaxian/public/index.php/admin/city/liutongedit_success.html [运行时间：0.028082s][吞吐率：35.61req/s] [内存消耗：1,885.16kb] [文件加载：48]
[ info ] [ LANG ] E:\WWW\huaxian\thinkphp\lang\zh-cn.php
[ info ] [ ROUTE ] array (
  'type' => 'module',
  'module' => 
  array (
    0 => 'admin',
    1 => 'city',
    2 => 'liutongedit_success',
  ),
)
[ info ] [ HEADER ] array (
  'host' => '192.168.18.228',
  'connection' => 'keep-alive',
  'cache-control' => 'max-age=0',
  'upgrade-insecure-requests' => '1',
  'user-agent' => 'Mozilla/5.0 (Windows NT 10.0; WOW64) AppleWebKit/537.36 (KHTML, like Gecko) Chrome/64.0.3282.119 Safari/537.36',
  'accept' => 'text/html,application/xhtml+xml,application/xml;q=0.9,image/webp,image/apng,*/*;q=0.8',
  'referer' => 'http://192.168.18.228/huaxian/public/index.php/admin/city/liutongedit/id/1.html',
  'accept-encoding' => 'gzip, deflate',
  'accept-language' => 'zh-CN,zh;q=0.9,en;q=0.8,fr-FR;q=0.7,fr;q=0.6,ko;q=0.5,ja;q=0.4,th;q=0.3,en-US;q=0.2,en-GB;q=0.1',
  'cookie' => 'PHPSESSID=l89n0tdtb3ib6figv6eikip144; Hm_lvt_080836300300be57b7f34f4b3e97d911=1527470385,1527554447,1527587896,1527639241; Hm_lpvt_080836300300be57b7f34f4b3e97d911=1527667441',
)
[ info ] [ PARAM ] array (
)
[ info ] [ SESSION ] INIT array (
  'id' => '',
  'var_session_id' => '',
  'prefix' => 'think',
  'type' => '',
  'auto_start' => true,
)
[ info ] [ RUN ] app\admin\controller\City->liutongedit_success[ E:\WWW\huaxian\application\admin\controller\City.php ]
[ info ] [ VIEW ] E:\WWW\huaxian\public/../application/admin\view\city\liutongedit-success.html [ array (
) ]
[ info ] [ LOG ] INIT File
---------------------------------------------------------------
[ 2018-05-30T18:27:18+08:00 ] 192.168.18.228 192.168.18.228 GET /huaxian/public/index.php/admin/city/lst_liutong.html
[ info ] 192.168.18.228/huaxian/public/index.php/admin/city/lst_liutong.html [运行时间：0.054122s][吞吐率：18.48req/s] [内存消耗：2,622.98kb] [文件加载：55]
[ info ] [ LANG ] E:\WWW\huaxian\thinkphp\lang\zh-cn.php
[ info ] [ ROUTE ] array (
  'type' => 'module',
  'module' => 
  array (
    0 => 'admin',
    1 => 'city',
    2 => 'lst_liutong',
  ),
)
[ info ] [ HEADER ] array (
  'host' => '192.168.18.228',
  'connection' => 'keep-alive',
  'upgrade-insecure-requests' => '1',
  'user-agent' => 'Mozilla/5.0 (Windows NT 10.0; WOW64) AppleWebKit/537.36 (KHTML, like Gecko) Chrome/64.0.3282.119 Safari/537.36',
  'accept' => 'text/html,application/xhtml+xml,application/xml;q=0.9,image/webp,image/apng,*/*;q=0.8',
  'referer' => 'http://192.168.18.228/huaxian/public/index.php/admin/city/liutongedit_success.html',
  'accept-encoding' => 'gzip, deflate',
  'accept-language' => 'zh-CN,zh;q=0.9,en;q=0.8,fr-FR;q=0.7,fr;q=0.6,ko;q=0.5,ja;q=0.4,th;q=0.3,en-US;q=0.2,en-GB;q=0.1',
  'cookie' => 'PHPSESSID=l89n0tdtb3ib6figv6eikip144; Hm_lvt_080836300300be57b7f34f4b3e97d911=1527470385,1527554447,1527587896,1527639241; Hm_lpvt_080836300300be57b7f34f4b3e97d911=1527667441',
)
[ info ] [ PARAM ] array (
)
[ info ] [ SESSION ] INIT array (
  'id' => '',
  'var_session_id' => '',
  'prefix' => 'think',
  'type' => '',
  'auto_start' => true,
)
[ info ] [ RUN ] app\admin\controller\City->lst_liutong[ E:\WWW\huaxian\application\admin\controller\City.php ]
[ info ] [ DB ] INIT mysql
[ info ] [ VIEW ] E:\WWW\huaxian\public/../application/admin\view\city\lst_liutong.html [ array (
  0 => 'list',
) ]
[ info ] [ LOG ] INIT File
[ sql ] [ DB ] CONNECT:[ UseTime:0.010254s ] mysql:dbname=huaxian;host=127.0.0.1;charset=utf8
[ sql ] [ SQL ] SHOW COLUMNS FROM `tr_liutong` [ RunTime:0.006366s ]
[ sql ] [ SQL ] SELECT * FROM `tr_liutong` ORDER BY id desc LIMIT 1 [ RunTime:0.000440s ]
---------------------------------------------------------------
[ 2018-05-30T18:27:19+08:00 ] 192.168.18.228 192.168.18.228 GET /huaxian/public/index.php/admin/city/lst_water.html
[ info ] 192.168.18.228/huaxian/public/index.php/admin/city/lst_water.html [运行时间：0.071545s][吞吐率：13.98req/s] [内存消耗：2,621.26kb] [文件加载：55]
[ info ] [ LANG ] E:\WWW\huaxian\thinkphp\lang\zh-cn.php
[ info ] [ ROUTE ] array (
  'type' => 'module',
  'module' => 
  array (
    0 => 'admin',
    1 => 'city',
    2 => 'lst_water',
  ),
)
[ info ] [ HEADER ] array (
  'host' => '192.168.18.228',
  'connection' => 'keep-alive',
  'upgrade-insecure-requests' => '1',
  'user-agent' => 'Mozilla/5.0 (Windows NT 10.0; WOW64) AppleWebKit/537.36 (KHTML, like Gecko) Chrome/64.0.3282.119 Safari/537.36',
  'accept' => 'text/html,application/xhtml+xml,application/xml;q=0.9,image/webp,image/apng,*/*;q=0.8',
  'referer' => 'http://192.168.18.228/huaxian/public/index.php/admin/index/index.html',
  'accept-encoding' => 'gzip, deflate',
  'accept-language' => 'zh-CN,zh;q=0.9,en;q=0.8,fr-FR;q=0.7,fr;q=0.6,ko;q=0.5,ja;q=0.4,th;q=0.3,en-US;q=0.2,en-GB;q=0.1',
  'cookie' => 'PHPSESSID=l89n0tdtb3ib6figv6eikip144; Hm_lvt_080836300300be57b7f34f4b3e97d911=1527470385,1527554447,1527587896,1527639241; Hm_lpvt_080836300300be57b7f34f4b3e97d911=1527667441',
)
[ info ] [ PARAM ] array (
)
[ info ] [ SESSION ] INIT array (
  'id' => '',
  'var_session_id' => '',
  'prefix' => 'think',
  'type' => '',
  'auto_start' => true,
)
[ info ] [ RUN ] app\admin\controller\City->lst_water[ E:\WWW\huaxian\application\admin\controller\City.php ]
[ info ] [ DB ] INIT mysql
[ info ] [ VIEW ] E:\WWW\huaxian\public/../application/admin\view\city\lst_water.html [ array (
  0 => 'list',
) ]
[ info ] [ LOG ] INIT File
[ sql ] [ DB ] CONNECT:[ UseTime:0.011646s ] mysql:dbname=huaxian;host=127.0.0.1;charset=utf8
[ sql ] [ SQL ] SHOW COLUMNS FROM `tr_water` [ RunTime:0.006635s ]
[ sql ] [ SQL ] SELECT * FROM `tr_water` ORDER BY id desc LIMIT 1 [ RunTime:0.000512s ]
---------------------------------------------------------------
[ 2018-05-30T18:27:19+08:00 ] 192.168.18.228 192.168.18.228 GET /huaxian/public/index.php/admin/city/wateredit/id/1.html
[ info ] 192.168.18.228/huaxian/public/index.php/admin/city/wateredit/id/1.html [运行时间：0.060905s][吞吐率：16.42req/s] [内存消耗：2,623.31kb] [文件加载：55]
[ info ] [ LANG ] E:\WWW\huaxian\thinkphp\lang\zh-cn.php
[ info ] [ ROUTE ] array (
  'type' => 'module',
  'module' => 
  array (
    0 => 'admin',
    1 => 'city',
    2 => 'wateredit',
  ),
)
[ info ] [ HEADER ] array (
  'host' => '192.168.18.228',
  'connection' => 'keep-alive',
  'upgrade-insecure-requests' => '1',
  'user-agent' => 'Mozilla/5.0 (Windows NT 10.0; WOW64) AppleWebKit/537.36 (KHTML, like Gecko) Chrome/64.0.3282.119 Safari/537.36',
  'accept' => 'text/html,application/xhtml+xml,application/xml;q=0.9,image/webp,image/apng,*/*;q=0.8',
  'referer' => 'http://192.168.18.228/huaxian/public/index.php/admin/city/lst_water.html',
  'accept-encoding' => 'gzip, deflate',
  'accept-language' => 'zh-CN,zh;q=0.9,en;q=0.8,fr-FR;q=0.7,fr;q=0.6,ko;q=0.5,ja;q=0.4,th;q=0.3,en-US;q=0.2,en-GB;q=0.1',
  'cookie' => 'PHPSESSID=l89n0tdtb3ib6figv6eikip144; Hm_lvt_080836300300be57b7f34f4b3e97d911=1527470385,1527554447,1527587896,1527639241; Hm_lpvt_080836300300be57b7f34f4b3e97d911=1527667441',
)
[ info ] [ PARAM ] array (
  'id' => '1',
)
[ info ] [ SESSION ] INIT array (
  'id' => '',
  'var_session_id' => '',
  'prefix' => 'think',
  'type' => '',
  'auto_start' => true,
)
[ info ] [ RUN ] app\admin\controller\City->wateredit[ E:\WWW\huaxian\application\admin\controller\City.php ]
[ info ] [ DB ] INIT mysql
[ info ] [ VIEW ] E:\WWW\huaxian\public/../application/admin\view\city\water-edit.html [ array (
  0 => 'id',
  1 => 'list',
) ]
[ info ] [ LOG ] INIT File
[ sql ] [ DB ] CONNECT:[ UseTime:0.011279s ] mysql:dbname=huaxian;host=127.0.0.1;charset=utf8
[ sql ] [ SQL ] SHOW COLUMNS FROM `tr_water` [ RunTime:0.005980s ]
[ sql ] [ SQL ] SELECT * FROM `tr_water` WHERE  `id` = 1 LIMIT 1 [ RunTime:0.000419s ]
---------------------------------------------------------------
[ 2018-05-30T18:27:23+08:00 ] 192.168.18.228 192.168.18.228 POST /huaxian/public/index.php/admin/city/wateredit.html
[ info ] 192.168.18.228/huaxian/public/index.php/admin/city/wateredit.html [运行时间：0.056866s][吞吐率：17.59req/s] [内存消耗：2,743.70kb] [文件加载：59]
[ info ] [ LANG ] E:\WWW\huaxian\thinkphp\lang\zh-cn.php
[ info ] [ ROUTE ] array (
  'type' => 'module',
  'module' => 
  array (
    0 => 'admin',
    1 => 'city',
    2 => 'wateredit',
  ),
)
[ info ] [ HEADER ] array (
  'host' => '192.168.18.228',
  'connection' => 'keep-alive',
  'content-length' => '3211',
  'cache-control' => 'max-age=0',
  'origin' => 'http://192.168.18.228',
  'upgrade-insecure-requests' => '1',
  'content-type' => 'multipart/form-data; boundary=----WebKitFormBoundarySveVTDVsgGG0WOLX',
  'user-agent' => 'Mozilla/5.0 (Windows NT 10.0; WOW64) AppleWebKit/537.36 (KHTML, like Gecko) Chrome/64.0.3282.119 Safari/537.36',
  'accept' => 'text/html,application/xhtml+xml,application/xml;q=0.9,image/webp,image/apng,*/*;q=0.8',
  'referer' => 'http://192.168.18.228/huaxian/public/index.php/admin/city/wateredit/id/1.html',
  'accept-encoding' => 'gzip, deflate',
  'accept-language' => 'zh-CN,zh;q=0.9,en;q=0.8,fr-FR;q=0.7,fr;q=0.6,ko;q=0.5,ja;q=0.4,th;q=0.3,en-US;q=0.2,en-GB;q=0.1',
  'cookie' => 'PHPSESSID=l89n0tdtb3ib6figv6eikip144; Hm_lvt_080836300300be57b7f34f4b3e97d911=1527470385,1527554447,1527587896,1527639241; Hm_lpvt_080836300300be57b7f34f4b3e97d911=1527667441',
)
[ info ] [ PARAM ] array (
  'id' => '1',
  'description' => '当日，昆明地铁4、5号线正在进行建设，由于施工影响，穿城而过的一段百年滇越铁路被拆除，“老铁路”为“新铁路”建设让步...当日，昆明地铁4、5号线正在进行建设，由于施工影响，穿城而过的一段百年滇越铁路被拆除，“老铁路”为“新铁路”建设让步...当日，昆明地铁4、5号线正在进行建设，由于施工影响，穿城而过的一段百年滇越铁路被拆除，“老铁路”为“新铁路”建设让步...',
  'content' => '<h1 align="justify" class="MsoNormal" style="text-align:center;text-indent:28pt;margin-left:0pt;">
	<span style="color:#E53333;font-family:FangSong_GB2312;">污水处理厂</span> 
</h1>
<p align="justify" class="MsoNormal" style="text-align:justify;text-indent:28pt;margin-left:0pt;">
	1、<span>从</span>“招商引资”到“招商选资”转变。111111111111
</p>
<p align="justify" class="MsoNormal" style="text-align:justify;text-indent:28pt;margin-left:0pt;">
	随着市场经济的发展和世界经济的全球化、一体化发展，投资者投资的交换需求已不仅仅局限于土地资源、优惠政策、廉价的劳动力上，<span>而产业集聚区的环境容量在逐渐减少。今后产业集聚区的建设上将减少高耗能、高污染、低回报的项目落户，由</span>“招商引资”向“招商选资”转变，把重点放在引进有利于产业优化、用地少、附加值高、污染小的项目上，并且<span>在</span>“引进来”中选优、选强。
</p>
<p align="justify" class="MsoNormal" style="text-align:justify;text-indent:28pt;">
	2、抓住产业短板，加强产业集群建设。
</p>
<p align="justify" class="MsoNormal" style="text-align:justify;text-indent:28pt;">
	<span>积极探索，在推动传统产业升级的基础上，加大培育新兴产业和引进现有产业上下游企业，促进企业技术研发和科研平台建设，鼓励企业与国内外行业领先地位的高等院校、科研院所及其他组织建立产学研战略联盟，推进新技术向经济利益转变，强化</span>“抱团发展”的产业集群建设理念。
</p>
<p align="justify" class="MsoNormal" style="text-align:justify;text-indent:28pt;">
	3、提升服务水平，激发企业创新创业活力。
</p>
<p class="MsoNormal">
	<span>加大人才引进培养力度，大力推进柔性引才，扩展人才引进渠道，着力引进培养高层次创业人才，优化人才在产业集聚区就业后的子女入学、购房、医疗等扶持政策。大力推进大众创业，转变政府职能、建设服务型政府，营造公平竞争的创业环境，使有梦想、有意愿、有能力的科技人员、高校毕业生等各类市场创业主体</span>“如鱼得水”，实现创新支持创业、创业带动就业的良性互动发展。
</p>',
)
[ info ] [ SESSION ] INIT array (
  'id' => '',
  'var_session_id' => '',
  'prefix' => 'think',
  'type' => '',
  'auto_start' => true,
)
[ info ] [ RUN ] app\admin\controller\City->wateredit[ E:\WWW\huaxian\application\admin\controller\City.php ]
[ info ] [ DB ] INIT mysql
[ info ] [ CACHE ] INIT File
[ info ] [ LOG ] INIT File
[ sql ] [ DB ] CONNECT:[ UseTime:0.001329s ] mysql:dbname=huaxian;host=127.0.0.1;charset=utf8
[ sql ] [ SQL ] SHOW COLUMNS FROM `tr_water` [ RunTime:0.006535s ]
[ sql ] [ SQL ] SELECT * FROM `tr_water` WHERE  `id` = 1 LIMIT 1 [ RunTime:0.000400s ]
[ sql ] [ SQL ] UPDATE `tr_water`  SET `description`='当日，昆明地铁4、5号线正在进行建设，由于施工影响，穿城而过的一段百年滇越铁路被拆除，“老铁路”为“新铁路”建设让步...当日，昆明地铁4、5号线正在进行建设，由于施工影响，穿城而过的一段百年滇越铁路被拆除，“老铁路”为“新铁路”建设让步...当日，昆明地铁4、5号线正在进行建设，由于施工影响，穿城而过的一段百年滇越铁路被拆除，“老铁路”为“新铁路”建设让步...',`content`='<h1 align=\"justify\" class=\"MsoNormal\" style=\"text-align:center;text-indent:28pt;margin-left:0pt;\">\r\n	<span style=\"color:#E53333;font-family:FangSong_GB2312;\">污水处理厂</span> \r\n</h1>\r\n<p align=\"justify\" class=\"MsoNormal\" style=\"text-align:justify;text-indent:28pt;margin-left:0pt;\">\r\n	1、<span>从</span>“招商引资”到“招商选资”转变。111111111111\r\n</p>\r\n<p align=\"justify\" class=\"MsoNormal\" style=\"text-align:justify;text-indent:28pt;margin-left:0pt;\">\r\n	随着市场经济的发展和世界经济的全球化、一体化发展，投资者投资的交换需求已不仅仅局限于土地资源、优惠政策、廉价的劳动力上，<span>而产业集聚区的环境容量在逐渐减少。今后产业集聚区的建设上将减少高耗能、高污染、低回报的项目落户，由</span>“招商引资”向“招商选资”转变，把重点放在引进有利于产业优化、用地少、附加值高、污染小的项目上，并且<span>在</span>“引进来”中选优、选强。\r\n</p>\r\n<p align=\"justify\" class=\"MsoNormal\" style=\"text-align:justify;text-indent:28pt;\">\r\n	2、抓住产业短板，加强产业集群建设。\r\n</p>\r\n<p align=\"justify\" class=\"MsoNormal\" style=\"text-align:justify;text-indent:28pt;\">\r\n	<span>积极探索，在推动传统产业升级的基础上，加大培育新兴产业和引进现有产业上下游企业，促进企业技术研发和科研平台建设，鼓励企业与国内外行业领先地位的高等院校、科研院所及其他组织建立产学研战略联盟，推进新技术向经济利益转变，强化</span>“抱团发展”的产业集群建设理念。\r\n</p>\r\n<p align=\"justify\" class=\"MsoNormal\" style=\"text-align:justify;text-indent:28pt;\">\r\n	3、提升服务水平，激发企业创新创业活力。\r\n</p>\r\n<p class=\"MsoNormal\">\r\n	<span>加大人才引进培养力度，大力推进柔性引才，扩展人才引进渠道，着力引进培养高层次创业人才，优化人才在产业集聚区就业后的子女入学、购房、医疗等扶持政策。大力推进大众创业，转变政府职能、建设服务型政府，营造公平竞争的创业环境，使有梦想、有意愿、有能力的科技人员、高校毕业生等各类市场创业主体</span>“如鱼得水”，实现创新支持创业、创业带动就业的良性互动发展。\r\n</p>',`user`='admin',`time`='2018-05-30 18:27:23'  WHERE  `id` = 1 [ RunTime:0.000539s ]
---------------------------------------------------------------
[ 2018-05-30T18:27:23+08:00 ] 192.168.18.228 192.168.18.228 GET /huaxian/public/index.php/admin/city/wateredit_success.html
[ info ] 192.168.18.228/huaxian/public/index.php/admin/city/wateredit_success.html [运行时间：0.031644s][吞吐率：31.60req/s] [内存消耗：1,884.99kb] [文件加载：48]
[ info ] [ LANG ] E:\WWW\huaxian\thinkphp\lang\zh-cn.php
[ info ] [ ROUTE ] array (
  'type' => 'module',
  'module' => 
  array (
    0 => 'admin',
    1 => 'city',
    2 => 'wateredit_success',
  ),
)
[ info ] [ HEADER ] array (
  'host' => '192.168.18.228',
  'connection' => 'keep-alive',
  'cache-control' => 'max-age=0',
  'upgrade-insecure-requests' => '1',
  'user-agent' => 'Mozilla/5.0 (Windows NT 10.0; WOW64) AppleWebKit/537.36 (KHTML, like Gecko) Chrome/64.0.3282.119 Safari/537.36',
  'accept' => 'text/html,application/xhtml+xml,application/xml;q=0.9,image/webp,image/apng,*/*;q=0.8',
  'referer' => 'http://192.168.18.228/huaxian/public/index.php/admin/city/wateredit/id/1.html',
  'accept-encoding' => 'gzip, deflate',
  'accept-language' => 'zh-CN,zh;q=0.9,en;q=0.8,fr-FR;q=0.7,fr;q=0.6,ko;q=0.5,ja;q=0.4,th;q=0.3,en-US;q=0.2,en-GB;q=0.1',
  'cookie' => 'PHPSESSID=l89n0tdtb3ib6figv6eikip144; Hm_lvt_080836300300be57b7f34f4b3e97d911=1527470385,1527554447,1527587896,1527639241; Hm_lpvt_080836300300be57b7f34f4b3e97d911=1527667441',
)
[ info ] [ PARAM ] array (
)
[ info ] [ SESSION ] INIT array (
  'id' => '',
  'var_session_id' => '',
  'prefix' => 'think',
  'type' => '',
  'auto_start' => true,
)
[ info ] [ RUN ] app\admin\controller\City->wateredit_success[ E:\WWW\huaxian\application\admin\controller\City.php ]
[ info ] [ VIEW ] E:\WWW\huaxian\public/../application/admin\view\city\wateredit-success.html [ array (
) ]
[ info ] [ LOG ] INIT File
---------------------------------------------------------------
[ 2018-05-30T18:27:25+08:00 ] 192.168.18.228 192.168.18.228 GET /huaxian/public/index.php/admin/city/lst_water.html
[ info ] 192.168.18.228/huaxian/public/index.php/admin/city/lst_water.html [运行时间：0.054958s][吞吐率：18.20req/s] [内存消耗：2,622.91kb] [文件加载：55]
[ info ] [ LANG ] E:\WWW\huaxian\thinkphp\lang\zh-cn.php
[ info ] [ ROUTE ] array (
  'type' => 'module',
  'module' => 
  array (
    0 => 'admin',
    1 => 'city',
    2 => 'lst_water',
  ),
)
[ info ] [ HEADER ] array (
  'host' => '192.168.18.228',
  'connection' => 'keep-alive',
  'upgrade-insecure-requests' => '1',
  'user-agent' => 'Mozilla/5.0 (Windows NT 10.0; WOW64) AppleWebKit/537.36 (KHTML, like Gecko) Chrome/64.0.3282.119 Safari/537.36',
  'accept' => 'text/html,application/xhtml+xml,application/xml;q=0.9,image/webp,image/apng,*/*;q=0.8',
  'referer' => 'http://192.168.18.228/huaxian/public/index.php/admin/city/wateredit_success.html',
  'accept-encoding' => 'gzip, deflate',
  'accept-language' => 'zh-CN,zh;q=0.9,en;q=0.8,fr-FR;q=0.7,fr;q=0.6,ko;q=0.5,ja;q=0.4,th;q=0.3,en-US;q=0.2,en-GB;q=0.1',
  'cookie' => 'PHPSESSID=l89n0tdtb3ib6figv6eikip144; Hm_lvt_080836300300be57b7f34f4b3e97d911=1527470385,1527554447,1527587896,1527639241; Hm_lpvt_080836300300be57b7f34f4b3e97d911=1527667441',
)
[ info ] [ PARAM ] array (
)
[ info ] [ SESSION ] INIT array (
  'id' => '',
  'var_session_id' => '',
  'prefix' => 'think',
  'type' => '',
  'auto_start' => true,
)
[ info ] [ RUN ] app\admin\controller\City->lst_water[ E:\WWW\huaxian\application\admin\controller\City.php ]
[ info ] [ DB ] INIT mysql
[ info ] [ VIEW ] E:\WWW\huaxian\public/../application/admin\view\city\lst_water.html [ array (
  0 => 'list',
) ]
[ info ] [ LOG ] INIT File
[ sql ] [ DB ] CONNECT:[ UseTime:0.010797s ] mysql:dbname=huaxian;host=127.0.0.1;charset=utf8
[ sql ] [ SQL ] SHOW COLUMNS FROM `tr_water` [ RunTime:0.006576s ]
[ sql ] [ SQL ] SELECT * FROM `tr_water` ORDER BY id desc LIMIT 1 [ RunTime:0.000505s ]
---------------------------------------------------------------
[ 2018-05-30T18:27:26+08:00 ] 192.168.18.228 192.168.18.228 GET /huaxian/public/index.php/admin/city/lst_water.html
[ info ] 192.168.18.228/huaxian/public/index.php/admin/city/lst_water.html [运行时间：0.060900s][吞吐率：16.42req/s] [内存消耗：2,622.77kb] [文件加载：55]
[ info ] [ LANG ] E:\WWW\huaxian\thinkphp\lang\zh-cn.php
[ info ] [ ROUTE ] array (
  'type' => 'module',
  'module' => 
  array (
    0 => 'admin',
    1 => 'city',
    2 => 'lst_water',
  ),
)
[ info ] [ HEADER ] array (
  'host' => '192.168.18.228',
  'connection' => 'keep-alive',
  'upgrade-insecure-requests' => '1',
  'user-agent' => 'Mozilla/5.0 (Windows NT 10.0; WOW64) AppleWebKit/537.36 (KHTML, like Gecko) Chrome/64.0.3282.119 Safari/537.36',
  'accept' => 'text/html,application/xhtml+xml,application/xml;q=0.9,image/webp,image/apng,*/*;q=0.8',
  'referer' => 'http://192.168.18.228/huaxian/public/index.php/admin/index/index.html',
  'accept-encoding' => 'gzip, deflate',
  'accept-language' => 'zh-CN,zh;q=0.9,en;q=0.8,fr-FR;q=0.7,fr;q=0.6,ko;q=0.5,ja;q=0.4,th;q=0.3,en-US;q=0.2,en-GB;q=0.1',
  'cookie' => 'PHPSESSID=l89n0tdtb3ib6figv6eikip144; Hm_lvt_080836300300be57b7f34f4b3e97d911=1527470385,1527554447,1527587896,1527639241; Hm_lpvt_080836300300be57b7f34f4b3e97d911=1527667441',
)
[ info ] [ PARAM ] array (
)
[ info ] [ SESSION ] INIT array (
  'id' => '',
  'var_session_id' => '',
  'prefix' => 'think',
  'type' => '',
  'auto_start' => true,
)
[ info ] [ RUN ] app\admin\controller\City->lst_water[ E:\WWW\huaxian\application\admin\controller\City.php ]
[ info ] [ DB ] INIT mysql
[ info ] [ VIEW ] E:\WWW\huaxian\public/../application/admin\view\city\lst_water.html [ array (
  0 => 'list',
) ]
[ info ] [ LOG ] INIT File
[ sql ] [ DB ] CONNECT:[ UseTime:0.011074s ] mysql:dbname=huaxian;host=127.0.0.1;charset=utf8
[ sql ] [ SQL ] SHOW COLUMNS FROM `tr_water` [ RunTime:0.006276s ]
[ sql ] [ SQL ] SELECT * FROM `tr_water` ORDER BY id desc LIMIT 1 [ RunTime:0.000429s ]
---------------------------------------------------------------
[ 2018-05-30T18:27:26+08:00 ] 192.168.18.228 192.168.18.228 GET /huaxian/public/index.php/admin/city/lst_liutong.html
[ info ] 192.168.18.228/huaxian/public/index.php/admin/city/lst_liutong.html [运行时间：0.054121s][吞吐率：18.48req/s] [内存消耗：2,622.93kb] [文件加载：55]
[ info ] [ LANG ] E:\WWW\huaxian\thinkphp\lang\zh-cn.php
[ info ] [ ROUTE ] array (
  'type' => 'module',
  'module' => 
  array (
    0 => 'admin',
    1 => 'city',
    2 => 'lst_liutong',
  ),
)
[ info ] [ HEADER ] array (
  'host' => '192.168.18.228',
  'connection' => 'keep-alive',
  'upgrade-insecure-requests' => '1',
  'user-agent' => 'Mozilla/5.0 (Windows NT 10.0; WOW64) AppleWebKit/537.36 (KHTML, like Gecko) Chrome/64.0.3282.119 Safari/537.36',
  'accept' => 'text/html,application/xhtml+xml,application/xml;q=0.9,image/webp,image/apng,*/*;q=0.8',
  'referer' => 'http://192.168.18.228/huaxian/public/index.php/admin/index/index.html',
  'accept-encoding' => 'gzip, deflate',
  'accept-language' => 'zh-CN,zh;q=0.9,en;q=0.8,fr-FR;q=0.7,fr;q=0.6,ko;q=0.5,ja;q=0.4,th;q=0.3,en-US;q=0.2,en-GB;q=0.1',
  'cookie' => 'PHPSESSID=l89n0tdtb3ib6figv6eikip144; Hm_lvt_080836300300be57b7f34f4b3e97d911=1527470385,1527554447,1527587896,1527639241; Hm_lpvt_080836300300be57b7f34f4b3e97d911=1527667441',
)
[ info ] [ PARAM ] array (
)
[ info ] [ SESSION ] INIT array (
  'id' => '',
  'var_session_id' => '',
  'prefix' => 'think',
  'type' => '',
  'auto_start' => true,
)
[ info ] [ RUN ] app\admin\controller\City->lst_liutong[ E:\WWW\huaxian\application\admin\controller\City.php ]
[ info ] [ DB ] INIT mysql
[ info ] [ VIEW ] E:\WWW\huaxian\public/../application/admin\view\city\lst_liutong.html [ array (
  0 => 'list',
) ]
[ info ] [ LOG ] INIT File
[ sql ] [ DB ] CONNECT:[ UseTime:0.011188s ] mysql:dbname=huaxian;host=127.0.0.1;charset=utf8
[ sql ] [ SQL ] SHOW COLUMNS FROM `tr_liutong` [ RunTime:0.006431s ]
[ sql ] [ SQL ] SELECT * FROM `tr_liutong` ORDER BY id desc LIMIT 1 [ RunTime:0.000466s ]
---------------------------------------------------------------
[ 2018-05-30T18:27:27+08:00 ] 192.168.18.228 192.168.18.228 GET /huaxian/public/index.php/admin/city/lst_yuanqu.html
[ info ] 192.168.18.228/huaxian/public/index.php/admin/city/lst_yuanqu.html [运行时间：0.055448s][吞吐率：18.03req/s] [内存消耗：2,881.32kb] [文件加载：55]
[ info ] [ LANG ] E:\WWW\huaxian\thinkphp\lang\zh-cn.php
[ info ] [ ROUTE ] array (
  'type' => 'module',
  'module' => 
  array (
    0 => 'admin',
    1 => 'city',
    2 => 'lst_yuanqu',
  ),
)
[ info ] [ HEADER ] array (
  'host' => '192.168.18.228',
  'connection' => 'keep-alive',
  'upgrade-insecure-requests' => '1',
  'user-agent' => 'Mozilla/5.0 (Windows NT 10.0; WOW64) AppleWebKit/537.36 (KHTML, like Gecko) Chrome/64.0.3282.119 Safari/537.36',
  'accept' => 'text/html,application/xhtml+xml,application/xml;q=0.9,image/webp,image/apng,*/*;q=0.8',
  'referer' => 'http://192.168.18.228/huaxian/public/index.php/admin/index/index.html',
  'accept-encoding' => 'gzip, deflate',
  'accept-language' => 'zh-CN,zh;q=0.9,en;q=0.8,fr-FR;q=0.7,fr;q=0.6,ko;q=0.5,ja;q=0.4,th;q=0.3,en-US;q=0.2,en-GB;q=0.1',
  'cookie' => 'PHPSESSID=l89n0tdtb3ib6figv6eikip144; Hm_lvt_080836300300be57b7f34f4b3e97d911=1527470385,1527554447,1527587896,1527639241; Hm_lpvt_080836300300be57b7f34f4b3e97d911=1527667441',
)
[ info ] [ PARAM ] array (
)
[ info ] [ SESSION ] INIT array (
  'id' => '',
  'var_session_id' => '',
  'prefix' => 'think',
  'type' => '',
  'auto_start' => true,
)
[ info ] [ RUN ] app\admin\controller\City->lst_yuanqu[ E:\WWW\huaxian\application\admin\controller\City.php ]
[ info ] [ DB ] INIT mysql
[ info ] [ VIEW ] E:\WWW\huaxian\public/../application/admin\view\city\lst_yuanqu.html [ array (
  0 => 'list',
) ]
[ info ] [ LOG ] INIT File
[ sql ] [ DB ] CONNECT:[ UseTime:0.011205s ] mysql:dbname=huaxian;host=127.0.0.1;charset=utf8
[ sql ] [ SQL ] SHOW COLUMNS FROM `tr_yuanqu` [ RunTime:0.005596s ]
[ sql ] [ SQL ] SELECT * FROM `tr_yuanqu` ORDER BY id desc LIMIT 1 [ RunTime:0.001112s ]
---------------------------------------------------------------
[ 2018-05-30T18:27:31+08:00 ] 192.168.18.228 192.168.18.228 GET /huaxian/public/index/city/index.html
[ info ] 192.168.18.228/huaxian/public/index/city/index.html [运行时间：0.110373s][吞吐率：9.06req/s] [内存消耗：2,901.62kb] [文件加载：57]
[ info ] [ LANG ] E:\WWW\huaxian\thinkphp\lang\zh-cn.php
[ info ] [ ROUTE ] array (
  'type' => 'module',
  'module' => 
  array (
    0 => 'index',
    1 => 'city',
    2 => 'index',
  ),
)
[ info ] [ HEADER ] array (
  'host' => '192.168.18.228',
  'connection' => 'keep-alive',
  'cache-control' => 'max-age=0',
  'upgrade-insecure-requests' => '1',
  'user-agent' => 'Mozilla/5.0 (Windows NT 10.0; WOW64) AppleWebKit/537.36 (KHTML, like Gecko) Chrome/64.0.3282.119 Safari/537.36',
  'accept' => 'text/html,application/xhtml+xml,application/xml;q=0.9,image/webp,image/apng,*/*;q=0.8',
  'referer' => 'http://192.168.18.228/huaxian/public/index/index/help.html',
  'accept-encoding' => 'gzip, deflate',
  'accept-language' => 'zh-CN,zh;q=0.9,en;q=0.8,fr-FR;q=0.7,fr;q=0.6,ko;q=0.5,ja;q=0.4,th;q=0.3,en-US;q=0.2,en-GB;q=0.1',
  'cookie' => 'PHPSESSID=l89n0tdtb3ib6figv6eikip144; Hm_lvt_080836300300be57b7f34f4b3e97d911=1527470385,1527554447,1527587896,1527639241; Hm_lpvt_080836300300be57b7f34f4b3e97d911=1527667441',
)
[ info ] [ PARAM ] array (
)
[ info ] [ SESSION ] INIT array (
  'id' => '',
  'var_session_id' => '',
  'prefix' => 'think',
  'type' => '',
  'auto_start' => true,
)
[ info ] [ DB ] INIT mysql
[ info ] [ RUN ] app\index\controller\City->index[ E:\WWW\huaxian\application\index\controller\City.php ]
[ info ] [ VIEW ] E:\WWW\huaxian\public/../application/index\view\city\index.html [ array (
  0 => 'username',
  1 => 'id',
  2 => 'link',
  3 => 'jinhe',
  4 => 'basic',
  5 => 'main',
  6 => 'plan',
  7 => 'yuanqu',
  8 => 'liutong',
  9 => 'water',
) ]
[ info ] [ LOG ] INIT File
[ sql ] [ DB ] CONNECT:[ UseTime:0.011390s ] mysql:dbname=huaxian;host=127.0.0.1;charset=utf8
[ sql ] [ SQL ] SHOW COLUMNS FROM `tr_link` [ RunTime:0.006480s ]
[ sql ] [ SQL ] SELECT * FROM `tr_link` ORDER BY id desc LIMIT 5 [ RunTime:0.000683s ]
[ sql ] [ SQL ] SHOW COLUMNS FROM `tr_jinhe` [ RunTime:0.005897s ]
[ sql ] [ SQL ] SELECT * FROM `tr_jinhe` ORDER BY id desc [ RunTime:0.000603s ]
[ sql ] [ SQL ] SHOW COLUMNS FROM `tr_basics` [ RunTime:0.006224s ]
[ sql ] [ SQL ] SELECT * FROM `tr_basics` ORDER BY id desc LIMIT 1 [ RunTime:0.000477s ]
[ sql ] [ SQL ] SHOW COLUMNS FROM `tr_main` [ RunTime:0.006350s ]
[ sql ] [ SQL ] SELECT * FROM `tr_main` ORDER BY id desc LIMIT 1 [ RunTime:0.000458s ]
[ sql ] [ SQL ] SHOW COLUMNS FROM `tr_plan` [ RunTime:0.005385s ]
[ sql ] [ SQL ] SELECT * FROM `tr_plan` ORDER BY id desc LIMIT 1 [ RunTime:0.000373s ]
[ sql ] [ SQL ] SHOW COLUMNS FROM `tr_yuanqu` [ RunTime:0.005754s ]
[ sql ] [ SQL ] SELECT * FROM `tr_yuanqu` ORDER BY id desc LIMIT 1 [ RunTime:0.001629s ]
[ sql ] [ SQL ] SHOW COLUMNS FROM `tr_liutong` [ RunTime:0.006419s ]
[ sql ] [ SQL ] SELECT * FROM `tr_liutong` ORDER BY id desc LIMIT 1 [ RunTime:0.000404s ]
[ sql ] [ SQL ] SHOW COLUMNS FROM `tr_water` [ RunTime:0.006193s ]
[ sql ] [ SQL ] SELECT * FROM `tr_water` ORDER BY id desc LIMIT 1 [ RunTime:0.000413s ]
---------------------------------------------------------------
[ 2018-05-30T18:27:37+08:00 ] 192.168.18.228 192.168.18.228 GET /huaxian/public/index.php/admin/city/lst_basics.html
[ info ] 192.168.18.228/huaxian/public/index.php/admin/city/lst_basics.html [运行时间：0.066076s][吞吐率：15.13req/s] [内存消耗：2,621.36kb] [文件加载：55]
[ info ] [ LANG ] E:\WWW\huaxian\thinkphp\lang\zh-cn.php
[ info ] [ ROUTE ] array (
  'type' => 'module',
  'module' => 
  array (
    0 => 'admin',
    1 => 'city',
    2 => 'lst_basics',
  ),
)
[ info ] [ HEADER ] array (
  'host' => '192.168.18.228',
  'connection' => 'keep-alive',
  'upgrade-insecure-requests' => '1',
  'user-agent' => 'Mozilla/5.0 (Windows NT 10.0; WOW64) AppleWebKit/537.36 (KHTML, like Gecko) Chrome/64.0.3282.119 Safari/537.36',
  'accept' => 'text/html,application/xhtml+xml,application/xml;q=0.9,image/webp,image/apng,*/*;q=0.8',
  'referer' => 'http://192.168.18.228/huaxian/public/index.php/admin/index/index.html',
  'accept-encoding' => 'gzip, deflate',
  'accept-language' => 'zh-CN,zh;q=0.9,en;q=0.8,fr-FR;q=0.7,fr;q=0.6,ko;q=0.5,ja;q=0.4,th;q=0.3,en-US;q=0.2,en-GB;q=0.1',
  'cookie' => 'PHPSESSID=l89n0tdtb3ib6figv6eikip144; Hm_lvt_080836300300be57b7f34f4b3e97d911=1527470385,1527554447,1527587896,1527639241; Hm_lpvt_080836300300be57b7f34f4b3e97d911=1527667441',
)
[ info ] [ PARAM ] array (
)
[ info ] [ SESSION ] INIT array (
  'id' => '',
  'var_session_id' => '',
  'prefix' => 'think',
  'type' => '',
  'auto_start' => true,
)
[ info ] [ RUN ] app\admin\controller\City->lst_basics[ E:\WWW\huaxian\application\admin\controller\City.php ]
[ info ] [ DB ] INIT mysql
[ info ] [ VIEW ] E:\WWW\huaxian\public/../application/admin\view\city\lst_basics.html [ array (
  0 => 'list',
) ]
[ info ] [ LOG ] INIT File
[ sql ] [ DB ] CONNECT:[ UseTime:0.011505s ] mysql:dbname=huaxian;host=127.0.0.1;charset=utf8
[ sql ] [ SQL ] SHOW COLUMNS FROM `tr_basics` [ RunTime:0.005755s ]
[ sql ] [ SQL ] SELECT * FROM `tr_basics` ORDER BY id desc LIMIT 1 [ RunTime:0.000462s ]
---------------------------------------------------------------
[ 2018-05-30T18:27:39+08:00 ] 192.168.18.228 192.168.18.228 GET /huaxian/public/index.php/admin/city/basicsedit/id/1.html
[ info ] 192.168.18.228/huaxian/public/index.php/admin/city/basicsedit/id/1.html [运行时间：0.063346s][吞吐率：15.79req/s] [内存消耗：2,623.49kb] [文件加载：55]
[ info ] [ LANG ] E:\WWW\huaxian\thinkphp\lang\zh-cn.php
[ info ] [ ROUTE ] array (
  'type' => 'module',
  'module' => 
  array (
    0 => 'admin',
    1 => 'city',
    2 => 'basicsedit',
  ),
)
[ info ] [ HEADER ] array (
  'host' => '192.168.18.228',
  'connection' => 'keep-alive',
  'upgrade-insecure-requests' => '1',
  'user-agent' => 'Mozilla/5.0 (Windows NT 10.0; WOW64) AppleWebKit/537.36 (KHTML, like Gecko) Chrome/64.0.3282.119 Safari/537.36',
  'accept' => 'text/html,application/xhtml+xml,application/xml;q=0.9,image/webp,image/apng,*/*;q=0.8',
  'referer' => 'http://192.168.18.228/huaxian/public/index.php/admin/city/lst_basics.html',
  'accept-encoding' => 'gzip, deflate',
  'accept-language' => 'zh-CN,zh;q=0.9,en;q=0.8,fr-FR;q=0.7,fr;q=0.6,ko;q=0.5,ja;q=0.4,th;q=0.3,en-US;q=0.2,en-GB;q=0.1',
  'cookie' => 'PHPSESSID=l89n0tdtb3ib6figv6eikip144; Hm_lvt_080836300300be57b7f34f4b3e97d911=1527470385,1527554447,1527587896,1527639241; Hm_lpvt_080836300300be57b7f34f4b3e97d911=1527667441',
)
[ info ] [ PARAM ] array (
  'id' => '1',
)
[ info ] [ SESSION ] INIT array (
  'id' => '',
  'var_session_id' => '',
  'prefix' => 'think',
  'type' => '',
  'auto_start' => true,
)
[ info ] [ RUN ] app\admin\controller\City->basicsedit[ E:\WWW\huaxian\application\admin\controller\City.php ]
[ info ] [ DB ] INIT mysql
[ info ] [ VIEW ] E:\WWW\huaxian\public/../application/admin\view\city\basics-edit.html [ array (
  0 => 'id',
  1 => 'list',
) ]
[ info ] [ LOG ] INIT File
[ sql ] [ DB ] CONNECT:[ UseTime:0.011735s ] mysql:dbname=huaxian;host=127.0.0.1;charset=utf8
[ sql ] [ SQL ] SHOW COLUMNS FROM `tr_basics` [ RunTime:0.006893s ]
[ sql ] [ SQL ] SELECT * FROM `tr_basics` WHERE  `id` = 1 LIMIT 1 [ RunTime:0.000519s ]
---------------------------------------------------------------
[ 2018-05-30T18:27:42+08:00 ] 192.168.18.228 192.168.18.228 POST /huaxian/public/index.php/admin/city/basicsedit.html
[ info ] 192.168.18.228/huaxian/public/index.php/admin/city/basicsedit.html [运行时间：0.071078s][吞吐率：14.07req/s] [内存消耗：2,741.24kb] [文件加载：59]
[ info ] [ LANG ] E:\WWW\huaxian\thinkphp\lang\zh-cn.php
[ info ] [ ROUTE ] array (
  'type' => 'module',
  'module' => 
  array (
    0 => 'admin',
    1 => 'city',
    2 => 'basicsedit',
  ),
)
[ info ] [ HEADER ] array (
  'host' => '192.168.18.228',
  'connection' => 'keep-alive',
  'content-length' => '2854',
  'cache-control' => 'max-age=0',
  'origin' => 'http://192.168.18.228',
  'upgrade-insecure-requests' => '1',
  'content-type' => 'multipart/form-data; boundary=----WebKitFormBoundaryxZzAG8ZdT0ca2ybr',
  'user-agent' => 'Mozilla/5.0 (Windows NT 10.0; WOW64) AppleWebKit/537.36 (KHTML, like Gecko) Chrome/64.0.3282.119 Safari/537.36',
  'accept' => 'text/html,application/xhtml+xml,application/xml;q=0.9,image/webp,image/apng,*/*;q=0.8',
  'referer' => 'http://192.168.18.228/huaxian/public/index.php/admin/city/basicsedit/id/1.html',
  'accept-encoding' => 'gzip, deflate',
  'accept-language' => 'zh-CN,zh;q=0.9,en;q=0.8,fr-FR;q=0.7,fr;q=0.6,ko;q=0.5,ja;q=0.4,th;q=0.3,en-US;q=0.2,en-GB;q=0.1',
  'cookie' => 'PHPSESSID=l89n0tdtb3ib6figv6eikip144; Hm_lvt_080836300300be57b7f34f4b3e97d911=1527470385,1527554447,1527587896,1527639241; Hm_lpvt_080836300300be57b7f34f4b3e97d911=1527667441',
)
[ info ] [ PARAM ] array (
  'id' => '1',
  'description' => '当日，昆明地铁4、5号线正在进行建设，由于施工影响，穿城而过的一段百年滇越铁路被拆除，“老铁路”为“新铁路”建设让步...当日，昆明地铁4、5号线正在进行建设，由于施工影响，穿城而过的一段百年滇越铁路被拆除，“老铁路”为“新铁路”建设让步...当日，昆明地铁4、5号线正在进行建设，由于施工影响，穿城而过的一段百年滇越铁路被拆除，“老铁路”为“新铁路”建设让步...',
  'health' => '滑县卫生系统共有27加公立医疗机构，其中包括滑县人民医院、滑县中医院、滑县中心医院等3家县级医疗单位，22个乡镇卫生院和县卫生防疫站、县妇幼保健院两家防疫保健机构。拥有1230张床位。全系统1670名卫生人员中有卫生专业技术人员735名，具有副高以上职称者23人，中级职称者234人，初级职称者455人。房屋总建筑面积90864平方米。产业集聚区辖区内有滑县人民医院、新滑医院、产业集聚区社区医疗服务中心、秦剑皮肤病医院、永安妇科医院、妇幼保健院、正骨医院、五官医院七家医院，年接诊量70万人次。',
  'culture' => '滑县历史悠久，文化灿烂，是华夏文化的主要发祥地之一。境内名胜古迹众多，著名的瓦岗寨遗址、国家级重点文物明福寺塔、欧阳书院正在开发建设。滑县木版年画、大弦戏、大平调等被列入国家级非物质文化遗产名录，道口锡器、秦氏绢艺、安绣、故道家纺老粗布等民间工艺驰名中外。已有近400年历史的地方特产道口烧鸡被誉为“中华第一鸡”，荣获国家级传统知名品牌原产地域保护。全县共组织实施科技项目10项，其中国家级项目1项，省级项目9项，全年完成重大科技成果2项。专利申请量达到221件，授权量133件。产业集聚区高新技术企业5家，发明专利和自有知识产权拥有量日渐提升。',
  'edu' => '截止2012年，滑县共有各级各类学校488所，特殊教育学校1所，教师进修学校1所，普通高中6所，职业高中2所，初级中学55所，小学319所，幼儿园104所。产业集聚区共有英民中学、英民小学、第六高级中学、裳华职业中专等学校12个，2017年底在校学生23191人，教职工1139人。',
)
[ info ] [ SESSION ] INIT array (
  'id' => '',
  'var_session_id' => '',
  'prefix' => 'think',
  'type' => '',
  'auto_start' => true,
)
[ info ] [ RUN ] app\admin\controller\City->basicsedit[ E:\WWW\huaxian\application\admin\controller\City.php ]
[ info ] [ DB ] INIT mysql
[ info ] [ CACHE ] INIT File
[ info ] [ LOG ] INIT File
[ sql ] [ DB ] CONNECT:[ UseTime:0.010331s ] mysql:dbname=huaxian;host=127.0.0.1;charset=utf8
[ sql ] [ SQL ] SHOW COLUMNS FROM `tr_basics` [ RunTime:0.007628s ]
[ sql ] [ SQL ] SELECT * FROM `tr_basics` WHERE  `id` = 1 LIMIT 1 [ RunTime:0.000475s ]
[ sql ] [ SQL ] UPDATE `tr_basics`  SET `description`='当日，昆明地铁4、5号线正在进行建设，由于施工影响，穿城而过的一段百年滇越铁路被拆除，“老铁路”为“新铁路”建设让步...当日，昆明地铁4、5号线正在进行建设，由于施工影响，穿城而过的一段百年滇越铁路被拆除，“老铁路”为“新铁路”建设让步...当日，昆明地铁4、5号线正在进行建设，由于施工影响，穿城而过的一段百年滇越铁路被拆除，“老铁路”为“新铁路”建设让步...',`health`='滑县卫生系统共有27加公立医疗机构，其中包括滑县人民医院、滑县中医院、滑县中心医院等3家县级医疗单位，22个乡镇卫生院和县卫生防疫站、县妇幼保健院两家防疫保健机构。拥有1230张床位。全系统1670名卫生人员中有卫生专业技术人员735名，具有副高以上职称者23人，中级职称者234人，初级职称者455人。房屋总建筑面积90864平方米。产业集聚区辖区内有滑县人民医院、新滑医院、产业集聚区社区医疗服务中心、秦剑皮肤病医院、永安妇科医院、妇幼保健院、正骨医院、五官医院七家医院，年接诊量70万人次。',`culture`='滑县历史悠久，文化灿烂，是华夏文化的主要发祥地之一。境内名胜古迹众多，著名的瓦岗寨遗址、国家级重点文物明福寺塔、欧阳书院正在开发建设。滑县木版年画、大弦戏、大平调等被列入国家级非物质文化遗产名录，道口锡器、秦氏绢艺、安绣、故道家纺老粗布等民间工艺驰名中外。已有近400年历史的地方特产道口烧鸡被誉为“中华第一鸡”，荣获国家级传统知名品牌原产地域保护。全县共组织实施科技项目10项，其中国家级项目1项，省级项目9项，全年完成重大科技成果2项。专利申请量达到221件，授权量133件。产业集聚区高新技术企业5家，发明专利和自有知识产权拥有量日渐提升。',`edu`='截止2012年，滑县共有各级各类学校488所，特殊教育学校1所，教师进修学校1所，普通高中6所，职业高中2所，初级中学55所，小学319所，幼儿园104所。产业集聚区共有英民中学、英民小学、第六高级中学、裳华职业中专等学校12个，2017年底在校学生23191人，教职工1139人。',`user`='admin',`time`='2018-05-30 18:27:42'  WHERE  `id` = 1 [ RunTime:0.000646s ]
---------------------------------------------------------------
[ 2018-05-30T18:27:43+08:00 ] 192.168.18.228 192.168.18.228 GET /huaxian/public/index.php/admin/city/basicsedit_success.html
[ info ] 192.168.18.228/huaxian/public/index.php/admin/city/basicsedit_success.html [运行时间：0.035861s][吞吐率：27.89req/s] [内存消耗：1,885.05kb] [文件加载：48]
[ info ] [ LANG ] E:\WWW\huaxian\thinkphp\lang\zh-cn.php
[ info ] [ ROUTE ] array (
  'type' => 'module',
  'module' => 
  array (
    0 => 'admin',
    1 => 'city',
    2 => 'basicsedit_success',
  ),
)
[ info ] [ HEADER ] array (
  'host' => '192.168.18.228',
  'connection' => 'keep-alive',
  'cache-control' => 'max-age=0',
  'upgrade-insecure-requests' => '1',
  'user-agent' => 'Mozilla/5.0 (Windows NT 10.0; WOW64) AppleWebKit/537.36 (KHTML, like Gecko) Chrome/64.0.3282.119 Safari/537.36',
  'accept' => 'text/html,application/xhtml+xml,application/xml;q=0.9,image/webp,image/apng,*/*;q=0.8',
  'referer' => 'http://192.168.18.228/huaxian/public/index.php/admin/city/basicsedit/id/1.html',
  'accept-encoding' => 'gzip, deflate',
  'accept-language' => 'zh-CN,zh;q=0.9,en;q=0.8,fr-FR;q=0.7,fr;q=0.6,ko;q=0.5,ja;q=0.4,th;q=0.3,en-US;q=0.2,en-GB;q=0.1',
  'cookie' => 'PHPSESSID=l89n0tdtb3ib6figv6eikip144; Hm_lvt_080836300300be57b7f34f4b3e97d911=1527470385,1527554447,1527587896,1527639241; Hm_lpvt_080836300300be57b7f34f4b3e97d911=1527667441',
)
[ info ] [ PARAM ] array (
)
[ info ] [ SESSION ] INIT array (
  'id' => '',
  'var_session_id' => '',
  'prefix' => 'think',
  'type' => '',
  'auto_start' => true,
)
[ info ] [ RUN ] app\admin\controller\City->basicsedit_success[ E:\WWW\huaxian\application\admin\controller\City.php ]
[ info ] [ VIEW ] E:\WWW\huaxian\public/../application/admin\view\city\basicsedit-success.html [ array (
) ]
[ info ] [ LOG ] INIT File
---------------------------------------------------------------
[ 2018-05-30T18:27:44+08:00 ] 192.168.18.228 192.168.18.228 GET /huaxian/public/index.php/admin/city/lst_basics.html
[ info ] 192.168.18.228/huaxian/public/index.php/admin/city/lst_basics.html [运行时间：0.051426s][吞吐率：19.45req/s] [内存消耗：2,622.93kb] [文件加载：55]
[ info ] [ LANG ] E:\WWW\huaxian\thinkphp\lang\zh-cn.php
[ info ] [ ROUTE ] array (
  'type' => 'module',
  'module' => 
  array (
    0 => 'admin',
    1 => 'city',
    2 => 'lst_basics',
  ),
)
[ info ] [ HEADER ] array (
  'host' => '192.168.18.228',
  'connection' => 'keep-alive',
  'upgrade-insecure-requests' => '1',
  'user-agent' => 'Mozilla/5.0 (Windows NT 10.0; WOW64) AppleWebKit/537.36 (KHTML, like Gecko) Chrome/64.0.3282.119 Safari/537.36',
  'accept' => 'text/html,application/xhtml+xml,application/xml;q=0.9,image/webp,image/apng,*/*;q=0.8',
  'referer' => 'http://192.168.18.228/huaxian/public/index.php/admin/city/basicsedit_success.html',
  'accept-encoding' => 'gzip, deflate',
  'accept-language' => 'zh-CN,zh;q=0.9,en;q=0.8,fr-FR;q=0.7,fr;q=0.6,ko;q=0.5,ja;q=0.4,th;q=0.3,en-US;q=0.2,en-GB;q=0.1',
  'cookie' => 'PHPSESSID=l89n0tdtb3ib6figv6eikip144; Hm_lvt_080836300300be57b7f34f4b3e97d911=1527470385,1527554447,1527587896,1527639241; Hm_lpvt_080836300300be57b7f34f4b3e97d911=1527667441',
)
[ info ] [ PARAM ] array (
)
[ info ] [ SESSION ] INIT array (
  'id' => '',
  'var_session_id' => '',
  'prefix' => 'think',
  'type' => '',
  'auto_start' => true,
)
[ info ] [ RUN ] app\admin\controller\City->lst_basics[ E:\WWW\huaxian\application\admin\controller\City.php ]
[ info ] [ DB ] INIT mysql
[ info ] [ VIEW ] E:\WWW\huaxian\public/../application/admin\view\city\lst_basics.html [ array (
  0 => 'list',
) ]
[ info ] [ LOG ] INIT File
[ sql ] [ DB ] CONNECT:[ UseTime:0.001393s ] mysql:dbname=huaxian;host=127.0.0.1;charset=utf8
[ sql ] [ SQL ] SHOW COLUMNS FROM `tr_basics` [ RunTime:0.005756s ]
[ sql ] [ SQL ] SELECT * FROM `tr_basics` ORDER BY id desc LIMIT 1 [ RunTime:0.000502s ]
---------------------------------------------------------------
[ 2018-05-30T18:27:47+08:00 ] 192.168.18.228 192.168.18.228 GET /huaxian/public/index/city/index.html
[ info ] 192.168.18.228/huaxian/public/index/city/index.html [运行时间：0.110850s][吞吐率：9.02req/s] [内存消耗：2,726.07kb] [文件加载：55]
[ info ] [ LANG ] E:\WWW\huaxian\thinkphp\lang\zh-cn.php
[ info ] [ ROUTE ] array (
  'type' => 'module',
  'module' => 
  array (
    0 => 'index',
    1 => 'city',
    2 => 'index',
  ),
)
[ info ] [ HEADER ] array (
  'host' => '192.168.18.228',
  'connection' => 'keep-alive',
  'cache-control' => 'max-age=0',
  'upgrade-insecure-requests' => '1',
  'user-agent' => 'Mozilla/5.0 (Windows NT 10.0; WOW64) AppleWebKit/537.36 (KHTML, like Gecko) Chrome/64.0.3282.119 Safari/537.36',
  'accept' => 'text/html,application/xhtml+xml,application/xml;q=0.9,image/webp,image/apng,*/*;q=0.8',
  'referer' => 'http://192.168.18.228/huaxian/public/index/index/help.html',
  'accept-encoding' => 'gzip, deflate',
  'accept-language' => 'zh-CN,zh;q=0.9,en;q=0.8,fr-FR;q=0.7,fr;q=0.6,ko;q=0.5,ja;q=0.4,th;q=0.3,en-US;q=0.2,en-GB;q=0.1',
  'cookie' => 'PHPSESSID=l89n0tdtb3ib6figv6eikip144; Hm_lvt_080836300300be57b7f34f4b3e97d911=1527470385,1527554447,1527587896,1527639241; Hm_lpvt_080836300300be57b7f34f4b3e97d911=1527667441',
)
[ info ] [ PARAM ] array (
)
[ info ] [ SESSION ] INIT array (
  'id' => '',
  'var_session_id' => '',
  'prefix' => 'think',
  'type' => '',
  'auto_start' => true,
)
[ info ] [ DB ] INIT mysql
[ info ] [ RUN ] app\index\controller\City->index[ E:\WWW\huaxian\application\index\controller\City.php ]
[ info ] [ VIEW ] E:\WWW\huaxian\public/../application/index\view\city\index.html [ array (
  0 => 'username',
  1 => 'id',
  2 => 'link',
  3 => 'jinhe',
  4 => 'basic',
  5 => 'main',
  6 => 'plan',
  7 => 'yuanqu',
  8 => 'liutong',
  9 => 'water',
) ]
[ info ] [ LOG ] INIT File
[ sql ] [ DB ] CONNECT:[ UseTime:0.010095s ] mysql:dbname=huaxian;host=127.0.0.1;charset=utf8
[ sql ] [ SQL ] SHOW COLUMNS FROM `tr_link` [ RunTime:0.006308s ]
[ sql ] [ SQL ] SELECT * FROM `tr_link` ORDER BY id desc LIMIT 5 [ RunTime:0.000524s ]
[ sql ] [ SQL ] SHOW COLUMNS FROM `tr_jinhe` [ RunTime:0.006173s ]
[ sql ] [ SQL ] SELECT * FROM `tr_jinhe` ORDER BY id desc [ RunTime:0.000453s ]
[ sql ] [ SQL ] SHOW COLUMNS FROM `tr_basics` [ RunTime:0.005794s ]
[ sql ] [ SQL ] SELECT * FROM `tr_basics` ORDER BY id desc LIMIT 1 [ RunTime:0.000392s ]
[ sql ] [ SQL ] SHOW COLUMNS FROM `tr_main` [ RunTime:0.005508s ]
[ sql ] [ SQL ] SELECT * FROM `tr_main` ORDER BY id desc LIMIT 1 [ RunTime:0.000422s ]
[ sql ] [ SQL ] SHOW COLUMNS FROM `tr_plan` [ RunTime:0.006098s ]
[ sql ] [ SQL ] SELECT * FROM `tr_plan` ORDER BY id desc LIMIT 1 [ RunTime:0.000377s ]
[ sql ] [ SQL ] SHOW COLUMNS FROM `tr_yuanqu` [ RunTime:0.006372s ]
[ sql ] [ SQL ] SELECT * FROM `tr_yuanqu` ORDER BY id desc LIMIT 1 [ RunTime:0.000864s ]
[ sql ] [ SQL ] SHOW COLUMNS FROM `tr_liutong` [ RunTime:0.005786s ]
[ sql ] [ SQL ] SELECT * FROM `tr_liutong` ORDER BY id desc LIMIT 1 [ RunTime:0.000481s ]
[ sql ] [ SQL ] SHOW COLUMNS FROM `tr_water` [ RunTime:0.006933s ]
[ sql ] [ SQL ] SELECT * FROM `tr_water` ORDER BY id desc LIMIT 1 [ RunTime:0.000332s ]
---------------------------------------------------------------
[ 2018-05-30T18:28:10+08:00 ] 192.168.18.228 192.168.18.228 GET /huaxian/public/index/city/index.html
[ info ] 192.168.18.228/huaxian/public/index/city/index.html [运行时间：0.107532s][吞吐率：9.30req/s] [内存消耗：2,899.46kb] [文件加载：57]
[ info ] [ LANG ] E:\WWW\huaxian\thinkphp\lang\zh-cn.php
[ info ] [ ROUTE ] array (
  'type' => 'module',
  'module' => 
  array (
    0 => 'index',
    1 => 'city',
    2 => 'index',
  ),
)
[ info ] [ HEADER ] array (
  'host' => '192.168.18.228',
  'connection' => 'keep-alive',
  'pragma' => 'no-cache',
  'cache-control' => 'no-cache',
  'upgrade-insecure-requests' => '1',
  'user-agent' => 'Mozilla/5.0 (Windows NT 10.0; WOW64) AppleWebKit/537.36 (KHTML, like Gecko) Chrome/64.0.3282.119 Safari/537.36',
  'accept' => 'text/html,application/xhtml+xml,application/xml;q=0.9,image/webp,image/apng,*/*;q=0.8',
  'referer' => 'http://192.168.18.228/huaxian/public/index/index/help.html',
  'accept-encoding' => 'gzip, deflate',
  'accept-language' => 'zh-CN,zh;q=0.9,en;q=0.8,fr-FR;q=0.7,fr;q=0.6,ko;q=0.5,ja;q=0.4,th;q=0.3,en-US;q=0.2,en-GB;q=0.1',
  'cookie' => 'PHPSESSID=l89n0tdtb3ib6figv6eikip144; Hm_lvt_080836300300be57b7f34f4b3e97d911=1527470385,1527554447,1527587896,1527639241; Hm_lpvt_080836300300be57b7f34f4b3e97d911=1527667441',
)
[ info ] [ PARAM ] array (
)
[ info ] [ SESSION ] INIT array (
  'id' => '',
  'var_session_id' => '',
  'prefix' => 'think',
  'type' => '',
  'auto_start' => true,
)
[ info ] [ DB ] INIT mysql
[ info ] [ RUN ] app\index\controller\City->index[ E:\WWW\huaxian\application\index\controller\City.php ]
[ info ] [ VIEW ] E:\WWW\huaxian\public/../application/index\view\city\index.html [ array (
  0 => 'username',
  1 => 'id',
  2 => 'link',
  3 => 'jinhe',
  4 => 'basic',
  5 => 'main',
  6 => 'plan',
  7 => 'yuanqu',
  8 => 'liutong',
  9 => 'water',
) ]
[ info ] [ LOG ] INIT File
[ sql ] [ DB ] CONNECT:[ UseTime:0.010451s ] mysql:dbname=huaxian;host=127.0.0.1;charset=utf8
[ sql ] [ SQL ] SHOW COLUMNS FROM `tr_link` [ RunTime:0.005645s ]
[ sql ] [ SQL ] SELECT * FROM `tr_link` ORDER BY id desc LIMIT 5 [ RunTime:0.000552s ]
[ sql ] [ SQL ] SHOW COLUMNS FROM `tr_jinhe` [ RunTime:0.007264s ]
[ sql ] [ SQL ] SELECT * FROM `tr_jinhe` ORDER BY id desc [ RunTime:0.000542s ]
[ sql ] [ SQL ] SHOW COLUMNS FROM `tr_basics` [ RunTime:0.005929s ]
[ sql ] [ SQL ] SELECT * FROM `tr_basics` ORDER BY id desc LIMIT 1 [ RunTime:0.000353s ]
[ sql ] [ SQL ] SHOW COLUMNS FROM `tr_main` [ RunTime:0.005255s ]
[ sql ] [ SQL ] SELECT * FROM `tr_main` ORDER BY id desc LIMIT 1 [ RunTime:0.000368s ]
[ sql ] [ SQL ] SHOW COLUMNS FROM `tr_plan` [ RunTime:0.006254s ]
[ sql ] [ SQL ] SELECT * FROM `tr_plan` ORDER BY id desc LIMIT 1 [ RunTime:0.000414s ]
[ sql ] [ SQL ] SHOW COLUMNS FROM `tr_yuanqu` [ RunTime:0.005222s ]
[ sql ] [ SQL ] SELECT * FROM `tr_yuanqu` ORDER BY id desc LIMIT 1 [ RunTime:0.000848s ]
[ sql ] [ SQL ] SHOW COLUMNS FROM `tr_liutong` [ RunTime:0.006252s ]
[ sql ] [ SQL ] SELECT * FROM `tr_liutong` ORDER BY id desc LIMIT 1 [ RunTime:0.000368s ]
[ sql ] [ SQL ] SHOW COLUMNS FROM `tr_water` [ RunTime:0.005392s ]
[ sql ] [ SQL ] SELECT * FROM `tr_water` ORDER BY id desc LIMIT 1 [ RunTime:0.000487s ]
---------------------------------------------------------------
[ 2018-05-30T18:31:48+08:00 ] 192.168.18.228 192.168.18.228 GET /huaxian/public/index.php/admin/city/basicsedit/id/1.html
[ info ] 192.168.18.228/huaxian/public/index.php/admin/city/basicsedit/id/1.html [运行时间：0.077226s][吞吐率：12.95req/s] [内存消耗：2,624.97kb] [文件加载：55]
[ info ] [ LANG ] E:\WWW\huaxian\thinkphp\lang\zh-cn.php
[ info ] [ ROUTE ] array (
  'type' => 'module',
  'module' => 
  array (
    0 => 'admin',
    1 => 'city',
    2 => 'basicsedit',
  ),
)
[ info ] [ HEADER ] array (
  'host' => '192.168.18.228',
  'connection' => 'keep-alive',
  'upgrade-insecure-requests' => '1',
  'user-agent' => 'Mozilla/5.0 (Windows NT 10.0; WOW64) AppleWebKit/537.36 (KHTML, like Gecko) Chrome/64.0.3282.119 Safari/537.36',
  'accept' => 'text/html,application/xhtml+xml,application/xml;q=0.9,image/webp,image/apng,*/*;q=0.8',
  'referer' => 'http://192.168.18.228/huaxian/public/index.php/admin/city/lst_basics.html',
  'accept-encoding' => 'gzip, deflate',
  'accept-language' => 'zh-CN,zh;q=0.9,en;q=0.8,fr-FR;q=0.7,fr;q=0.6,ko;q=0.5,ja;q=0.4,th;q=0.3,en-US;q=0.2,en-GB;q=0.1',
  'cookie' => 'PHPSESSID=l89n0tdtb3ib6figv6eikip144; Hm_lvt_080836300300be57b7f34f4b3e97d911=1527470385,1527554447,1527587896,1527639241; Hm_lpvt_080836300300be57b7f34f4b3e97d911=1527667441',
)
[ info ] [ PARAM ] array (
  'id' => '1',
)
[ info ] [ SESSION ] INIT array (
  'id' => '',
  'var_session_id' => '',
  'prefix' => 'think',
  'type' => '',
  'auto_start' => true,
)
[ info ] [ RUN ] app\admin\controller\City->basicsedit[ E:\WWW\huaxian\application\admin\controller\City.php ]
[ info ] [ DB ] INIT mysql
[ info ] [ VIEW ] E:\WWW\huaxian\public/../application/admin\view\city\basics-edit.html [ array (
  0 => 'id',
  1 => 'list',
) ]
[ info ] [ LOG ] INIT File
[ sql ] [ DB ] CONNECT:[ UseTime:0.011768s ] mysql:dbname=huaxian;host=127.0.0.1;charset=utf8
[ sql ] [ SQL ] SHOW COLUMNS FROM `tr_basics` [ RunTime:0.006394s ]
[ sql ] [ SQL ] SELECT * FROM `tr_basics` WHERE  `id` = 1 LIMIT 1 [ RunTime:0.000434s ]
---------------------------------------------------------------
[ 2018-05-30T18:31:58+08:00 ] 192.168.18.228 192.168.18.228 POST /huaxian/public/index.php/admin/city/basicsedit.html
[ info ] 192.168.18.228/huaxian/public/index.php/admin/city/basicsedit.html [运行时间：0.075357s][吞吐率：13.27req/s] [内存消耗：2,738.97kb] [文件加载：59]
[ info ] [ LANG ] E:\WWW\huaxian\thinkphp\lang\zh-cn.php
[ info ] [ ROUTE ] array (
  'type' => 'module',
  'module' => 
  array (
    0 => 'admin',
    1 => 'city',
    2 => 'basicsedit',
  ),
)
[ info ] [ HEADER ] array (
  'host' => '192.168.18.228',
  'connection' => 'keep-alive',
  'content-length' => '2385',
  'cache-control' => 'max-age=0',
  'origin' => 'http://192.168.18.228',
  'upgrade-insecure-requests' => '1',
  'content-type' => 'multipart/form-data; boundary=----WebKitFormBoundaryb78fLDv3MmxyWRPk',
  'user-agent' => 'Mozilla/5.0 (Windows NT 10.0; WOW64) AppleWebKit/537.36 (KHTML, like Gecko) Chrome/64.0.3282.119 Safari/537.36',
  'accept' => 'text/html,application/xhtml+xml,application/xml;q=0.9,image/webp,image/apng,*/*;q=0.8',
  'referer' => 'http://192.168.18.228/huaxian/public/index.php/admin/city/basicsedit/id/1.html',
  'accept-encoding' => 'gzip, deflate',
  'accept-language' => 'zh-CN,zh;q=0.9,en;q=0.8,fr-FR;q=0.7,fr;q=0.6,ko;q=0.5,ja;q=0.4,th;q=0.3,en-US;q=0.2,en-GB;q=0.1',
  'cookie' => 'PHPSESSID=l89n0tdtb3ib6figv6eikip144; Hm_lvt_080836300300be57b7f34f4b3e97d911=1527470385,1527554447,1527587896,1527639241; Hm_lpvt_080836300300be57b7f34f4b3e97d911=1527667441',
)
[ info ] [ PARAM ] array (
  'id' => '1',
  'description' => '当日，昆明地铁4、5号线正在进行建设',
  'health' => '滑县卫生系统共有27加公立医疗机构，其中包括滑县人民医院、滑县中医院、滑县中心医院等3家县级医疗单位，22个乡镇卫生院和县卫生防疫站、县妇幼保健院两家防疫保健机构。拥有1230张床位。全系统1670名卫生人员中有卫生专业技术人员735名，具有副高以上职称者23人，中级职称者234人，初级职称者455人。房屋总建筑面积90864平方米。产业集聚区辖区内有滑县人民医院、新滑医院、产业集聚区社区医疗服务中心、秦剑皮肤病医院、永安妇科医院、妇幼保健院、正骨医院、五官医院七家医院，年接诊量70万人次。',
  'culture' => '滑县历史悠久，文化灿烂，是华夏文化的主要发祥地之一。境内名胜古迹众多，著名的瓦岗寨遗址、国家级重点文物明福寺塔、欧阳书院正在开发建设。滑县木版年画、大弦戏、大平调等被列入国家级非物质文化遗产名录，道口锡器、秦氏绢艺、安绣、故道家纺老粗布等民间工艺驰名中外。已有近400年历史的地方特产道口烧鸡被誉为“中华第一鸡”，荣获国家级传统知名品牌原产地域保护。全县共组织实施科技项目10项，其中国家级项目1项，省级项目9项，全年完成重大科技成果2项。专利申请量达到221件，授权量133件。产业集聚区高新技术企业5家，发明专利和自有知识产权拥有量日渐提升。',
  'edu' => '截止2012年，滑县共有各级各类学校488所，特殊教育学校1所，教师进修学校1所，普通高中6所，职业高中2所，初级中学55所，小学319所，幼儿园104所。产业集聚区共有英民中学、英民小学、第六高级中学、裳华职业中专等学校12个，2017年底在校学生23191人，教职工1139人。',
)
[ info ] [ SESSION ] INIT array (
  'id' => '',
  'var_session_id' => '',
  'prefix' => 'think',
  'type' => '',
  'auto_start' => true,
)
[ info ] [ RUN ] app\admin\controller\City->basicsedit[ E:\WWW\huaxian\application\admin\controller\City.php ]
[ info ] [ DB ] INIT mysql
[ info ] [ CACHE ] INIT File
[ info ] [ LOG ] INIT File
[ sql ] [ DB ] CONNECT:[ UseTime:0.010890s ] mysql:dbname=huaxian;host=127.0.0.1;charset=utf8
[ sql ] [ SQL ] SHOW COLUMNS FROM `tr_basics` [ RunTime:0.006757s ]
[ sql ] [ SQL ] SELECT * FROM `tr_basics` WHERE  `id` = 1 LIMIT 1 [ RunTime:0.000440s ]
[ sql ] [ SQL ] UPDATE `tr_basics`  SET `description`='当日，昆明地铁4、5号线正在进行建设',`health`='滑县卫生系统共有27加公立医疗机构，其中包括滑县人民医院、滑县中医院、滑县中心医院等3家县级医疗单位，22个乡镇卫生院和县卫生防疫站、县妇幼保健院两家防疫保健机构。拥有1230张床位。全系统1670名卫生人员中有卫生专业技术人员735名，具有副高以上职称者23人，中级职称者234人，初级职称者455人。房屋总建筑面积90864平方米。产业集聚区辖区内有滑县人民医院、新滑医院、产业集聚区社区医疗服务中心、秦剑皮肤病医院、永安妇科医院、妇幼保健院、正骨医院、五官医院七家医院，年接诊量70万人次。',`culture`='滑县历史悠久，文化灿烂，是华夏文化的主要发祥地之一。境内名胜古迹众多，著名的瓦岗寨遗址、国家级重点文物明福寺塔、欧阳书院正在开发建设。滑县木版年画、大弦戏、大平调等被列入国家级非物质文化遗产名录，道口锡器、秦氏绢艺、安绣、故道家纺老粗布等民间工艺驰名中外。已有近400年历史的地方特产道口烧鸡被誉为“中华第一鸡”，荣获国家级传统知名品牌原产地域保护。全县共组织实施科技项目10项，其中国家级项目1项，省级项目9项，全年完成重大科技成果2项。专利申请量达到221件，授权量133件。产业集聚区高新技术企业5家，发明专利和自有知识产权拥有量日渐提升。',`edu`='截止2012年，滑县共有各级各类学校488所，特殊教育学校1所，教师进修学校1所，普通高中6所，职业高中2所，初级中学55所，小学319所，幼儿园104所。产业集聚区共有英民中学、英民小学、第六高级中学、裳华职业中专等学校12个，2017年底在校学生23191人，教职工1139人。',`user`='admin',`time`='2018-05-30 18:31:58'  WHERE  `id` = 1 [ RunTime:0.000728s ]
---------------------------------------------------------------
[ 2018-05-30T18:31:58+08:00 ] 192.168.18.228 192.168.18.228 GET /huaxian/public/index.php/admin/city/basicsedit_success.html
[ info ] 192.168.18.228/huaxian/public/index.php/admin/city/basicsedit_success.html [运行时间：0.043680s][吞吐率：22.89req/s] [内存消耗：1,885.05kb] [文件加载：48]
[ info ] [ LANG ] E:\WWW\huaxian\thinkphp\lang\zh-cn.php
[ info ] [ ROUTE ] array (
  'type' => 'module',
  'module' => 
  array (
    0 => 'admin',
    1 => 'city',
    2 => 'basicsedit_success',
  ),
)
[ info ] [ HEADER ] array (
  'host' => '192.168.18.228',
  'connection' => 'keep-alive',
  'cache-control' => 'max-age=0',
  'upgrade-insecure-requests' => '1',
  'user-agent' => 'Mozilla/5.0 (Windows NT 10.0; WOW64) AppleWebKit/537.36 (KHTML, like Gecko) Chrome/64.0.3282.119 Safari/537.36',
  'accept' => 'text/html,application/xhtml+xml,application/xml;q=0.9,image/webp,image/apng,*/*;q=0.8',
  'referer' => 'http://192.168.18.228/huaxian/public/index.php/admin/city/basicsedit/id/1.html',
  'accept-encoding' => 'gzip, deflate',
  'accept-language' => 'zh-CN,zh;q=0.9,en;q=0.8,fr-FR;q=0.7,fr;q=0.6,ko;q=0.5,ja;q=0.4,th;q=0.3,en-US;q=0.2,en-GB;q=0.1',
  'cookie' => 'PHPSESSID=l89n0tdtb3ib6figv6eikip144; Hm_lvt_080836300300be57b7f34f4b3e97d911=1527470385,1527554447,1527587896,1527639241; Hm_lpvt_080836300300be57b7f34f4b3e97d911=1527667441',
)
[ info ] [ PARAM ] array (
)
[ info ] [ SESSION ] INIT array (
  'id' => '',
  'var_session_id' => '',
  'prefix' => 'think',
  'type' => '',
  'auto_start' => true,
)
[ info ] [ RUN ] app\admin\controller\City->basicsedit_success[ E:\WWW\huaxian\application\admin\controller\City.php ]
[ info ] [ VIEW ] E:\WWW\huaxian\public/../application/admin\view\city\basicsedit-success.html [ array (
) ]
[ info ] [ LOG ] INIT File
---------------------------------------------------------------
[ 2018-05-30T18:32:00+08:00 ] 192.168.18.228 192.168.18.228 GET /huaxian/public/index/city/index.html
[ info ] 192.168.18.228/huaxian/public/index/city/index.html [运行时间：0.114220s][吞吐率：8.76req/s] [内存消耗：2,725.15kb] [文件加载：55]
[ info ] [ LANG ] E:\WWW\huaxian\thinkphp\lang\zh-cn.php
[ info ] [ ROUTE ] array (
  'type' => 'module',
  'module' => 
  array (
    0 => 'index',
    1 => 'city',
    2 => 'index',
  ),
)
[ info ] [ HEADER ] array (
  'host' => '192.168.18.228',
  'connection' => 'keep-alive',
  'cache-control' => 'max-age=0',
  'upgrade-insecure-requests' => '1',
  'user-agent' => 'Mozilla/5.0 (Windows NT 10.0; WOW64) AppleWebKit/537.36 (KHTML, like Gecko) Chrome/64.0.3282.119 Safari/537.36',
  'accept' => 'text/html,application/xhtml+xml,application/xml;q=0.9,image/webp,image/apng,*/*;q=0.8',
  'referer' => 'http://192.168.18.228/huaxian/public/index/index/help.html',
  'accept-encoding' => 'gzip, deflate',
  'accept-language' => 'zh-CN,zh;q=0.9,en;q=0.8,fr-FR;q=0.7,fr;q=0.6,ko;q=0.5,ja;q=0.4,th;q=0.3,en-US;q=0.2,en-GB;q=0.1',
  'cookie' => 'PHPSESSID=l89n0tdtb3ib6figv6eikip144; Hm_lvt_080836300300be57b7f34f4b3e97d911=1527470385,1527554447,1527587896,1527639241; Hm_lpvt_080836300300be57b7f34f4b3e97d911=1527667441',
)
[ info ] [ PARAM ] array (
)
[ info ] [ SESSION ] INIT array (
  'id' => '',
  'var_session_id' => '',
  'prefix' => 'think',
  'type' => '',
  'auto_start' => true,
)
[ info ] [ DB ] INIT mysql
[ info ] [ RUN ] app\index\controller\City->index[ E:\WWW\huaxian\application\index\controller\City.php ]
[ info ] [ VIEW ] E:\WWW\huaxian\public/../application/index\view\city\index.html [ array (
  0 => 'username',
  1 => 'id',
  2 => 'link',
  3 => 'jinhe',
  4 => 'basic',
  5 => 'main',
  6 => 'plan',
  7 => 'yuanqu',
  8 => 'liutong',
  9 => 'water',
) ]
[ info ] [ LOG ] INIT File
[ sql ] [ DB ] CONNECT:[ UseTime:0.011426s ] mysql:dbname=huaxian;host=127.0.0.1;charset=utf8
[ sql ] [ SQL ] SHOW COLUMNS FROM `tr_link` [ RunTime:0.006270s ]
[ sql ] [ SQL ] SELECT * FROM `tr_link` ORDER BY id desc LIMIT 5 [ RunTime:0.000556s ]
[ sql ] [ SQL ] SHOW COLUMNS FROM `tr_jinhe` [ RunTime:0.006107s ]
[ sql ] [ SQL ] SELECT * FROM `tr_jinhe` ORDER BY id desc [ RunTime:0.000465s ]
[ sql ] [ SQL ] SHOW COLUMNS FROM `tr_basics` [ RunTime:0.005774s ]
[ sql ] [ SQL ] SELECT * FROM `tr_basics` ORDER BY id desc LIMIT 1 [ RunTime:0.000418s ]
[ sql ] [ SQL ] SHOW COLUMNS FROM `tr_main` [ RunTime:0.005256s ]
[ sql ] [ SQL ] SELECT * FROM `tr_main` ORDER BY id desc LIMIT 1 [ RunTime:0.000388s ]
[ sql ] [ SQL ] SHOW COLUMNS FROM `tr_plan` [ RunTime:0.006364s ]
[ sql ] [ SQL ] SELECT * FROM `tr_plan` ORDER BY id desc LIMIT 1 [ RunTime:0.000407s ]
[ sql ] [ SQL ] SHOW COLUMNS FROM `tr_yuanqu` [ RunTime:0.006348s ]
[ sql ] [ SQL ] SELECT * FROM `tr_yuanqu` ORDER BY id desc LIMIT 1 [ RunTime:0.000943s ]
[ sql ] [ SQL ] SHOW COLUMNS FROM `tr_liutong` [ RunTime:0.005548s ]
[ sql ] [ SQL ] SELECT * FROM `tr_liutong` ORDER BY id desc LIMIT 1 [ RunTime:0.000368s ]
[ sql ] [ SQL ] SHOW COLUMNS FROM `tr_water` [ RunTime:0.005920s ]
[ sql ] [ SQL ] SELECT * FROM `tr_water` ORDER BY id desc LIMIT 1 [ RunTime:0.000450s ]
---------------------------------------------------------------
[ 2018-05-30T18:32:02+08:00 ] 192.168.18.228 192.168.18.228 GET /huaxian/public/index/city/index.html
[ info ] 192.168.18.228/huaxian/public/index/city/index.html [运行时间：0.116757s][吞吐率：8.56req/s] [内存消耗：2,725.15kb] [文件加载：55]
[ info ] [ LANG ] E:\WWW\huaxian\thinkphp\lang\zh-cn.php
[ info ] [ ROUTE ] array (
  'type' => 'module',
  'module' => 
  array (
    0 => 'index',
    1 => 'city',
    2 => 'index',
  ),
)
[ info ] [ HEADER ] array (
  'host' => '192.168.18.228',
  'connection' => 'keep-alive',
  'cache-control' => 'max-age=0',
  'upgrade-insecure-requests' => '1',
  'user-agent' => 'Mozilla/5.0 (Windows NT 10.0; WOW64) AppleWebKit/537.36 (KHTML, like Gecko) Chrome/64.0.3282.119 Safari/537.36',
  'accept' => 'text/html,application/xhtml+xml,application/xml;q=0.9,image/webp,image/apng,*/*;q=0.8',
  'referer' => 'http://192.168.18.228/huaxian/public/index/index/help.html',
  'accept-encoding' => 'gzip, deflate',
  'accept-language' => 'zh-CN,zh;q=0.9,en;q=0.8,fr-FR;q=0.7,fr;q=0.6,ko;q=0.5,ja;q=0.4,th;q=0.3,en-US;q=0.2,en-GB;q=0.1',
  'cookie' => 'PHPSESSID=l89n0tdtb3ib6figv6eikip144; Hm_lvt_080836300300be57b7f34f4b3e97d911=1527470385,1527554447,1527587896,1527639241; Hm_lpvt_080836300300be57b7f34f4b3e97d911=1527667441',
)
[ info ] [ PARAM ] array (
)
[ info ] [ SESSION ] INIT array (
  'id' => '',
  'var_session_id' => '',
  'prefix' => 'think',
  'type' => '',
  'auto_start' => true,
)
[ info ] [ DB ] INIT mysql
[ info ] [ RUN ] app\index\controller\City->index[ E:\WWW\huaxian\application\index\controller\City.php ]
[ info ] [ VIEW ] E:\WWW\huaxian\public/../application/index\view\city\index.html [ array (
  0 => 'username',
  1 => 'id',
  2 => 'link',
  3 => 'jinhe',
  4 => 'basic',
  5 => 'main',
  6 => 'plan',
  7 => 'yuanqu',
  8 => 'liutong',
  9 => 'water',
) ]
[ info ] [ LOG ] INIT File
[ sql ] [ DB ] CONNECT:[ UseTime:0.010244s ] mysql:dbname=huaxian;host=127.0.0.1;charset=utf8
[ sql ] [ SQL ] SHOW COLUMNS FROM `tr_link` [ RunTime:0.006826s ]
[ sql ] [ SQL ] SELECT * FROM `tr_link` ORDER BY id desc LIMIT 5 [ RunTime:0.000587s ]
[ sql ] [ SQL ] SHOW COLUMNS FROM `tr_jinhe` [ RunTime:0.005932s ]
[ sql ] [ SQL ] SELECT * FROM `tr_jinhe` ORDER BY id desc [ RunTime:0.000435s ]
[ sql ] [ SQL ] SHOW COLUMNS FROM `tr_basics` [ RunTime:0.005253s ]
[ sql ] [ SQL ] SELECT * FROM `tr_basics` ORDER BY id desc LIMIT 1 [ RunTime:0.000343s ]
[ sql ] [ SQL ] SHOW COLUMNS FROM `tr_main` [ RunTime:0.006227s ]
[ sql ] [ SQL ] SELECT * FROM `tr_main` ORDER BY id desc LIMIT 1 [ RunTime:0.000413s ]
[ sql ] [ SQL ] SHOW COLUMNS FROM `tr_plan` [ RunTime:0.006362s ]
[ sql ] [ SQL ] SELECT * FROM `tr_plan` ORDER BY id desc LIMIT 1 [ RunTime:0.000326s ]
[ sql ] [ SQL ] SHOW COLUMNS FROM `tr_yuanqu` [ RunTime:0.006597s ]
[ sql ] [ SQL ] SELECT * FROM `tr_yuanqu` ORDER BY id desc LIMIT 1 [ RunTime:0.000971s ]
[ sql ] [ SQL ] SHOW COLUMNS FROM `tr_liutong` [ RunTime:0.005579s ]
[ sql ] [ SQL ] SELECT * FROM `tr_liutong` ORDER BY id desc LIMIT 1 [ RunTime:0.000407s ]
[ sql ] [ SQL ] SHOW COLUMNS FROM `tr_water` [ RunTime:0.005420s ]
[ sql ] [ SQL ] SELECT * FROM `tr_water` ORDER BY id desc LIMIT 1 [ RunTime:0.000395s ]
---------------------------------------------------------------
[ 2018-05-30T18:32:06+08:00 ] 192.168.18.228 192.168.18.228 GET /huaxian/public/index.php/admin/city/lst_basics.html
[ info ] 192.168.18.228/huaxian/public/index.php/admin/city/lst_basics.html [运行时间：0.057527s][吞吐率：17.38req/s] [内存消耗：2,621.59kb] [文件加载：55]
[ info ] [ LANG ] E:\WWW\huaxian\thinkphp\lang\zh-cn.php
[ info ] [ ROUTE ] array (
  'type' => 'module',
  'module' => 
  array (
    0 => 'admin',
    1 => 'city',
    2 => 'lst_basics',
  ),
)
[ info ] [ HEADER ] array (
  'host' => '192.168.18.228',
  'connection' => 'keep-alive',
  'upgrade-insecure-requests' => '1',
  'user-agent' => 'Mozilla/5.0 (Windows NT 10.0; WOW64) AppleWebKit/537.36 (KHTML, like Gecko) Chrome/64.0.3282.119 Safari/537.36',
  'accept' => 'text/html,application/xhtml+xml,application/xml;q=0.9,image/webp,image/apng,*/*;q=0.8',
  'referer' => 'http://192.168.18.228/huaxian/public/index.php/admin/city/basicsedit_success.html',
  'accept-encoding' => 'gzip, deflate',
  'accept-language' => 'zh-CN,zh;q=0.9,en;q=0.8,fr-FR;q=0.7,fr;q=0.6,ko;q=0.5,ja;q=0.4,th;q=0.3,en-US;q=0.2,en-GB;q=0.1',
  'cookie' => 'PHPSESSID=l89n0tdtb3ib6figv6eikip144; Hm_lvt_080836300300be57b7f34f4b3e97d911=1527470385,1527554447,1527587896,1527639241; Hm_lpvt_080836300300be57b7f34f4b3e97d911=1527667441',
)
[ info ] [ PARAM ] array (
)
[ info ] [ SESSION ] INIT array (
  'id' => '',
  'var_session_id' => '',
  'prefix' => 'think',
  'type' => '',
  'auto_start' => true,
)
[ info ] [ RUN ] app\admin\controller\City->lst_basics[ E:\WWW\huaxian\application\admin\controller\City.php ]
[ info ] [ DB ] INIT mysql
[ info ] [ VIEW ] E:\WWW\huaxian\public/../application/admin\view\city\lst_basics.html [ array (
  0 => 'list',
) ]
[ info ] [ LOG ] INIT File
[ sql ] [ DB ] CONNECT:[ UseTime:0.001547s ] mysql:dbname=huaxian;host=127.0.0.1;charset=utf8
[ sql ] [ SQL ] SHOW COLUMNS FROM `tr_basics` [ RunTime:0.005729s ]
[ sql ] [ SQL ] SELECT * FROM `tr_basics` ORDER BY id desc LIMIT 1 [ RunTime:0.000461s ]
---------------------------------------------------------------
[ 2018-05-30T18:32:07+08:00 ] 192.168.18.228 192.168.18.228 GET /huaxian/public/index.php/admin/city/basicsedit/id/1.html
[ info ] 192.168.18.228/huaxian/public/index.php/admin/city/basicsedit/id/1.html [运行时间：0.073530s][吞吐率：13.60req/s] [内存消耗：2,623.66kb] [文件加载：55]
[ info ] [ LANG ] E:\WWW\huaxian\thinkphp\lang\zh-cn.php
[ info ] [ ROUTE ] array (
  'type' => 'module',
  'module' => 
  array (
    0 => 'admin',
    1 => 'city',
    2 => 'basicsedit',
  ),
)
[ info ] [ HEADER ] array (
  'host' => '192.168.18.228',
  'connection' => 'keep-alive',
  'upgrade-insecure-requests' => '1',
  'user-agent' => 'Mozilla/5.0 (Windows NT 10.0; WOW64) AppleWebKit/537.36 (KHTML, like Gecko) Chrome/64.0.3282.119 Safari/537.36',
  'accept' => 'text/html,application/xhtml+xml,application/xml;q=0.9,image/webp,image/apng,*/*;q=0.8',
  'referer' => 'http://192.168.18.228/huaxian/public/index.php/admin/city/lst_basics.html',
  'accept-encoding' => 'gzip, deflate',
  'accept-language' => 'zh-CN,zh;q=0.9,en;q=0.8,fr-FR;q=0.7,fr;q=0.6,ko;q=0.5,ja;q=0.4,th;q=0.3,en-US;q=0.2,en-GB;q=0.1',
  'cookie' => 'PHPSESSID=l89n0tdtb3ib6figv6eikip144; Hm_lvt_080836300300be57b7f34f4b3e97d911=1527470385,1527554447,1527587896,1527639241; Hm_lpvt_080836300300be57b7f34f4b3e97d911=1527667441',
)
[ info ] [ PARAM ] array (
  'id' => '1',
)
[ info ] [ SESSION ] INIT array (
  'id' => '',
  'var_session_id' => '',
  'prefix' => 'think',
  'type' => '',
  'auto_start' => true,
)
[ info ] [ RUN ] app\admin\controller\City->basicsedit[ E:\WWW\huaxian\application\admin\controller\City.php ]
[ info ] [ DB ] INIT mysql
[ info ] [ VIEW ] E:\WWW\huaxian\public/../application/admin\view\city\basics-edit.html [ array (
  0 => 'id',
  1 => 'list',
) ]
[ info ] [ LOG ] INIT File
[ sql ] [ DB ] CONNECT:[ UseTime:0.010728s ] mysql:dbname=huaxian;host=127.0.0.1;charset=utf8
[ sql ] [ SQL ] SHOW COLUMNS FROM `tr_basics` [ RunTime:0.006637s ]
[ sql ] [ SQL ] SELECT * FROM `tr_basics` WHERE  `id` = 1 LIMIT 1 [ RunTime:0.000455s ]
---------------------------------------------------------------
[ 2018-05-30T18:32:10+08:00 ] 192.168.18.228 192.168.18.228 POST /huaxian/public/index.php/admin/city/basicsedit.html
[ info ] 192.168.18.228/huaxian/public/index.php/admin/city/basicsedit.html [运行时间：0.080802s][吞吐率：12.38req/s] [内存消耗：2,737.83kb] [文件加载：59]
[ info ] [ LANG ] E:\WWW\huaxian\thinkphp\lang\zh-cn.php
[ info ] [ ROUTE ] array (
  'type' => 'module',
  'module' => 
  array (
    0 => 'admin',
    1 => 'city',
    2 => 'basicsedit',
  ),
)
[ info ] [ HEADER ] array (
  'host' => '192.168.18.228',
  'connection' => 'keep-alive',
  'content-length' => '2347',
  'cache-control' => 'max-age=0',
  'origin' => 'http://192.168.18.228',
  'upgrade-insecure-requests' => '1',
  'content-type' => 'multipart/form-data; boundary=----WebKitFormBoundaryM7JZtcW5yTfPBktV',
  'user-agent' => 'Mozilla/5.0 (Windows NT 10.0; WOW64) AppleWebKit/537.36 (KHTML, like Gecko) Chrome/64.0.3282.119 Safari/537.36',
  'accept' => 'text/html,application/xhtml+xml,application/xml;q=0.9,image/webp,image/apng,*/*;q=0.8',
  'referer' => 'http://192.168.18.228/huaxian/public/index.php/admin/city/basicsedit/id/1.html',
  'accept-encoding' => 'gzip, deflate',
  'accept-language' => 'zh-CN,zh;q=0.9,en;q=0.8,fr-FR;q=0.7,fr;q=0.6,ko;q=0.5,ja;q=0.4,th;q=0.3,en-US;q=0.2,en-GB;q=0.1',
  'cookie' => 'PHPSESSID=l89n0tdtb3ib6figv6eikip144; Hm_lvt_080836300300be57b7f34f4b3e97d911=1527470385,1527554447,1527587896,1527639241; Hm_lpvt_080836300300be57b7f34f4b3e97d911=1527667441',
)
[ info ] [ PARAM ] array (
  'id' => '1',
  'description' => '当日，昆',
  'health' => '滑县卫生系统共有27加公立医疗机构，其中包括滑县人民医院、滑县中医院、滑县中心医院等3家县级医疗单位，22个乡镇卫生院和县卫生防疫站、县妇幼保健院两家防疫保健机构。拥有1230张床位。全系统1670名卫生人员中有卫生专业技术人员735名，具有副高以上职称者23人，中级职称者234人，初级职称者455人。房屋总建筑面积90864平方米。产业集聚区辖区内有滑县人民医院、新滑医院、产业集聚区社区医疗服务中心、秦剑皮肤病医院、永安妇科医院、妇幼保健院、正骨医院、五官医院七家医院，年接诊量70万人次。',
  'culture' => '滑县历史悠久，文化灿烂，是华夏文化的主要发祥地之一。境内名胜古迹众多，著名的瓦岗寨遗址、国家级重点文物明福寺塔、欧阳书院正在开发建设。滑县木版年画、大弦戏、大平调等被列入国家级非物质文化遗产名录，道口锡器、秦氏绢艺、安绣、故道家纺老粗布等民间工艺驰名中外。已有近400年历史的地方特产道口烧鸡被誉为“中华第一鸡”，荣获国家级传统知名品牌原产地域保护。全县共组织实施科技项目10项，其中国家级项目1项，省级项目9项，全年完成重大科技成果2项。专利申请量达到221件，授权量133件。产业集聚区高新技术企业5家，发明专利和自有知识产权拥有量日渐提升。',
  'edu' => '截止2012年，滑县共有各级各类学校488所，特殊教育学校1所，教师进修学校1所，普通高中6所，职业高中2所，初级中学55所，小学319所，幼儿园104所。产业集聚区共有英民中学、英民小学、第六高级中学、裳华职业中专等学校12个，2017年底在校学生23191人，教职工1139人。',
)
[ info ] [ SESSION ] INIT array (
  'id' => '',
  'var_session_id' => '',
  'prefix' => 'think',
  'type' => '',
  'auto_start' => true,
)
[ info ] [ RUN ] app\admin\controller\City->basicsedit[ E:\WWW\huaxian\application\admin\controller\City.php ]
[ info ] [ DB ] INIT mysql
[ info ] [ CACHE ] INIT File
[ info ] [ LOG ] INIT File
[ sql ] [ DB ] CONNECT:[ UseTime:0.011490s ] mysql:dbname=huaxian;host=127.0.0.1;charset=utf8
[ sql ] [ SQL ] SHOW COLUMNS FROM `tr_basics` [ RunTime:0.006743s ]
[ sql ] [ SQL ] SELECT * FROM `tr_basics` WHERE  `id` = 1 LIMIT 1 [ RunTime:0.000613s ]
[ sql ] [ SQL ] UPDATE `tr_basics`  SET `description`='当日，昆',`health`='滑县卫生系统共有27加公立医疗机构，其中包括滑县人民医院、滑县中医院、滑县中心医院等3家县级医疗单位，22个乡镇卫生院和县卫生防疫站、县妇幼保健院两家防疫保健机构。拥有1230张床位。全系统1670名卫生人员中有卫生专业技术人员735名，具有副高以上职称者23人，中级职称者234人，初级职称者455人。房屋总建筑面积90864平方米。产业集聚区辖区内有滑县人民医院、新滑医院、产业集聚区社区医疗服务中心、秦剑皮肤病医院、永安妇科医院、妇幼保健院、正骨医院、五官医院七家医院，年接诊量70万人次。',`culture`='滑县历史悠久，文化灿烂，是华夏文化的主要发祥地之一。境内名胜古迹众多，著名的瓦岗寨遗址、国家级重点文物明福寺塔、欧阳书院正在开发建设。滑县木版年画、大弦戏、大平调等被列入国家级非物质文化遗产名录，道口锡器、秦氏绢艺、安绣、故道家纺老粗布等民间工艺驰名中外。已有近400年历史的地方特产道口烧鸡被誉为“中华第一鸡”，荣获国家级传统知名品牌原产地域保护。全县共组织实施科技项目10项，其中国家级项目1项，省级项目9项，全年完成重大科技成果2项。专利申请量达到221件，授权量133件。产业集聚区高新技术企业5家，发明专利和自有知识产权拥有量日渐提升。',`edu`='截止2012年，滑县共有各级各类学校488所，特殊教育学校1所，教师进修学校1所，普通高中6所，职业高中2所，初级中学55所，小学319所，幼儿园104所。产业集聚区共有英民中学、英民小学、第六高级中学、裳华职业中专等学校12个，2017年底在校学生23191人，教职工1139人。',`user`='admin',`time`='2018-05-30 18:32:10'  WHERE  `id` = 1 [ RunTime:0.000535s ]
---------------------------------------------------------------
[ 2018-05-30T18:32:10+08:00 ] 192.168.18.228 192.168.18.228 GET /huaxian/public/index.php/admin/city/basicsedit_success.html
[ info ] 192.168.18.228/huaxian/public/index.php/admin/city/basicsedit_success.html [运行时间：0.049599s][吞吐率：20.16req/s] [内存消耗：1,885.05kb] [文件加载：48]
[ info ] [ LANG ] E:\WWW\huaxian\thinkphp\lang\zh-cn.php
[ info ] [ ROUTE ] array (
  'type' => 'module',
  'module' => 
  array (
    0 => 'admin',
    1 => 'city',
    2 => 'basicsedit_success',
  ),
)
[ info ] [ HEADER ] array (
  'host' => '192.168.18.228',
  'connection' => 'keep-alive',
  'cache-control' => 'max-age=0',
  'upgrade-insecure-requests' => '1',
  'user-agent' => 'Mozilla/5.0 (Windows NT 10.0; WOW64) AppleWebKit/537.36 (KHTML, like Gecko) Chrome/64.0.3282.119 Safari/537.36',
  'accept' => 'text/html,application/xhtml+xml,application/xml;q=0.9,image/webp,image/apng,*/*;q=0.8',
  'referer' => 'http://192.168.18.228/huaxian/public/index.php/admin/city/basicsedit/id/1.html',
  'accept-encoding' => 'gzip, deflate',
  'accept-language' => 'zh-CN,zh;q=0.9,en;q=0.8,fr-FR;q=0.7,fr;q=0.6,ko;q=0.5,ja;q=0.4,th;q=0.3,en-US;q=0.2,en-GB;q=0.1',
  'cookie' => 'PHPSESSID=l89n0tdtb3ib6figv6eikip144; Hm_lvt_080836300300be57b7f34f4b3e97d911=1527470385,1527554447,1527587896,1527639241; Hm_lpvt_080836300300be57b7f34f4b3e97d911=1527667441',
)
[ info ] [ PARAM ] array (
)
[ info ] [ SESSION ] INIT array (
  'id' => '',
  'var_session_id' => '',
  'prefix' => 'think',
  'type' => '',
  'auto_start' => true,
)
[ info ] [ RUN ] app\admin\controller\City->basicsedit_success[ E:\WWW\huaxian\application\admin\controller\City.php ]
[ info ] [ VIEW ] E:\WWW\huaxian\public/../application/admin\view\city\basicsedit-success.html [ array (
) ]
[ info ] [ LOG ] INIT File
---------------------------------------------------------------
[ 2018-05-30T18:32:13+08:00 ] 192.168.18.228 192.168.18.228 GET /huaxian/public/index/city/index.html
[ info ] 192.168.18.228/huaxian/public/index/city/index.html [运行时间：0.120504s][吞吐率：8.30req/s] [内存消耗：2,725.06kb] [文件加载：55]
[ info ] [ LANG ] E:\WWW\huaxian\thinkphp\lang\zh-cn.php
[ info ] [ ROUTE ] array (
  'type' => 'module',
  'module' => 
  array (
    0 => 'index',
    1 => 'city',
    2 => 'index',
  ),
)
[ info ] [ HEADER ] array (
  'host' => '192.168.18.228',
  'connection' => 'keep-alive',
  'cache-control' => 'max-age=0',
  'upgrade-insecure-requests' => '1',
  'user-agent' => 'Mozilla/5.0 (Windows NT 10.0; WOW64) AppleWebKit/537.36 (KHTML, like Gecko) Chrome/64.0.3282.119 Safari/537.36',
  'accept' => 'text/html,application/xhtml+xml,application/xml;q=0.9,image/webp,image/apng,*/*;q=0.8',
  'referer' => 'http://192.168.18.228/huaxian/public/index/index/help.html',
  'accept-encoding' => 'gzip, deflate',
  'accept-language' => 'zh-CN,zh;q=0.9,en;q=0.8,fr-FR;q=0.7,fr;q=0.6,ko;q=0.5,ja;q=0.4,th;q=0.3,en-US;q=0.2,en-GB;q=0.1',
  'cookie' => 'PHPSESSID=l89n0tdtb3ib6figv6eikip144; Hm_lvt_080836300300be57b7f34f4b3e97d911=1527470385,1527554447,1527587896,1527639241; Hm_lpvt_080836300300be57b7f34f4b3e97d911=1527667441',
)
[ info ] [ PARAM ] array (
)
[ info ] [ SESSION ] INIT array (
  'id' => '',
  'var_session_id' => '',
  'prefix' => 'think',
  'type' => '',
  'auto_start' => true,
)
[ info ] [ DB ] INIT mysql
[ info ] [ RUN ] app\index\controller\City->index[ E:\WWW\huaxian\application\index\controller\City.php ]
[ info ] [ VIEW ] E:\WWW\huaxian\public/../application/index\view\city\index.html [ array (
  0 => 'username',
  1 => 'id',
  2 => 'link',
  3 => 'jinhe',
  4 => 'basic',
  5 => 'main',
  6 => 'plan',
  7 => 'yuanqu',
  8 => 'liutong',
  9 => 'water',
) ]
[ info ] [ LOG ] INIT File
[ sql ] [ DB ] CONNECT:[ UseTime:0.011018s ] mysql:dbname=huaxian;host=127.0.0.1;charset=utf8
[ sql ] [ SQL ] SHOW COLUMNS FROM `tr_link` [ RunTime:0.005417s ]
[ sql ] [ SQL ] SELECT * FROM `tr_link` ORDER BY id desc LIMIT 5 [ RunTime:0.000454s ]
[ sql ] [ SQL ] SHOW COLUMNS FROM `tr_jinhe` [ RunTime:0.006612s ]
[ sql ] [ SQL ] SELECT * FROM `tr_jinhe` ORDER BY id desc [ RunTime:0.000438s ]
[ sql ] [ SQL ] SHOW COLUMNS FROM `tr_basics` [ RunTime:0.006005s ]
[ sql ] [ SQL ] SELECT * FROM `tr_basics` ORDER BY id desc LIMIT 1 [ RunTime:0.000448s ]
[ sql ] [ SQL ] SHOW COLUMNS FROM `tr_main` [ RunTime:0.005936s ]
[ sql ] [ SQL ] SELECT * FROM `tr_main` ORDER BY id desc LIMIT 1 [ RunTime:0.000377s ]
[ sql ] [ SQL ] SHOW COLUMNS FROM `tr_plan` [ RunTime:0.006247s ]
[ sql ] [ SQL ] SELECT * FROM `tr_plan` ORDER BY id desc LIMIT 1 [ RunTime:0.000334s ]
[ sql ] [ SQL ] SHOW COLUMNS FROM `tr_yuanqu` [ RunTime:0.005438s ]
[ sql ] [ SQL ] SELECT * FROM `tr_yuanqu` ORDER BY id desc LIMIT 1 [ RunTime:0.000917s ]
[ sql ] [ SQL ] SHOW COLUMNS FROM `tr_liutong` [ RunTime:0.005979s ]
[ sql ] [ SQL ] SELECT * FROM `tr_liutong` ORDER BY id desc LIMIT 1 [ RunTime:0.000387s ]
[ sql ] [ SQL ] SHOW COLUMNS FROM `tr_water` [ RunTime:0.005845s ]
[ sql ] [ SQL ] SELECT * FROM `tr_water` ORDER BY id desc LIMIT 1 [ RunTime:0.000423s ]
---------------------------------------------------------------
[ 2018-05-30T18:32:14+08:00 ] 192.168.18.228 192.168.18.228 GET /huaxian/public/index/city/index.html
[ info ] 192.168.18.228/huaxian/public/index/city/index.html [运行时间：0.128393s][吞吐率：7.79req/s] [内存消耗：2,725.06kb] [文件加载：55]
[ info ] [ LANG ] E:\WWW\huaxian\thinkphp\lang\zh-cn.php
[ info ] [ ROUTE ] array (
  'type' => 'module',
  'module' => 
  array (
    0 => 'index',
    1 => 'city',
    2 => 'index',
  ),
)
[ info ] [ HEADER ] array (
  'host' => '192.168.18.228',
  'connection' => 'keep-alive',
  'cache-control' => 'max-age=0',
  'upgrade-insecure-requests' => '1',
  'user-agent' => 'Mozilla/5.0 (Windows NT 10.0; WOW64) AppleWebKit/537.36 (KHTML, like Gecko) Chrome/64.0.3282.119 Safari/537.36',
  'accept' => 'text/html,application/xhtml+xml,application/xml;q=0.9,image/webp,image/apng,*/*;q=0.8',
  'referer' => 'http://192.168.18.228/huaxian/public/index/index/help.html',
  'accept-encoding' => 'gzip, deflate',
  'accept-language' => 'zh-CN,zh;q=0.9,en;q=0.8,fr-FR;q=0.7,fr;q=0.6,ko;q=0.5,ja;q=0.4,th;q=0.3,en-US;q=0.2,en-GB;q=0.1',
  'cookie' => 'PHPSESSID=l89n0tdtb3ib6figv6eikip144; Hm_lvt_080836300300be57b7f34f4b3e97d911=1527470385,1527554447,1527587896,1527639241; Hm_lpvt_080836300300be57b7f34f4b3e97d911=1527667441',
)
[ info ] [ PARAM ] array (
)
[ info ] [ SESSION ] INIT array (
  'id' => '',
  'var_session_id' => '',
  'prefix' => 'think',
  'type' => '',
  'auto_start' => true,
)
[ info ] [ DB ] INIT mysql
[ info ] [ RUN ] app\index\controller\City->index[ E:\WWW\huaxian\application\index\controller\City.php ]
[ info ] [ VIEW ] E:\WWW\huaxian\public/../application/index\view\city\index.html [ array (
  0 => 'username',
  1 => 'id',
  2 => 'link',
  3 => 'jinhe',
  4 => 'basic',
  5 => 'main',
  6 => 'plan',
  7 => 'yuanqu',
  8 => 'liutong',
  9 => 'water',
) ]
[ info ] [ LOG ] INIT File
[ sql ] [ DB ] CONNECT:[ UseTime:0.010800s ] mysql:dbname=huaxian;host=127.0.0.1;charset=utf8
[ sql ] [ SQL ] SHOW COLUMNS FROM `tr_link` [ RunTime:0.007200s ]
[ sql ] [ SQL ] SELECT * FROM `tr_link` ORDER BY id desc LIMIT 5 [ RunTime:0.000523s ]
[ sql ] [ SQL ] SHOW COLUMNS FROM `tr_jinhe` [ RunTime:0.006513s ]
[ sql ] [ SQL ] SELECT * FROM `tr_jinhe` ORDER BY id desc [ RunTime:0.000466s ]
[ sql ] [ SQL ] SHOW COLUMNS FROM `tr_basics` [ RunTime:0.005982s ]
[ sql ] [ SQL ] SELECT * FROM `tr_basics` ORDER BY id desc LIMIT 1 [ RunTime:0.000438s ]
[ sql ] [ SQL ] SHOW COLUMNS FROM `tr_main` [ RunTime:0.006432s ]
[ sql ] [ SQL ] SELECT * FROM `tr_main` ORDER BY id desc LIMIT 1 [ RunTime:0.000420s ]
[ sql ] [ SQL ] SHOW COLUMNS FROM `tr_plan` [ RunTime:0.006838s ]
[ sql ] [ SQL ] SELECT * FROM `tr_plan` ORDER BY id desc LIMIT 1 [ RunTime:0.000325s ]
[ sql ] [ SQL ] SHOW COLUMNS FROM `tr_yuanqu` [ RunTime:0.005157s ]
[ sql ] [ SQL ] SELECT * FROM `tr_yuanqu` ORDER BY id desc LIMIT 1 [ RunTime:0.000819s ]
[ sql ] [ SQL ] SHOW COLUMNS FROM `tr_liutong` [ RunTime:0.006258s ]
[ sql ] [ SQL ] SELECT * FROM `tr_liutong` ORDER BY id desc LIMIT 1 [ RunTime:0.000480s ]
[ sql ] [ SQL ] SHOW COLUMNS FROM `tr_water` [ RunTime:0.006002s ]
[ sql ] [ SQL ] SELECT * FROM `tr_water` ORDER BY id desc LIMIT 1 [ RunTime:0.000444s ]
---------------------------------------------------------------
[ 2018-05-30T18:32:15+08:00 ] 192.168.18.228 192.168.18.228 GET /huaxian/public/index/city/index.html
[ info ] 192.168.18.228/huaxian/public/index/city/index.html [运行时间：0.112880s][吞吐率：8.86req/s] [内存消耗：2,725.24kb] [文件加载：55]
[ info ] [ LANG ] E:\WWW\huaxian\thinkphp\lang\zh-cn.php
[ info ] [ ROUTE ] array (
  'type' => 'module',
  'module' => 
  array (
    0 => 'index',
    1 => 'city',
    2 => 'index',
  ),
)
[ info ] [ HEADER ] array (
  'host' => '192.168.18.228',
  'connection' => 'keep-alive',
  'pragma' => 'no-cache',
  'cache-control' => 'no-cache',
  'upgrade-insecure-requests' => '1',
  'user-agent' => 'Mozilla/5.0 (Windows NT 10.0; WOW64) AppleWebKit/537.36 (KHTML, like Gecko) Chrome/64.0.3282.119 Safari/537.36',
  'accept' => 'text/html,application/xhtml+xml,application/xml;q=0.9,image/webp,image/apng,*/*;q=0.8',
  'referer' => 'http://192.168.18.228/huaxian/public/index/index/help.html',
  'accept-encoding' => 'gzip, deflate',
  'accept-language' => 'zh-CN,zh;q=0.9,en;q=0.8,fr-FR;q=0.7,fr;q=0.6,ko;q=0.5,ja;q=0.4,th;q=0.3,en-US;q=0.2,en-GB;q=0.1',
  'cookie' => 'PHPSESSID=l89n0tdtb3ib6figv6eikip144; Hm_lvt_080836300300be57b7f34f4b3e97d911=1527470385,1527554447,1527587896,1527639241; Hm_lpvt_080836300300be57b7f34f4b3e97d911=1527667441',
)
[ info ] [ PARAM ] array (
)
[ info ] [ SESSION ] INIT array (
  'id' => '',
  'var_session_id' => '',
  'prefix' => 'think',
  'type' => '',
  'auto_start' => true,
)
[ info ] [ DB ] INIT mysql
[ info ] [ RUN ] app\index\controller\City->index[ E:\WWW\huaxian\application\index\controller\City.php ]
[ info ] [ VIEW ] E:\WWW\huaxian\public/../application/index\view\city\index.html [ array (
  0 => 'username',
  1 => 'id',
  2 => 'link',
  3 => 'jinhe',
  4 => 'basic',
  5 => 'main',
  6 => 'plan',
  7 => 'yuanqu',
  8 => 'liutong',
  9 => 'water',
) ]
[ info ] [ LOG ] INIT File
[ sql ] [ DB ] CONNECT:[ UseTime:0.010006s ] mysql:dbname=huaxian;host=127.0.0.1;charset=utf8
[ sql ] [ SQL ] SHOW COLUMNS FROM `tr_link` [ RunTime:0.006581s ]
[ sql ] [ SQL ] SELECT * FROM `tr_link` ORDER BY id desc LIMIT 5 [ RunTime:0.000495s ]
[ sql ] [ SQL ] SHOW COLUMNS FROM `tr_jinhe` [ RunTime:0.005528s ]
[ sql ] [ SQL ] SELECT * FROM `tr_jinhe` ORDER BY id desc [ RunTime:0.000527s ]
[ sql ] [ SQL ] SHOW COLUMNS FROM `tr_basics` [ RunTime:0.005477s ]
[ sql ] [ SQL ] SELECT * FROM `tr_basics` ORDER BY id desc LIMIT 1 [ RunTime:0.000309s ]
[ sql ] [ SQL ] SHOW COLUMNS FROM `tr_main` [ RunTime:0.006426s ]
[ sql ] [ SQL ] SELECT * FROM `tr_main` ORDER BY id desc LIMIT 1 [ RunTime:0.000474s ]
[ sql ] [ SQL ] SHOW COLUMNS FROM `tr_plan` [ RunTime:0.005843s ]
[ sql ] [ SQL ] SELECT * FROM `tr_plan` ORDER BY id desc LIMIT 1 [ RunTime:0.000343s ]
[ sql ] [ SQL ] SHOW COLUMNS FROM `tr_yuanqu` [ RunTime:0.006795s ]
[ sql ] [ SQL ] SELECT * FROM `tr_yuanqu` ORDER BY id desc LIMIT 1 [ RunTime:0.000914s ]
[ sql ] [ SQL ] SHOW COLUMNS FROM `tr_liutong` [ RunTime:0.005999s ]
[ sql ] [ SQL ] SELECT * FROM `tr_liutong` ORDER BY id desc LIMIT 1 [ RunTime:0.000416s ]
[ sql ] [ SQL ] SHOW COLUMNS FROM `tr_water` [ RunTime:0.006625s ]
[ sql ] [ SQL ] SELECT * FROM `tr_water` ORDER BY id desc LIMIT 1 [ RunTime:0.000444s ]
---------------------------------------------------------------
[ 2018-05-30T18:32:18+08:00 ] 192.168.18.228 192.168.18.228 GET /huaxian/public/index.php/admin/city/lst_basics.html
[ info ] 192.168.18.228/huaxian/public/index.php/admin/city/lst_basics.html [运行时间：0.058971s][吞吐率：16.96req/s] [内存消耗：2,621.50kb] [文件加载：55]
[ info ] [ LANG ] E:\WWW\huaxian\thinkphp\lang\zh-cn.php
[ info ] [ ROUTE ] array (
  'type' => 'module',
  'module' => 
  array (
    0 => 'admin',
    1 => 'city',
    2 => 'lst_basics',
  ),
)
[ info ] [ HEADER ] array (
  'host' => '192.168.18.228',
  'connection' => 'keep-alive',
  'upgrade-insecure-requests' => '1',
  'user-agent' => 'Mozilla/5.0 (Windows NT 10.0; WOW64) AppleWebKit/537.36 (KHTML, like Gecko) Chrome/64.0.3282.119 Safari/537.36',
  'accept' => 'text/html,application/xhtml+xml,application/xml;q=0.9,image/webp,image/apng,*/*;q=0.8',
  'referer' => 'http://192.168.18.228/huaxian/public/index.php/admin/city/basicsedit_success.html',
  'accept-encoding' => 'gzip, deflate',
  'accept-language' => 'zh-CN,zh;q=0.9,en;q=0.8,fr-FR;q=0.7,fr;q=0.6,ko;q=0.5,ja;q=0.4,th;q=0.3,en-US;q=0.2,en-GB;q=0.1',
  'cookie' => 'PHPSESSID=l89n0tdtb3ib6figv6eikip144; Hm_lvt_080836300300be57b7f34f4b3e97d911=1527470385,1527554447,1527587896,1527639241; Hm_lpvt_080836300300be57b7f34f4b3e97d911=1527667441',
)
[ info ] [ PARAM ] array (
)
[ info ] [ SESSION ] INIT array (
  'id' => '',
  'var_session_id' => '',
  'prefix' => 'think',
  'type' => '',
  'auto_start' => true,
)
[ info ] [ RUN ] app\admin\controller\City->lst_basics[ E:\WWW\huaxian\application\admin\controller\City.php ]
[ info ] [ DB ] INIT mysql
[ info ] [ VIEW ] E:\WWW\huaxian\public/../application/admin\view\city\lst_basics.html [ array (
  0 => 'list',
) ]
[ info ] [ LOG ] INIT File
[ sql ] [ DB ] CONNECT:[ UseTime:0.010443s ] mysql:dbname=huaxian;host=127.0.0.1;charset=utf8
[ sql ] [ SQL ] SHOW COLUMNS FROM `tr_basics` [ RunTime:0.005857s ]
[ sql ] [ SQL ] SELECT * FROM `tr_basics` ORDER BY id desc LIMIT 1 [ RunTime:0.000478s ]
---------------------------------------------------------------
[ 2018-05-30T18:32:20+08:00 ] 192.168.18.228 192.168.18.228 GET /huaxian/public/index.php/admin/city/basicsedit/id/1.html
[ info ] 192.168.18.228/huaxian/public/index.php/admin/city/basicsedit/id/1.html [运行时间：0.056710s][吞吐率：17.63req/s] [内存消耗：2,623.56kb] [文件加载：55]
[ info ] [ LANG ] E:\WWW\huaxian\thinkphp\lang\zh-cn.php
[ info ] [ ROUTE ] array (
  'type' => 'module',
  'module' => 
  array (
    0 => 'admin',
    1 => 'city',
    2 => 'basicsedit',
  ),
)
[ info ] [ HEADER ] array (
  'host' => '192.168.18.228',
  'connection' => 'keep-alive',
  'upgrade-insecure-requests' => '1',
  'user-agent' => 'Mozilla/5.0 (Windows NT 10.0; WOW64) AppleWebKit/537.36 (KHTML, like Gecko) Chrome/64.0.3282.119 Safari/537.36',
  'accept' => 'text/html,application/xhtml+xml,application/xml;q=0.9,image/webp,image/apng,*/*;q=0.8',
  'referer' => 'http://192.168.18.228/huaxian/public/index.php/admin/city/lst_basics.html',
  'accept-encoding' => 'gzip, deflate',
  'accept-language' => 'zh-CN,zh;q=0.9,en;q=0.8,fr-FR;q=0.7,fr;q=0.6,ko;q=0.5,ja;q=0.4,th;q=0.3,en-US;q=0.2,en-GB;q=0.1',
  'cookie' => 'PHPSESSID=l89n0tdtb3ib6figv6eikip144; Hm_lvt_080836300300be57b7f34f4b3e97d911=1527470385,1527554447,1527587896,1527639241; Hm_lpvt_080836300300be57b7f34f4b3e97d911=1527667441',
)
[ info ] [ PARAM ] array (
  'id' => '1',
)
[ info ] [ SESSION ] INIT array (
  'id' => '',
  'var_session_id' => '',
  'prefix' => 'think',
  'type' => '',
  'auto_start' => true,
)
[ info ] [ RUN ] app\admin\controller\City->basicsedit[ E:\WWW\huaxian\application\admin\controller\City.php ]
[ info ] [ DB ] INIT mysql
[ info ] [ VIEW ] E:\WWW\huaxian\public/../application/admin\view\city\basics-edit.html [ array (
  0 => 'id',
  1 => 'list',
) ]
[ info ] [ LOG ] INIT File
[ sql ] [ DB ] CONNECT:[ UseTime:0.011158s ] mysql:dbname=huaxian;host=127.0.0.1;charset=utf8
[ sql ] [ SQL ] SHOW COLUMNS FROM `tr_basics` [ RunTime:0.006290s ]
[ sql ] [ SQL ] SELECT * FROM `tr_basics` WHERE  `id` = 1 LIMIT 1 [ RunTime:0.000546s ]
---------------------------------------------------------------
[ 2018-05-30T18:32:22+08:00 ] 192.168.18.228 192.168.18.228 POST /huaxian/public/index.php/admin/city/basicsedit.html
[ info ] 192.168.18.228/huaxian/public/index.php/admin/city/basicsedit.html [运行时间：0.059733s][吞吐率：16.74req/s] [内存消耗：2,741.27kb] [文件加载：59]
[ info ] [ LANG ] E:\WWW\huaxian\thinkphp\lang\zh-cn.php
[ info ] [ ROUTE ] array (
  'type' => 'module',
  'module' => 
  array (
    0 => 'admin',
    1 => 'city',
    2 => 'basicsedit',
  ),
)
[ info ] [ HEADER ] array (
  'host' => '192.168.18.228',
  'connection' => 'keep-alive',
  'content-length' => '2854',
  'cache-control' => 'max-age=0',
  'origin' => 'http://192.168.18.228',
  'upgrade-insecure-requests' => '1',
  'content-type' => 'multipart/form-data; boundary=----WebKitFormBoundaryCT9AzUUWJJo9V5Sh',
  'user-agent' => 'Mozilla/5.0 (Windows NT 10.0; WOW64) AppleWebKit/537.36 (KHTML, like Gecko) Chrome/64.0.3282.119 Safari/537.36',
  'accept' => 'text/html,application/xhtml+xml,application/xml;q=0.9,image/webp,image/apng,*/*;q=0.8',
  'referer' => 'http://192.168.18.228/huaxian/public/index.php/admin/city/basicsedit/id/1.html',
  'accept-encoding' => 'gzip, deflate',
  'accept-language' => 'zh-CN,zh;q=0.9,en;q=0.8,fr-FR;q=0.7,fr;q=0.6,ko;q=0.5,ja;q=0.4,th;q=0.3,en-US;q=0.2,en-GB;q=0.1',
  'cookie' => 'PHPSESSID=l89n0tdtb3ib6figv6eikip144; Hm_lvt_080836300300be57b7f34f4b3e97d911=1527470385,1527554447,1527587896,1527639241; Hm_lpvt_080836300300be57b7f34f4b3e97d911=1527667441',
)
[ info ] [ PARAM ] array (
  'id' => '1',
  'description' => '当日，昆明地铁4、5号线正在进行建设，由于施工影响，穿城而过的一段百年滇越铁路被拆除，“老铁路”为“新铁路”建设让步...当日，昆明地铁4、5号线正在进行建设，由于施工影响，穿城而过的一段百年滇越铁路被拆除，“老铁路”为“新铁路”建设让步...当日，昆明地铁4、5号线正在进行建设，由于施工影响，穿城而过的一段百年滇越铁路被拆除，“老铁路”为“新铁路”建设让步...',
  'health' => '滑县卫生系统共有27加公立医疗机构，其中包括滑县人民医院、滑县中医院、滑县中心医院等3家县级医疗单位，22个乡镇卫生院和县卫生防疫站、县妇幼保健院两家防疫保健机构。拥有1230张床位。全系统1670名卫生人员中有卫生专业技术人员735名，具有副高以上职称者23人，中级职称者234人，初级职称者455人。房屋总建筑面积90864平方米。产业集聚区辖区内有滑县人民医院、新滑医院、产业集聚区社区医疗服务中心、秦剑皮肤病医院、永安妇科医院、妇幼保健院、正骨医院、五官医院七家医院，年接诊量70万人次。',
  'culture' => '滑县历史悠久，文化灿烂，是华夏文化的主要发祥地之一。境内名胜古迹众多，著名的瓦岗寨遗址、国家级重点文物明福寺塔、欧阳书院正在开发建设。滑县木版年画、大弦戏、大平调等被列入国家级非物质文化遗产名录，道口锡器、秦氏绢艺、安绣、故道家纺老粗布等民间工艺驰名中外。已有近400年历史的地方特产道口烧鸡被誉为“中华第一鸡”，荣获国家级传统知名品牌原产地域保护。全县共组织实施科技项目10项，其中国家级项目1项，省级项目9项，全年完成重大科技成果2项。专利申请量达到221件，授权量133件。产业集聚区高新技术企业5家，发明专利和自有知识产权拥有量日渐提升。',
  'edu' => '截止2012年，滑县共有各级各类学校488所，特殊教育学校1所，教师进修学校1所，普通高中6所，职业高中2所，初级中学55所，小学319所，幼儿园104所。产业集聚区共有英民中学、英民小学、第六高级中学、裳华职业中专等学校12个，2017年底在校学生23191人，教职工1139人。',
)
[ info ] [ SESSION ] INIT array (
  'id' => '',
  'var_session_id' => '',
  'prefix' => 'think',
  'type' => '',
  'auto_start' => true,
)
[ info ] [ RUN ] app\admin\controller\City->basicsedit[ E:\WWW\huaxian\application\admin\controller\City.php ]
[ info ] [ DB ] INIT mysql
[ info ] [ CACHE ] INIT File
[ info ] [ LOG ] INIT File
[ sql ] [ DB ] CONNECT:[ UseTime:0.010101s ] mysql:dbname=huaxian;host=127.0.0.1;charset=utf8
[ sql ] [ SQL ] SHOW COLUMNS FROM `tr_basics` [ RunTime:0.006341s ]
[ sql ] [ SQL ] SELECT * FROM `tr_basics` WHERE  `id` = 1 LIMIT 1 [ RunTime:0.000462s ]
[ sql ] [ SQL ] UPDATE `tr_basics`  SET `description`='当日，昆明地铁4、5号线正在进行建设，由于施工影响，穿城而过的一段百年滇越铁路被拆除，“老铁路”为“新铁路”建设让步...当日，昆明地铁4、5号线正在进行建设，由于施工影响，穿城而过的一段百年滇越铁路被拆除，“老铁路”为“新铁路”建设让步...当日，昆明地铁4、5号线正在进行建设，由于施工影响，穿城而过的一段百年滇越铁路被拆除，“老铁路”为“新铁路”建设让步...',`health`='滑县卫生系统共有27加公立医疗机构，其中包括滑县人民医院、滑县中医院、滑县中心医院等3家县级医疗单位，22个乡镇卫生院和县卫生防疫站、县妇幼保健院两家防疫保健机构。拥有1230张床位。全系统1670名卫生人员中有卫生专业技术人员735名，具有副高以上职称者23人，中级职称者234人，初级职称者455人。房屋总建筑面积90864平方米。产业集聚区辖区内有滑县人民医院、新滑医院、产业集聚区社区医疗服务中心、秦剑皮肤病医院、永安妇科医院、妇幼保健院、正骨医院、五官医院七家医院，年接诊量70万人次。',`culture`='滑县历史悠久，文化灿烂，是华夏文化的主要发祥地之一。境内名胜古迹众多，著名的瓦岗寨遗址、国家级重点文物明福寺塔、欧阳书院正在开发建设。滑县木版年画、大弦戏、大平调等被列入国家级非物质文化遗产名录，道口锡器、秦氏绢艺、安绣、故道家纺老粗布等民间工艺驰名中外。已有近400年历史的地方特产道口烧鸡被誉为“中华第一鸡”，荣获国家级传统知名品牌原产地域保护。全县共组织实施科技项目10项，其中国家级项目1项，省级项目9项，全年完成重大科技成果2项。专利申请量达到221件，授权量133件。产业集聚区高新技术企业5家，发明专利和自有知识产权拥有量日渐提升。',`edu`='截止2012年，滑县共有各级各类学校488所，特殊教育学校1所，教师进修学校1所，普通高中6所，职业高中2所，初级中学55所，小学319所，幼儿园104所。产业集聚区共有英民中学、英民小学、第六高级中学、裳华职业中专等学校12个，2017年底在校学生23191人，教职工1139人。',`user`='admin',`time`='2018-05-30 18:32:22'  WHERE  `id` = 1 [ RunTime:0.000629s ]
---------------------------------------------------------------
[ 2018-05-30T18:32:22+08:00 ] 192.168.18.228 192.168.18.228 GET /huaxian/public/index.php/admin/city/basicsedit_success.html
[ info ] 192.168.18.228/huaxian/public/index.php/admin/city/basicsedit_success.html [运行时间：0.029579s][吞吐率：33.81req/s] [内存消耗：1,885.05kb] [文件加载：48]
[ info ] [ LANG ] E:\WWW\huaxian\thinkphp\lang\zh-cn.php
[ info ] [ ROUTE ] array (
  'type' => 'module',
  'module' => 
  array (
    0 => 'admin',
    1 => 'city',
    2 => 'basicsedit_success',
  ),
)
[ info ] [ HEADER ] array (
  'host' => '192.168.18.228',
  'connection' => 'keep-alive',
  'cache-control' => 'max-age=0',
  'upgrade-insecure-requests' => '1',
  'user-agent' => 'Mozilla/5.0 (Windows NT 10.0; WOW64) AppleWebKit/537.36 (KHTML, like Gecko) Chrome/64.0.3282.119 Safari/537.36',
  'accept' => 'text/html,application/xhtml+xml,application/xml;q=0.9,image/webp,image/apng,*/*;q=0.8',
  'referer' => 'http://192.168.18.228/huaxian/public/index.php/admin/city/basicsedit/id/1.html',
  'accept-encoding' => 'gzip, deflate',
  'accept-language' => 'zh-CN,zh;q=0.9,en;q=0.8,fr-FR;q=0.7,fr;q=0.6,ko;q=0.5,ja;q=0.4,th;q=0.3,en-US;q=0.2,en-GB;q=0.1',
  'cookie' => 'PHPSESSID=l89n0tdtb3ib6figv6eikip144; Hm_lvt_080836300300be57b7f34f4b3e97d911=1527470385,1527554447,1527587896,1527639241; Hm_lpvt_080836300300be57b7f34f4b3e97d911=1527667441',
)
[ info ] [ PARAM ] array (
)
[ info ] [ SESSION ] INIT array (
  'id' => '',
  'var_session_id' => '',
  'prefix' => 'think',
  'type' => '',
  'auto_start' => true,
)
[ info ] [ RUN ] app\admin\controller\City->basicsedit_success[ E:\WWW\huaxian\application\admin\controller\City.php ]
[ info ] [ VIEW ] E:\WWW\huaxian\public/../application/admin\view\city\basicsedit-success.html [ array (
) ]
[ info ] [ LOG ] INIT File
